[29/Jun/2022 06:52:30] INFO [django.utils.autoreload:617] Watching for file changes with StatReloader
[29/Jun/2022 06:52:30] INFO [django.utils.autoreload:617] Watching for file changes with StatReloader
[29/Jun/2022 07:22:37] INFO [django.server:157] "GET / HTTP/1.1" 200 15059
[29/Jun/2022 07:22:37] INFO [django.server:157] "GET / HTTP/1.1" 200 15059
[29/Jun/2022 07:22:37] INFO [django.server:157] "GET /static/application/styles.css HTTP/1.1" 200 14475
[29/Jun/2022 07:22:37] INFO [django.server:157] "GET /static/application/styles.css HTTP/1.1" 200 14475
[29/Jun/2022 07:22:38] INFO [django.server:157] "GET /static/application/images/CityLogoWhite-01.png HTTP/1.1" 200 66616
[29/Jun/2022 07:22:38] INFO [django.server:157] "GET /static/application/images/CityLogoWhite-01.png HTTP/1.1" 200 66616
[29/Jun/2022 07:22:38] INFO [django.server:157] "GET /static/application/images/WelcomeIllustration.svg HTTP/1.1" 200 16662
[29/Jun/2022 07:22:38] INFO [django.server:157] "GET /static/application/images/WelcomeIllustration.svg HTTP/1.1" 200 16662
[29/Jun/2022 07:22:38] INFO [django.server:157] "GET /static/application/images/control.png HTTP/1.1" 200 4946
[29/Jun/2022 07:22:38] INFO [django.server:157] "GET /static/application/images/control.png HTTP/1.1" 200 4946
[29/Jun/2022 07:22:38] INFO [django.server:157] "GET /static/application/images/control.svg HTTP/1.1" 200 3985
[29/Jun/2022 07:22:38] INFO [django.server:157] "GET /static/application/images/control.svg HTTP/1.1" 200 3985
[29/Jun/2022 07:22:38] INFO [django.server:157] "GET /static/application/images/save.png HTTP/1.1" 200 5850
[29/Jun/2022 07:22:38] INFO [django.server:157] "GET /static/application/images/save.png HTTP/1.1" 200 5850
[29/Jun/2022 07:22:38] INFO [django.server:157] "GET /static/application/images/save.svg HTTP/1.1" 200 4815
[29/Jun/2022 07:22:38] INFO [django.server:157] "GET /static/application/images/save.svg HTTP/1.1" 200 4815
[29/Jun/2022 07:22:38] INFO [django.server:157] "GET /static/application/images/forget.png HTTP/1.1" 200 6121
[29/Jun/2022 07:22:38] INFO [django.server:157] "GET /static/application/images/forget.png HTTP/1.1" 200 6121
[29/Jun/2022 07:22:38] INFO [django.server:157] "GET /static/application/images/forget.svg HTTP/1.1" 200 8904
[29/Jun/2022 07:22:38] INFO [django.server:157] "GET /static/application/images/forget.svg HTTP/1.1" 200 8904
[29/Jun/2022 07:22:38] INFO [django.server:157] "GET /static/application/images/know.png HTTP/1.1" 200 5775
[29/Jun/2022 07:22:38] INFO [django.server:157] "GET /static/application/images/know.png HTTP/1.1" 200 5775
[29/Jun/2022 07:22:38] INFO [django.server:157] "GET /static/application/images/know.svg HTTP/1.1" 200 8645
[29/Jun/2022 07:22:38] INFO [django.server:157] "GET /static/application/images/know.svg HTTP/1.1" 200 8645
[29/Jun/2022 07:22:38] INFO [django.server:157] "GET /static/application/images/X_gray.svg HTTP/1.1" 200 461
[29/Jun/2022 07:22:38] INFO [django.server:157] "GET /static/application/images/X_gray.svg HTTP/1.1" 200 461
[29/Jun/2022 07:22:38] WARNING [django.request:224] Not Found: /favicon.ico
[29/Jun/2022 07:22:38] WARNING [django.request:224] Not Found: /favicon.ico
[29/Jun/2022 07:22:38] WARNING [django.server:157] "GET /favicon.ico HTTP/1.1" 404 179
[29/Jun/2022 07:22:38] WARNING [django.server:157] "GET /favicon.ico HTTP/1.1" 404 179
[29/Jun/2022 07:22:41] INFO [django.server:157] "GET /application/getReady HTTP/1.1" 200 5150
[29/Jun/2022 07:22:41] INFO [django.server:157] "GET /application/getReady HTTP/1.1" 200 5150
[29/Jun/2022 07:22:41] INFO [django.server:157] "GET /static/application/styles_app.css HTTP/1.1" 200 18782
[29/Jun/2022 07:22:41] INFO [django.server:157] "GET /static/application/styles_app.css HTTP/1.1" 200 18782
[29/Jun/2022 07:22:41] INFO [django.server:157] "GET /static/application/images/BackArrow-darkblue.svg HTTP/1.1" 200 801
[29/Jun/2022 07:22:41] INFO [django.server:157] "GET /static/application/images/BackArrow-darkblue.svg HTTP/1.1" 200 801
[29/Jun/2022 07:22:41] INFO [django.server:157] "GET /static/application/images/BackArrow-white.svg HTTP/1.1" 200 798
[29/Jun/2022 07:22:41] INFO [django.server:157] "GET /static/application/images/BackArrow-white.svg HTTP/1.1" 200 798
[29/Jun/2022 07:22:46] INFO [django.server:157] "GET /application/account HTTP/1.1" 200 12697
[29/Jun/2022 07:22:46] INFO [django.server:157] "GET /application/account HTTP/1.1" 200 12697
[29/Jun/2022 07:22:47] INFO [django.server:157] "GET /static/scripts/main.js HTTP/1.1" 200 857
[29/Jun/2022 07:22:47] INFO [django.server:157] "GET /static/scripts/main.js HTTP/1.1" 200 857
[29/Jun/2022 07:23:18] INFO [django.server:157] "POST /application/account HTTP/1.1" 200 21
[29/Jun/2022 07:23:18] INFO [django.server:157] "POST /application/account HTTP/1.1" 200 21
[29/Jun/2022 07:23:19] INFO [django.server:157] "GET /application/address HTTP/1.1" 200 12498
[29/Jun/2022 07:23:19] INFO [django.server:157] "GET /application/address HTTP/1.1" 200 12498
[29/Jun/2022 07:23:35] INFO [django.server:157] "POST /application/address HTTP/1.1" 302 0
[29/Jun/2022 07:23:35] INFO [django.server:157] "POST /application/address HTTP/1.1" 302 0
[29/Jun/2022 07:23:37] INFO [django.server:157] "GET /application/addressCorrection HTTP/1.1" 200 6513
[29/Jun/2022 07:23:37] INFO [django.server:157] "GET /application/addressCorrection HTTP/1.1" 200 6513
[29/Jun/2022 07:23:40] INFO [django.server:157] "GET /application/takeUSPSaddress HTTP/1.1" 302 0
[29/Jun/2022 07:23:40] INFO [django.server:157] "GET /application/takeUSPSaddress HTTP/1.1" 302 0
[29/Jun/2022 07:23:41] INFO [django.server:157] "GET /application/inServiceArea HTTP/1.1" 302 0
[29/Jun/2022 07:23:41] INFO [django.server:157] "GET /application/inServiceArea HTTP/1.1" 302 0
[29/Jun/2022 07:23:41] INFO [django.server:157] "GET /application/finances HTTP/1.1" 200 10468
[29/Jun/2022 07:23:41] INFO [django.server:157] "GET /application/finances HTTP/1.1" 200 10468
[29/Jun/2022 07:23:42] INFO [django.server:157] "GET /static/application/styles_app.css HTTP/1.1" 304 0
[29/Jun/2022 07:23:42] INFO [django.server:157] "GET /static/application/styles_app.css HTTP/1.1" 304 0
[29/Jun/2022 07:23:42] INFO [django.server:157] "GET /static/application/images/CityLogoWhite-01.png HTTP/1.1" 304 0
[29/Jun/2022 07:23:42] INFO [django.server:157] "GET /static/application/images/CityLogoWhite-01.png HTTP/1.1" 304 0
[29/Jun/2022 07:23:42] INFO [django.server:157] "GET /static/application/images/BackArrow-darkblue.svg HTTP/1.1" 304 0
[29/Jun/2022 07:23:42] INFO [django.server:157] "GET /static/application/images/BackArrow-darkblue.svg HTTP/1.1" 304 0
[29/Jun/2022 07:23:42] INFO [django.server:157] "GET /static/application/images/BackArrow-white.svg HTTP/1.1" 304 0
[29/Jun/2022 07:23:42] INFO [django.server:157] "GET /static/application/images/BackArrow-white.svg HTTP/1.1" 304 0
[29/Jun/2022 07:23:42] INFO [django.server:157] "GET /static/application/images/Step3Instructions.gif HTTP/1.1" 200 182476
[29/Jun/2022 07:23:42] INFO [django.server:157] "GET /static/application/images/Step3Instructions.gif HTTP/1.1" 200 182476
[29/Jun/2022 07:23:42] INFO [django.server:157] "GET /static/application/images/Step3InstructionsMobile.gif HTTP/1.1" 200 117524
[29/Jun/2022 07:23:42] INFO [django.server:157] "GET /static/application/images/Step3InstructionsMobile.gif HTTP/1.1" 200 117524
[29/Jun/2022 07:23:42] INFO [django.server:157] "GET /static/application/images/clipart249308.png HTTP/1.1" 200 46770
[29/Jun/2022 07:23:42] INFO [django.server:157] "GET /static/application/images/clipart249308.png HTTP/1.1" 200 46770
[29/Jun/2022 07:27:41] INFO [django.server:157] "GET /application/finances HTTP/1.1" 200 10468
[29/Jun/2022 07:27:41] INFO [django.server:157] "GET /application/finances HTTP/1.1" 200 10468
[29/Jun/2022 07:27:41] INFO [django.server:157] "GET /static/application/styles_app.css HTTP/1.1" 304 0
[29/Jun/2022 07:27:41] INFO [django.server:157] "GET /static/application/styles_app.css HTTP/1.1" 304 0
[29/Jun/2022 07:27:41] INFO [django.server:157] "GET /static/scripts/main.js HTTP/1.1" 304 0
[29/Jun/2022 07:27:41] INFO [django.server:157] "GET /static/scripts/main.js HTTP/1.1" 304 0
[29/Jun/2022 07:27:41] INFO [django.server:157] "GET /static/application/images/CityLogoWhite-01.png HTTP/1.1" 304 0
[29/Jun/2022 07:27:41] INFO [django.server:157] "GET /static/application/images/CityLogoWhite-01.png HTTP/1.1" 304 0
[29/Jun/2022 07:27:41] INFO [django.server:157] "GET /static/application/images/BackArrow-darkblue.svg HTTP/1.1" 304 0
[29/Jun/2022 07:27:41] INFO [django.server:157] "GET /static/application/images/BackArrow-darkblue.svg HTTP/1.1" 304 0
[29/Jun/2022 07:27:41] INFO [django.server:157] "GET /static/application/images/BackArrow-white.svg HTTP/1.1" 304 0
[29/Jun/2022 07:27:41] INFO [django.server:157] "GET /static/application/images/BackArrow-white.svg HTTP/1.1" 304 0
[29/Jun/2022 07:27:41] INFO [django.server:157] "GET /static/application/images/Step3Instructions.gif HTTP/1.1" 304 0
[29/Jun/2022 07:27:41] INFO [django.server:157] "GET /static/application/images/Step3Instructions.gif HTTP/1.1" 304 0
[29/Jun/2022 07:27:41] INFO [django.server:157] "GET /static/application/images/clipart249308.png HTTP/1.1" 304 0
[29/Jun/2022 07:27:41] INFO [django.server:157] "GET /static/application/images/clipart249308.png HTTP/1.1" 304 0
[29/Jun/2022 07:27:41] INFO [django.server:157] "GET /static/application/images/Step3InstructionsMobile.gif HTTP/1.1" 304 0
[29/Jun/2022 07:27:41] INFO [django.server:157] "GET /static/application/images/Step3InstructionsMobile.gif HTTP/1.1" 304 0
[29/Jun/2022 07:27:44] INFO [django.server:157] "GET /application/finances HTTP/1.1" 200 10468
[29/Jun/2022 07:27:44] INFO [django.server:157] "GET /application/finances HTTP/1.1" 200 10468
[29/Jun/2022 07:27:44] INFO [django.server:157] "GET /static/application/styles_app.css HTTP/1.1" 200 18782
[29/Jun/2022 07:27:44] INFO [django.server:157] "GET /static/application/styles_app.css HTTP/1.1" 200 18782
[29/Jun/2022 07:27:44] INFO [django.server:157] "GET /static/scripts/main.js HTTP/1.1" 200 857
[29/Jun/2022 07:27:44] INFO [django.server:157] "GET /static/scripts/main.js HTTP/1.1" 200 857
[29/Jun/2022 07:27:44] INFO [django.server:157] "GET /static/application/images/BackArrow-darkblue.svg HTTP/1.1" 200 801
[29/Jun/2022 07:27:44] INFO [django.server:157] "GET /static/application/images/BackArrow-darkblue.svg HTTP/1.1" 200 801
[29/Jun/2022 07:27:44] INFO [django.server:157] "GET /static/application/images/BackArrow-white.svg HTTP/1.1" 200 798
[29/Jun/2022 07:27:44] INFO [django.server:157] "GET /static/application/images/BackArrow-white.svg HTTP/1.1" 200 798
[29/Jun/2022 07:27:44] INFO [django.server:157] "GET /static/application/images/CityLogoWhite-01.png HTTP/1.1" 200 66616
[29/Jun/2022 07:27:44] INFO [django.server:157] "GET /static/application/images/CityLogoWhite-01.png HTTP/1.1" 200 66616
[29/Jun/2022 07:27:44] INFO [django.server:157] "GET /static/application/images/clipart249308.png HTTP/1.1" 200 46770
[29/Jun/2022 07:27:44] INFO [django.server:157] "GET /static/application/images/clipart249308.png HTTP/1.1" 200 46770
[29/Jun/2022 07:27:44] INFO [django.server:157] "GET /static/application/images/Step3InstructionsMobile.gif HTTP/1.1" 200 117524
[29/Jun/2022 07:27:44] INFO [django.server:157] "GET /static/application/images/Step3InstructionsMobile.gif HTTP/1.1" 200 117524
[29/Jun/2022 07:27:44] INFO [django.server:157] "GET /static/application/images/Step3Instructions.gif HTTP/1.1" 200 182476
[29/Jun/2022 07:27:44] INFO [django.server:157] "GET /static/application/images/Step3Instructions.gif HTTP/1.1" 200 182476
[29/Jun/2022 07:27:44] WARNING [django.request:224] Not Found: /favicon.ico
[29/Jun/2022 07:27:44] WARNING [django.request:224] Not Found: /favicon.ico
[29/Jun/2022 07:27:44] WARNING [django.server:157] "GET /favicon.ico HTTP/1.1" 404 179
[29/Jun/2022 07:27:44] WARNING [django.server:157] "GET /favicon.ico HTTP/1.1" 404 179
[29/Jun/2022 07:27:45] INFO [django.server:157] "GET /application/finances HTTP/1.1" 200 10468
[29/Jun/2022 07:27:45] INFO [django.server:157] "GET /application/finances HTTP/1.1" 200 10468
[29/Jun/2022 07:27:45] INFO [django.server:157] "GET /static/application/styles_app.css HTTP/1.1" 200 18782
[29/Jun/2022 07:27:45] INFO [django.server:157] "GET /static/application/styles_app.css HTTP/1.1" 200 18782
[29/Jun/2022 07:27:45] INFO [django.server:157] "GET /static/scripts/main.js HTTP/1.1" 200 857
[29/Jun/2022 07:27:45] INFO [django.server:157] "GET /static/scripts/main.js HTTP/1.1" 200 857
[29/Jun/2022 07:27:45] INFO [django.server:157] "GET /static/application/images/CityLogoWhite-01.png HTTP/1.1" 200 66616
[29/Jun/2022 07:27:45] INFO [django.server:157] "GET /static/application/images/CityLogoWhite-01.png HTTP/1.1" 200 66616
[29/Jun/2022 07:27:45] INFO [django.server:157] "GET /static/application/images/BackArrow-darkblue.svg HTTP/1.1" 200 801
[29/Jun/2022 07:27:45] INFO [django.server:157] "GET /static/application/images/BackArrow-darkblue.svg HTTP/1.1" 200 801
[29/Jun/2022 07:27:45] INFO [django.server:157] "GET /static/application/images/BackArrow-white.svg HTTP/1.1" 200 798
[29/Jun/2022 07:27:45] INFO [django.server:157] "GET /static/application/images/BackArrow-white.svg HTTP/1.1" 200 798
[29/Jun/2022 07:27:45] INFO [django.server:157] "GET /static/application/images/Step3Instructions.gif HTTP/1.1" 200 182476
[29/Jun/2022 07:27:45] INFO [django.server:157] "GET /static/application/images/Step3Instructions.gif HTTP/1.1" 200 182476
[29/Jun/2022 07:27:45] INFO [django.server:157] "GET /static/application/images/Step3InstructionsMobile.gif HTTP/1.1" 200 117524
[29/Jun/2022 07:27:45] INFO [django.server:157] "GET /static/application/images/Step3InstructionsMobile.gif HTTP/1.1" 200 117524
[29/Jun/2022 07:27:45] INFO [django.server:157] "GET /static/application/images/clipart249308.png HTTP/1.1" 200 46770
[29/Jun/2022 07:27:45] INFO [django.server:157] "GET /static/application/images/clipart249308.png HTTP/1.1" 200 46770
[29/Jun/2022 07:27:45] WARNING [django.request:224] Not Found: /favicon.ico
[29/Jun/2022 07:27:45] WARNING [django.request:224] Not Found: /favicon.ico
[29/Jun/2022 07:27:45] WARNING [django.server:157] "GET /favicon.ico HTTP/1.1" 404 179
[29/Jun/2022 07:27:45] WARNING [django.server:157] "GET /favicon.ico HTTP/1.1" 404 179
[29/Jun/2022 07:28:00] INFO [django.server:157] "GET /application/finances HTTP/1.1" 200 10468
[29/Jun/2022 07:28:00] INFO [django.server:157] "GET /application/finances HTTP/1.1" 200 10468
[29/Jun/2022 07:28:00] INFO [django.server:157] "GET /static/application/styles_app.css HTTP/1.1" 200 18782
[29/Jun/2022 07:28:00] INFO [django.server:157] "GET /static/application/styles_app.css HTTP/1.1" 200 18782
[29/Jun/2022 07:28:00] INFO [django.server:157] "GET /static/scripts/main.js HTTP/1.1" 200 857
[29/Jun/2022 07:28:00] INFO [django.server:157] "GET /static/scripts/main.js HTTP/1.1" 200 857
[29/Jun/2022 07:28:00] INFO [django.server:157] "GET /static/application/images/CityLogoWhite-01.png HTTP/1.1" 200 66616
[29/Jun/2022 07:28:00] INFO [django.server:157] "GET /static/application/images/CityLogoWhite-01.png HTTP/1.1" 200 66616
[29/Jun/2022 07:28:00] INFO [django.server:157] "GET /static/application/images/BackArrow-darkblue.svg HTTP/1.1" 200 801
[29/Jun/2022 07:28:00] INFO [django.server:157] "GET /static/application/images/BackArrow-darkblue.svg HTTP/1.1" 200 801
[29/Jun/2022 07:28:00] INFO [django.server:157] "GET /static/application/images/BackArrow-white.svg HTTP/1.1" 200 798
[29/Jun/2022 07:28:00] INFO [django.server:157] "GET /static/application/images/BackArrow-white.svg HTTP/1.1" 200 798
[29/Jun/2022 07:28:00] INFO [django.server:157] "GET /static/application/images/Step3Instructions.gif HTTP/1.1" 200 182476
[29/Jun/2022 07:28:00] INFO [django.server:157] "GET /static/application/images/Step3Instructions.gif HTTP/1.1" 200 182476
[29/Jun/2022 07:28:00] INFO [django.server:157] "GET /static/application/images/clipart249308.png HTTP/1.1" 200 46770
[29/Jun/2022 07:28:00] INFO [django.server:157] "GET /static/application/images/clipart249308.png HTTP/1.1" 200 46770
[29/Jun/2022 07:28:00] INFO [django.server:157] "GET /static/application/images/Step3InstructionsMobile.gif HTTP/1.1" 200 117524
[29/Jun/2022 07:28:00] INFO [django.server:157] "GET /static/application/images/Step3InstructionsMobile.gif HTTP/1.1" 200 117524
[29/Jun/2022 07:28:00] WARNING [django.request:224] Not Found: /favicon.ico
[29/Jun/2022 07:28:00] WARNING [django.request:224] Not Found: /favicon.ico
[29/Jun/2022 07:28:00] WARNING [django.server:157] "GET /favicon.ico HTTP/1.1" 404 179
[29/Jun/2022 07:28:00] WARNING [django.server:157] "GET /favicon.ico HTTP/1.1" 404 179
[29/Jun/2022 07:28:26] INFO [django.server:157] "GET /application/finances HTTP/1.1" 200 10468
[29/Jun/2022 07:28:26] INFO [django.server:157] "GET /application/finances HTTP/1.1" 200 10468
[29/Jun/2022 07:28:26] INFO [django.server:157] "GET /static/application/styles_app.css HTTP/1.1" 200 18782
[29/Jun/2022 07:28:26] INFO [django.server:157] "GET /static/application/styles_app.css HTTP/1.1" 200 18782
[29/Jun/2022 07:28:26] INFO [django.server:157] "GET /static/scripts/main.js HTTP/1.1" 200 857
[29/Jun/2022 07:28:26] INFO [django.server:157] "GET /static/scripts/main.js HTTP/1.1" 200 857
[29/Jun/2022 07:28:26] INFO [django.server:157] "GET /static/application/images/CityLogoWhite-01.png HTTP/1.1" 200 66616
[29/Jun/2022 07:28:26] INFO [django.server:157] "GET /static/application/images/CityLogoWhite-01.png HTTP/1.1" 200 66616
[29/Jun/2022 07:28:26] INFO [django.server:157] "GET /static/application/images/BackArrow-darkblue.svg HTTP/1.1" 200 801
[29/Jun/2022 07:28:26] INFO [django.server:157] "GET /static/application/images/BackArrow-darkblue.svg HTTP/1.1" 200 801
[29/Jun/2022 07:28:26] INFO [django.server:157] "GET /static/application/images/BackArrow-white.svg HTTP/1.1" 200 798
[29/Jun/2022 07:28:26] INFO [django.server:157] "GET /static/application/images/BackArrow-white.svg HTTP/1.1" 200 798
[29/Jun/2022 07:28:26] INFO [django.server:157] "GET /static/application/images/Step3Instructions.gif HTTP/1.1" 200 182476
[29/Jun/2022 07:28:26] INFO [django.server:157] "GET /static/application/images/Step3Instructions.gif HTTP/1.1" 200 182476
[29/Jun/2022 07:28:27] INFO [django.server:157] "GET /static/application/images/Step3InstructionsMobile.gif HTTP/1.1" 200 117524
[29/Jun/2022 07:28:27] INFO [django.server:157] "GET /static/application/images/Step3InstructionsMobile.gif HTTP/1.1" 200 117524
[29/Jun/2022 07:28:27] INFO [django.server:157] "GET /static/application/images/clipart249308.png HTTP/1.1" 200 46770
[29/Jun/2022 07:28:27] INFO [django.server:157] "GET /static/application/images/clipart249308.png HTTP/1.1" 200 46770
[29/Jun/2022 07:28:27] WARNING [django.request:224] Not Found: /favicon.ico
[29/Jun/2022 07:28:27] WARNING [django.request:224] Not Found: /favicon.ico
[29/Jun/2022 07:28:27] WARNING [django.server:157] "GET /favicon.ico HTTP/1.1" 404 179
[29/Jun/2022 07:28:27] WARNING [django.server:157] "GET /favicon.ico HTTP/1.1" 404 179
[29/Jun/2022 07:28:28] INFO [django.server:157] "GET /application/finances HTTP/1.1" 200 10468
[29/Jun/2022 07:28:28] INFO [django.server:157] "GET /application/finances HTTP/1.1" 200 10468
[29/Jun/2022 07:28:34] INFO [django.server:157] "GET /application/addressCorrection HTTP/1.1" 302 0
[29/Jun/2022 07:28:34] INFO [django.server:157] "GET /application/addressCorrection HTTP/1.1" 302 0
[29/Jun/2022 07:28:36] INFO [django.server:157] "GET /application/takeUSPSaddress HTTP/1.1" 302 0
[29/Jun/2022 07:28:36] INFO [django.server:157] "GET /application/takeUSPSaddress HTTP/1.1" 302 0
[29/Jun/2022 07:28:37] INFO [django.server:157] "GET /application/inServiceArea HTTP/1.1" 302 0
[29/Jun/2022 07:28:37] INFO [django.server:157] "GET /application/inServiceArea HTTP/1.1" 302 0
[29/Jun/2022 07:28:37] INFO [django.server:157] "GET /application/finances HTTP/1.1" 200 10468
[29/Jun/2022 07:28:37] INFO [django.server:157] "GET /application/finances HTTP/1.1" 200 10468
[29/Jun/2022 07:28:42] INFO [django.server:157] "GET /application/address HTTP/1.1" 200 12498
[29/Jun/2022 07:28:42] INFO [django.server:157] "GET /application/address HTTP/1.1" 200 12498
[29/Jun/2022 07:28:56] INFO [django.server:157] "POST /application/address HTTP/1.1" 302 0
[29/Jun/2022 07:28:56] INFO [django.server:157] "POST /application/address HTTP/1.1" 302 0
[29/Jun/2022 07:28:57] INFO [django.server:157] "GET /application/addressCorrection HTTP/1.1" 200 6513
[29/Jun/2022 07:28:57] INFO [django.server:157] "GET /application/addressCorrection HTTP/1.1" 200 6513
[29/Jun/2022 07:29:01] INFO [django.server:157] "GET /application/takeUSPSaddress HTTP/1.1" 302 0
[29/Jun/2022 07:29:01] INFO [django.server:157] "GET /application/takeUSPSaddress HTTP/1.1" 302 0
[29/Jun/2022 07:29:02] INFO [django.server:157] "GET /application/inServiceArea HTTP/1.1" 302 0
[29/Jun/2022 07:29:02] INFO [django.server:157] "GET /application/inServiceArea HTTP/1.1" 302 0
[29/Jun/2022 07:29:02] INFO [django.server:157] "GET /application/finances HTTP/1.1" 200 10468
[29/Jun/2022 07:29:02] INFO [django.server:157] "GET /application/finances HTTP/1.1" 200 10468
