[06/Jul/2022 07:25:15] INFO [django.utils.autoreload:617] Watching for file changes with StatReloader
[06/Jul/2022 07:25:15] INFO [django.utils.autoreload:617] Watching for file changes with StatReloader
[06/Jul/2022 07:25:20] INFO [django.server:157] "GET /application/finances HTTP/1.1" 200 10803
[06/Jul/2022 07:25:20] INFO [django.server:157] "GET /application/finances HTTP/1.1" 200 10803
[06/Jul/2022 07:25:20] INFO [django.server:157] "GET /static/application/styles_app.css HTTP/1.1" 304 0
[06/Jul/2022 07:25:20] INFO [django.server:157] "GET /static/application/styles_app.css HTTP/1.1" 304 0
[06/Jul/2022 07:25:21] INFO [django.server:157] "GET /static/scripts/main.js HTTP/1.1" 304 0
[06/Jul/2022 07:25:21] INFO [django.server:157] "GET /static/scripts/main.js HTTP/1.1" 304 0
[06/Jul/2022 07:25:21] INFO [django.server:157] "GET /static/application/images/CityLogoWhite-01.png HTTP/1.1" 304 0
[06/Jul/2022 07:25:21] INFO [django.server:157] "GET /static/application/images/CityLogoWhite-01.png HTTP/1.1" 304 0
[06/Jul/2022 07:25:21] INFO [django.server:157] "GET /static/application/images/BackArrow-darkblue.svg HTTP/1.1" 304 0
[06/Jul/2022 07:25:21] INFO [django.server:157] "GET /static/application/images/BackArrow-darkblue.svg HTTP/1.1" 304 0
[06/Jul/2022 07:25:21] INFO [django.server:157] "GET /static/application/images/BackArrow-white.svg HTTP/1.1" 304 0
[06/Jul/2022 07:25:21] INFO [django.server:157] "GET /static/application/images/BackArrow-white.svg HTTP/1.1" 304 0
[06/Jul/2022 07:25:26] INFO [django.server:157] "GET /application/ajax/load-gahi/?dependents=1 HTTP/1.1" 200 613
[06/Jul/2022 07:25:26] INFO [django.server:157] "GET /application/ajax/load-gahi/?dependents=1 HTTP/1.1" 200 613
[06/Jul/2022 07:25:29] ERROR [django.request:224] Internal Server Error: /application/finances
Traceback (most recent call last):
  File "C:\Users\JAndr\AppData\Local\Packages\PythonSoftwareFoundation.Python.3.9_qbz5n2kfra8p0\LocalCache\local-packages\Python39\site-packages\django\core\handlers\exception.py", line 47, in inner
    response = get_response(request)
  File "C:\Users\JAndr\AppData\Local\Packages\PythonSoftwareFoundation.Python.3.9_qbz5n2kfra8p0\LocalCache\local-packages\Python39\site-packages\django\core\handlers\base.py", line 181, in _get_response
    response = wrapped_callback(request, *callback_args, **callback_kwargs)
  File "C:\Users\JAndr\OneDrive\Projects\GetFoCo\GetFoco\mobileVers\application\views.py", line 629, in finances
    instance.user_id = request.user
  File "C:\Users\JAndr\AppData\Local\Packages\PythonSoftwareFoundation.Python.3.9_qbz5n2kfra8p0\LocalCache\local-packages\Python39\site-packages\django\db\models\fields\related_descriptors.py", line 310, in __set__
    super().__set__(instance, value)
  File "C:\Users\JAndr\AppData\Local\Packages\PythonSoftwareFoundation.Python.3.9_qbz5n2kfra8p0\LocalCache\local-packages\Python39\site-packages\django\db\models\fields\related_descriptors.py", line 215, in __set__
    raise ValueError(
ValueError: Cannot assign "<SimpleLazyObject: <django.contrib.auth.models.AnonymousUser object at 0x0000029D0135DA60>>": "Eligibility.user_id" must be a "User" instance.
[06/Jul/2022 07:25:29] ERROR [django.request:224] Internal Server Error: /application/finances
Traceback (most recent call last):
  File "C:\Users\JAndr\AppData\Local\Packages\PythonSoftwareFoundation.Python.3.9_qbz5n2kfra8p0\LocalCache\local-packages\Python39\site-packages\django\core\handlers\exception.py", line 47, in inner
    response = get_response(request)
  File "C:\Users\JAndr\AppData\Local\Packages\PythonSoftwareFoundation.Python.3.9_qbz5n2kfra8p0\LocalCache\local-packages\Python39\site-packages\django\core\handlers\base.py", line 181, in _get_response
    response = wrapped_callback(request, *callback_args, **callback_kwargs)
  File "C:\Users\JAndr\OneDrive\Projects\GetFoCo\GetFoco\mobileVers\application\views.py", line 629, in finances
    instance.user_id = request.user
  File "C:\Users\JAndr\AppData\Local\Packages\PythonSoftwareFoundation.Python.3.9_qbz5n2kfra8p0\LocalCache\local-packages\Python39\site-packages\django\db\models\fields\related_descriptors.py", line 310, in __set__
    super().__set__(instance, value)
  File "C:\Users\JAndr\AppData\Local\Packages\PythonSoftwareFoundation.Python.3.9_qbz5n2kfra8p0\LocalCache\local-packages\Python39\site-packages\django\db\models\fields\related_descriptors.py", line 215, in __set__
    raise ValueError(
ValueError: Cannot assign "<SimpleLazyObject: <django.contrib.auth.models.AnonymousUser object at 0x0000029D0135DA60>>": "Eligibility.user_id" must be a "User" instance.
[06/Jul/2022 07:25:29] ERROR [django.server:157] "POST /application/finances HTTP/1.1" 500 145
[06/Jul/2022 07:25:29] ERROR [django.server:157] "POST /application/finances HTTP/1.1" 500 145
[06/Jul/2022 07:25:33] INFO [django.server:157] "GET / HTTP/1.1" 200 15059
[06/Jul/2022 07:25:33] INFO [django.server:157] "GET / HTTP/1.1" 200 15059
[06/Jul/2022 07:25:33] INFO [django.server:157] "GET /static/application/styles.css HTTP/1.1" 304 0
[06/Jul/2022 07:25:33] INFO [django.server:157] "GET /static/application/styles.css HTTP/1.1" 304 0
[06/Jul/2022 07:25:33] INFO [django.server:157] "GET /static/application/images/WelcomeIllustration.svg HTTP/1.1" 304 0
[06/Jul/2022 07:25:33] INFO [django.server:157] "GET /static/application/images/WelcomeIllustration.svg HTTP/1.1" 304 0
[06/Jul/2022 07:25:33] INFO [django.server:157] "GET /static/application/images/control.png HTTP/1.1" 304 0
[06/Jul/2022 07:25:33] INFO [django.server:157] "GET /static/application/images/control.png HTTP/1.1" 304 0
[06/Jul/2022 07:25:33] INFO [django.server:157] "GET /static/application/images/control.svg HTTP/1.1" 304 0
[06/Jul/2022 07:25:33] INFO [django.server:157] "GET /static/application/images/control.svg HTTP/1.1" 304 0
[06/Jul/2022 07:25:33] INFO [django.server:157] "GET /static/application/images/save.png HTTP/1.1" 304 0
[06/Jul/2022 07:25:33] INFO [django.server:157] "GET /static/application/images/save.png HTTP/1.1" 304 0
[06/Jul/2022 07:25:33] INFO [django.server:157] "GET /static/application/images/save.svg HTTP/1.1" 304 0
[06/Jul/2022 07:25:33] INFO [django.server:157] "GET /static/application/images/save.svg HTTP/1.1" 304 0
[06/Jul/2022 07:25:33] INFO [django.server:157] "GET /static/application/images/forget.svg HTTP/1.1" 304 0
[06/Jul/2022 07:25:33] INFO [django.server:157] "GET /static/application/images/forget.svg HTTP/1.1" 304 0
[06/Jul/2022 07:25:33] INFO [django.server:157] "GET /static/application/images/forget.png HTTP/1.1" 304 0
[06/Jul/2022 07:25:33] INFO [django.server:157] "GET /static/application/images/forget.png HTTP/1.1" 304 0
[06/Jul/2022 07:25:33] INFO [django.server:157] "GET /static/application/images/know.png HTTP/1.1" 304 0
[06/Jul/2022 07:25:33] INFO [django.server:157] "GET /static/application/images/know.png HTTP/1.1" 304 0
[06/Jul/2022 07:25:33] INFO [django.server:157] "GET /static/application/images/X_gray.svg HTTP/1.1" 304 0
[06/Jul/2022 07:25:33] INFO [django.server:157] "GET /static/application/images/X_gray.svg HTTP/1.1" 304 0
[06/Jul/2022 07:25:33] INFO [django.server:157] "GET /static/application/images/know.svg HTTP/1.1" 304 0
[06/Jul/2022 07:25:33] INFO [django.server:157] "GET /static/application/images/know.svg HTTP/1.1" 304 0
[06/Jul/2022 07:25:36] INFO [django.server:157] "GET /application/getReady HTTP/1.1" 200 5150
[06/Jul/2022 07:25:36] INFO [django.server:157] "GET /application/getReady HTTP/1.1" 200 5150
[06/Jul/2022 07:25:38] INFO [django.server:157] "GET /application/account HTTP/1.1" 200 12697
[06/Jul/2022 07:25:38] INFO [django.server:157] "GET /application/account HTTP/1.1" 200 12697
[06/Jul/2022 07:26:07] INFO [django.server:157] "POST /application/account HTTP/1.1" 200 21
[06/Jul/2022 07:26:07] INFO [django.server:157] "POST /application/account HTTP/1.1" 200 21
[06/Jul/2022 07:26:07] INFO [django.server:157] "GET /application/address HTTP/1.1" 200 12498
[06/Jul/2022 07:26:07] INFO [django.server:157] "GET /application/address HTTP/1.1" 200 12498
[06/Jul/2022 07:26:21] INFO [django.server:157] "POST /application/address HTTP/1.1" 302 0
[06/Jul/2022 07:26:21] INFO [django.server:157] "POST /application/address HTTP/1.1" 302 0
[06/Jul/2022 07:26:23] INFO [django.server:157] "GET /application/addressCorrection HTTP/1.1" 200 6513
[06/Jul/2022 07:26:23] INFO [django.server:157] "GET /application/addressCorrection HTTP/1.1" 200 6513
[06/Jul/2022 07:26:23] INFO [django.server:157] "GET /static/application/styles_app.css HTTP/1.1" 304 0
[06/Jul/2022 07:26:23] INFO [django.server:157] "GET /static/application/styles_app.css HTTP/1.1" 304 0
[06/Jul/2022 07:26:23] INFO [django.server:157] "GET /static/scripts/main.js HTTP/1.1" 304 0
[06/Jul/2022 07:26:23] INFO [django.server:157] "GET /static/scripts/main.js HTTP/1.1" 304 0
[06/Jul/2022 07:26:23] INFO [django.server:157] "GET /static/application/images/CityLogoWhite-01.png HTTP/1.1" 304 0
[06/Jul/2022 07:26:23] INFO [django.server:157] "GET /static/application/images/CityLogoWhite-01.png HTTP/1.1" 304 0
[06/Jul/2022 07:26:23] INFO [django.server:157] "GET /static/application/images/BackArrow-darkblue.svg HTTP/1.1" 304 0
[06/Jul/2022 07:26:23] INFO [django.server:157] "GET /static/application/images/BackArrow-darkblue.svg HTTP/1.1" 304 0
[06/Jul/2022 07:26:23] INFO [django.server:157] "GET /static/application/images/BackArrow-white.svg HTTP/1.1" 304 0
[06/Jul/2022 07:26:23] INFO [django.server:157] "GET /static/application/images/BackArrow-white.svg HTTP/1.1" 304 0
[06/Jul/2022 07:26:27] INFO [django.server:157] "GET /application/takeUSPSaddress HTTP/1.1" 302 0
[06/Jul/2022 07:26:27] INFO [django.server:157] "GET /application/takeUSPSaddress HTTP/1.1" 302 0
[06/Jul/2022 07:26:28] INFO [django.server:157] "GET /application/inServiceArea HTTP/1.1" 302 0
[06/Jul/2022 07:26:28] INFO [django.server:157] "GET /application/inServiceArea HTTP/1.1" 302 0
[06/Jul/2022 07:26:28] INFO [django.server:157] "GET /application/finances HTTP/1.1" 200 10803
[06/Jul/2022 07:26:28] INFO [django.server:157] "GET /application/finances HTTP/1.1" 200 10803
[06/Jul/2022 07:26:32] INFO [django.server:157] "GET /application/ajax/load-gahi/?dependents=1 HTTP/1.1" 200 613
[06/Jul/2022 07:26:32] INFO [django.server:157] "GET /application/ajax/load-gahi/?dependents=1 HTTP/1.1" 200 613
[06/Jul/2022 07:26:37] INFO [django.server:157] "POST /application/finances HTTP/1.1" 302 0
[06/Jul/2022 07:26:37] INFO [django.server:157] "POST /application/finances HTTP/1.1" 302 0
[06/Jul/2022 07:26:38] INFO [django.server:157] "GET /application/moreInfoNeeded HTTP/1.1" 200 7330
[06/Jul/2022 07:26:38] INFO [django.server:157] "GET /application/moreInfoNeeded HTTP/1.1" 200 7330
[06/Jul/2022 07:26:43] INFO [django.server:157] "GET /application/finances HTTP/1.1" 200 10803
[06/Jul/2022 07:26:43] INFO [django.server:157] "GET /application/finances HTTP/1.1" 200 10803
[06/Jul/2022 07:26:49] INFO [django.server:157] "POST /application/finances HTTP/1.1" 200 10833
[06/Jul/2022 07:26:49] INFO [django.server:157] "POST /application/finances HTTP/1.1" 200 10833
[06/Jul/2022 07:26:54] INFO [django.server:157] "GET /application/ajax/load-gahi/?dependents=1 HTTP/1.1" 200 613
[06/Jul/2022 07:26:54] INFO [django.server:157] "GET /application/ajax/load-gahi/?dependents=1 HTTP/1.1" 200 613
[06/Jul/2022 07:26:58] INFO [django.server:157] "POST /application/finances HTTP/1.1" 302 0
[06/Jul/2022 07:26:58] INFO [django.server:157] "POST /application/finances HTTP/1.1" 302 0
[06/Jul/2022 07:26:59] INFO [django.server:157] "GET /application/moreInfoNeeded HTTP/1.1" 200 7330
[06/Jul/2022 07:26:59] INFO [django.server:157] "GET /application/moreInfoNeeded HTTP/1.1" 200 7330
[06/Jul/2022 07:27:07] INFO [django.server:157] "POST /application/moreInfoNeeded HTTP/1.1" 302 0
[06/Jul/2022 07:27:07] INFO [django.server:157] "POST /application/moreInfoNeeded HTTP/1.1" 302 0
[06/Jul/2022 07:27:07] INFO [django.server:157] "GET /application/programs HTTP/1.1" 200 8728
[06/Jul/2022 07:27:07] INFO [django.server:157] "GET /application/programs HTTP/1.1" 200 8728
