[29/Jun/2022 07:38:50] INFO [django.utils.autoreload:617] Watching for file changes with StatReloader
[29/Jun/2022 07:38:50] INFO [django.utils.autoreload:617] Watching for file changes with StatReloader
[29/Jun/2022 07:39:38] INFO [django.server:157] "GET /application/finances HTTP/1.1" 200 10901
[29/Jun/2022 07:39:38] INFO [django.server:157] "GET /application/finances HTTP/1.1" 200 10901
[29/Jun/2022 07:39:38] INFO [django.server:157] "GET /static/application/styles_app.css HTTP/1.1" 200 18782
[29/Jun/2022 07:39:38] INFO [django.server:157] "GET /static/application/styles_app.css HTTP/1.1" 200 18782
[29/Jun/2022 07:39:39] INFO [django.server:157] "GET /static/scripts/main.js HTTP/1.1" 200 857
[29/Jun/2022 07:39:39] INFO [django.server:157] "GET /static/scripts/main.js HTTP/1.1" 200 857
[29/Jun/2022 07:39:39] INFO [django.server:157] "GET /static/application/images/CityLogoWhite-01.png HTTP/1.1" 200 66616
[29/Jun/2022 07:39:39] INFO [django.server:157] "GET /static/application/images/CityLogoWhite-01.png HTTP/1.1" 200 66616
[29/Jun/2022 07:39:39] INFO [django.server:157] "GET /static/application/images/BackArrow-darkblue.svg HTTP/1.1" 200 801
[29/Jun/2022 07:39:39] INFO [django.server:157] "GET /static/application/images/BackArrow-darkblue.svg HTTP/1.1" 200 801
[29/Jun/2022 07:39:39] INFO [django.server:157] "GET /static/application/images/BackArrow-white.svg HTTP/1.1" 200 798
[29/Jun/2022 07:39:39] INFO [django.server:157] "GET /static/application/images/BackArrow-white.svg HTTP/1.1" 200 798
[29/Jun/2022 07:39:39] INFO [django.server:157] "GET /static/application/images/Step3Instructions.gif HTTP/1.1" 200 182476
[29/Jun/2022 07:39:39] INFO [django.server:157] "GET /static/application/images/Step3Instructions.gif HTTP/1.1" 200 182476
[29/Jun/2022 07:39:39] INFO [django.server:157] "GET /static/application/images/clipart249308.png HTTP/1.1" 200 46770
[29/Jun/2022 07:39:39] INFO [django.server:157] "GET /static/application/images/clipart249308.png HTTP/1.1" 200 46770
[29/Jun/2022 07:39:39] INFO [django.server:157] "GET /static/application/images/Step3InstructionsMobile.gif HTTP/1.1" 200 117524
[29/Jun/2022 07:39:39] INFO [django.server:157] "GET /static/application/images/Step3InstructionsMobile.gif HTTP/1.1" 200 117524
[29/Jun/2022 07:39:39] WARNING [django.request:224] Not Found: /favicon.ico
[29/Jun/2022 07:39:39] WARNING [django.request:224] Not Found: /favicon.ico
[29/Jun/2022 07:39:39] WARNING [django.server:157] "GET /favicon.ico HTTP/1.1" 404 179
[29/Jun/2022 07:39:39] WARNING [django.server:157] "GET /favicon.ico HTTP/1.1" 404 179
[29/Jun/2022 07:40:56] INFO [django.server:157] "GET /application/finances HTTP/1.1" 200 10901
[29/Jun/2022 07:40:56] INFO [django.server:157] "GET /application/finances HTTP/1.1" 200 10901
[29/Jun/2022 07:40:56] INFO [django.server:157] "GET /static/application/styles_app.css HTTP/1.1" 200 18782
[29/Jun/2022 07:40:56] INFO [django.server:157] "GET /static/application/styles_app.css HTTP/1.1" 200 18782
[29/Jun/2022 07:40:56] INFO [django.server:157] "GET /static/scripts/main.js HTTP/1.1" 200 857
[29/Jun/2022 07:40:56] INFO [django.server:157] "GET /static/scripts/main.js HTTP/1.1" 200 857
[29/Jun/2022 07:40:56] INFO [django.server:157] "GET /static/application/images/CityLogoWhite-01.png HTTP/1.1" 200 66616
[29/Jun/2022 07:40:56] INFO [django.server:157] "GET /static/application/images/CityLogoWhite-01.png HTTP/1.1" 200 66616
[29/Jun/2022 07:40:56] INFO [django.server:157] "GET /static/application/images/BackArrow-darkblue.svg HTTP/1.1" 200 801
[29/Jun/2022 07:40:56] INFO [django.server:157] "GET /static/application/images/BackArrow-darkblue.svg HTTP/1.1" 200 801
[29/Jun/2022 07:40:56] INFO [django.server:157] "GET /static/application/images/BackArrow-white.svg HTTP/1.1" 200 798
[29/Jun/2022 07:40:56] INFO [django.server:157] "GET /static/application/images/BackArrow-white.svg HTTP/1.1" 200 798
[29/Jun/2022 07:40:56] INFO [django.server:157] "GET /static/application/images/Step3InstructionsMobile.gif HTTP/1.1" 200 117524
[29/Jun/2022 07:40:56] INFO [django.server:157] "GET /static/application/images/Step3InstructionsMobile.gif HTTP/1.1" 200 117524
[29/Jun/2022 07:40:56] INFO [django.server:157] "GET /static/application/images/clipart249308.png HTTP/1.1" 200 46770
[29/Jun/2022 07:40:56] INFO [django.server:157] "GET /static/application/images/clipart249308.png HTTP/1.1" 200 46770
[29/Jun/2022 07:40:56] INFO [django.server:157] "GET /static/application/images/Step3Instructions.gif HTTP/1.1" 200 182476
[29/Jun/2022 07:40:56] INFO [django.server:157] "GET /static/application/images/Step3Instructions.gif HTTP/1.1" 200 182476
[29/Jun/2022 07:40:57] WARNING [django.request:224] Not Found: /favicon.ico
[29/Jun/2022 07:40:57] WARNING [django.request:224] Not Found: /favicon.ico
[29/Jun/2022 07:40:57] WARNING [django.server:157] "GET /favicon.ico HTTP/1.1" 404 179
[29/Jun/2022 07:40:57] WARNING [django.server:157] "GET /favicon.ico HTTP/1.1" 404 179
[29/Jun/2022 07:41:00] INFO [django.server:157] "GET /application/finances HTTP/1.1" 200 10901
[29/Jun/2022 07:41:00] INFO [django.server:157] "GET /application/finances HTTP/1.1" 200 10901
