[19/Apr/2022 07:51:11] INFO [django.utils.autoreload:617] Watching for file changes with StatReloader
[19/Apr/2022 07:51:11] INFO [django.utils.autoreload:617] Watching for file changes with StatReloader
[19/Apr/2022 07:51:17] INFO [django.server:157] "GET / HTTP/1.1" 200 14531
[19/Apr/2022 07:51:17] INFO [django.server:157] "GET / HTTP/1.1" 200 14531
[19/Apr/2022 07:51:18] INFO [django.server:157] "GET /static/application/styles.css HTTP/1.1" 304 0
[19/Apr/2022 07:51:18] INFO [django.server:157] "GET /static/application/styles.css HTTP/1.1" 304 0
[19/Apr/2022 07:51:18] INFO [django.server:157] "GET /static/application/images/CityLogoGold-01.png HTTP/1.1" 304 0
[19/Apr/2022 07:51:18] INFO [django.server:157] "GET /static/application/images/CityLogoGold-01.png HTTP/1.1" 304 0
[19/Apr/2022 07:51:22] INFO [django.server:157] "GET /application/getReady HTTP/1.1" 200 3952
[19/Apr/2022 07:51:22] INFO [django.server:157] "GET /application/getReady HTTP/1.1" 200 3952
[19/Apr/2022 07:51:22] INFO [django.server:157] "GET /static/application/styles_app.css HTTP/1.1" 304 0
[19/Apr/2022 07:51:22] INFO [django.server:157] "GET /static/application/styles_app.css HTTP/1.1" 304 0
[19/Apr/2022 07:51:25] INFO [django.server:157] "GET / HTTP/1.1" 200 14531
[19/Apr/2022 07:51:25] INFO [django.server:157] "GET / HTTP/1.1" 200 14531
[19/Apr/2022 07:51:53] INFO [django.server:157] "GET / HTTP/1.1" 200 14531
[19/Apr/2022 07:51:53] INFO [django.server:157] "GET / HTTP/1.1" 200 14531
[19/Apr/2022 07:51:54] INFO [django.server:157] "GET /static/application/styles.css HTTP/1.1" 200 14220
[19/Apr/2022 07:51:54] INFO [django.server:157] "GET /static/application/styles.css HTTP/1.1" 200 14220
[19/Apr/2022 07:51:54] INFO [django.server:157] "GET /static/application/images/WelcomeIllustration.svg HTTP/1.1" 200 16662
[19/Apr/2022 07:51:54] INFO [django.server:157] "GET /static/application/images/WelcomeIllustration.svg HTTP/1.1" 200 16662
[19/Apr/2022 07:51:54] INFO [django.server:157] "GET /static/application/images/control.png HTTP/1.1" 200 4946
[19/Apr/2022 07:51:54] INFO [django.server:157] "GET /static/application/images/control.png HTTP/1.1" 200 4946
[19/Apr/2022 07:51:54] INFO [django.server:157] "GET /static/application/images/save.png HTTP/1.1" 200 5850
[19/Apr/2022 07:51:54] INFO [django.server:157] "GET /static/application/images/save.png HTTP/1.1" 200 5850
[19/Apr/2022 07:51:54] INFO [django.server:157] "GET /static/application/images/save.svg HTTP/1.1" 200 4815
[19/Apr/2022 07:51:54] INFO [django.server:157] "GET /static/application/images/save.svg HTTP/1.1" 200 4815
[19/Apr/2022 07:51:54] INFO [django.server:157] "GET /static/application/images/control.svg HTTP/1.1" 200 3985
[19/Apr/2022 07:51:54] INFO [django.server:157] "GET /static/application/images/control.svg HTTP/1.1" 200 3985
[19/Apr/2022 07:51:54] INFO [django.server:157] "GET /static/application/images/forget.png HTTP/1.1" 200 6121
[19/Apr/2022 07:51:54] INFO [django.server:157] "GET /static/application/images/forget.png HTTP/1.1" 200 6121
[19/Apr/2022 07:51:54] INFO [django.server:157] "GET /static/application/images/know.png HTTP/1.1" 200 5775
[19/Apr/2022 07:51:54] INFO [django.server:157] "GET /static/application/images/know.png HTTP/1.1" 200 5775
[19/Apr/2022 07:51:54] INFO [django.server:157] "GET /static/application/images/forget.svg HTTP/1.1" 200 8904
[19/Apr/2022 07:51:54] INFO [django.server:157] "GET /static/application/images/forget.svg HTTP/1.1" 200 8904
[19/Apr/2022 07:51:54] INFO [django.server:157] "GET /static/application/images/know.svg HTTP/1.1" 200 8645
[19/Apr/2022 07:51:54] INFO [django.server:157] "GET /static/application/images/know.svg HTTP/1.1" 200 8645
[19/Apr/2022 07:51:54] INFO [django.server:157] "GET /static/application/images/X_gray.svg HTTP/1.1" 200 461
[19/Apr/2022 07:51:54] INFO [django.server:157] "GET /static/application/images/X_gray.svg HTTP/1.1" 200 461
[19/Apr/2022 07:51:54] INFO [django.server:157] "GET /static/application/images/CityLogoGold-01.png HTTP/1.1" 200 62210
[19/Apr/2022 07:51:54] INFO [django.server:157] "GET /static/application/images/CityLogoGold-01.png HTTP/1.1" 200 62210
[19/Apr/2022 07:51:54] WARNING [django.request:224] Not Found: /favicon.ico
[19/Apr/2022 07:51:54] WARNING [django.request:224] Not Found: /favicon.ico
[19/Apr/2022 07:51:54] WARNING [django.server:157] "GET /favicon.ico HTTP/1.1" 404 2878
[19/Apr/2022 07:51:54] WARNING [django.server:157] "GET /favicon.ico HTTP/1.1" 404 2878
[19/Apr/2022 07:52:04] INFO [django.server:157] "GET / HTTP/1.1" 200 14531
[19/Apr/2022 07:52:04] INFO [django.server:157] "GET / HTTP/1.1" 200 14531
[19/Apr/2022 07:52:04] INFO [django.server:157] "GET /static/application/styles.css HTTP/1.1" 200 14220
[19/Apr/2022 07:52:04] INFO [django.server:157] "GET /static/application/styles.css HTTP/1.1" 200 14220
[19/Apr/2022 07:52:05] INFO [django.server:157] "GET /static/application/images/CityLogoGold-01.png HTTP/1.1" 200 62210
[19/Apr/2022 07:52:05] INFO [django.server:157] "GET /static/application/images/CityLogoGold-01.png HTTP/1.1" 200 62210
[19/Apr/2022 07:52:05] INFO [django.server:157] "GET /static/application/images/WelcomeIllustration.svg HTTP/1.1" 200 16662
[19/Apr/2022 07:52:05] INFO [django.server:157] "GET /static/application/images/WelcomeIllustration.svg HTTP/1.1" 200 16662
[19/Apr/2022 07:52:05] INFO [django.server:157] "GET /static/application/images/control.png HTTP/1.1" 200 4946
[19/Apr/2022 07:52:05] INFO [django.server:157] "GET /static/application/images/control.png HTTP/1.1" 200 4946
[19/Apr/2022 07:52:05] INFO [django.server:157] "GET /static/application/images/control.svg HTTP/1.1" 200 3985
[19/Apr/2022 07:52:05] INFO [django.server:157] "GET /static/application/images/control.svg HTTP/1.1" 200 3985
[19/Apr/2022 07:52:05] INFO [django.server:157] "GET /static/application/images/save.png HTTP/1.1" 200 5850
[19/Apr/2022 07:52:05] INFO [django.server:157] "GET /static/application/images/save.png HTTP/1.1" 200 5850
[19/Apr/2022 07:52:05] INFO [django.server:157] "GET /static/application/images/save.svg HTTP/1.1" 200 4815
[19/Apr/2022 07:52:05] INFO [django.server:157] "GET /static/application/images/save.svg HTTP/1.1" 200 4815
[19/Apr/2022 07:52:05] INFO [django.server:157] "GET /static/application/images/forget.png HTTP/1.1" 200 6121
[19/Apr/2022 07:52:05] INFO [django.server:157] "GET /static/application/images/forget.png HTTP/1.1" 200 6121
[19/Apr/2022 07:52:05] INFO [django.server:157] "GET /static/application/images/X_gray.svg HTTP/1.1" 200 461
[19/Apr/2022 07:52:05] INFO [django.server:157] "GET /static/application/images/X_gray.svg HTTP/1.1" 200 461
[19/Apr/2022 07:52:05] INFO [django.server:157] "GET /static/application/images/know.svg HTTP/1.1" 200 8645
[19/Apr/2022 07:52:05] INFO [django.server:157] "GET /static/application/images/know.svg HTTP/1.1" 200 8645
[19/Apr/2022 07:52:05] INFO [django.server:157] "GET /static/application/images/know.png HTTP/1.1" 200 5775
[19/Apr/2022 07:52:05] INFO [django.server:157] "GET /static/application/images/know.png HTTP/1.1" 200 5775
[19/Apr/2022 07:52:05] INFO [django.server:157] "GET /static/application/images/forget.svg HTTP/1.1" 200 8904
[19/Apr/2022 07:52:05] INFO [django.server:157] "GET /static/application/images/forget.svg HTTP/1.1" 200 8904
[19/Apr/2022 07:52:05] WARNING [django.request:224] Not Found: /favicon.ico
[19/Apr/2022 07:52:05] WARNING [django.request:224] Not Found: /favicon.ico
[19/Apr/2022 07:52:05] WARNING [django.server:157] "GET /favicon.ico HTTP/1.1" 404 2878
[19/Apr/2022 07:52:05] WARNING [django.server:157] "GET /favicon.ico HTTP/1.1" 404 2878
[19/Apr/2022 07:52:10] WARNING [django.request:224] Not Found: /requestProvider.js.map
[19/Apr/2022 07:52:10] WARNING [django.request:224] Not Found: /requestProvider.js.map
[19/Apr/2022 07:52:10] WARNING [django.server:157] "GET /requestProvider.js.map HTTP/1.1" 404 2911
[19/Apr/2022 07:52:10] WARNING [django.server:157] "GET /requestProvider.js.map HTTP/1.1" 404 2911
[19/Apr/2022 07:52:34] INFO [django.server:157] "GET / HTTP/1.1" 200 14531
[19/Apr/2022 07:52:34] INFO [django.server:157] "GET / HTTP/1.1" 200 14531
[19/Apr/2022 07:52:34] INFO [django.server:157] "GET /static/application/styles.css HTTP/1.1" 200 14220
[19/Apr/2022 07:52:34] INFO [django.server:157] "GET /static/application/styles.css HTTP/1.1" 200 14220
[19/Apr/2022 07:52:35] INFO [django.server:157] "GET /static/application/images/CityLogoGold-01.png HTTP/1.1" 200 62210
[19/Apr/2022 07:52:35] INFO [django.server:157] "GET /static/application/images/CityLogoGold-01.png HTTP/1.1" 200 62210
[19/Apr/2022 07:52:35] INFO [django.server:157] "GET /static/application/images/WelcomeIllustration.svg HTTP/1.1" 200 16662
[19/Apr/2022 07:52:35] INFO [django.server:157] "GET /static/application/images/WelcomeIllustration.svg HTTP/1.1" 200 16662
[19/Apr/2022 07:52:35] INFO [django.server:157] "GET /static/application/images/control.png HTTP/1.1" 200 4946
[19/Apr/2022 07:52:35] INFO [django.server:157] "GET /static/application/images/control.png HTTP/1.1" 200 4946
[19/Apr/2022 07:52:35] INFO [django.server:157] "GET /static/application/images/control.svg HTTP/1.1" 200 3985
[19/Apr/2022 07:52:35] INFO [django.server:157] "GET /static/application/images/control.svg HTTP/1.1" 200 3985
[19/Apr/2022 07:52:35] INFO [django.server:157] "GET /static/application/images/save.png HTTP/1.1" 200 5850
[19/Apr/2022 07:52:35] INFO [django.server:157] "GET /static/application/images/save.png HTTP/1.1" 200 5850
[19/Apr/2022 07:52:35] INFO [django.server:157] "GET /static/application/images/save.svg HTTP/1.1" 200 4815
[19/Apr/2022 07:52:35] INFO [django.server:157] "GET /static/application/images/save.svg HTTP/1.1" 200 4815
[19/Apr/2022 07:52:35] INFO [django.server:157] "GET /static/application/images/forget.png HTTP/1.1" 200 6121
[19/Apr/2022 07:52:35] INFO [django.server:157] "GET /static/application/images/forget.png HTTP/1.1" 200 6121
[19/Apr/2022 07:52:35] INFO [django.server:157] "GET /static/application/images/forget.svg HTTP/1.1" 200 8904
[19/Apr/2022 07:52:35] INFO [django.server:157] "GET /static/application/images/forget.svg HTTP/1.1" 200 8904
[19/Apr/2022 07:52:35] INFO [django.server:157] "GET /static/application/images/know.png HTTP/1.1" 200 5775
[19/Apr/2022 07:52:35] INFO [django.server:157] "GET /static/application/images/know.png HTTP/1.1" 200 5775
[19/Apr/2022 07:52:35] INFO [django.server:157] "GET /static/application/images/know.svg HTTP/1.1" 200 8645
[19/Apr/2022 07:52:35] INFO [django.server:157] "GET /static/application/images/know.svg HTTP/1.1" 200 8645
[19/Apr/2022 07:52:35] INFO [django.server:157] "GET /static/application/images/X_gray.svg HTTP/1.1" 200 461
[19/Apr/2022 07:52:35] INFO [django.server:157] "GET /static/application/images/X_gray.svg HTTP/1.1" 200 461
[19/Apr/2022 07:52:35] WARNING [django.request:224] Not Found: /favicon.ico
[19/Apr/2022 07:52:35] WARNING [django.request:224] Not Found: /favicon.ico
[19/Apr/2022 07:52:35] WARNING [django.server:157] "GET /favicon.ico HTTP/1.1" 404 2878
[19/Apr/2022 07:52:35] WARNING [django.server:157] "GET /favicon.ico HTTP/1.1" 404 2878
[19/Apr/2022 07:52:43] INFO [django.server:157] "GET / HTTP/1.1" 200 14531
[19/Apr/2022 07:52:43] INFO [django.server:157] "GET / HTTP/1.1" 200 14531
[19/Apr/2022 07:52:52] INFO [django.server:157] "GET / HTTP/1.1" 200 14531
[19/Apr/2022 07:52:52] INFO [django.server:157] "GET / HTTP/1.1" 200 14531
[19/Apr/2022 07:53:00] INFO [django.server:157] "GET / HTTP/1.1" 200 14529
[19/Apr/2022 07:53:00] INFO [django.server:157] "GET / HTTP/1.1" 200 14529
[19/Apr/2022 07:53:10] INFO [django.server:157] "GET / HTTP/1.1" 200 14531
[19/Apr/2022 07:53:10] INFO [django.server:157] "GET / HTTP/1.1" 200 14531
[19/Apr/2022 07:53:20] INFO [django.server:157] "GET / HTTP/1.1" 200 14531
[19/Apr/2022 07:53:20] INFO [django.server:157] "GET / HTTP/1.1" 200 14531
[19/Apr/2022 07:53:29] INFO [django.server:157] "GET / HTTP/1.1" 200 14531
[19/Apr/2022 07:53:29] INFO [django.server:157] "GET / HTTP/1.1" 200 14531
[19/Apr/2022 07:53:37] INFO [django.server:157] "GET / HTTP/1.1" 200 14531
[19/Apr/2022 07:53:37] INFO [django.server:157] "GET / HTTP/1.1" 200 14531
[19/Apr/2022 07:53:45] INFO [django.server:157] "GET / HTTP/1.1" 200 14531
[19/Apr/2022 07:53:45] INFO [django.server:157] "GET / HTTP/1.1" 200 14531
[19/Apr/2022 07:53:52] INFO [django.server:157] "GET / HTTP/1.1" 200 14531
[19/Apr/2022 07:53:52] INFO [django.server:157] "GET / HTTP/1.1" 200 14531
[19/Apr/2022 07:53:53] INFO [django.server:157] "GET / HTTP/1.1" 200 14531
[19/Apr/2022 07:53:53] INFO [django.server:157] "GET / HTTP/1.1" 200 14531
[19/Apr/2022 07:53:53] INFO [django.server:157] "GET /static/application/styles.css HTTP/1.1" 200 14220
[19/Apr/2022 07:53:53] INFO [django.server:157] "GET /static/application/styles.css HTTP/1.1" 200 14220
[19/Apr/2022 07:53:53] INFO [django.server:157] "GET /static/application/images/CityLogoGold-01.png HTTP/1.1" 200 62210
[19/Apr/2022 07:53:53] INFO [django.server:157] "GET /static/application/images/CityLogoGold-01.png HTTP/1.1" 200 62210
[19/Apr/2022 07:53:53] INFO [django.server:157] "GET /static/application/images/WelcomeIllustration.svg HTTP/1.1" 200 16662
[19/Apr/2022 07:53:53] INFO [django.server:157] "GET /static/application/images/WelcomeIllustration.svg HTTP/1.1" 200 16662
[19/Apr/2022 07:53:53] INFO [django.server:157] "GET /static/application/images/control.png HTTP/1.1" 200 4946
[19/Apr/2022 07:53:53] INFO [django.server:157] "GET /static/application/images/control.png HTTP/1.1" 200 4946
[19/Apr/2022 07:53:53] INFO [django.server:157] "GET /static/application/images/control.svg HTTP/1.1" 200 3985
[19/Apr/2022 07:53:53] INFO [django.server:157] "GET /static/application/images/control.svg HTTP/1.1" 200 3985
[19/Apr/2022 07:53:53] INFO [django.server:157] "GET /static/application/images/save.png HTTP/1.1" 200 5850
[19/Apr/2022 07:53:53] INFO [django.server:157] "GET /static/application/images/save.png HTTP/1.1" 200 5850
[19/Apr/2022 07:53:53] INFO [django.server:157] "GET /static/application/images/save.svg HTTP/1.1" 200 4815
[19/Apr/2022 07:53:53] INFO [django.server:157] "GET /static/application/images/save.svg HTTP/1.1" 200 4815
[19/Apr/2022 07:53:53] INFO [django.server:157] "GET /static/application/images/forget.png HTTP/1.1" 200 6121
[19/Apr/2022 07:53:53] INFO [django.server:157] "GET /static/application/images/forget.png HTTP/1.1" 200 6121
[19/Apr/2022 07:53:54] INFO [django.server:157] "GET /static/application/images/know.png HTTP/1.1" 200 5775
[19/Apr/2022 07:53:54] INFO [django.server:157] "GET /static/application/images/know.png HTTP/1.1" 200 5775
[19/Apr/2022 07:53:54] INFO [django.server:157] "GET /static/application/images/know.svg HTTP/1.1" 200 8645
[19/Apr/2022 07:53:54] INFO [django.server:157] "GET /static/application/images/know.svg HTTP/1.1" 200 8645
[19/Apr/2022 07:53:54] INFO [django.server:157] "GET /static/application/images/X_gray.svg HTTP/1.1" 200 461
[19/Apr/2022 07:53:54] INFO [django.server:157] "GET /static/application/images/X_gray.svg HTTP/1.1" 200 461
[19/Apr/2022 07:53:54] INFO [django.server:157] "GET /static/application/images/forget.svg HTTP/1.1" 200 8904
[19/Apr/2022 07:53:54] INFO [django.server:157] "GET /static/application/images/forget.svg HTTP/1.1" 200 8904
[19/Apr/2022 07:53:54] WARNING [django.request:224] Not Found: /favicon.ico
[19/Apr/2022 07:53:54] WARNING [django.request:224] Not Found: /favicon.ico
[19/Apr/2022 07:53:54] WARNING [django.server:157] "GET /favicon.ico HTTP/1.1" 404 2878
[19/Apr/2022 07:53:54] WARNING [django.server:157] "GET /favicon.ico HTTP/1.1" 404 2878
[19/Apr/2022 07:54:05] INFO [django.server:157] "GET / HTTP/1.1" 200 14531
[19/Apr/2022 07:54:05] INFO [django.server:157] "GET / HTTP/1.1" 200 14531
[19/Apr/2022 07:54:05] INFO [django.server:157] "GET /static/application/styles.css HTTP/1.1" 200 14220
[19/Apr/2022 07:54:05] INFO [django.server:157] "GET /static/application/styles.css HTTP/1.1" 200 14220
[19/Apr/2022 07:54:05] INFO [django.server:157] "GET /static/application/images/CityLogoGold-01.png HTTP/1.1" 200 62210
[19/Apr/2022 07:54:05] INFO [django.server:157] "GET /static/application/images/CityLogoGold-01.png HTTP/1.1" 200 62210
[19/Apr/2022 07:54:05] INFO [django.server:157] "GET /static/application/images/WelcomeIllustration.svg HTTP/1.1" 200 16662
[19/Apr/2022 07:54:05] INFO [django.server:157] "GET /static/application/images/WelcomeIllustration.svg HTTP/1.1" 200 16662
[19/Apr/2022 07:54:05] INFO [django.server:157] "GET /static/application/images/control.png HTTP/1.1" 200 4946
[19/Apr/2022 07:54:05] INFO [django.server:157] "GET /static/application/images/control.png HTTP/1.1" 200 4946
[19/Apr/2022 07:54:05] INFO [django.server:157] "GET /static/application/images/control.svg HTTP/1.1" 200 3985
[19/Apr/2022 07:54:05] INFO [django.server:157] "GET /static/application/images/control.svg HTTP/1.1" 200 3985
[19/Apr/2022 07:54:05] INFO [django.server:157] "GET /static/application/images/save.png HTTP/1.1" 200 5850
[19/Apr/2022 07:54:05] INFO [django.server:157] "GET /static/application/images/save.png HTTP/1.1" 200 5850
[19/Apr/2022 07:54:05] INFO [django.server:157] "GET /static/application/images/save.svg HTTP/1.1" 200 4815
[19/Apr/2022 07:54:05] INFO [django.server:157] "GET /static/application/images/save.svg HTTP/1.1" 200 4815
[19/Apr/2022 07:54:05] INFO [django.server:157] "GET /static/application/images/forget.png HTTP/1.1" 200 6121
[19/Apr/2022 07:54:05] INFO [django.server:157] "GET /static/application/images/forget.png HTTP/1.1" 200 6121
[19/Apr/2022 07:54:05] INFO [django.server:157] "GET /static/application/images/know.png HTTP/1.1" 200 5775
[19/Apr/2022 07:54:05] INFO [django.server:157] "GET /static/application/images/know.png HTTP/1.1" 200 5775
[19/Apr/2022 07:54:05] INFO [django.server:157] "GET /static/application/images/X_gray.svg HTTP/1.1" 200 461
[19/Apr/2022 07:54:05] INFO [django.server:157] "GET /static/application/images/X_gray.svg HTTP/1.1" 200 461
[19/Apr/2022 07:54:05] INFO [django.server:157] "GET /static/application/images/forget.svg HTTP/1.1" 200 8904
[19/Apr/2022 07:54:05] INFO [django.server:157] "GET /static/application/images/forget.svg HTTP/1.1" 200 8904
[19/Apr/2022 07:54:05] INFO [django.server:157] "GET /static/application/images/know.svg HTTP/1.1" 200 8645
[19/Apr/2022 07:54:05] INFO [django.server:157] "GET /static/application/images/know.svg HTTP/1.1" 200 8645
[19/Apr/2022 07:54:05] WARNING [django.request:224] Not Found: /favicon.ico
[19/Apr/2022 07:54:05] WARNING [django.request:224] Not Found: /favicon.ico
[19/Apr/2022 07:54:05] WARNING [django.server:157] "GET /favicon.ico HTTP/1.1" 404 2878
[19/Apr/2022 07:54:05] WARNING [django.server:157] "GET /favicon.ico HTTP/1.1" 404 2878
