[19/Jan/2022 08:44:07] INFO [django.utils.autoreload:617] Watching for file changes with StatReloader
[19/Jan/2022 08:44:07] INFO [django.utils.autoreload:617] Watching for file changes with StatReloader
[19/Jan/2022 08:44:11] INFO [django.server:157] "GET /application/getReady HTTP/1.1" 200 13641
[19/Jan/2022 08:44:11] INFO [django.server:157] "GET /application/getReady HTTP/1.1" 200 13641
[19/Jan/2022 08:44:11] INFO [django.server:157] "GET /static/dashboard/styles.css HTTP/1.1" 200 22191
[19/Jan/2022 08:44:11] INFO [django.server:157] "GET /static/dashboard/styles.css HTTP/1.1" 200 22191
[19/Jan/2022 08:44:11] INFO [django.server:157] "GET /static/dashboard/images/ProgramList.svg HTTP/1.1" 200 2128
[19/Jan/2022 08:44:11] INFO [django.server:157] "GET /static/dashboard/images/ProgramList.svg HTTP/1.1" 200 2128
[19/Jan/2022 08:44:11] INFO [django.server:157] "GET /static/dashboard/images/Settings.svg HTTP/1.1" 200 1654
[19/Jan/2022 08:44:11] INFO [django.server:157] "GET /static/dashboard/images/Settings.svg HTTP/1.1" 200 1654
[19/Jan/2022 08:44:11] INFO [django.server:157] "GET /static/dashboard/images/PrivacyPolicy.svg HTTP/1.1" 200 1468
[19/Jan/2022 08:44:11] INFO [django.server:157] "GET /static/dashboard/images/LogOut.svg HTTP/1.1" 200 289
[19/Jan/2022 08:44:11] INFO [django.server:157] "GET /static/dashboard/images/PrivacyPolicy.svg HTTP/1.1" 200 1468
[19/Jan/2022 08:44:11] INFO [django.server:157] "GET /static/dashboard/images/AlertBell.svg HTTP/1.1" 200 864
[19/Jan/2022 08:44:11] INFO [django.server:157] "GET /static/dashboard/images/AlertBell.svg HTTP/1.1" 200 864
[19/Jan/2022 08:44:11] INFO [django.server:157] "GET /static/dashboard/images/Path%201083.svg HTTP/1.1" 200 228
[19/Jan/2022 08:44:11] INFO [django.server:157] "GET /static/dashboard/images/Path%201083.svg HTTP/1.1" 200 228
[19/Jan/2022 08:44:11] INFO [django.server:157] "GET /static/dashboard/images/reviewStarUnfilled.svg HTTP/1.1" 200 1178
[19/Jan/2022 08:44:11] INFO [django.server:157] "GET /static/dashboard/images/reviewStarUnfilled.svg HTTP/1.1" 200 1178
[19/Jan/2022 08:44:11] INFO [django.server:157] "GET /static/dashboard/images/LogOut.svg HTTP/1.1" 200 289
[19/Jan/2022 08:44:12] INFO [django.server:157] "GET /static/dashboard/images/Dashboard.svg HTTP/1.1" 200 199
[19/Jan/2022 08:44:12] INFO [django.server:157] "GET /static/dashboard/images/Dashboard.svg HTTP/1.1" 200 199
[19/Jan/2022 08:44:12] WARNING [django.request:224] Not Found: /favicon.ico
[19/Jan/2022 08:44:12] WARNING [django.request:224] Not Found: /favicon.ico
[19/Jan/2022 08:44:12] WARNING [django.server:157] "GET /favicon.ico HTTP/1.1" 404 2878
[19/Jan/2022 08:44:12] WARNING [django.server:157] "GET /favicon.ico HTTP/1.1" 404 2878
[19/Jan/2022 08:44:18] INFO [django.server:157] "GET /application/getReady HTTP/1.1" 200 13641
[19/Jan/2022 08:44:18] INFO [django.server:157] "GET /application/getReady HTTP/1.1" 200 13641
[19/Jan/2022 08:44:18] INFO [django.server:157] "GET /static/dashboard/styles.css HTTP/1.1" 200 22191
[19/Jan/2022 08:44:18] INFO [django.server:157] "GET /static/dashboard/styles.css HTTP/1.1" 200 22191
[19/Jan/2022 08:44:19] INFO [django.server:157] "GET /static/dashboard/images/ProgramList.svg HTTP/1.1" 200 2128
[19/Jan/2022 08:44:19] INFO [django.server:157] "GET /static/dashboard/images/ProgramList.svg HTTP/1.1" 200 2128
[19/Jan/2022 08:44:19] INFO [django.server:157] "GET /static/dashboard/images/LogOut.svg HTTP/1.1" 200 289
[19/Jan/2022 08:44:19] INFO [django.server:157] "GET /static/dashboard/images/LogOut.svg HTTP/1.1" 200 289
[19/Jan/2022 08:44:19] INFO [django.server:157] "GET /static/dashboard/images/Settings.svg HTTP/1.1" 200 1654
[19/Jan/2022 08:44:19] INFO [django.server:157] "GET /static/dashboard/images/Settings.svg HTTP/1.1" 200 1654
[19/Jan/2022 08:44:19] INFO [django.server:157] "GET /static/dashboard/images/Dashboard.svg HTTP/1.1" 200 199
[19/Jan/2022 08:44:19] INFO [django.server:157] "GET /static/dashboard/images/PrivacyPolicy.svg HTTP/1.1" 200 1468
[19/Jan/2022 08:44:19] INFO [django.server:157] "GET /static/dashboard/images/AlertBell.svg HTTP/1.1" 200 864
[19/Jan/2022 08:44:19] INFO [django.server:157] "GET /static/dashboard/images/AlertBell.svg HTTP/1.1" 200 864
[19/Jan/2022 08:44:19] INFO [django.server:157] "GET /static/dashboard/images/PrivacyPolicy.svg HTTP/1.1" 200 1468
[19/Jan/2022 08:44:19] INFO [django.server:157] "GET /static/dashboard/images/Dashboard.svg HTTP/1.1" 200 199
[19/Jan/2022 08:44:19] INFO [django.server:157] "GET /static/dashboard/images/Path%201083.svg HTTP/1.1" 200 228
[19/Jan/2022 08:44:19] INFO [django.server:157] "GET /static/dashboard/images/Path%201083.svg HTTP/1.1" 200 228
[19/Jan/2022 08:44:19] INFO [django.server:157] "GET /static/dashboard/images/reviewStarUnfilled.svg HTTP/1.1" 200 1178
[19/Jan/2022 08:44:19] INFO [django.server:157] "GET /static/dashboard/images/reviewStarUnfilled.svg HTTP/1.1" 200 1178
[19/Jan/2022 08:44:19] WARNING [django.request:224] Not Found: /favicon.ico
[19/Jan/2022 08:44:19] WARNING [django.request:224] Not Found: /favicon.ico
[19/Jan/2022 08:44:19] WARNING [django.server:157] "GET /favicon.ico HTTP/1.1" 404 2878
[19/Jan/2022 08:44:19] WARNING [django.server:157] "GET /favicon.ico HTTP/1.1" 404 2878
[19/Jan/2022 08:44:20] INFO [django.server:157] "GET /application/getReady HTTP/1.1" 200 13641
[19/Jan/2022 08:44:20] INFO [django.server:157] "GET /application/getReady HTTP/1.1" 200 13641
[19/Jan/2022 08:44:20] INFO [django.server:157] "GET /static/dashboard/styles.css HTTP/1.1" 200 22191
[19/Jan/2022 08:44:20] INFO [django.server:157] "GET /static/dashboard/styles.css HTTP/1.1" 200 22191
[19/Jan/2022 08:44:20] INFO [django.server:157] "GET /static/dashboard/images/Dashboard.svg HTTP/1.1" 200 199
[19/Jan/2022 08:44:20] INFO [django.server:157] "GET /static/dashboard/images/Dashboard.svg HTTP/1.1" 200 199
[19/Jan/2022 08:44:20] INFO [django.server:157] "GET /static/dashboard/images/Settings.svg HTTP/1.1" 200 1654
[19/Jan/2022 08:44:20] INFO [django.server:157] "GET /static/dashboard/images/ProgramList.svg HTTP/1.1" 200 2128
[19/Jan/2022 08:44:20] INFO [django.server:157] "GET /static/dashboard/images/PrivacyPolicy.svg HTTP/1.1" 200 1468
[19/Jan/2022 08:44:20] INFO [django.server:157] "GET /static/dashboard/images/PrivacyPolicy.svg HTTP/1.1" 200 1468
[19/Jan/2022 08:44:20] INFO [django.server:157] "GET /static/dashboard/images/LogOut.svg HTTP/1.1" 200 289
[19/Jan/2022 08:44:20] INFO [django.server:157] "GET /static/dashboard/images/LogOut.svg HTTP/1.1" 200 289
[19/Jan/2022 08:44:20] INFO [django.server:157] "GET /static/dashboard/images/ProgramList.svg HTTP/1.1" 200 2128
[19/Jan/2022 08:44:20] INFO [django.server:157] "GET /static/dashboard/images/AlertBell.svg HTTP/1.1" 200 864
[19/Jan/2022 08:44:20] INFO [django.server:157] "GET /static/dashboard/images/AlertBell.svg HTTP/1.1" 200 864
[19/Jan/2022 08:44:20] INFO [django.server:157] "GET /static/dashboard/images/Settings.svg HTTP/1.1" 200 1654
[19/Jan/2022 08:44:20] INFO [django.server:157] "GET /static/dashboard/images/Path%201083.svg HTTP/1.1" 200 228
[19/Jan/2022 08:44:20] INFO [django.server:157] "GET /static/dashboard/images/Path%201083.svg HTTP/1.1" 200 228
[19/Jan/2022 08:44:20] INFO [django.server:157] "GET /static/dashboard/images/reviewStarUnfilled.svg HTTP/1.1" 200 1178
[19/Jan/2022 08:44:20] INFO [django.server:157] "GET /static/dashboard/images/reviewStarUnfilled.svg HTTP/1.1" 200 1178
[19/Jan/2022 08:44:20] WARNING [django.request:224] Not Found: /favicon.ico
[19/Jan/2022 08:44:20] WARNING [django.request:224] Not Found: /favicon.ico
[19/Jan/2022 08:44:20] WARNING [django.server:157] "GET /favicon.ico HTTP/1.1" 404 2878
[19/Jan/2022 08:44:20] WARNING [django.server:157] "GET /favicon.ico HTTP/1.1" 404 2878
[19/Jan/2022 08:44:20] INFO [django.server:157] "GET /application/getReady HTTP/1.1" 200 13641
[19/Jan/2022 08:44:20] INFO [django.server:157] "GET /application/getReady HTTP/1.1" 200 13641
[19/Jan/2022 08:44:20] INFO [django.server:157] "GET /static/dashboard/styles.css HTTP/1.1" 200 22191
[19/Jan/2022 08:44:20] INFO [django.server:157] "GET /static/dashboard/styles.css HTTP/1.1" 200 22191
[19/Jan/2022 08:44:21] INFO [django.server:157] "GET /static/dashboard/images/Dashboard.svg HTTP/1.1" 200 199
[19/Jan/2022 08:44:21] INFO [django.server:157] "GET /static/dashboard/images/Dashboard.svg HTTP/1.1" 200 199
[19/Jan/2022 08:44:21] INFO [django.server:157] "GET /static/dashboard/images/PrivacyPolicy.svg HTTP/1.1" 200 1468
[19/Jan/2022 08:44:21] INFO [django.server:157] "GET /static/dashboard/images/PrivacyPolicy.svg HTTP/1.1" 200 1468
[19/Jan/2022 08:44:21] INFO [django.server:157] "GET /static/dashboard/images/Settings.svg HTTP/1.1" 200 1654
[19/Jan/2022 08:44:21] INFO [django.server:157] "GET /static/dashboard/images/Settings.svg HTTP/1.1" 200 1654
[19/Jan/2022 08:44:21] INFO [django.server:157] "GET /static/dashboard/images/ProgramList.svg HTTP/1.1" 200 2128
[19/Jan/2022 08:44:21] INFO [django.server:157] "GET /static/dashboard/images/ProgramList.svg HTTP/1.1" 200 2128
[19/Jan/2022 08:44:21] INFO [django.server:157] "GET /static/dashboard/images/LogOut.svg HTTP/1.1" 200 289
[19/Jan/2022 08:44:21] INFO [django.server:157] "GET /static/dashboard/images/AlertBell.svg HTTP/1.1" 200 864
[19/Jan/2022 08:44:21] INFO [django.server:157] "GET /static/dashboard/images/AlertBell.svg HTTP/1.1" 200 864
[19/Jan/2022 08:44:21] INFO [django.server:157] "GET /static/dashboard/images/LogOut.svg HTTP/1.1" 200 289
[19/Jan/2022 08:44:21] INFO [django.server:157] "GET /static/dashboard/images/Path%201083.svg HTTP/1.1" 200 228
[19/Jan/2022 08:44:21] INFO [django.server:157] "GET /static/dashboard/images/Path%201083.svg HTTP/1.1" 200 228
[19/Jan/2022 08:44:21] INFO [django.server:157] "GET /static/dashboard/images/reviewStarUnfilled.svg HTTP/1.1" 200 1178
[19/Jan/2022 08:44:21] INFO [django.server:157] "GET /static/dashboard/images/reviewStarUnfilled.svg HTTP/1.1" 200 1178
[19/Jan/2022 08:44:21] WARNING [django.request:224] Not Found: /favicon.ico
[19/Jan/2022 08:44:21] WARNING [django.request:224] Not Found: /favicon.ico
[19/Jan/2022 08:44:21] WARNING [django.server:157] "GET /favicon.ico HTTP/1.1" 404 2878
[19/Jan/2022 08:44:21] WARNING [django.server:157] "GET /favicon.ico HTTP/1.1" 404 2878
[19/Jan/2022 08:44:21] INFO [django.server:157] "GET /application/getReady HTTP/1.1" 200 13641
[19/Jan/2022 08:44:21] INFO [django.server:157] "GET /application/getReady HTTP/1.1" 200 13641
[19/Jan/2022 08:44:21] INFO [django.server:157] "GET /static/dashboard/styles.css HTTP/1.1" 200 22191
[19/Jan/2022 08:44:21] INFO [django.server:157] "GET /static/dashboard/styles.css HTTP/1.1" 200 22191
[19/Jan/2022 08:44:21] INFO [django.server:157] "GET /static/dashboard/images/Dashboard.svg HTTP/1.1" 200 199
[19/Jan/2022 08:44:21] INFO [django.server:157] "GET /static/dashboard/images/Dashboard.svg HTTP/1.1" 200 199
[19/Jan/2022 08:44:21] INFO [django.server:157] "GET /static/dashboard/images/Settings.svg HTTP/1.1" 200 1654
[19/Jan/2022 08:44:21] INFO [django.server:157] "GET /static/dashboard/images/Settings.svg HTTP/1.1" 200 1654
[19/Jan/2022 08:44:21] INFO [django.server:157] "GET /static/dashboard/images/LogOut.svg HTTP/1.1" 200 289
[19/Jan/2022 08:44:21] INFO [django.server:157] "GET /static/dashboard/images/LogOut.svg HTTP/1.1" 200 289
[19/Jan/2022 08:44:21] INFO [django.server:157] "GET /static/dashboard/images/ProgramList.svg HTTP/1.1" 200 2128
[19/Jan/2022 08:44:21] INFO [django.server:157] "GET /static/dashboard/images/ProgramList.svg HTTP/1.1" 200 2128
[19/Jan/2022 08:44:21] INFO [django.server:157] "GET /static/dashboard/images/PrivacyPolicy.svg HTTP/1.1" 200 1468
[19/Jan/2022 08:44:21] INFO [django.server:157] "GET /static/dashboard/images/PrivacyPolicy.svg HTTP/1.1" 200 1468
[19/Jan/2022 08:44:21] INFO [django.server:157] "GET /static/dashboard/images/AlertBell.svg HTTP/1.1" 200 864
[19/Jan/2022 08:44:21] INFO [django.server:157] "GET /static/dashboard/images/AlertBell.svg HTTP/1.1" 200 864
[19/Jan/2022 08:44:21] INFO [django.server:157] "GET /static/dashboard/images/Path%201083.svg HTTP/1.1" 200 228
[19/Jan/2022 08:44:21] INFO [django.server:157] "GET /static/dashboard/images/reviewStarUnfilled.svg HTTP/1.1" 200 1178
[19/Jan/2022 08:44:21] INFO [django.server:157] "GET /static/dashboard/images/reviewStarUnfilled.svg HTTP/1.1" 200 1178
[19/Jan/2022 08:44:21] INFO [django.server:157] "GET /static/dashboard/images/Path%201083.svg HTTP/1.1" 200 228
[19/Jan/2022 08:44:22] WARNING [django.request:224] Not Found: /favicon.ico
[19/Jan/2022 08:44:22] WARNING [django.request:224] Not Found: /favicon.ico
[19/Jan/2022 08:44:22] WARNING [django.server:157] "GET /favicon.ico HTTP/1.1" 404 2878
[19/Jan/2022 08:44:22] WARNING [django.server:157] "GET /favicon.ico HTTP/1.1" 404 2878
[19/Jan/2022 08:44:22] INFO [django.server:157] "GET /application/getReady HTTP/1.1" 200 13641
[19/Jan/2022 08:44:22] INFO [django.server:157] "GET /application/getReady HTTP/1.1" 200 13641
[19/Jan/2022 08:44:22] INFO [django.server:157] "GET /static/dashboard/styles.css HTTP/1.1" 200 22191
[19/Jan/2022 08:44:22] INFO [django.server:157] "GET /static/dashboard/styles.css HTTP/1.1" 200 22191
[19/Jan/2022 08:44:22] INFO [django.server:157] "GET /static/dashboard/images/ProgramList.svg HTTP/1.1" 200 2128
[19/Jan/2022 08:44:22] INFO [django.server:157] "GET /static/dashboard/images/Dashboard.svg HTTP/1.1" 200 199
[19/Jan/2022 08:44:22] INFO [django.server:157] "GET /static/dashboard/images/Dashboard.svg HTTP/1.1" 200 199
[19/Jan/2022 08:44:22] INFO [django.server:157] "GET /static/dashboard/images/LogOut.svg HTTP/1.1" 200 289
[19/Jan/2022 08:44:22] INFO [django.server:157] "GET /static/dashboard/images/Settings.svg HTTP/1.1" 200 1654
[19/Jan/2022 08:44:22] INFO [django.server:157] "GET /static/dashboard/images/Settings.svg HTTP/1.1" 200 1654
[19/Jan/2022 08:44:22] INFO [django.server:157] "GET /static/dashboard/images/PrivacyPolicy.svg HTTP/1.1" 200 1468
[19/Jan/2022 08:44:22] INFO [django.server:157] "GET /static/dashboard/images/PrivacyPolicy.svg HTTP/1.1" 200 1468
[19/Jan/2022 08:44:22] INFO [django.server:157] "GET /static/dashboard/images/LogOut.svg HTTP/1.1" 200 289
[19/Jan/2022 08:44:22] INFO [django.server:157] "GET /static/dashboard/images/AlertBell.svg HTTP/1.1" 200 864
[19/Jan/2022 08:44:22] INFO [django.server:157] "GET /static/dashboard/images/AlertBell.svg HTTP/1.1" 200 864
[19/Jan/2022 08:44:22] INFO [django.server:157] "GET /static/dashboard/images/Path%201083.svg HTTP/1.1" 200 228
[19/Jan/2022 08:44:22] INFO [django.server:157] "GET /static/dashboard/images/Path%201083.svg HTTP/1.1" 200 228
[19/Jan/2022 08:44:22] INFO [django.server:157] "GET /static/dashboard/images/ProgramList.svg HTTP/1.1" 200 2128
[19/Jan/2022 08:44:22] INFO [django.server:157] "GET /static/dashboard/images/reviewStarUnfilled.svg HTTP/1.1" 200 1178
[19/Jan/2022 08:44:22] INFO [django.server:157] "GET /static/dashboard/images/reviewStarUnfilled.svg HTTP/1.1" 200 1178
[19/Jan/2022 08:44:22] WARNING [django.request:224] Not Found: /favicon.ico
[19/Jan/2022 08:44:22] WARNING [django.request:224] Not Found: /favicon.ico
[19/Jan/2022 08:44:22] WARNING [django.server:157] "GET /favicon.ico HTTP/1.1" 404 2878
[19/Jan/2022 08:44:22] WARNING [django.server:157] "GET /favicon.ico HTTP/1.1" 404 2878
[19/Jan/2022 08:44:29] WARNING [django.request:224] Not Found: /application/faq
[19/Jan/2022 08:44:29] WARNING [django.request:224] Not Found: /application/faq
[19/Jan/2022 08:44:29] WARNING [django.server:157] "GET /application/faq HTTP/1.1" 404 7761
[19/Jan/2022 08:44:29] WARNING [django.server:157] "GET /application/faq HTTP/1.1" 404 7761
[19/Jan/2022 08:44:31] INFO [django.server:157] "GET /application/getReady HTTP/1.1" 200 13641
[19/Jan/2022 08:44:31] INFO [django.server:157] "GET /application/getReady HTTP/1.1" 200 13641
[19/Jan/2022 08:44:37] INFO [django.server:157] "GET /application/getReady HTTP/1.1" 200 13641
[19/Jan/2022 08:44:37] INFO [django.server:157] "GET /application/getReady HTTP/1.1" 200 13641
[19/Jan/2022 08:44:37] INFO [django.server:157] "GET /static/dashboard/styles.css HTTP/1.1" 200 22191
[19/Jan/2022 08:44:37] INFO [django.server:157] "GET /static/dashboard/styles.css HTTP/1.1" 200 22191
[19/Jan/2022 08:44:37] INFO [django.server:157] "GET /static/dashboard/images/Dashboard.svg HTTP/1.1" 200 199
[19/Jan/2022 08:44:37] INFO [django.server:157] "GET /static/dashboard/images/Dashboard.svg HTTP/1.1" 200 199
[19/Jan/2022 08:44:37] INFO [django.server:157] "GET /static/dashboard/images/Settings.svg HTTP/1.1" 200 1654
[19/Jan/2022 08:44:37] INFO [django.server:157] "GET /static/dashboard/images/ProgramList.svg HTTP/1.1" 200 2128
[19/Jan/2022 08:44:37] INFO [django.server:157] "GET /static/dashboard/images/ProgramList.svg HTTP/1.1" 200 2128
[19/Jan/2022 08:44:37] INFO [django.server:157] "GET /static/dashboard/images/PrivacyPolicy.svg HTTP/1.1" 200 1468
[19/Jan/2022 08:44:37] INFO [django.server:157] "GET /static/dashboard/images/PrivacyPolicy.svg HTTP/1.1" 200 1468
[19/Jan/2022 08:44:37] INFO [django.server:157] "GET /static/dashboard/images/Path%201083.svg HTTP/1.1" 200 228
[19/Jan/2022 08:44:37] INFO [django.server:157] "GET /static/dashboard/images/Path%201083.svg HTTP/1.1" 200 228
[19/Jan/2022 08:44:37] INFO [django.server:157] "GET /static/dashboard/images/AlertBell.svg HTTP/1.1" 200 864
[19/Jan/2022 08:44:37] INFO [django.server:157] "GET /static/dashboard/images/AlertBell.svg HTTP/1.1" 200 864
[19/Jan/2022 08:44:37] INFO [django.server:157] "GET /static/dashboard/images/LogOut.svg HTTP/1.1" 200 289
[19/Jan/2022 08:44:37] INFO [django.server:157] "GET /static/dashboard/images/LogOut.svg HTTP/1.1" 200 289
[19/Jan/2022 08:44:37] INFO [django.server:157] "GET /static/dashboard/images/Settings.svg HTTP/1.1" 200 1654
[19/Jan/2022 08:44:37] INFO [django.server:157] "GET /static/dashboard/images/reviewStarUnfilled.svg HTTP/1.1" 200 1178
[19/Jan/2022 08:44:37] INFO [django.server:157] "GET /static/dashboard/images/reviewStarUnfilled.svg HTTP/1.1" 200 1178
[19/Jan/2022 08:44:59] INFO [django.server:157] "GET /application/getReady HTTP/1.1" 200 13641
[19/Jan/2022 08:44:59] INFO [django.server:157] "GET /application/getReady HTTP/1.1" 200 13641
[19/Jan/2022 08:44:59] INFO [django.server:157] "GET /static/dashboard/styles.css HTTP/1.1" 200 22191
[19/Jan/2022 08:44:59] INFO [django.server:157] "GET /static/dashboard/styles.css HTTP/1.1" 200 22191
[19/Jan/2022 08:45:00] INFO [django.server:157] "GET /static/dashboard/images/Dashboard.svg HTTP/1.1" 200 199
[19/Jan/2022 08:45:00] INFO [django.server:157] "GET /static/dashboard/images/Dashboard.svg HTTP/1.1" 200 199
[19/Jan/2022 08:45:00] INFO [django.server:157] "GET /static/dashboard/images/PrivacyPolicy.svg HTTP/1.1" 200 1468
[19/Jan/2022 08:45:00] INFO [django.server:157] "GET /static/dashboard/images/PrivacyPolicy.svg HTTP/1.1" 200 1468
[19/Jan/2022 08:45:00] INFO [django.server:157] "GET /static/dashboard/images/LogOut.svg HTTP/1.1" 200 289
[19/Jan/2022 08:45:00] INFO [django.server:157] "GET /static/dashboard/images/LogOut.svg HTTP/1.1" 200 289
[19/Jan/2022 08:45:00] INFO [django.server:157] "GET /static/dashboard/images/AlertBell.svg HTTP/1.1" 200 864
[19/Jan/2022 08:45:00] INFO [django.server:157] "GET /static/dashboard/images/AlertBell.svg HTTP/1.1" 200 864
[19/Jan/2022 08:45:00] INFO [django.server:157] "GET /static/dashboard/images/ProgramList.svg HTTP/1.1" 200 2128
[19/Jan/2022 08:45:00] INFO [django.server:157] "GET /static/dashboard/images/ProgramList.svg HTTP/1.1" 200 2128
[19/Jan/2022 08:45:00] INFO [django.server:157] "GET /static/dashboard/images/Settings.svg HTTP/1.1" 200 1654
[19/Jan/2022 08:45:00] INFO [django.server:157] "GET /static/dashboard/images/Settings.svg HTTP/1.1" 200 1654
[19/Jan/2022 08:45:00] INFO [django.server:157] "GET /static/dashboard/images/Path%201083.svg HTTP/1.1" 200 228
[19/Jan/2022 08:45:00] INFO [django.server:157] "GET /static/dashboard/images/Path%201083.svg HTTP/1.1" 200 228
[19/Jan/2022 08:45:00] INFO [django.server:157] "GET /static/dashboard/images/reviewStarUnfilled.svg HTTP/1.1" 200 1178
[19/Jan/2022 08:45:00] INFO [django.server:157] "GET /static/dashboard/images/reviewStarUnfilled.svg HTTP/1.1" 200 1178
[19/Jan/2022 08:45:00] WARNING [django.request:224] Not Found: /favicon.ico
[19/Jan/2022 08:45:00] WARNING [django.request:224] Not Found: /favicon.ico
[19/Jan/2022 08:45:00] WARNING [django.server:157] "GET /favicon.ico HTTP/1.1" 404 2878
[19/Jan/2022 08:45:00] WARNING [django.server:157] "GET /favicon.ico HTTP/1.1" 404 2878
[19/Jan/2022 08:45:35] INFO [django.utils.autoreload:240] C:\Users\JAndr\OneDrive\Projects\GetYourConnexion\DigitalEquity_MobileVers\mobileVers\application\views.py changed, reloading.
[19/Jan/2022 08:45:35] INFO [django.utils.autoreload:240] C:\Users\JAndr\OneDrive\Projects\GetYourConnexion\DigitalEquity_MobileVers\mobileVers\application\views.py changed, reloading.
