[27/Apr/2022 08:46:59] INFO [django.utils.autoreload:617] Watching for file changes with StatReloader
[27/Apr/2022 08:46:59] INFO [django.utils.autoreload:617] Watching for file changes with StatReloader
[27/Apr/2022 08:47:05] INFO [django.server:157] "GET / HTTP/1.1" 200 14532
[27/Apr/2022 08:47:05] INFO [django.server:157] "GET / HTTP/1.1" 200 14532
[27/Apr/2022 08:47:06] INFO [django.server:157] "GET /static/application/styles.css HTTP/1.1" 200 14220
[27/Apr/2022 08:47:06] INFO [django.server:157] "GET /static/application/styles.css HTTP/1.1" 200 14220
[27/Apr/2022 08:47:07] INFO [django.server:157] "GET /static/application/images/WelcomeIllustration.svg HTTP/1.1" 200 16662
[27/Apr/2022 08:47:07] INFO [django.server:157] "GET /static/application/images/WelcomeIllustration.svg HTTP/1.1" 200 16662
[27/Apr/2022 08:47:07] INFO [django.server:157] "GET /static/application/images/control.png HTTP/1.1" 200 4946
[27/Apr/2022 08:47:07] INFO [django.server:157] "GET /static/application/images/control.png HTTP/1.1" 200 4946
[27/Apr/2022 08:47:07] INFO [django.server:157] "GET /static/application/images/control.svg HTTP/1.1" 200 3985
[27/Apr/2022 08:47:07] INFO [django.server:157] "GET /static/application/images/control.svg HTTP/1.1" 200 3985
[27/Apr/2022 08:47:07] INFO [django.server:157] "GET /static/application/images/save.png HTTP/1.1" 200 5850
[27/Apr/2022 08:47:07] INFO [django.server:157] "GET /static/application/images/know.png HTTP/1.1" 200 5775
[27/Apr/2022 08:47:07] INFO [django.server:157] "GET /static/application/images/know.png HTTP/1.1" 200 5775
[27/Apr/2022 08:47:07] INFO [django.server:157] "GET /static/application/images/save.svg HTTP/1.1" 200 4815
[27/Apr/2022 08:47:07] INFO [django.server:157] "GET /static/application/images/save.png HTTP/1.1" 200 5850
[27/Apr/2022 08:47:07] INFO [django.server:157] "GET /static/application/images/forget.png HTTP/1.1" 200 6121
[27/Apr/2022 08:47:07] INFO [django.server:157] "GET /static/application/images/forget.png HTTP/1.1" 200 6121
[27/Apr/2022 08:47:07] INFO [django.server:157] "GET /static/application/images/forget.svg HTTP/1.1" 200 8904
[27/Apr/2022 08:47:07] INFO [django.server:157] "GET /static/application/images/forget.svg HTTP/1.1" 200 8904
[27/Apr/2022 08:47:07] INFO [django.server:157] "GET /static/application/images/save.svg HTTP/1.1" 200 4815
[27/Apr/2022 08:47:07] INFO [django.server:157] "GET /static/application/images/know.svg HTTP/1.1" 200 8645
[27/Apr/2022 08:47:07] INFO [django.server:157] "GET /static/application/images/know.svg HTTP/1.1" 200 8645
[27/Apr/2022 08:47:07] INFO [django.server:157] "GET /static/application/images/X_gray.svg HTTP/1.1" 200 461
[27/Apr/2022 08:47:07] INFO [django.server:157] "GET /static/application/images/X_gray.svg HTTP/1.1" 200 461
[27/Apr/2022 08:47:07] INFO [django.server:157] "GET /static/application/images/CityLogoWhite-01.png HTTP/1.1" 200 66616
[27/Apr/2022 08:47:07] INFO [django.server:157] "GET /static/application/images/CityLogoWhite-01.png HTTP/1.1" 200 66616
[27/Apr/2022 08:47:07] WARNING [django.request:224] Not Found: /favicon.ico
[27/Apr/2022 08:47:07] WARNING [django.request:224] Not Found: /favicon.ico
[27/Apr/2022 08:47:07] WARNING [django.server:157] "GET /favicon.ico HTTP/1.1" 404 2878
[27/Apr/2022 08:47:07] WARNING [django.server:157] "GET /favicon.ico HTTP/1.1" 404 2878
