[19/Jan/2022 08:45:53] INFO [django.utils.autoreload:617] Watching for file changes with StatReloader
[19/Jan/2022 08:45:53] INFO [django.utils.autoreload:617] Watching for file changes with StatReloader
[19/Jan/2022 08:45:55] INFO [django.server:157] "GET /application/getReady HTTP/1.1" 200 2480
[19/Jan/2022 08:45:55] INFO [django.server:157] "GET /application/getReady HTTP/1.1" 200 2480
[19/Jan/2022 08:45:56] INFO [django.server:157] "GET /static/application/styles_app.css HTTP/1.1" 200 17555
[19/Jan/2022 08:45:56] INFO [django.server:157] "GET /static/application/styles_app.css HTTP/1.1" 200 17555
[19/Jan/2022 08:45:56] INFO [django.server:157] "GET /static/application/images/BackArrow-white.svg HTTP/1.1" 200 798
[19/Jan/2022 08:45:56] INFO [django.server:157] "GET /static/application/images/BackArrow-white.svg HTTP/1.1" 200 798
[19/Jan/2022 08:45:56] INFO [django.server:157] "GET /static/application/images/BackArrow-darkblue.svg HTTP/1.1" 200 801
[19/Jan/2022 08:45:56] INFO [django.server:157] "GET /static/application/images/BackArrow-darkblue.svg HTTP/1.1" 200 801
[19/Jan/2022 08:45:57] WARNING [django.request:224] Not Found: /favicon.ico
[19/Jan/2022 08:45:57] WARNING [django.request:224] Not Found: /favicon.ico
[19/Jan/2022 08:45:57] WARNING [django.server:157] "GET /favicon.ico HTTP/1.1" 404 2878
[19/Jan/2022 08:45:57] WARNING [django.server:157] "GET /favicon.ico HTTP/1.1" 404 2878
[19/Jan/2022 08:46:10] INFO [django.server:157] "GET /application/getReady HTTP/1.1" 200 2487
[19/Jan/2022 08:46:10] INFO [django.server:157] "GET /application/getReady HTTP/1.1" 200 2487
[19/Jan/2022 08:46:10] INFO [django.server:157] "GET /static/application/styles_app.css HTTP/1.1" 200 17555
[19/Jan/2022 08:46:10] INFO [django.server:157] "GET /static/application/styles_app.css HTTP/1.1" 200 17555
[19/Jan/2022 08:46:10] INFO [django.server:157] "GET /static/application/images/BackArrow-white.svg HTTP/1.1" 200 798
[19/Jan/2022 08:46:10] INFO [django.server:157] "GET /static/application/images/BackArrow-white.svg HTTP/1.1" 200 798
[19/Jan/2022 08:46:10] INFO [django.server:157] "GET /static/application/images/BackArrow-darkblue.svg HTTP/1.1" 200 801
[19/Jan/2022 08:46:10] INFO [django.server:157] "GET /static/application/images/BackArrow-darkblue.svg HTTP/1.1" 200 801
[19/Jan/2022 08:46:10] WARNING [django.request:224] Not Found: /favicon.ico
[19/Jan/2022 08:46:10] WARNING [django.request:224] Not Found: /favicon.ico
[19/Jan/2022 08:46:10] WARNING [django.server:157] "GET /favicon.ico HTTP/1.1" 404 2878
[19/Jan/2022 08:46:10] WARNING [django.server:157] "GET /favicon.ico HTTP/1.1" 404 2878
[19/Jan/2022 08:46:47] INFO [django.server:157] "GET /application/getReady HTTP/1.1" 200 2579
[19/Jan/2022 08:46:47] INFO [django.server:157] "GET /application/getReady HTTP/1.1" 200 2579
[19/Jan/2022 08:46:47] INFO [django.server:157] "GET /static/application/styles_app.css HTTP/1.1" 200 17555
[19/Jan/2022 08:46:47] INFO [django.server:157] "GET /static/application/styles_app.css HTTP/1.1" 200 17555
[19/Jan/2022 08:46:48] INFO [django.server:157] "GET /static/application/images/BackArrow-darkblue.svg HTTP/1.1" 200 801
[19/Jan/2022 08:46:48] INFO [django.server:157] "GET /static/application/images/BackArrow-darkblue.svg HTTP/1.1" 200 801
[19/Jan/2022 08:46:48] INFO [django.server:157] "GET /static/application/images/BackArrow-white.svg HTTP/1.1" 200 798
[19/Jan/2022 08:46:48] INFO [django.server:157] "GET /static/application/images/BackArrow-white.svg HTTP/1.1" 200 798
[19/Jan/2022 08:46:48] WARNING [django.request:224] Not Found: /favicon.ico
[19/Jan/2022 08:46:48] WARNING [django.request:224] Not Found: /favicon.ico
[19/Jan/2022 08:46:48] WARNING [django.server:157] "GET /favicon.ico HTTP/1.1" 404 2878
[19/Jan/2022 08:46:48] WARNING [django.server:157] "GET /favicon.ico HTTP/1.1" 404 2878
[19/Jan/2022 08:47:06] INFO [django.server:157] "GET /application/getReady HTTP/1.1" 200 2577
[19/Jan/2022 08:47:06] INFO [django.server:157] "GET /application/getReady HTTP/1.1" 200 2577
[19/Jan/2022 08:47:06] INFO [django.server:157] "GET /static/application/styles_app.css HTTP/1.1" 200 17555
[19/Jan/2022 08:47:06] INFO [django.server:157] "GET /static/application/styles_app.css HTTP/1.1" 200 17555
[19/Jan/2022 08:47:06] INFO [django.server:157] "GET /static/application/images/BackArrow-darkblue.svg HTTP/1.1" 200 801
[19/Jan/2022 08:47:06] INFO [django.server:157] "GET /static/application/images/BackArrow-darkblue.svg HTTP/1.1" 200 801
[19/Jan/2022 08:47:06] INFO [django.server:157] "GET /static/application/images/BackArrow-white.svg HTTP/1.1" 200 798
[19/Jan/2022 08:47:06] INFO [django.server:157] "GET /static/application/images/BackArrow-white.svg HTTP/1.1" 200 798
[19/Jan/2022 08:47:07] WARNING [django.request:224] Not Found: /favicon.ico
[19/Jan/2022 08:47:07] WARNING [django.request:224] Not Found: /favicon.ico
[19/Jan/2022 08:47:07] WARNING [django.server:157] "GET /favicon.ico HTTP/1.1" 404 2878
[19/Jan/2022 08:47:07] WARNING [django.server:157] "GET /favicon.ico HTTP/1.1" 404 2878
[19/Jan/2022 08:47:48] INFO [django.server:157] "GET /application/getReady HTTP/1.1" 200 2595
[19/Jan/2022 08:47:48] INFO [django.server:157] "GET /application/getReady HTTP/1.1" 200 2595
[19/Jan/2022 08:47:48] INFO [django.server:157] "GET /static/application/styles_app.css HTTP/1.1" 200 17555
[19/Jan/2022 08:47:48] INFO [django.server:157] "GET /static/application/styles_app.css HTTP/1.1" 200 17555
[19/Jan/2022 08:47:48] INFO [django.server:157] "GET /static/application/images/BackArrow-darkblue.svg HTTP/1.1" 200 801
[19/Jan/2022 08:47:48] INFO [django.server:157] "GET /static/application/images/BackArrow-darkblue.svg HTTP/1.1" 200 801
[19/Jan/2022 08:47:48] INFO [django.server:157] "GET /static/application/images/BackArrow-white.svg HTTP/1.1" 200 798
[19/Jan/2022 08:47:48] INFO [django.server:157] "GET /static/application/images/BackArrow-white.svg HTTP/1.1" 200 798
[19/Jan/2022 08:47:49] WARNING [django.request:224] Not Found: /favicon.ico
[19/Jan/2022 08:47:49] WARNING [django.request:224] Not Found: /favicon.ico
[19/Jan/2022 08:47:49] WARNING [django.server:157] "GET /favicon.ico HTTP/1.1" 404 2878
[19/Jan/2022 08:47:49] WARNING [django.server:157] "GET /favicon.ico HTTP/1.1" 404 2878
[19/Jan/2022 08:49:28] INFO [django.server:157] "GET /application/getReady HTTP/1.1" 200 2824
[19/Jan/2022 08:49:28] INFO [django.server:157] "GET /application/getReady HTTP/1.1" 200 2824
[19/Jan/2022 08:49:28] INFO [django.server:157] "GET /static/application/styles_app.css HTTP/1.1" 200 17555
[19/Jan/2022 08:49:28] INFO [django.server:157] "GET /static/application/styles_app.css HTTP/1.1" 200 17555
[19/Jan/2022 08:49:28] INFO [django.server:157] "GET /static/application/images/BackArrow-darkblue.svg HTTP/1.1" 200 801
[19/Jan/2022 08:49:28] INFO [django.server:157] "GET /static/application/images/BackArrow-darkblue.svg HTTP/1.1" 200 801
[19/Jan/2022 08:49:28] INFO [django.server:157] "GET /static/application/images/BackArrow-white.svg HTTP/1.1" 200 798
[19/Jan/2022 08:49:28] INFO [django.server:157] "GET /static/application/images/BackArrow-white.svg HTTP/1.1" 200 798
[19/Jan/2022 08:49:29] WARNING [django.request:224] Not Found: /favicon.ico
[19/Jan/2022 08:49:29] WARNING [django.request:224] Not Found: /favicon.ico
[19/Jan/2022 08:49:29] WARNING [django.server:157] "GET /favicon.ico HTTP/1.1" 404 2878
[19/Jan/2022 08:49:29] WARNING [django.server:157] "GET /favicon.ico HTTP/1.1" 404 2878
[19/Jan/2022 08:49:44] INFO [django.server:157] "GET /application/getReady HTTP/1.1" 200 2834
[19/Jan/2022 08:49:44] INFO [django.server:157] "GET /application/getReady HTTP/1.1" 200 2834
[19/Jan/2022 08:49:44] INFO [django.server:157] "GET /static/application/styles_app.css HTTP/1.1" 200 17555
[19/Jan/2022 08:49:44] INFO [django.server:157] "GET /static/application/styles_app.css HTTP/1.1" 200 17555
[19/Jan/2022 08:49:45] INFO [django.server:157] "GET /static/application/images/BackArrow-white.svg HTTP/1.1" 200 798
[19/Jan/2022 08:49:45] INFO [django.server:157] "GET /static/application/images/BackArrow-white.svg HTTP/1.1" 200 798
[19/Jan/2022 08:49:45] INFO [django.server:157] "GET /static/application/images/BackArrow-darkblue.svg HTTP/1.1" 200 801
[19/Jan/2022 08:49:45] INFO [django.server:157] "GET /static/application/images/BackArrow-darkblue.svg HTTP/1.1" 200 801
[19/Jan/2022 08:49:45] WARNING [django.request:224] Not Found: /favicon.ico
[19/Jan/2022 08:49:45] WARNING [django.request:224] Not Found: /favicon.ico
[19/Jan/2022 08:49:45] WARNING [django.server:157] "GET /favicon.ico HTTP/1.1" 404 2878
[19/Jan/2022 08:49:45] WARNING [django.server:157] "GET /favicon.ico HTTP/1.1" 404 2878
[19/Jan/2022 08:49:56] INFO [django.server:157] "GET /application/getReady HTTP/1.1" 200 2839
[19/Jan/2022 08:49:56] INFO [django.server:157] "GET /application/getReady HTTP/1.1" 200 2839
[19/Jan/2022 08:49:56] INFO [django.server:157] "GET /static/application/styles_app.css HTTP/1.1" 200 17555
[19/Jan/2022 08:49:56] INFO [django.server:157] "GET /static/application/styles_app.css HTTP/1.1" 200 17555
[19/Jan/2022 08:49:56] INFO [django.server:157] "GET /static/application/images/BackArrow-white.svg HTTP/1.1" 200 798
[19/Jan/2022 08:49:56] INFO [django.server:157] "GET /static/application/images/BackArrow-white.svg HTTP/1.1" 200 798
[19/Jan/2022 08:49:56] INFO [django.server:157] "GET /static/application/images/BackArrow-darkblue.svg HTTP/1.1" 200 801
[19/Jan/2022 08:49:56] INFO [django.server:157] "GET /static/application/images/BackArrow-darkblue.svg HTTP/1.1" 200 801
[19/Jan/2022 08:49:56] WARNING [django.request:224] Not Found: /favicon.ico
[19/Jan/2022 08:49:56] WARNING [django.request:224] Not Found: /favicon.ico
[19/Jan/2022 08:49:56] WARNING [django.server:157] "GET /favicon.ico HTTP/1.1" 404 2878
[19/Jan/2022 08:49:56] WARNING [django.server:157] "GET /favicon.ico HTTP/1.1" 404 2878
[19/Jan/2022 08:50:14] INFO [django.server:157] "GET /application/getReady HTTP/1.1" 200 2846
[19/Jan/2022 08:50:14] INFO [django.server:157] "GET /application/getReady HTTP/1.1" 200 2846
[19/Jan/2022 08:50:14] INFO [django.server:157] "GET /static/application/styles_app.css HTTP/1.1" 200 17555
[19/Jan/2022 08:50:14] INFO [django.server:157] "GET /static/application/styles_app.css HTTP/1.1" 200 17555
[19/Jan/2022 08:50:14] INFO [django.server:157] "GET /static/application/images/BackArrow-white.svg HTTP/1.1" 200 798
[19/Jan/2022 08:50:14] INFO [django.server:157] "GET /static/application/images/BackArrow-white.svg HTTP/1.1" 200 798
[19/Jan/2022 08:50:14] INFO [django.server:157] "GET /static/application/images/BackArrow-darkblue.svg HTTP/1.1" 200 801
[19/Jan/2022 08:50:14] INFO [django.server:157] "GET /static/application/images/BackArrow-darkblue.svg HTTP/1.1" 200 801
[19/Jan/2022 08:50:15] WARNING [django.request:224] Not Found: /favicon.ico
[19/Jan/2022 08:50:15] WARNING [django.request:224] Not Found: /favicon.ico
[19/Jan/2022 08:50:15] WARNING [django.server:157] "GET /favicon.ico HTTP/1.1" 404 2878
[19/Jan/2022 08:50:15] WARNING [django.server:157] "GET /favicon.ico HTTP/1.1" 404 2878
[19/Jan/2022 08:50:43] INFO [django.server:157] "GET /application/getReady HTTP/1.1" 200 2847
[19/Jan/2022 08:50:43] INFO [django.server:157] "GET /application/getReady HTTP/1.1" 200 2847
[19/Jan/2022 08:50:43] INFO [django.server:157] "GET /static/application/styles_app.css HTTP/1.1" 200 17555
[19/Jan/2022 08:50:43] INFO [django.server:157] "GET /static/application/styles_app.css HTTP/1.1" 200 17555
[19/Jan/2022 08:50:44] INFO [django.server:157] "GET /static/application/images/BackArrow-darkblue.svg HTTP/1.1" 200 801
[19/Jan/2022 08:50:44] INFO [django.server:157] "GET /static/application/images/BackArrow-darkblue.svg HTTP/1.1" 200 801
[19/Jan/2022 08:50:44] INFO [django.server:157] "GET /static/application/images/BackArrow-white.svg HTTP/1.1" 200 798
[19/Jan/2022 08:50:44] INFO [django.server:157] "GET /static/application/images/BackArrow-white.svg HTTP/1.1" 200 798
[19/Jan/2022 08:50:44] WARNING [django.request:224] Not Found: /favicon.ico
[19/Jan/2022 08:50:44] WARNING [django.request:224] Not Found: /favicon.ico
[19/Jan/2022 08:50:44] WARNING [django.server:157] "GET /favicon.ico HTTP/1.1" 404 2878
[19/Jan/2022 08:50:44] WARNING [django.server:157] "GET /favicon.ico HTTP/1.1" 404 2878
[19/Jan/2022 08:52:00] INFO [django.server:157] "GET /application/getReady HTTP/1.1" 200 2867
[19/Jan/2022 08:52:00] INFO [django.server:157] "GET /application/getReady HTTP/1.1" 200 2867
[19/Jan/2022 08:52:00] INFO [django.server:157] "GET /static/application/styles_app.css HTTP/1.1" 200 17555
[19/Jan/2022 08:52:00] INFO [django.server:157] "GET /static/application/styles_app.css HTTP/1.1" 200 17555
[19/Jan/2022 08:52:00] INFO [django.server:157] "GET /static/application/images/BackArrow-darkblue.svg HTTP/1.1" 200 801
[19/Jan/2022 08:52:00] INFO [django.server:157] "GET /static/application/images/BackArrow-darkblue.svg HTTP/1.1" 200 801
[19/Jan/2022 08:52:00] INFO [django.server:157] "GET /static/application/images/BackArrow-white.svg HTTP/1.1" 200 798
[19/Jan/2022 08:52:00] INFO [django.server:157] "GET /static/application/images/BackArrow-white.svg HTTP/1.1" 200 798
[19/Jan/2022 08:52:00] WARNING [django.request:224] Not Found: /favicon.ico
[19/Jan/2022 08:52:00] WARNING [django.request:224] Not Found: /favicon.ico
[19/Jan/2022 08:52:00] WARNING [django.server:157] "GET /favicon.ico HTTP/1.1" 404 2878
[19/Jan/2022 08:52:00] WARNING [django.server:157] "GET /favicon.ico HTTP/1.1" 404 2878
[19/Jan/2022 08:52:39] INFO [django.server:157] "GET /application/getReady HTTP/1.1" 200 3007
[19/Jan/2022 08:52:39] INFO [django.server:157] "GET /application/getReady HTTP/1.1" 200 3007
[19/Jan/2022 08:52:39] INFO [django.server:157] "GET /static/application/styles_app.css HTTP/1.1" 200 17555
[19/Jan/2022 08:52:39] INFO [django.server:157] "GET /static/application/styles_app.css HTTP/1.1" 200 17555
[19/Jan/2022 08:52:40] INFO [django.server:157] "GET /static/application/images/BackArrow-darkblue.svg HTTP/1.1" 200 801
[19/Jan/2022 08:52:40] INFO [django.server:157] "GET /static/application/images/BackArrow-darkblue.svg HTTP/1.1" 200 801
[19/Jan/2022 08:52:40] INFO [django.server:157] "GET /static/application/images/BackArrow-white.svg HTTP/1.1" 200 798
[19/Jan/2022 08:52:40] INFO [django.server:157] "GET /static/application/images/BackArrow-white.svg HTTP/1.1" 200 798
[19/Jan/2022 08:52:40] WARNING [django.request:224] Not Found: /favicon.ico
[19/Jan/2022 08:52:40] WARNING [django.request:224] Not Found: /favicon.ico
[19/Jan/2022 08:52:40] WARNING [django.server:157] "GET /favicon.ico HTTP/1.1" 404 2878
[19/Jan/2022 08:52:40] WARNING [django.server:157] "GET /favicon.ico HTTP/1.1" 404 2878
[19/Jan/2022 08:53:34] INFO [django.server:157] "GET /application/getReady HTTP/1.1" 200 3009
[19/Jan/2022 08:53:34] INFO [django.server:157] "GET /application/getReady HTTP/1.1" 200 3009
[19/Jan/2022 08:53:34] INFO [django.server:157] "GET /static/application/styles_app.css HTTP/1.1" 200 17555
[19/Jan/2022 08:53:34] INFO [django.server:157] "GET /static/application/styles_app.css HTTP/1.1" 200 17555
[19/Jan/2022 08:53:34] INFO [django.server:157] "GET /static/application/images/BackArrow-darkblue.svg HTTP/1.1" 200 801
[19/Jan/2022 08:53:34] INFO [django.server:157] "GET /static/application/images/BackArrow-darkblue.svg HTTP/1.1" 200 801
[19/Jan/2022 08:53:34] INFO [django.server:157] "GET /static/application/images/BackArrow-white.svg HTTP/1.1" 200 798
[19/Jan/2022 08:53:34] INFO [django.server:157] "GET /static/application/images/BackArrow-white.svg HTTP/1.1" 200 798
[19/Jan/2022 08:53:34] WARNING [django.request:224] Not Found: /favicon.ico
[19/Jan/2022 08:53:34] WARNING [django.request:224] Not Found: /favicon.ico
[19/Jan/2022 08:53:34] WARNING [django.server:157] "GET /favicon.ico HTTP/1.1" 404 2878
[19/Jan/2022 08:53:34] WARNING [django.server:157] "GET /favicon.ico HTTP/1.1" 404 2878
[19/Jan/2022 10:03:57] INFO [django.server:157] "GET / HTTP/1.1" 200 13852
[19/Jan/2022 10:03:57] INFO [django.server:157] "GET / HTTP/1.1" 200 13852
[19/Jan/2022 10:03:59] INFO [django.server:157] "GET /application/account HTTP/1.1" 200 8946
[19/Jan/2022 10:03:59] INFO [django.server:157] "GET /application/account HTTP/1.1" 200 8946
[19/Jan/2022 10:04:31] INFO [root:428] password passes all validation checks...
[19/Jan/2022 10:04:31] INFO [root:432] password is the same password entered twice...
[19/Jan/2022 10:04:31] INFO [django.server:157] "POST /application/account HTTP/1.1" 302 0
[19/Jan/2022 10:04:31] INFO [django.server:157] "POST /application/account HTTP/1.1" 302 0
[19/Jan/2022 10:04:32] INFO [django.server:157] "GET /application/address HTTP/1.1" 200 9838
[19/Jan/2022 10:04:32] INFO [django.server:157] "GET /application/address HTTP/1.1" 200 9838
[19/Jan/2022 10:04:47] INFO [django.server:157] "POST /application/address HTTP/1.1" 302 0
[19/Jan/2022 10:04:47] INFO [django.server:157] "POST /application/address HTTP/1.1" 302 0
[19/Jan/2022 10:04:48] INFO [django.server:157] "GET /application/addressCorrection HTTP/1.1" 200 3992
[19/Jan/2022 10:04:48] INFO [django.server:157] "GET /application/addressCorrection HTTP/1.1" 200 3992
[19/Jan/2022 10:04:52] INFO [django.server:157] "GET /application/takeUSPSaddress HTTP/1.1" 302 0
[19/Jan/2022 10:04:52] INFO [django.server:157] "GET /application/takeUSPSaddress HTTP/1.1" 302 0
[19/Jan/2022 10:04:53] INFO [django.server:157] "GET /application/inServiceArea HTTP/1.1" 302 0
[19/Jan/2022 10:04:53] INFO [django.server:157] "GET /application/inServiceArea HTTP/1.1" 302 0
[19/Jan/2022 10:04:53] INFO [django.server:157] "GET /application/finances HTTP/1.1" 200 8122
[19/Jan/2022 10:04:53] INFO [django.server:157] "GET /application/finances HTTP/1.1" 200 8122
[19/Jan/2022 10:04:54] INFO [django.server:157] "GET /static/application/images/Step3Instructions.gif HTTP/1.1" 200 182476
[19/Jan/2022 10:04:54] INFO [django.server:157] "GET /static/application/images/Step3Instructions.gif HTTP/1.1" 200 182476
[19/Jan/2022 10:04:54] INFO [django.server:157] "GET /static/application/images/Step3InstructionsMobile.gif HTTP/1.1" 200 117524
[19/Jan/2022 10:04:54] INFO [django.server:157] "GET /static/application/images/Step3InstructionsMobile.gif HTTP/1.1" 200 117524
[19/Jan/2022 10:04:54] INFO [django.server:157] "GET /static/application/images/clipart249308.png HTTP/1.1" 200 46770
[19/Jan/2022 10:04:54] INFO [django.server:157] "GET /static/application/images/clipart249308.png HTTP/1.1" 200 46770
[19/Jan/2022 10:04:57] INFO [django.server:157] "GET /application/ajax/load-gahi/?dependents=1 HTTP/1.1" 200 365
[19/Jan/2022 10:04:57] INFO [django.server:157] "GET /application/ajax/load-gahi/?dependents=1 HTTP/1.1" 200 365
[19/Jan/2022 10:05:02] INFO [django.server:157] "POST /application/finances HTTP/1.1" 302 0
[19/Jan/2022 10:05:02] INFO [django.server:157] "POST /application/finances HTTP/1.1" 302 0
[19/Jan/2022 10:05:03] INFO [django.server:157] "GET /application/moreInfoNeeded HTTP/1.1" 200 5024
[19/Jan/2022 10:05:03] INFO [django.server:157] "GET /application/moreInfoNeeded HTTP/1.1" 200 5024
[19/Jan/2022 10:05:24] INFO [django.server:157] "POST /application/moreInfoNeeded HTTP/1.1" 302 0
[19/Jan/2022 10:05:24] INFO [django.server:157] "POST /application/moreInfoNeeded HTTP/1.1" 302 0
[19/Jan/2022 10:05:24] INFO [django.server:157] "GET /application/programs HTTP/1.1" 200 5589
[19/Jan/2022 10:05:24] INFO [django.server:157] "GET /application/programs HTTP/1.1" 200 5589
[19/Jan/2022 10:05:29] INFO [django.server:157] "POST /application/programs HTTP/1.1" 302 0
[19/Jan/2022 10:05:29] INFO [django.server:157] "POST /application/programs HTTP/1.1" 302 0
[19/Jan/2022 10:05:30] INFO [django.server:157] "GET /dashboard/files HTTP/1.1" 200 8113
[19/Jan/2022 10:05:30] INFO [django.server:157] "GET /dashboard/files HTTP/1.1" 200 8113
[19/Jan/2022 10:05:31] INFO [django.server:157] "GET /static/dashboard/images/upload.svg HTTP/1.1" 200 1005
[19/Jan/2022 10:05:31] INFO [django.server:157] "GET /static/dashboard/images/upload.svg HTTP/1.1" 200 1005
[19/Jan/2022 10:05:31] INFO [django.server:157] "GET /static/application/images/Step5InstructionsDesktop.gif HTTP/1.1" 200 650133
[19/Jan/2022 10:05:31] INFO [django.server:157] "GET /static/application/images/Step5InstructionsDesktop.gif HTTP/1.1" 200 650133
[19/Jan/2022 10:05:31] INFO [django.server:157] "GET /static/application/images/Step5InstructionsMobile.gif HTTP/1.1" 200 2314862
[19/Jan/2022 10:05:31] INFO [django.server:157] "GET /static/application/images/Step5InstructionsMobile.gif HTTP/1.1" 200 2314862
[19/Jan/2022 10:05:45] INFO [root:71] PNG image data, 450 x 284, 8-bit/color RGBA, non-interlaced
[19/Jan/2022 10:05:45] INFO [django.server:157] "POST /dashboard/files HTTP/1.1" 200 8024
[19/Jan/2022 10:05:45] INFO [django.server:157] "POST /dashboard/files HTTP/1.1" 200 8024
[19/Jan/2022 10:05:52] INFO [root:71] PNG image data, 1029 x 651, 8-bit/color RGBA, interlaced
[19/Jan/2022 10:05:52] INFO [django.server:157] "POST /dashboard/files HTTP/1.1" 302 0
[19/Jan/2022 10:05:52] INFO [django.server:157] "POST /dashboard/files HTTP/1.1" 302 0
[19/Jan/2022 10:05:52] INFO [django.server:157] "GET /application/attestation HTTP/1.1" 200 3787
[19/Jan/2022 10:05:52] INFO [django.server:157] "GET /application/attestation HTTP/1.1" 200 3787
[19/Jan/2022 10:05:57] INFO [django.server:157] "POST /application/attestation HTTP/1.1" 302 0
[19/Jan/2022 10:05:57] INFO [django.server:157] "POST /application/attestation HTTP/1.1" 302 0
[19/Jan/2022 10:06:00] INFO [twilio.http_client:79] POST Request: https://api.twilio.com/2010-04-01/Accounts/ACac5816609e68f28715ad6e61e5cf3211/Messages.json
[19/Jan/2022 10:06:00] INFO [twilio.http_client:81] PAYLOAD: {'To': '+16503388955', 'From': '+19703943034', 'Body': 'Thank you for creating an account with Get:FoCo! Be sure to review the programs you qualify for on your dashboard and click on Quick Apply to finish the application process!'}
[19/Jan/2022 10:06:00] INFO [twilio.http_client:97] POST Response: 201 {"sid": "SM2f65b7feac984c6094bf89a9c908fe95", "date_created": "Wed, 19 Jan 2022 18:06:00 +0000", "date_updated": "Wed, 19 Jan 2022 18:06:00 +0000", "date_sent": null, "account_sid": "ACac5816609e68f28715ad6e61e5cf3211", "to": "+16503388955", "from": "+19703943034", "messaging_service_sid": null, "body": "Thank you for creating an account with Get:FoCo! Be sure to review the programs you qualify for on your dashboard and click on Quick Apply to finish the application process!", "status": "queued", "num_segments": "2", "num_media": "0", "direction": "outbound-api", "api_version": "2010-04-01", "price": null, "price_unit": "USD", "error_code": null, "error_message": null, "uri": "/2010-04-01/Accounts/ACac5816609e68f28715ad6e61e5cf3211/Messages/SM2f65b7feac984c6094bf89a9c908fe95.json", "subresource_uris": {"media": "/2010-04-01/Accounts/ACac5816609e68f28715ad6e61e5cf3211/Messages/SM2f65b7feac984c6094bf89a9c908fe95/Media.json"}}
[19/Jan/2022 10:06:00] INFO [django.server:157] "GET /dashboard/broadcast HTTP/1.1" 200 3473
[19/Jan/2022 10:06:00] INFO [django.server:157] "GET /dashboard/broadcast HTTP/1.1" 200 3473
[19/Jan/2022 10:06:10] INFO [django.server:157] "GET /dashboard/GetFOCO HTTP/1.1" 200 38640
[19/Jan/2022 10:06:10] INFO [django.server:157] "GET /dashboard/GetFOCO HTTP/1.1" 200 38640
[19/Jan/2022 10:06:11] INFO [django.server:157] "GET /static/dashboard/images/downArrow.svg HTTP/1.1" 200 248
[19/Jan/2022 10:06:11] INFO [django.server:157] "GET /static/dashboard/images/downArrow.svg HTTP/1.1" 200 248
[19/Jan/2022 10:06:11] INFO [django.server:157] "GET /static/dashboard/images/rightArrow.svg HTTP/1.1" 200 238
[19/Jan/2022 10:06:11] INFO [django.server:157] "GET /static/dashboard/images/rightArrow.svg HTTP/1.1" 200 238
[19/Jan/2022 10:06:11] INFO [django.server:157] "GET /static/dashboard/images/Arrow%201.svg HTTP/1.1" 200 543
[19/Jan/2022 10:06:11] INFO [django.server:157] "GET /static/dashboard/images/Arrow%201.svg HTTP/1.1" 200 543
[19/Jan/2022 10:06:21] INFO [django.server:157] "GET /application/ConnexionQuickApply HTTP/1.1" 200 1757
[19/Jan/2022 10:06:21] INFO [django.server:157] "GET /application/ConnexionQuickApply HTTP/1.1" 200 1757
[19/Jan/2022 10:06:49] INFO [django.server:157] "GET /dashboard/GetFOCO HTTP/1.1" 200 38640
[19/Jan/2022 10:06:49] INFO [django.server:157] "GET /dashboard/GetFOCO HTTP/1.1" 200 38640
[19/Jan/2022 10:09:55] INFO [django.server:157] "GET /application/GRQuickApply HTTP/1.1" 200 1677
[19/Jan/2022 10:09:55] INFO [django.server:157] "GET /application/GRQuickApply HTTP/1.1" 200 1677
[19/Jan/2022 10:10:50] INFO [django.server:157] "GET /dashboard/GetFOCO HTTP/1.1" 200 38685
[19/Jan/2022 10:10:50] INFO [django.server:157] "GET /dashboard/GetFOCO HTTP/1.1" 200 38685
[19/Jan/2022 10:23:00] INFO [django.server:157] "GET /dashboard/GetFOCO HTTP/1.1" 200 38685
[19/Jan/2022 10:23:00] INFO [django.server:157] "GET /dashboard/GetFOCO HTTP/1.1" 200 38685
[19/Jan/2022 10:23:10] INFO [django.server:157] "GET /dashboard/addressVerification HTTP/1.1" 200 3202
[19/Jan/2022 10:23:10] INFO [django.server:157] "GET /dashboard/addressVerification HTTP/1.1" 200 3202
[19/Jan/2022 10:23:13] INFO [django.server:157] "POST /dashboard/addressVerification HTTP/1.1" 302 0
[19/Jan/2022 10:23:13] INFO [django.server:157] "POST /dashboard/addressVerification HTTP/1.1" 302 0
[19/Jan/2022 10:23:14] INFO [django.server:157] "GET /dashboard/filesContinued HTTP/1.1" 200 4618
[19/Jan/2022 10:23:14] INFO [django.server:157] "GET /dashboard/filesContinued HTTP/1.1" 200 4618
[19/Jan/2022 10:23:26] INFO [root:210] PNG image data, 2550 x 2221, 8-bit colormap, non-interlaced
[19/Jan/2022 10:23:26] INFO [django.server:157] "POST /dashboard/filesContinued HTTP/1.1" 302 0
[19/Jan/2022 10:23:26] INFO [django.server:157] "POST /dashboard/filesContinued HTTP/1.1" 302 0
[19/Jan/2022 10:23:27] INFO [django.server:157] "GET /application/RecreationQuickApply HTTP/1.1" 200 1673
[19/Jan/2022 10:23:27] INFO [django.server:157] "GET /application/RecreationQuickApply HTTP/1.1" 200 1673
[19/Jan/2022 10:23:53] INFO [django.server:157] "GET /dashboard/GetFOCO HTTP/1.1" 200 38773
[19/Jan/2022 10:23:53] INFO [django.server:157] "GET /dashboard/GetFOCO HTTP/1.1" 200 38773
