[03/Feb/2022 11:17:10] INFO [django.utils.autoreload:617] Watching for file changes with StatReloader
[03/Feb/2022 11:17:10] INFO [django.utils.autoreload:617] Watching for file changes with StatReloader
[03/Feb/2022 11:19:20] INFO [root:72] PNG image data, 1029 x 651, 8-bit/color RGBA, interlaced
[03/Feb/2022 11:19:20] INFO [django.server:157] "POST /dashboard/files HTTP/1.1" 200 8184
[03/Feb/2022 11:19:20] INFO [django.server:157] "POST /dashboard/files HTTP/1.1" 200 8184
[03/Feb/2022 11:19:21] INFO [django.server:157] "GET /static/dashboard/styles_app.css HTTP/1.1" 200 16043
[03/Feb/2022 11:19:21] INFO [django.server:157] "GET /static/dashboard/styles_app.css HTTP/1.1" 200 16043
[03/Feb/2022 11:19:21] INFO [django.server:157] "GET /static/application/images/BackArrow-darkblue.svg HTTP/1.1" 200 801
[03/Feb/2022 11:19:21] INFO [django.server:157] "GET /static/application/images/BackArrow-darkblue.svg HTTP/1.1" 200 801
[03/Feb/2022 11:19:21] INFO [django.server:157] "GET /static/application/images/BackArrow-white.svg HTTP/1.1" 200 798
[03/Feb/2022 11:19:21] INFO [django.server:157] "GET /static/application/images/BackArrow-white.svg HTTP/1.1" 200 798
[03/Feb/2022 11:19:21] INFO [django.server:157] "GET /static/dashboard/images/upload.svg HTTP/1.1" 200 1005
[03/Feb/2022 11:19:21] INFO [django.server:157] "GET /static/dashboard/images/upload.svg HTTP/1.1" 200 1005
[03/Feb/2022 11:19:21] INFO [django.server:157] "GET /static/application/images/clipart249308.png HTTP/1.1" 200 46770
[03/Feb/2022 11:19:21] INFO [django.server:157] "GET /static/application/images/clipart249308.png HTTP/1.1" 200 46770
[03/Feb/2022 11:19:21] INFO [django.server:157] "GET /static/application/images/Step5InstructionsDesktop.gif HTTP/1.1" 200 650133
[03/Feb/2022 11:19:21] INFO [django.server:157] "GET /static/application/images/Step5InstructionsDesktop.gif HTTP/1.1" 200 650133
[03/Feb/2022 11:19:21] INFO [django.server:157] "GET /static/application/images/Step5InstructionsMobile.gif HTTP/1.1" 200 2314862
[03/Feb/2022 11:19:21] INFO [django.server:157] "GET /static/application/images/Step5InstructionsMobile.gif HTTP/1.1" 200 2314862
[03/Feb/2022 11:19:22] WARNING [django.request:224] Not Found: /favicon.ico
[03/Feb/2022 11:19:22] WARNING [django.request:224] Not Found: /favicon.ico
[03/Feb/2022 11:19:22] WARNING [django.server:157] "GET /favicon.ico HTTP/1.1" 404 2878
[03/Feb/2022 11:19:22] WARNING [django.server:157] "GET /favicon.ico HTTP/1.1" 404 2878
[03/Feb/2022 11:19:30] INFO [root:72] PNG image data, 1568 x 1760, 8-bit/color RGB, non-interlaced
[03/Feb/2022 11:19:30] INFO [django.server:157] "POST /dashboard/files HTTP/1.1" 200 8039
[03/Feb/2022 11:19:30] INFO [django.server:157] "POST /dashboard/files HTTP/1.1" 200 8039
[03/Feb/2022 11:19:39] INFO [root:72] PNG image data, 1029 x 651, 8-bit/color RGBA, interlaced
[03/Feb/2022 11:19:40] INFO [django.server:157] "POST /dashboard/files HTTP/1.1" 200 8039
[03/Feb/2022 11:19:40] INFO [django.server:157] "POST /dashboard/files HTTP/1.1" 200 8039
[03/Feb/2022 11:19:48] INFO [root:72] PNG image data, 450 x 284, 8-bit/color RGBA, non-interlaced
[03/Feb/2022 11:19:48] INFO [django.server:157] "POST /dashboard/files HTTP/1.1" 200 8039
[03/Feb/2022 11:19:48] INFO [django.server:157] "POST /dashboard/files HTTP/1.1" 200 8039
[03/Feb/2022 11:20:35] INFO [django.server:157] "GET /dashboard/ProgramsList HTTP/1.1" 200 19602
[03/Feb/2022 11:20:35] INFO [django.server:157] "GET /dashboard/ProgramsList HTTP/1.1" 200 19602
[03/Feb/2022 11:20:36] INFO [django.server:157] "GET /static/dashboard/images/Path%201083.svg HTTP/1.1" 200 228
[03/Feb/2022 11:20:36] INFO [django.server:157] "GET /static/dashboard/images/Path%201083.svg HTTP/1.1" 200 228
[03/Feb/2022 11:20:39] WARNING [django.request:224] Not Found: /dashboard/programs
[03/Feb/2022 11:20:39] WARNING [django.request:224] Not Found: /dashboard/programs
[03/Feb/2022 11:20:39] WARNING [django.server:157] "GET /dashboard/programs HTTP/1.1" 404 5993
[03/Feb/2022 11:20:39] WARNING [django.server:157] "GET /dashboard/programs HTTP/1.1" 404 5993
[03/Feb/2022 11:20:43] INFO [django.server:157] "GET /application/programs HTTP/1.1" 200 6888
[03/Feb/2022 11:20:43] INFO [django.server:157] "GET /application/programs HTTP/1.1" 200 6888
[03/Feb/2022 11:20:50] INFO [django.server:157] "POST /application/programs HTTP/1.1" 302 0
[03/Feb/2022 11:20:50] INFO [django.server:157] "POST /application/programs HTTP/1.1" 302 0
[03/Feb/2022 11:20:51] INFO [django.server:157] "GET /dashboard/files HTTP/1.1" 200 8125
[03/Feb/2022 11:20:51] INFO [django.server:157] "GET /dashboard/files HTTP/1.1" 200 8125
[03/Feb/2022 11:20:54] INFO [django.server:157] "GET /application/programs HTTP/1.1" 200 6888
[03/Feb/2022 11:20:54] INFO [django.server:157] "GET /application/programs HTTP/1.1" 200 6888
[03/Feb/2022 11:20:58] INFO [django.server:157] "POST /application/programs HTTP/1.1" 302 0
[03/Feb/2022 11:20:58] INFO [django.server:157] "POST /application/programs HTTP/1.1" 302 0
[03/Feb/2022 11:20:59] INFO [django.server:157] "GET /dashboard/files HTTP/1.1" 200 8148
[03/Feb/2022 11:20:59] INFO [django.server:157] "GET /dashboard/files HTTP/1.1" 200 8148
[03/Feb/2022 11:21:09] INFO [root:72] PNG image data, 450 x 284, 8-bit/color RGBA, non-interlaced
[03/Feb/2022 11:21:10] INFO [django.server:157] "POST /dashboard/files HTTP/1.1" 302 0
[03/Feb/2022 11:21:10] INFO [django.server:157] "POST /dashboard/files HTTP/1.1" 302 0
[03/Feb/2022 11:21:10] INFO [django.server:157] "GET /application/attestation HTTP/1.1" 200 4604
[03/Feb/2022 11:21:10] INFO [django.server:157] "GET /application/attestation HTTP/1.1" 200 4604
[03/Feb/2022 11:21:23] INFO [django.server:157] "GET /dashboard/files HTTP/1.1" 200 8148
[03/Feb/2022 11:21:23] INFO [django.server:157] "GET /dashboard/files HTTP/1.1" 200 8148
[03/Feb/2022 11:21:39] INFO [root:72] PNG image data, 450 x 284, 8-bit/color RGBA, non-interlaced
[03/Feb/2022 11:21:40] INFO [django.server:157] "POST /dashboard/files HTTP/1.1" 302 0
[03/Feb/2022 11:21:40] INFO [django.server:157] "POST /dashboard/files HTTP/1.1" 302 0
[03/Feb/2022 11:21:40] INFO [django.server:157] "GET /application/attestation HTTP/1.1" 200 4604
[03/Feb/2022 11:21:40] INFO [django.server:157] "GET /application/attestation HTTP/1.1" 200 4604
[03/Feb/2022 11:21:49] INFO [django.server:157] "GET /dashboard/files HTTP/1.1" 200 8148
[03/Feb/2022 11:21:49] INFO [django.server:157] "GET /dashboard/files HTTP/1.1" 200 8148
[03/Feb/2022 11:21:52] INFO [django.server:157] "GET /application/programs HTTP/1.1" 200 6888
[03/Feb/2022 11:21:52] INFO [django.server:157] "GET /application/programs HTTP/1.1" 200 6888
[03/Feb/2022 11:21:56] INFO [django.server:157] "POST /application/programs HTTP/1.1" 302 0
[03/Feb/2022 11:21:56] INFO [django.server:157] "POST /application/programs HTTP/1.1" 302 0
[03/Feb/2022 11:21:57] INFO [django.server:157] "GET /dashboard/files HTTP/1.1" 200 8297
[03/Feb/2022 11:21:57] INFO [django.server:157] "GET /dashboard/files HTTP/1.1" 200 8297
[03/Feb/2022 11:22:13] INFO [root:72] PNG image data, 1568 x 1760, 8-bit/color RGB, non-interlaced
[03/Feb/2022 11:22:14] INFO [django.server:157] "POST /dashboard/files HTTP/1.1" 302 0
[03/Feb/2022 11:22:14] INFO [django.server:157] "POST /dashboard/files HTTP/1.1" 302 0
[03/Feb/2022 11:22:14] INFO [django.server:157] "GET /application/attestation HTTP/1.1" 200 4604
[03/Feb/2022 11:22:14] INFO [django.server:157] "GET /application/attestation HTTP/1.1" 200 4604
[03/Feb/2022 11:22:24] INFO [django.server:157] "GET /dashboard/files HTTP/1.1" 200 8297
[03/Feb/2022 11:22:24] INFO [django.server:157] "GET /dashboard/files HTTP/1.1" 200 8297
[03/Feb/2022 11:22:29] INFO [root:72] PNG image data, 1568 x 1760, 8-bit/color RGB, non-interlaced
[03/Feb/2022 11:22:30] INFO [django.server:157] "POST /dashboard/files HTTP/1.1" 302 0
[03/Feb/2022 11:22:30] INFO [django.server:157] "POST /dashboard/files HTTP/1.1" 302 0
[03/Feb/2022 11:22:30] INFO [django.server:157] "GET /application/attestation HTTP/1.1" 200 4604
[03/Feb/2022 11:22:30] INFO [django.server:157] "GET /application/attestation HTTP/1.1" 200 4604
[03/Feb/2022 11:22:41] INFO [django.server:157] "GET /dashboard/files HTTP/1.1" 200 8297
[03/Feb/2022 11:22:41] INFO [django.server:157] "GET /dashboard/files HTTP/1.1" 200 8297
[03/Feb/2022 11:22:47] INFO [root:72] PNG image data, 1568 x 1760, 8-bit/color RGB, non-interlaced
[03/Feb/2022 11:22:47] INFO [django.server:157] "POST /dashboard/files HTTP/1.1" 302 0
[03/Feb/2022 11:22:47] INFO [django.server:157] "POST /dashboard/files HTTP/1.1" 302 0
[03/Feb/2022 11:22:47] INFO [django.server:157] "GET /application/attestation HTTP/1.1" 200 4604
[03/Feb/2022 11:22:47] INFO [django.server:157] "GET /application/attestation HTTP/1.1" 200 4604
[03/Feb/2022 11:22:56] INFO [django.server:157] "GET /dashboard/files HTTP/1.1" 200 8297
[03/Feb/2022 11:22:56] INFO [django.server:157] "GET /dashboard/files HTTP/1.1" 200 8297
[03/Feb/2022 11:22:58] INFO [django.server:157] "GET /application/programs HTTP/1.1" 200 6888
[03/Feb/2022 11:22:58] INFO [django.server:157] "GET /application/programs HTTP/1.1" 200 6888
[03/Feb/2022 11:23:03] INFO [django.server:157] "POST /application/programs HTTP/1.1" 302 0
[03/Feb/2022 11:23:03] INFO [django.server:157] "POST /application/programs HTTP/1.1" 302 0
[03/Feb/2022 11:23:05] INFO [django.server:157] "GET /dashboard/files HTTP/1.1" 200 8237
[03/Feb/2022 11:23:05] INFO [django.server:157] "GET /dashboard/files HTTP/1.1" 200 8237
[03/Feb/2022 11:23:13] INFO [root:72] PNG image data, 450 x 284, 8-bit/color RGBA, non-interlaced
[03/Feb/2022 11:23:14] INFO [django.server:157] "POST /dashboard/files HTTP/1.1" 302 0
[03/Feb/2022 11:23:14] INFO [django.server:157] "POST /dashboard/files HTTP/1.1" 302 0
[03/Feb/2022 11:23:14] INFO [django.server:157] "GET /application/attestation HTTP/1.1" 200 4604
[03/Feb/2022 11:23:14] INFO [django.server:157] "GET /application/attestation HTTP/1.1" 200 4604
[03/Feb/2022 11:23:19] INFO [django.server:157] "GET /dashboard/files HTTP/1.1" 200 8237
[03/Feb/2022 11:23:19] INFO [django.server:157] "GET /dashboard/files HTTP/1.1" 200 8237
[03/Feb/2022 11:23:26] INFO [root:72] PNG image data, 450 x 284, 8-bit/color RGBA, non-interlaced
[03/Feb/2022 11:23:26] INFO [django.server:157] "POST /dashboard/files HTTP/1.1" 302 0
[03/Feb/2022 11:23:26] INFO [django.server:157] "POST /dashboard/files HTTP/1.1" 302 0
[03/Feb/2022 11:23:26] INFO [django.server:157] "GET /application/attestation HTTP/1.1" 200 4604
[03/Feb/2022 11:23:26] INFO [django.server:157] "GET /application/attestation HTTP/1.1" 200 4604
[03/Feb/2022 11:23:33] INFO [django.server:157] "GET /dashboard/files HTTP/1.1" 200 8237
[03/Feb/2022 11:23:33] INFO [django.server:157] "GET /dashboard/files HTTP/1.1" 200 8237
[03/Feb/2022 11:23:39] INFO [root:72] PNG image data, 450 x 284, 8-bit/color RGBA, non-interlaced
[03/Feb/2022 11:23:39] INFO [django.server:157] "POST /dashboard/files HTTP/1.1" 302 0
[03/Feb/2022 11:23:39] INFO [django.server:157] "POST /dashboard/files HTTP/1.1" 302 0
[03/Feb/2022 11:23:39] INFO [django.server:157] "GET /application/attestation HTTP/1.1" 200 4604
[03/Feb/2022 11:23:39] INFO [django.server:157] "GET /application/attestation HTTP/1.1" 200 4604
[03/Feb/2022 11:23:47] INFO [django.server:157] "GET /dashboard/files HTTP/1.1" 200 8237
[03/Feb/2022 11:23:47] INFO [django.server:157] "GET /dashboard/files HTTP/1.1" 200 8237
[03/Feb/2022 11:23:54] INFO [root:72] PNG image data, 450 x 284, 8-bit/color RGBA, non-interlaced
[03/Feb/2022 11:23:54] INFO [django.server:157] "POST /dashboard/files HTTP/1.1" 302 0
[03/Feb/2022 11:23:54] INFO [django.server:157] "POST /dashboard/files HTTP/1.1" 302 0
[03/Feb/2022 11:23:54] INFO [django.server:157] "GET /application/attestation HTTP/1.1" 200 4604
[03/Feb/2022 11:23:54] INFO [django.server:157] "GET /application/attestation HTTP/1.1" 200 4604
[03/Feb/2022 11:24:02] INFO [django.server:157] "GET /dashboard/files HTTP/1.1" 200 8237
[03/Feb/2022 11:24:02] INFO [django.server:157] "GET /dashboard/files HTTP/1.1" 200 8237
[03/Feb/2022 11:24:13] INFO [root:72] PNG image data, 450 x 284, 8-bit/color RGBA, non-interlaced
[03/Feb/2022 11:24:14] INFO [django.server:157] "POST /dashboard/files HTTP/1.1" 302 0
[03/Feb/2022 11:24:14] INFO [django.server:157] "POST /dashboard/files HTTP/1.1" 302 0
[03/Feb/2022 11:24:14] INFO [django.server:157] "GET /application/attestation HTTP/1.1" 200 4604
[03/Feb/2022 11:24:14] INFO [django.server:157] "GET /application/attestation HTTP/1.1" 200 4604
[03/Feb/2022 11:24:25] INFO [django.server:157] "GET /dashboard/files HTTP/1.1" 200 8237
[03/Feb/2022 11:24:25] INFO [django.server:157] "GET /dashboard/files HTTP/1.1" 200 8237
[03/Feb/2022 11:24:35] INFO [root:72] PDF document, version 1.7
[03/Feb/2022 11:24:36] INFO [django.server:157] "POST /dashboard/files HTTP/1.1" 302 0
[03/Feb/2022 11:24:36] INFO [django.server:157] "POST /dashboard/files HTTP/1.1" 302 0
[03/Feb/2022 11:24:36] INFO [django.server:157] "GET /application/attestation HTTP/1.1" 200 4604
[03/Feb/2022 11:24:36] INFO [django.server:157] "GET /application/attestation HTTP/1.1" 200 4604
[03/Feb/2022 11:24:40] INFO [django.server:157] "GET /dashboard/files HTTP/1.1" 200 8237
[03/Feb/2022 11:24:40] INFO [django.server:157] "GET /dashboard/files HTTP/1.1" 200 8237
[03/Feb/2022 11:24:46] INFO [django.server:157] "GET /application/programs HTTP/1.1" 200 6888
[03/Feb/2022 11:24:46] INFO [django.server:157] "GET /application/programs HTTP/1.1" 200 6888
[03/Feb/2022 11:24:51] INFO [django.server:157] "POST /application/programs HTTP/1.1" 302 0
[03/Feb/2022 11:24:51] INFO [django.server:157] "POST /application/programs HTTP/1.1" 302 0
[03/Feb/2022 11:24:52] INFO [django.server:157] "GET /dashboard/files HTTP/1.1" 200 8390
[03/Feb/2022 11:24:52] INFO [django.server:157] "GET /dashboard/files HTTP/1.1" 200 8390
[03/Feb/2022 11:25:06] INFO [root:72] PNG image data, 1029 x 651, 8-bit/color RGBA, interlaced
[03/Feb/2022 11:25:06] INFO [django.server:157] "POST /dashboard/files HTTP/1.1" 302 0
[03/Feb/2022 11:25:06] INFO [django.server:157] "POST /dashboard/files HTTP/1.1" 302 0
[03/Feb/2022 11:25:07] INFO [django.server:157] "GET /application/attestation HTTP/1.1" 200 4604
[03/Feb/2022 11:25:07] INFO [django.server:157] "GET /application/attestation HTTP/1.1" 200 4604
[03/Feb/2022 11:25:15] INFO [django.server:157] "GET /dashboard/files HTTP/1.1" 200 8390
[03/Feb/2022 11:25:15] INFO [django.server:157] "GET /dashboard/files HTTP/1.1" 200 8390
[03/Feb/2022 11:25:28] INFO [root:72] PNG image data, 450 x 284, 8-bit/color RGBA, non-interlaced
[03/Feb/2022 11:25:28] INFO [django.server:157] "POST /dashboard/files HTTP/1.1" 302 0
[03/Feb/2022 11:25:28] INFO [django.server:157] "POST /dashboard/files HTTP/1.1" 302 0
[03/Feb/2022 11:25:28] INFO [django.server:157] "GET /application/attestation HTTP/1.1" 200 4604
[03/Feb/2022 11:25:28] INFO [django.server:157] "GET /application/attestation HTTP/1.1" 200 4604
[03/Feb/2022 11:25:33] INFO [django.server:157] "GET /dashboard/files HTTP/1.1" 200 8390
[03/Feb/2022 11:25:33] INFO [django.server:157] "GET /dashboard/files HTTP/1.1" 200 8390
[03/Feb/2022 11:25:43] INFO [root:72] PNG image data, 1029 x 651, 8-bit/color RGBA, interlaced
[03/Feb/2022 11:25:43] INFO [django.server:157] "POST /dashboard/files HTTP/1.1" 302 0
[03/Feb/2022 11:25:43] INFO [django.server:157] "POST /dashboard/files HTTP/1.1" 302 0
[03/Feb/2022 11:25:43] INFO [django.server:157] "GET /application/attestation HTTP/1.1" 200 4604
[03/Feb/2022 11:25:43] INFO [django.server:157] "GET /application/attestation HTTP/1.1" 200 4604
[03/Feb/2022 11:25:50] INFO [django.server:157] "GET /dashboard/files HTTP/1.1" 200 8390
[03/Feb/2022 11:25:50] INFO [django.server:157] "GET /dashboard/files HTTP/1.1" 200 8390
[03/Feb/2022 11:26:06] INFO [root:72] PNG image data, 450 x 284, 8-bit/color RGBA, non-interlaced
[03/Feb/2022 11:26:06] INFO [django.server:157] "POST /dashboard/files HTTP/1.1" 302 0
[03/Feb/2022 11:26:06] INFO [django.server:157] "POST /dashboard/files HTTP/1.1" 302 0
[03/Feb/2022 11:26:06] INFO [django.server:157] "GET /application/attestation HTTP/1.1" 200 4604
[03/Feb/2022 11:26:06] INFO [django.server:157] "GET /application/attestation HTTP/1.1" 200 4604
[03/Feb/2022 11:26:17] INFO [django.server:157] "GET /application/ HTTP/1.1" 200 13853
[03/Feb/2022 11:26:17] INFO [django.server:157] "GET /application/ HTTP/1.1" 200 13853
[03/Feb/2022 11:26:19] INFO [django.server:157] "GET /dashboard/login HTTP/1.1" 200 2860
[03/Feb/2022 11:26:19] INFO [django.server:157] "GET /dashboard/login HTTP/1.1" 200 2860
[03/Feb/2022 11:26:21] INFO [django.server:157] "GET /application/ HTTP/1.1" 200 13853
[03/Feb/2022 11:26:21] INFO [django.server:157] "GET /application/ HTTP/1.1" 200 13853
[03/Feb/2022 11:26:22] INFO [django.server:157] "GET /application/getReady HTTP/1.1" 200 2845
[03/Feb/2022 11:26:22] INFO [django.server:157] "GET /application/getReady HTTP/1.1" 200 2845
[03/Feb/2022 11:26:25] INFO [django.server:157] "GET /application/account HTTP/1.1" 200 10855
[03/Feb/2022 11:26:25] INFO [django.server:157] "GET /application/account HTTP/1.1" 200 10855
[03/Feb/2022 11:26:43] INFO [django.server:157] "POST /application/account HTTP/1.1" 200 21
[03/Feb/2022 11:26:43] INFO [django.server:157] "POST /application/account HTTP/1.1" 200 21
[03/Feb/2022 11:26:45] INFO [django.server:157] "GET /application/address HTTP/1.1" 200 10652
[03/Feb/2022 11:26:45] INFO [django.server:157] "GET /application/address HTTP/1.1" 200 10652
[03/Feb/2022 11:27:08] INFO [django.server:157] "POST /application/address HTTP/1.1" 302 0
[03/Feb/2022 11:27:08] INFO [django.server:157] "POST /application/address HTTP/1.1" 302 0
[03/Feb/2022 11:27:10] INFO [django.server:157] "GET /application/addressCorrection HTTP/1.1" 200 4809
[03/Feb/2022 11:27:10] INFO [django.server:157] "GET /application/addressCorrection HTTP/1.1" 200 4809
[03/Feb/2022 11:27:15] INFO [django.server:157] "GET /application/takeUSPSaddress HTTP/1.1" 302 0
[03/Feb/2022 11:27:15] INFO [django.server:157] "GET /application/takeUSPSaddress HTTP/1.1" 302 0
[03/Feb/2022 11:27:16] INFO [django.server:157] "GET /application/inServiceArea HTTP/1.1" 302 0
[03/Feb/2022 11:27:16] INFO [django.server:157] "GET /application/inServiceArea HTTP/1.1" 302 0
[03/Feb/2022 11:27:16] INFO [django.server:157] "GET /application/finances HTTP/1.1" 200 8939
[03/Feb/2022 11:27:16] INFO [django.server:157] "GET /application/finances HTTP/1.1" 200 8939
[03/Feb/2022 11:27:22] INFO [django.server:157] "GET /application/ajax/load-gahi/?dependents=1 HTTP/1.1" 200 365
[03/Feb/2022 11:27:22] INFO [django.server:157] "GET /application/ajax/load-gahi/?dependents=1 HTTP/1.1" 200 365
[03/Feb/2022 11:27:26] INFO [django.server:157] "POST /application/finances HTTP/1.1" 302 0
[03/Feb/2022 11:27:26] INFO [django.server:157] "POST /application/finances HTTP/1.1" 302 0
[03/Feb/2022 11:27:27] INFO [django.server:157] "GET /application/moreInfoNeeded HTTP/1.1" 200 5841
[03/Feb/2022 11:27:27] INFO [django.server:157] "GET /application/moreInfoNeeded HTTP/1.1" 200 5841
[03/Feb/2022 11:27:35] INFO [django.server:157] "POST /application/moreInfoNeeded HTTP/1.1" 302 0
[03/Feb/2022 11:27:35] INFO [django.server:157] "POST /application/moreInfoNeeded HTTP/1.1" 302 0
[03/Feb/2022 11:27:35] INFO [django.server:157] "GET /application/programs HTTP/1.1" 200 6888
[03/Feb/2022 11:27:35] INFO [django.server:157] "GET /application/programs HTTP/1.1" 200 6888
[03/Feb/2022 11:27:41] INFO [django.server:157] "POST /application/programs HTTP/1.1" 302 0
[03/Feb/2022 11:27:41] INFO [django.server:157] "POST /application/programs HTTP/1.1" 302 0
[03/Feb/2022 11:27:42] INFO [django.server:157] "GET /dashboard/files HTTP/1.1" 200 8390
[03/Feb/2022 11:27:42] INFO [django.server:157] "GET /dashboard/files HTTP/1.1" 200 8390
[03/Feb/2022 11:31:33] INFO [root:72] PNG image data, 450 x 284, 8-bit/color RGBA, non-interlaced
[03/Feb/2022 11:31:33] INFO [django.server:157] "POST /dashboard/files HTTP/1.1" 200 8297
[03/Feb/2022 11:31:33] INFO [django.server:157] "POST /dashboard/files HTTP/1.1" 200 8297
[03/Feb/2022 11:32:38] INFO [root:72] PNG image data, 1029 x 651, 8-bit/color RGBA, interlaced
[03/Feb/2022 11:32:38] INFO [django.server:157] "POST /dashboard/files HTTP/1.1" 200 8184
[03/Feb/2022 11:32:38] INFO [django.server:157] "POST /dashboard/files HTTP/1.1" 200 8184
[03/Feb/2022 11:33:19] INFO [django.server:157] "GET /dashboard/files HTTP/1.1" 200 8390
[03/Feb/2022 11:33:19] INFO [django.server:157] "GET /dashboard/files HTTP/1.1" 200 8390
[03/Feb/2022 11:33:47] INFO [root:72] PNG image data, 450 x 284, 8-bit/color RGBA, non-interlaced
[03/Feb/2022 11:33:47] INFO [django.server:157] "POST /dashboard/files HTTP/1.1" 200 8039
[03/Feb/2022 11:33:47] INFO [django.server:157] "POST /dashboard/files HTTP/1.1" 200 8039
[03/Feb/2022 11:33:56] INFO [django.server:157] "GET /dashboard/files HTTP/1.1" 200 8390
[03/Feb/2022 11:33:56] INFO [django.server:157] "GET /dashboard/files HTTP/1.1" 200 8390
[03/Feb/2022 11:36:19] INFO [django.server:157] "GET /dashboard/files HTTP/1.1" 200 8390
[03/Feb/2022 11:36:19] INFO [django.server:157] "GET /dashboard/files HTTP/1.1" 200 8390
[03/Feb/2022 11:36:23] INFO [django.server:157] "GET /application/programs HTTP/1.1" 200 6888
[03/Feb/2022 11:36:23] INFO [django.server:157] "GET /application/programs HTTP/1.1" 200 6888
[03/Feb/2022 11:36:30] INFO [django.server:157] "POST /application/programs HTTP/1.1" 302 0
[03/Feb/2022 11:36:30] INFO [django.server:157] "POST /application/programs HTTP/1.1" 302 0
[03/Feb/2022 11:36:31] INFO [django.server:157] "GET /dashboard/files HTTP/1.1" 200 8390
[03/Feb/2022 11:36:31] INFO [django.server:157] "GET /dashboard/files HTTP/1.1" 200 8390
[03/Feb/2022 13:59:40] INFO [django.server:157] "GET / HTTP/1.1" 200 13853
[03/Feb/2022 13:59:40] INFO [django.server:157] "GET / HTTP/1.1" 200 13853
