[25/Jan/2022 15:56:45] INFO [django.utils.autoreload:617] Watching for file changes with StatReloader
[25/Jan/2022 15:56:45] INFO [django.utils.autoreload:617] Watching for file changes with StatReloader
[25/Jan/2022 15:56:51] WARNING [django.security.csrf:224] Forbidden (CSRF token missing or incorrect.): /dashboard/login
[25/Jan/2022 15:56:51] WARNING [django.security.csrf:224] Forbidden (CSRF token missing or incorrect.): /dashboard/login
[25/Jan/2022 15:56:51] WARNING [django.server:157] "POST /dashboard/login HTTP/1.1" 403 2513
[25/Jan/2022 15:56:51] WARNING [django.server:157] "POST /dashboard/login HTTP/1.1" 403 2513
[25/Jan/2022 15:56:54] INFO [django.server:157] "GET /dashboard/login HTTP/1.1" 200 2860
[25/Jan/2022 15:56:54] INFO [django.server:157] "GET /dashboard/login HTTP/1.1" 200 2860
[25/Jan/2022 15:57:01] INFO [django.server:157] "POST /dashboard/login HTTP/1.1" 302 0
[25/Jan/2022 15:57:01] INFO [django.server:157] "POST /dashboard/login HTTP/1.1" 302 0
[25/Jan/2022 15:57:02] INFO [django.server:157] "GET /dashboard/GetFOCO HTTP/1.1" 200 39016
[25/Jan/2022 15:57:02] INFO [django.server:157] "GET /dashboard/GetFOCO HTTP/1.1" 200 39016
[25/Jan/2022 15:57:03] INFO [django.server:157] "GET /static/dashboard/styles.css HTTP/1.1" 200 22191
[25/Jan/2022 15:57:03] INFO [django.server:157] "GET /static/dashboard/styles.css HTTP/1.1" 200 22191
[25/Jan/2022 15:57:03] INFO [django.server:157] "GET /static/dashboard/images/ProgramList.svg HTTP/1.1" 200 2128
[25/Jan/2022 15:57:03] INFO [django.server:157] "GET /static/dashboard/images/ProgramList.svg HTTP/1.1" 200 2128
[25/Jan/2022 15:57:03] INFO [django.server:157] "GET /static/dashboard/images/Settings.svg HTTP/1.1" 200 1654
[25/Jan/2022 15:57:03] INFO [django.server:157] "GET /static/dashboard/images/Settings.svg HTTP/1.1" 200 1654
[25/Jan/2022 15:57:03] INFO [django.server:157] "GET /static/dashboard/images/PrivacyPolicy.svg HTTP/1.1" 200 1468
[25/Jan/2022 15:57:03] INFO [django.server:157] "GET /static/dashboard/images/PrivacyPolicy.svg HTTP/1.1" 200 1468
[25/Jan/2022 15:57:03] INFO [django.server:157] "GET /static/dashboard/images/Dashboard.svg HTTP/1.1" 200 199
[25/Jan/2022 15:57:03] INFO [django.server:157] "GET /static/dashboard/images/Dashboard.svg HTTP/1.1" 200 199
[25/Jan/2022 15:57:03] INFO [django.server:157] "GET /static/dashboard/images/AlertBell.svg HTTP/1.1" 200 864
[25/Jan/2022 15:57:03] INFO [django.server:157] "GET /static/dashboard/images/downArrow.svg HTTP/1.1" 200 248
[25/Jan/2022 15:57:03] INFO [django.server:157] "GET /static/dashboard/images/LogOut.svg HTTP/1.1" 200 289
[25/Jan/2022 15:57:03] INFO [django.server:157] "GET /static/dashboard/images/rightArrow.svg HTTP/1.1" 200 238
[25/Jan/2022 15:57:03] INFO [django.server:157] "GET /static/dashboard/images/AlertBell.svg HTTP/1.1" 200 864
[25/Jan/2022 15:57:03] INFO [django.server:157] "GET /static/dashboard/images/downArrow.svg HTTP/1.1" 200 248
[25/Jan/2022 15:57:03] INFO [django.server:157] "GET /static/dashboard/images/LogOut.svg HTTP/1.1" 200 289
[25/Jan/2022 15:57:03] INFO [django.server:157] "GET /static/dashboard/images/Arrow%201.svg HTTP/1.1" 200 543
[25/Jan/2022 15:57:03] INFO [django.server:157] "GET /static/dashboard/images/rightArrow.svg HTTP/1.1" 200 238
[25/Jan/2022 15:57:03] INFO [django.server:157] "GET /static/application/images/clipart249308.png HTTP/1.1" 200 46770
[25/Jan/2022 15:57:03] INFO [django.server:157] "GET /static/application/images/clipart249308.png HTTP/1.1" 200 46770
[25/Jan/2022 15:57:03] INFO [django.server:157] "GET /static/dashboard/images/reviewStarUnfilled.svg HTTP/1.1" 200 1178
[25/Jan/2022 15:57:03] INFO [django.server:157] "GET /static/dashboard/images/reviewStarUnfilled.svg HTTP/1.1" 200 1178
[25/Jan/2022 15:57:03] INFO [django.server:157] "GET /static/dashboard/images/Arrow%201.svg HTTP/1.1" 200 543
[25/Jan/2022 15:59:18] INFO [django.server:157] "GET /dashboard/files HTTP/1.1" 200 8113
[25/Jan/2022 15:59:18] INFO [django.server:157] "GET /dashboard/files HTTP/1.1" 200 8113
[25/Jan/2022 15:59:19] INFO [django.server:157] "GET /static/dashboard/images/upload.svg HTTP/1.1" 200 1005
[25/Jan/2022 15:59:19] INFO [django.server:157] "GET /static/dashboard/images/upload.svg HTTP/1.1" 200 1005
[25/Jan/2022 15:59:19] INFO [django.server:157] "GET /static/application/images/Step5InstructionsDesktop.gif HTTP/1.1" 200 650133
[25/Jan/2022 15:59:19] INFO [django.server:157] "GET /static/application/images/Step5InstructionsDesktop.gif HTTP/1.1" 200 650133
[25/Jan/2022 15:59:19] INFO [django.server:157] "GET /static/application/images/Step5InstructionsMobile.gif HTTP/1.1" 200 2314862
[25/Jan/2022 15:59:19] INFO [django.server:157] "GET /static/application/images/Step5InstructionsMobile.gif HTTP/1.1" 200 2314862
[25/Jan/2022 15:59:45] INFO [root:71] PNG image data, 1029 x 651, 8-bit/color RGBA, interlaced
[25/Jan/2022 15:59:45] INFO [django.server:157] "POST /dashboard/files HTTP/1.1" 302 0
[25/Jan/2022 15:59:45] INFO [django.server:157] "POST /dashboard/files HTTP/1.1" 302 0
[25/Jan/2022 15:59:45] INFO [django.server:157] "GET /application/attestation HTTP/1.1" 200 4156
[25/Jan/2022 15:59:45] INFO [django.server:157] "GET /application/attestation HTTP/1.1" 200 4156
[25/Jan/2022 15:59:45] INFO [django.server:157] "GET /static/application/styles_app.css HTTP/1.1" 200 17555
[25/Jan/2022 15:59:45] INFO [django.server:157] "GET /static/application/styles_app.css HTTP/1.1" 200 17555
[25/Jan/2022 16:06:06] INFO [django.server:157] "GET /application/ HTTP/1.1" 200 13853
[25/Jan/2022 16:06:06] INFO [django.server:157] "GET /application/ HTTP/1.1" 200 13853
[25/Jan/2022 16:06:06] INFO [django.server:157] "GET /static/application/styles.css HTTP/1.1" 200 14220
[25/Jan/2022 16:06:06] INFO [django.server:157] "GET /static/application/styles.css HTTP/1.1" 200 14220
[25/Jan/2022 16:06:07] INFO [django.server:157] "GET /static/application/images/WelcomeIllustration.svg HTTP/1.1" 200 16662
[25/Jan/2022 16:06:07] INFO [django.server:157] "GET /static/application/images/WelcomeIllustration.svg HTTP/1.1" 200 16662
[25/Jan/2022 16:06:07] INFO [django.server:157] "GET /static/application/images/control.png HTTP/1.1" 200 4946
[25/Jan/2022 16:06:07] INFO [django.server:157] "GET /static/application/images/control.png HTTP/1.1" 200 4946
[25/Jan/2022 16:06:07] INFO [django.server:157] "GET /static/application/images/control.svg HTTP/1.1" 200 3985
[25/Jan/2022 16:06:07] INFO [django.server:157] "GET /static/application/images/control.svg HTTP/1.1" 200 3985
[25/Jan/2022 16:06:07] INFO [django.server:157] "GET /static/application/images/save.png HTTP/1.1" 200 5850
[25/Jan/2022 16:06:07] INFO [django.server:157] "GET /static/application/images/save.png HTTP/1.1" 200 5850
[25/Jan/2022 16:06:07] INFO [django.server:157] "GET /static/application/images/forget.png HTTP/1.1" 200 6121
[25/Jan/2022 16:06:07] INFO [django.server:157] "GET /static/application/images/forget.png HTTP/1.1" 200 6121
[25/Jan/2022 16:06:07] INFO [django.server:157] "GET /static/application/images/save.svg HTTP/1.1" 200 4815
[25/Jan/2022 16:06:07] INFO [django.server:157] "GET /static/application/images/forget.svg HTTP/1.1" 200 8904
[25/Jan/2022 16:06:07] INFO [django.server:157] "GET /static/application/images/forget.svg HTTP/1.1" 200 8904
[25/Jan/2022 16:06:07] INFO [django.server:157] "GET /static/application/images/know.png HTTP/1.1" 200 5775
[25/Jan/2022 16:06:07] INFO [django.server:157] "GET /static/application/images/know.png HTTP/1.1" 200 5775
[25/Jan/2022 16:06:07] INFO [django.server:157] "GET /static/application/images/X_gray.svg HTTP/1.1" 200 461
[25/Jan/2022 16:06:07] INFO [django.server:157] "GET /static/application/images/X_gray.svg HTTP/1.1" 200 461
[25/Jan/2022 16:06:07] INFO [django.server:157] "GET /static/application/images/save.svg HTTP/1.1" 200 4815
[25/Jan/2022 16:06:07] INFO [django.server:157] "GET /static/application/images/know.svg HTTP/1.1" 200 8645
[25/Jan/2022 16:06:07] INFO [django.server:157] "GET /static/application/images/know.svg HTTP/1.1" 200 8645
[25/Jan/2022 16:06:08] INFO [django.server:157] "GET /dashboard/login HTTP/1.1" 200 2860
[25/Jan/2022 16:06:08] INFO [django.server:157] "GET /dashboard/login HTTP/1.1" 200 2860
[25/Jan/2022 16:06:19] INFO [django.server:157] "POST /dashboard/login HTTP/1.1" 200 2929
[25/Jan/2022 16:06:19] INFO [django.server:157] "POST /dashboard/login HTTP/1.1" 200 2929
[25/Jan/2022 16:06:29] INFO [django.server:157] "POST /dashboard/login HTTP/1.1" 200 2929
[25/Jan/2022 16:06:29] INFO [django.server:157] "POST /dashboard/login HTTP/1.1" 200 2929
[25/Jan/2022 16:06:41] INFO [django.server:157] "POST /dashboard/login HTTP/1.1" 200 2929
[25/Jan/2022 16:06:41] INFO [django.server:157] "POST /dashboard/login HTTP/1.1" 200 2929
[25/Jan/2022 16:07:08] INFO [django.server:157] "POST /dashboard/login HTTP/1.1" 302 0
[25/Jan/2022 16:07:08] INFO [django.server:157] "POST /dashboard/login HTTP/1.1" 302 0
[25/Jan/2022 16:07:09] INFO [django.server:157] "GET /dashboard/notifyRemaining HTTP/1.1" 200 2288
[25/Jan/2022 16:07:09] INFO [django.server:157] "GET /dashboard/notifyRemaining HTTP/1.1" 200 2288
[25/Jan/2022 16:09:51] INFO [django.utils.autoreload:240] C:\Users\JAndr\OneDrive\Projects\GetYourConnexion\DigitalEquity_MobileVers\mobileVers\dashboard\models.py changed, reloading.
[25/Jan/2022 16:09:51] INFO [django.utils.autoreload:240] C:\Users\JAndr\OneDrive\Projects\GetYourConnexion\DigitalEquity_MobileVers\mobileVers\dashboard\models.py changed, reloading.
