[14/Jan/2022 18:00:22] INFO [django.utils.autoreload:617] Watching for file changes with StatReloader
[14/Jan/2022 18:00:22] INFO [django.utils.autoreload:617] Watching for file changes with StatReloader
[14/Jan/2022 18:00:33] INFO [django.server:157] "GET /application/account HTTP/1.1" 200 9531
[14/Jan/2022 18:00:33] INFO [django.server:157] "GET /application/account HTTP/1.1" 200 9531
[14/Jan/2022 18:00:33] INFO [django.server:157] "GET /static/application/styles_app.css HTTP/1.1" 200 17620
[14/Jan/2022 18:00:33] INFO [django.server:157] "GET /static/application/styles_app.css HTTP/1.1" 200 17620
[14/Jan/2022 18:00:34] INFO [django.server:157] "GET /static/application/images/BackArrow-darkblue.svg HTTP/1.1" 200 801
[14/Jan/2022 18:00:34] INFO [django.server:157] "GET /static/application/images/BackArrow-darkblue.svg HTTP/1.1" 200 801
[14/Jan/2022 18:00:34] INFO [django.server:157] "GET /static/application/images/BackArrow-white.svg HTTP/1.1" 200 798
[14/Jan/2022 18:00:34] INFO [django.server:157] "GET /static/application/images/BackArrow-white.svg HTTP/1.1" 200 798
[14/Jan/2022 18:00:34] INFO [django.server:157] "GET /static/application/images/clipart249308.png HTTP/1.1" 200 46770
[14/Jan/2022 18:00:34] INFO [django.server:157] "GET /static/application/images/clipart249308.png HTTP/1.1" 200 46770
[14/Jan/2022 18:00:34] WARNING [django.request:224] Not Found: /favicon.ico
[14/Jan/2022 18:00:34] WARNING [django.request:224] Not Found: /favicon.ico
[14/Jan/2022 18:00:34] WARNING [django.server:157] "GET /favicon.ico HTTP/1.1" 404 2878
[14/Jan/2022 18:00:34] WARNING [django.server:157] "GET /favicon.ico HTTP/1.1" 404 2878
[14/Jan/2022 18:01:14] INFO [django.server:157] "GET /application/account HTTP/1.1" 200 9531
[14/Jan/2022 18:01:14] INFO [django.server:157] "GET /application/account HTTP/1.1" 200 9531
[14/Jan/2022 18:01:14] INFO [django.server:157] "GET /static/application/styles_app.css HTTP/1.1" 200 17620
[14/Jan/2022 18:01:14] INFO [django.server:157] "GET /static/application/styles_app.css HTTP/1.1" 200 17620
[14/Jan/2022 18:01:15] INFO [django.server:157] "GET /static/application/images/BackArrow-white.svg HTTP/1.1" 200 798
[14/Jan/2022 18:01:15] INFO [django.server:157] "GET /static/application/images/BackArrow-darkblue.svg HTTP/1.1" 200 801
[14/Jan/2022 18:01:15] INFO [django.server:157] "GET /static/application/images/BackArrow-darkblue.svg HTTP/1.1" 200 801
[14/Jan/2022 18:01:15] INFO [django.server:157] "GET /static/application/images/BackArrow-white.svg HTTP/1.1" 200 798
[14/Jan/2022 18:01:15] INFO [django.server:157] "GET /static/application/images/clipart249308.png HTTP/1.1" 200 46770
[14/Jan/2022 18:01:15] INFO [django.server:157] "GET /static/application/images/clipart249308.png HTTP/1.1" 200 46770
[14/Jan/2022 18:01:15] WARNING [django.request:224] Not Found: /favicon.ico
[14/Jan/2022 18:01:15] WARNING [django.request:224] Not Found: /favicon.ico
[14/Jan/2022 18:01:15] WARNING [django.server:157] "GET /favicon.ico HTTP/1.1" 404 2878
[14/Jan/2022 18:01:15] WARNING [django.server:157] "GET /favicon.ico HTTP/1.1" 404 2878
[14/Jan/2022 18:01:47] INFO [django.server:157] "GET /application/account HTTP/1.1" 200 9531
[14/Jan/2022 18:01:47] INFO [django.server:157] "GET /application/account HTTP/1.1" 200 9531
[14/Jan/2022 18:01:47] INFO [django.server:157] "GET /static/application/styles_app.css HTTP/1.1" 200 17620
[14/Jan/2022 18:01:47] INFO [django.server:157] "GET /static/application/styles_app.css HTTP/1.1" 200 17620
[14/Jan/2022 18:01:48] INFO [django.server:157] "GET /static/application/images/BackArrow-white.svg HTTP/1.1" 200 798
[14/Jan/2022 18:01:48] INFO [django.server:157] "GET /static/application/images/BackArrow-white.svg HTTP/1.1" 200 798
[14/Jan/2022 18:01:48] INFO [django.server:157] "GET /static/application/images/BackArrow-darkblue.svg HTTP/1.1" 200 801
[14/Jan/2022 18:01:48] INFO [django.server:157] "GET /static/application/images/clipart249308.png HTTP/1.1" 200 46770
[14/Jan/2022 18:01:48] INFO [django.server:157] "GET /static/application/images/clipart249308.png HTTP/1.1" 200 46770
[14/Jan/2022 18:01:48] INFO [django.server:157] "GET /static/application/images/BackArrow-darkblue.svg HTTP/1.1" 200 801
[14/Jan/2022 18:01:48] WARNING [django.request:224] Not Found: /favicon.ico
[14/Jan/2022 18:01:48] WARNING [django.request:224] Not Found: /favicon.ico
[14/Jan/2022 18:01:48] WARNING [django.server:157] "GET /favicon.ico HTTP/1.1" 404 2878
[14/Jan/2022 18:01:48] WARNING [django.server:157] "GET /favicon.ico HTTP/1.1" 404 2878
[14/Jan/2022 18:03:26] INFO [django.server:157] "GET /application/account HTTP/1.1" 200 9550
[14/Jan/2022 18:03:26] INFO [django.server:157] "GET /application/account HTTP/1.1" 200 9550
[14/Jan/2022 18:03:26] INFO [django.server:157] "GET /static/application/styles_app.css HTTP/1.1" 200 17620
[14/Jan/2022 18:03:26] INFO [django.server:157] "GET /static/application/styles_app.css HTTP/1.1" 200 17620
[14/Jan/2022 18:03:26] INFO [django.server:157] "GET /static/application/images/BackArrow-white.svg HTTP/1.1" 200 798
[14/Jan/2022 18:03:26] INFO [django.server:157] "GET /static/application/images/BackArrow-white.svg HTTP/1.1" 200 798
[14/Jan/2022 18:03:26] INFO [django.server:157] "GET /static/application/images/BackArrow-darkblue.svg HTTP/1.1" 200 801
[14/Jan/2022 18:03:26] INFO [django.server:157] "GET /static/application/images/BackArrow-darkblue.svg HTTP/1.1" 200 801
[14/Jan/2022 18:03:26] INFO [django.server:157] "GET /static/application/images/clipart249308.png HTTP/1.1" 200 46770
[14/Jan/2022 18:03:26] INFO [django.server:157] "GET /static/application/images/clipart249308.png HTTP/1.1" 200 46770
[14/Jan/2022 18:03:27] WARNING [django.request:224] Not Found: /favicon.ico
[14/Jan/2022 18:03:27] WARNING [django.request:224] Not Found: /favicon.ico
[14/Jan/2022 18:03:27] WARNING [django.server:157] "GET /favicon.ico HTTP/1.1" 404 2878
[14/Jan/2022 18:03:27] WARNING [django.server:157] "GET /favicon.ico HTTP/1.1" 404 2878
[14/Jan/2022 18:06:06] INFO [django.server:157] "GET /application/account HTTP/1.1" 200 9549
[14/Jan/2022 18:06:06] INFO [django.server:157] "GET /application/account HTTP/1.1" 200 9549
[14/Jan/2022 18:06:06] INFO [django.server:157] "GET /static/application/styles_app.css HTTP/1.1" 200 17620
[14/Jan/2022 18:06:06] INFO [django.server:157] "GET /static/application/styles_app.css HTTP/1.1" 200 17620
[14/Jan/2022 18:06:06] INFO [django.server:157] "GET /static/application/images/BackArrow-white.svg HTTP/1.1" 200 798
[14/Jan/2022 18:06:06] INFO [django.server:157] "GET /static/application/images/BackArrow-darkblue.svg HTTP/1.1" 200 801
[14/Jan/2022 18:06:06] INFO [django.server:157] "GET /static/application/images/BackArrow-darkblue.svg HTTP/1.1" 200 801
[14/Jan/2022 18:06:06] INFO [django.server:157] "GET /static/application/images/clipart249308.png HTTP/1.1" 200 46770
[14/Jan/2022 18:06:06] INFO [django.server:157] "GET /static/application/images/clipart249308.png HTTP/1.1" 200 46770
[14/Jan/2022 18:06:06] INFO [django.server:157] "GET /static/application/images/BackArrow-white.svg HTTP/1.1" 200 798
[14/Jan/2022 18:06:07] WARNING [django.request:224] Not Found: /favicon.ico
[14/Jan/2022 18:06:07] WARNING [django.request:224] Not Found: /favicon.ico
[14/Jan/2022 18:06:07] WARNING [django.server:157] "GET /favicon.ico HTTP/1.1" 404 2878
[14/Jan/2022 18:06:07] WARNING [django.server:157] "GET /favicon.ico HTTP/1.1" 404 2878
[14/Jan/2022 18:06:28] INFO [django.server:157] "GET /application/account HTTP/1.1" 200 9652
[14/Jan/2022 18:06:28] INFO [django.server:157] "GET /application/account HTTP/1.1" 200 9652
[14/Jan/2022 18:06:28] INFO [django.server:157] "GET /static/application/styles_app.css HTTP/1.1" 200 17620
[14/Jan/2022 18:06:28] INFO [django.server:157] "GET /static/application/styles_app.css HTTP/1.1" 200 17620
[14/Jan/2022 18:06:29] INFO [django.server:157] "GET /static/application/images/BackArrow-darkblue.svg HTTP/1.1" 200 801
[14/Jan/2022 18:06:29] INFO [django.server:157] "GET /static/application/images/BackArrow-darkblue.svg HTTP/1.1" 200 801
[14/Jan/2022 18:06:29] INFO [django.server:157] "GET /static/application/images/BackArrow-white.svg HTTP/1.1" 200 798
[14/Jan/2022 18:06:29] INFO [django.server:157] "GET /static/application/images/BackArrow-white.svg HTTP/1.1" 200 798
[14/Jan/2022 18:06:29] INFO [django.server:157] "GET /static/application/images/clipart249308.png HTTP/1.1" 200 46770
[14/Jan/2022 18:06:29] INFO [django.server:157] "GET /static/application/images/clipart249308.png HTTP/1.1" 200 46770
[14/Jan/2022 18:06:29] WARNING [django.request:224] Not Found: /favicon.ico
[14/Jan/2022 18:06:29] WARNING [django.request:224] Not Found: /favicon.ico
[14/Jan/2022 18:06:29] WARNING [django.server:157] "GET /favicon.ico HTTP/1.1" 404 2878
[14/Jan/2022 18:06:29] WARNING [django.server:157] "GET /favicon.ico HTTP/1.1" 404 2878
[14/Jan/2022 18:06:37] INFO [django.server:157] "GET /application/account HTTP/1.1" 200 9549
[14/Jan/2022 18:06:37] INFO [django.server:157] "GET /application/account HTTP/1.1" 200 9549
[14/Jan/2022 18:06:37] INFO [django.server:157] "GET /static/application/styles_app.css HTTP/1.1" 200 17620
[14/Jan/2022 18:06:37] INFO [django.server:157] "GET /static/application/styles_app.css HTTP/1.1" 200 17620
[14/Jan/2022 18:06:37] INFO [django.server:157] "GET /static/application/images/BackArrow-darkblue.svg HTTP/1.1" 200 801
[14/Jan/2022 18:06:37] INFO [django.server:157] "GET /static/application/images/BackArrow-darkblue.svg HTTP/1.1" 200 801
[14/Jan/2022 18:06:37] INFO [django.server:157] "GET /static/application/images/BackArrow-white.svg HTTP/1.1" 200 798
[14/Jan/2022 18:06:37] INFO [django.server:157] "GET /static/application/images/BackArrow-white.svg HTTP/1.1" 200 798
[14/Jan/2022 18:06:37] INFO [django.server:157] "GET /static/application/images/clipart249308.png HTTP/1.1" 200 46770
[14/Jan/2022 18:06:37] INFO [django.server:157] "GET /static/application/images/clipart249308.png HTTP/1.1" 200 46770
[14/Jan/2022 18:06:37] WARNING [django.request:224] Not Found: /favicon.ico
[14/Jan/2022 18:06:37] WARNING [django.request:224] Not Found: /favicon.ico
[14/Jan/2022 18:06:37] WARNING [django.server:157] "GET /favicon.ico HTTP/1.1" 404 2878
[14/Jan/2022 18:06:37] WARNING [django.server:157] "GET /favicon.ico HTTP/1.1" 404 2878
[14/Jan/2022 18:07:11] INFO [django.server:157] "GET /application/account HTTP/1.1" 200 9624
[14/Jan/2022 18:07:11] INFO [django.server:157] "GET /application/account HTTP/1.1" 200 9624
[14/Jan/2022 18:07:11] INFO [django.server:157] "GET /static/application/styles_app.css HTTP/1.1" 200 17620
[14/Jan/2022 18:07:11] INFO [django.server:157] "GET /static/application/styles_app.css HTTP/1.1" 200 17620
[14/Jan/2022 18:07:12] INFO [django.server:157] "GET /static/application/images/BackArrow-darkblue.svg HTTP/1.1" 200 801
[14/Jan/2022 18:07:12] INFO [django.server:157] "GET /static/application/images/BackArrow-darkblue.svg HTTP/1.1" 200 801
[14/Jan/2022 18:07:12] INFO [django.server:157] "GET /static/application/images/BackArrow-white.svg HTTP/1.1" 200 798
[14/Jan/2022 18:07:12] INFO [django.server:157] "GET /static/application/images/BackArrow-white.svg HTTP/1.1" 200 798
[14/Jan/2022 18:07:12] INFO [django.server:157] "GET /static/application/images/clipart249308.png HTTP/1.1" 200 46770
[14/Jan/2022 18:07:12] INFO [django.server:157] "GET /static/application/images/clipart249308.png HTTP/1.1" 200 46770
[14/Jan/2022 18:07:12] WARNING [django.request:224] Not Found: /favicon.ico
[14/Jan/2022 18:07:12] WARNING [django.request:224] Not Found: /favicon.ico
[14/Jan/2022 18:07:12] WARNING [django.server:157] "GET /favicon.ico HTTP/1.1" 404 2878
[14/Jan/2022 18:07:12] WARNING [django.server:157] "GET /favicon.ico HTTP/1.1" 404 2878
[14/Jan/2022 18:09:03] INFO [django.server:157] "GET /application/account HTTP/1.1" 200 9624
[14/Jan/2022 18:09:03] INFO [django.server:157] "GET /application/account HTTP/1.1" 200 9624
[14/Jan/2022 18:09:03] INFO [django.server:157] "GET /static/application/styles_app.css HTTP/1.1" 200 17939
[14/Jan/2022 18:09:03] INFO [django.server:157] "GET /static/application/styles_app.css HTTP/1.1" 200 17939
[14/Jan/2022 18:09:04] INFO [django.server:157] "GET /static/application/images/BackArrow-darkblue.svg HTTP/1.1" 200 801
[14/Jan/2022 18:09:04] INFO [django.server:157] "GET /static/application/images/BackArrow-darkblue.svg HTTP/1.1" 200 801
[14/Jan/2022 18:09:04] INFO [django.server:157] "GET /static/application/images/BackArrow-white.svg HTTP/1.1" 200 798
[14/Jan/2022 18:09:04] INFO [django.server:157] "GET /static/application/images/BackArrow-white.svg HTTP/1.1" 200 798
[14/Jan/2022 18:09:04] INFO [django.server:157] "GET /static/application/images/clipart249308.png HTTP/1.1" 200 46770
[14/Jan/2022 18:09:04] INFO [django.server:157] "GET /static/application/images/clipart249308.png HTTP/1.1" 200 46770
[14/Jan/2022 18:09:04] WARNING [django.request:224] Not Found: /favicon.ico
[14/Jan/2022 18:09:04] WARNING [django.request:224] Not Found: /favicon.ico
[14/Jan/2022 18:09:04] WARNING [django.server:157] "GET /favicon.ico HTTP/1.1" 404 2878
[14/Jan/2022 18:09:04] WARNING [django.server:157] "GET /favicon.ico HTTP/1.1" 404 2878
[14/Jan/2022 18:09:19] INFO [django.server:157] "GET /application/account HTTP/1.1" 200 9624
[14/Jan/2022 18:09:19] INFO [django.server:157] "GET /application/account HTTP/1.1" 200 9624
[14/Jan/2022 18:09:19] INFO [django.server:157] "GET /static/application/styles_app.css HTTP/1.1" 200 17939
[14/Jan/2022 18:09:19] INFO [django.server:157] "GET /static/application/styles_app.css HTTP/1.1" 200 17939
[14/Jan/2022 18:09:19] INFO [django.server:157] "GET /static/application/images/BackArrow-white.svg HTTP/1.1" 200 798
[14/Jan/2022 18:09:19] INFO [django.server:157] "GET /static/application/images/BackArrow-white.svg HTTP/1.1" 200 798
[14/Jan/2022 18:09:19] INFO [django.server:157] "GET /static/application/images/BackArrow-darkblue.svg HTTP/1.1" 200 801
[14/Jan/2022 18:09:19] INFO [django.server:157] "GET /static/application/images/clipart249308.png HTTP/1.1" 200 46770
[14/Jan/2022 18:09:19] INFO [django.server:157] "GET /static/application/images/clipart249308.png HTTP/1.1" 200 46770
[14/Jan/2022 18:09:19] INFO [django.server:157] "GET /static/application/images/BackArrow-darkblue.svg HTTP/1.1" 200 801
[14/Jan/2022 18:09:19] WARNING [django.request:224] Not Found: /favicon.ico
[14/Jan/2022 18:09:19] WARNING [django.request:224] Not Found: /favicon.ico
[14/Jan/2022 18:09:19] WARNING [django.server:157] "GET /favicon.ico HTTP/1.1" 404 2878
[14/Jan/2022 18:09:19] WARNING [django.server:157] "GET /favicon.ico HTTP/1.1" 404 2878
[14/Jan/2022 18:13:09] INFO [django.server:157] "GET /application/account HTTP/1.1" 200 9708
[14/Jan/2022 18:13:09] INFO [django.server:157] "GET /application/account HTTP/1.1" 200 9708
[14/Jan/2022 18:13:09] INFO [django.server:157] "GET /static/application/styles_app.css HTTP/1.1" 200 17616
[14/Jan/2022 18:13:09] INFO [django.server:157] "GET /static/application/styles_app.css HTTP/1.1" 200 17616
[14/Jan/2022 18:13:10] INFO [django.server:157] "GET /static/application/images/BackArrow-white.svg HTTP/1.1" 200 798
[14/Jan/2022 18:13:10] INFO [django.server:157] "GET /static/application/images/BackArrow-white.svg HTTP/1.1" 200 798
[14/Jan/2022 18:13:10] INFO [django.server:157] "GET /static/application/images/BackArrow-darkblue.svg HTTP/1.1" 200 801
[14/Jan/2022 18:13:10] INFO [django.server:157] "GET /static/application/images/BackArrow-darkblue.svg HTTP/1.1" 200 801
[14/Jan/2022 18:13:10] INFO [django.server:157] "GET /static/application/images/clipart249308.png HTTP/1.1" 200 46770
[14/Jan/2022 18:13:10] INFO [django.server:157] "GET /static/application/images/clipart249308.png HTTP/1.1" 200 46770
[14/Jan/2022 18:13:10] WARNING [django.request:224] Not Found: /favicon.ico
[14/Jan/2022 18:13:10] WARNING [django.request:224] Not Found: /favicon.ico
[14/Jan/2022 18:13:10] WARNING [django.server:157] "GET /favicon.ico HTTP/1.1" 404 2878
[14/Jan/2022 18:13:10] WARNING [django.server:157] "GET /favicon.ico HTTP/1.1" 404 2878
[14/Jan/2022 18:14:54] INFO [django.server:157] "GET /application/account HTTP/1.1" 200 9659
[14/Jan/2022 18:14:54] INFO [django.server:157] "GET /application/account HTTP/1.1" 200 9659
[14/Jan/2022 18:14:54] INFO [django.server:157] "GET /static/application/styles_app.css HTTP/1.1" 200 17616
[14/Jan/2022 18:14:54] INFO [django.server:157] "GET /static/application/styles_app.css HTTP/1.1" 200 17616
[14/Jan/2022 18:14:54] INFO [django.server:157] "GET /static/application/images/BackArrow-darkblue.svg HTTP/1.1" 200 801
[14/Jan/2022 18:14:54] INFO [django.server:157] "GET /static/application/images/BackArrow-darkblue.svg HTTP/1.1" 200 801
[14/Jan/2022 18:14:54] INFO [django.server:157] "GET /static/application/images/BackArrow-white.svg HTTP/1.1" 200 798
[14/Jan/2022 18:14:54] INFO [django.server:157] "GET /static/application/images/clipart249308.png HTTP/1.1" 200 46770
[14/Jan/2022 18:14:54] INFO [django.server:157] "GET /static/application/images/clipart249308.png HTTP/1.1" 200 46770
[14/Jan/2022 18:14:54] INFO [django.server:157] "GET /static/application/images/BackArrow-white.svg HTTP/1.1" 200 798
[14/Jan/2022 18:14:55] WARNING [django.request:224] Not Found: /favicon.ico
[14/Jan/2022 18:14:55] WARNING [django.request:224] Not Found: /favicon.ico
[14/Jan/2022 18:14:55] WARNING [django.server:157] "GET /favicon.ico HTTP/1.1" 404 2878
[14/Jan/2022 18:14:55] WARNING [django.server:157] "GET /favicon.ico HTTP/1.1" 404 2878
[14/Jan/2022 18:16:31] INFO [django.server:157] "GET /application/account HTTP/1.1" 200 9659
[14/Jan/2022 18:16:31] INFO [django.server:157] "GET /application/account HTTP/1.1" 200 9659
[14/Jan/2022 18:16:31] INFO [django.server:157] "GET /static/application/styles_app.css HTTP/1.1" 200 17616
[14/Jan/2022 18:16:31] INFO [django.server:157] "GET /static/application/styles_app.css HTTP/1.1" 200 17616
[14/Jan/2022 18:16:31] INFO [django.server:157] "GET /static/application/images/BackArrow-white.svg HTTP/1.1" 200 798
[14/Jan/2022 18:16:31] INFO [django.server:157] "GET /static/application/images/BackArrow-white.svg HTTP/1.1" 200 798
[14/Jan/2022 18:16:31] INFO [django.server:157] "GET /static/application/images/BackArrow-darkblue.svg HTTP/1.1" 200 801
[14/Jan/2022 18:16:31] INFO [django.server:157] "GET /static/application/images/clipart249308.png HTTP/1.1" 200 46770
[14/Jan/2022 18:16:31] INFO [django.server:157] "GET /static/application/images/clipart249308.png HTTP/1.1" 200 46770
[14/Jan/2022 18:16:31] INFO [django.server:157] "GET /static/application/images/BackArrow-darkblue.svg HTTP/1.1" 200 801
[14/Jan/2022 18:16:32] WARNING [django.request:224] Not Found: /favicon.ico
[14/Jan/2022 18:16:32] WARNING [django.request:224] Not Found: /favicon.ico
[14/Jan/2022 18:16:32] WARNING [django.server:157] "GET /favicon.ico HTTP/1.1" 404 2878
[14/Jan/2022 18:16:32] WARNING [django.server:157] "GET /favicon.ico HTTP/1.1" 404 2878
[14/Jan/2022 18:16:54] INFO [django.server:157] "POST /application/account HTTP/1.1" 200 10046
[14/Jan/2022 18:16:54] INFO [django.server:157] "POST /application/account HTTP/1.1" 200 10046
[14/Jan/2022 18:17:36] INFO [root:428] password passes all validation checks...
[14/Jan/2022 18:17:36] INFO [root:432] password is the same password entered twice...
[14/Jan/2022 18:17:37] INFO [django.server:157] "POST /application/account HTTP/1.1" 302 0
[14/Jan/2022 18:17:37] INFO [django.server:157] "POST /application/account HTTP/1.1" 302 0
[14/Jan/2022 18:17:37] INFO [django.server:157] "GET /application/address HTTP/1.1" 200 5302
[14/Jan/2022 18:17:37] INFO [django.server:157] "GET /application/address HTTP/1.1" 200 5302
[14/Jan/2022 18:17:37] INFO [django.server:157] "GET /static/application/styles_app.css HTTP/1.1" 304 0
[14/Jan/2022 18:17:37] INFO [django.server:157] "GET /static/application/styles_app.css HTTP/1.1" 304 0
[14/Jan/2022 18:18:03] INFO [django.server:157] "GET /application/account HTTP/1.1" 200 9659
[14/Jan/2022 18:18:03] INFO [django.server:157] "GET /application/account HTTP/1.1" 200 9659
[14/Jan/2022 18:18:10] WARNING [django.request:224] Not Found: /application/requestProvider.js.map
[14/Jan/2022 18:18:10] WARNING [django.request:224] Not Found: /application/requestProvider.js.map
[14/Jan/2022 18:18:10] WARNING [django.server:157] "GET /application/requestProvider.js.map HTTP/1.1" 404 7634
[14/Jan/2022 18:18:10] WARNING [django.server:157] "GET /application/requestProvider.js.map HTTP/1.1" 404 7634
[14/Jan/2022 18:18:47] INFO [django.server:157] "GET /application/account HTTP/1.1" 200 9659
[14/Jan/2022 18:18:47] INFO [django.server:157] "GET /application/account HTTP/1.1" 200 9659
[14/Jan/2022 18:18:47] INFO [django.server:157] "GET /static/application/styles_app.css HTTP/1.1" 200 17555
[14/Jan/2022 18:18:47] INFO [django.server:157] "GET /static/application/styles_app.css HTTP/1.1" 200 17555
[14/Jan/2022 18:18:47] WARNING [django.request:224] Not Found: /application/requestProvider.js.map
[14/Jan/2022 18:18:47] WARNING [django.request:224] Not Found: /application/requestProvider.js.map
[14/Jan/2022 18:18:47] WARNING [django.server:157] "GET /application/requestProvider.js.map HTTP/1.1" 404 7634
[14/Jan/2022 18:18:47] WARNING [django.server:157] "GET /application/requestProvider.js.map HTTP/1.1" 404 7634
[14/Jan/2022 18:18:48] INFO [django.server:157] "GET /static/application/images/BackArrow-darkblue.svg HTTP/1.1" 200 801
[14/Jan/2022 18:18:48] INFO [django.server:157] "GET /static/application/images/BackArrow-darkblue.svg HTTP/1.1" 200 801
[14/Jan/2022 18:18:48] INFO [django.server:157] "GET /static/application/images/BackArrow-white.svg HTTP/1.1" 200 798
[14/Jan/2022 18:18:48] INFO [django.server:157] "GET /static/application/images/BackArrow-white.svg HTTP/1.1" 200 798
[14/Jan/2022 18:18:48] INFO [django.server:157] "GET /static/application/images/clipart249308.png HTTP/1.1" 200 46770
[14/Jan/2022 18:18:48] INFO [django.server:157] "GET /static/application/images/clipart249308.png HTTP/1.1" 200 46770
[14/Jan/2022 18:18:48] WARNING [django.request:224] Not Found: /favicon.ico
[14/Jan/2022 18:18:48] WARNING [django.request:224] Not Found: /favicon.ico
[14/Jan/2022 18:18:48] WARNING [django.server:157] "GET /favicon.ico HTTP/1.1" 404 2878
[14/Jan/2022 18:18:48] WARNING [django.server:157] "GET /favicon.ico HTTP/1.1" 404 2878
[14/Jan/2022 18:19:00] INFO [django.server:157] "GET /static/application/styles_app.css HTTP/1.1" 304 0
[14/Jan/2022 18:19:00] INFO [django.server:157] "GET /static/application/styles_app.css HTTP/1.1" 304 0
[14/Jan/2022 18:19:00] WARNING [django.request:224] Not Found: /application/requestProvider.js.map
[14/Jan/2022 18:19:00] WARNING [django.request:224] Not Found: /application/requestProvider.js.map
[14/Jan/2022 18:19:00] WARNING [django.server:157] "GET /application/requestProvider.js.map HTTP/1.1" 404 7634
[14/Jan/2022 18:19:00] WARNING [django.server:157] "GET /application/requestProvider.js.map HTTP/1.1" 404 7634
[14/Jan/2022 18:21:02] INFO [root:428] password passes all validation checks...
[14/Jan/2022 18:21:02] INFO [root:432] password is the same password entered twice...
[14/Jan/2022 18:21:03] INFO [django.server:157] "POST /application/account HTTP/1.1" 302 0
[14/Jan/2022 18:21:03] INFO [django.server:157] "POST /application/account HTTP/1.1" 302 0
[14/Jan/2022 18:21:03] INFO [django.server:157] "GET /application/address HTTP/1.1" 200 5302
[14/Jan/2022 18:21:03] INFO [django.server:157] "GET /application/address HTTP/1.1" 200 5302
[14/Jan/2022 18:21:03] INFO [django.server:157] "GET /static/application/styles_app.css HTTP/1.1" 304 0
[14/Jan/2022 18:21:03] INFO [django.server:157] "GET /static/application/styles_app.css HTTP/1.1" 304 0
[14/Jan/2022 18:21:03] WARNING [django.request:224] Not Found: /application/requestProvider.js.map
[14/Jan/2022 18:21:03] WARNING [django.request:224] Not Found: /application/requestProvider.js.map
[14/Jan/2022 18:21:03] WARNING [django.server:157] "GET /application/requestProvider.js.map HTTP/1.1" 404 7634
[14/Jan/2022 18:21:03] WARNING [django.server:157] "GET /application/requestProvider.js.map HTTP/1.1" 404 7634
[14/Jan/2022 18:21:59] INFO [django.server:157] "POST /application/address HTTP/1.1" 302 0
[14/Jan/2022 18:21:59] INFO [django.server:157] "POST /application/address HTTP/1.1" 302 0
[14/Jan/2022 18:22:01] INFO [django.server:157] "GET /application/addressCorrection HTTP/1.1" 200 3985
[14/Jan/2022 18:22:01] INFO [django.server:157] "GET /application/addressCorrection HTTP/1.1" 200 3985
[14/Jan/2022 18:22:01] INFO [django.server:157] "GET /static/application/styles_app.css HTTP/1.1" 304 0
[14/Jan/2022 18:22:01] INFO [django.server:157] "GET /static/application/styles_app.css HTTP/1.1" 304 0
[14/Jan/2022 18:22:01] WARNING [django.request:224] Not Found: /application/requestProvider.js.map
[14/Jan/2022 18:22:01] WARNING [django.request:224] Not Found: /application/requestProvider.js.map
[14/Jan/2022 18:22:01] WARNING [django.server:157] "GET /application/requestProvider.js.map HTTP/1.1" 404 7634
[14/Jan/2022 18:22:01] WARNING [django.server:157] "GET /application/requestProvider.js.map HTTP/1.1" 404 7634
[14/Jan/2022 18:22:04] INFO [django.server:157] "GET /application/address HTTP/1.1" 200 5302
[14/Jan/2022 18:22:04] INFO [django.server:157] "GET /application/address HTTP/1.1" 200 5302
[14/Jan/2022 18:22:04] WARNING [django.request:224] Not Found: /application/requestProvider.js.map
[14/Jan/2022 18:22:04] WARNING [django.request:224] Not Found: /application/requestProvider.js.map
[14/Jan/2022 18:22:04] WARNING [django.server:157] "GET /application/requestProvider.js.map HTTP/1.1" 404 7634
[14/Jan/2022 18:22:04] WARNING [django.server:157] "GET /application/requestProvider.js.map HTTP/1.1" 404 7634
[14/Jan/2022 18:28:12] INFO [django.server:157] "GET /application/address HTTP/1.1" 200 5302
[14/Jan/2022 18:28:12] INFO [django.server:157] "GET /application/address HTTP/1.1" 200 5302
[14/Jan/2022 18:28:12] INFO [django.server:157] "GET /static/application/styles_app.css HTTP/1.1" 200 17555
[14/Jan/2022 18:28:12] INFO [django.server:157] "GET /static/application/styles_app.css HTTP/1.1" 200 17555
[14/Jan/2022 18:28:12] WARNING [django.request:224] Not Found: /application/requestProvider.js.map
[14/Jan/2022 18:28:12] WARNING [django.request:224] Not Found: /application/requestProvider.js.map
[14/Jan/2022 18:28:12] WARNING [django.server:157] "GET /application/requestProvider.js.map HTTP/1.1" 404 7634
[14/Jan/2022 18:28:12] WARNING [django.server:157] "GET /application/requestProvider.js.map HTTP/1.1" 404 7634
[14/Jan/2022 18:28:12] INFO [django.server:157] "GET /static/application/images/BackArrow-white.svg HTTP/1.1" 200 798
[14/Jan/2022 18:28:12] INFO [django.server:157] "GET /static/application/images/BackArrow-darkblue.svg HTTP/1.1" 200 801
[14/Jan/2022 18:28:12] INFO [django.server:157] "GET /static/application/images/BackArrow-darkblue.svg HTTP/1.1" 200 801
[14/Jan/2022 18:28:12] INFO [django.server:157] "GET /static/application/images/BackArrow-white.svg HTTP/1.1" 200 798
[14/Jan/2022 18:28:12] WARNING [django.request:224] Not Found: /favicon.ico
[14/Jan/2022 18:28:12] WARNING [django.request:224] Not Found: /favicon.ico
[14/Jan/2022 18:28:12] WARNING [django.server:157] "GET /favicon.ico HTTP/1.1" 404 2878
[14/Jan/2022 18:28:12] WARNING [django.server:157] "GET /favicon.ico HTTP/1.1" 404 2878
[14/Jan/2022 18:38:55] INFO [django.server:157] "GET /application/address HTTP/1.1" 200 7529
[14/Jan/2022 18:38:55] INFO [django.server:157] "GET /application/address HTTP/1.1" 200 7529
[14/Jan/2022 18:38:56] INFO [django.server:157] "GET /static/application/styles_app.css HTTP/1.1" 200 17555
[14/Jan/2022 18:38:56] INFO [django.server:157] "GET /static/application/styles_app.css HTTP/1.1" 200 17555
[14/Jan/2022 18:38:56] WARNING [django.request:224] Not Found: /application/requestProvider.js.map
[14/Jan/2022 18:38:56] WARNING [django.request:224] Not Found: /application/requestProvider.js.map
[14/Jan/2022 18:38:56] WARNING [django.server:157] "GET /application/requestProvider.js.map HTTP/1.1" 404 7634
[14/Jan/2022 18:38:56] WARNING [django.server:157] "GET /application/requestProvider.js.map HTTP/1.1" 404 7634
[14/Jan/2022 18:38:56] INFO [django.server:157] "GET /static/application/images/BackArrow-darkblue.svg HTTP/1.1" 200 801
[14/Jan/2022 18:38:56] INFO [django.server:157] "GET /static/application/images/BackArrow-darkblue.svg HTTP/1.1" 200 801
[14/Jan/2022 18:38:56] INFO [django.server:157] "GET /static/application/images/BackArrow-white.svg HTTP/1.1" 200 798
[14/Jan/2022 18:38:56] INFO [django.server:157] "GET /static/application/images/BackArrow-white.svg HTTP/1.1" 200 798
[14/Jan/2022 18:38:56] WARNING [django.request:224] Not Found: /favicon.ico
[14/Jan/2022 18:38:56] WARNING [django.request:224] Not Found: /favicon.ico
[14/Jan/2022 18:38:56] WARNING [django.server:157] "GET /favicon.ico HTTP/1.1" 404 2878
[14/Jan/2022 18:38:56] WARNING [django.server:157] "GET /favicon.ico HTTP/1.1" 404 2878
[14/Jan/2022 18:39:11] INFO [django.server:157] "GET /application/address HTTP/1.1" 200 7529
[14/Jan/2022 18:39:11] INFO [django.server:157] "GET /application/address HTTP/1.1" 200 7529
[14/Jan/2022 18:39:11] INFO [django.server:157] "GET /static/application/styles_app.css HTTP/1.1" 200 17555
[14/Jan/2022 18:39:11] INFO [django.server:157] "GET /static/application/styles_app.css HTTP/1.1" 200 17555
[14/Jan/2022 18:39:11] INFO [django.server:157] "GET /static/application/images/BackArrow-white.svg HTTP/1.1" 200 798
[14/Jan/2022 18:39:11] INFO [django.server:157] "GET /static/application/images/BackArrow-white.svg HTTP/1.1" 200 798
[14/Jan/2022 18:39:11] INFO [django.server:157] "GET /static/application/images/BackArrow-darkblue.svg HTTP/1.1" 200 801
[14/Jan/2022 18:39:11] INFO [django.server:157] "GET /static/application/images/BackArrow-darkblue.svg HTTP/1.1" 200 801
[14/Jan/2022 18:39:11] WARNING [django.request:224] Not Found: /favicon.ico
[14/Jan/2022 18:39:11] WARNING [django.request:224] Not Found: /favicon.ico
[14/Jan/2022 18:39:11] WARNING [django.server:157] "GET /favicon.ico HTTP/1.1" 404 2878
[14/Jan/2022 18:39:11] WARNING [django.server:157] "GET /favicon.ico HTTP/1.1" 404 2878
[14/Jan/2022 18:39:20] WARNING [django.request:224] Not Found: /application/requestProvider.js.map
[14/Jan/2022 18:39:20] WARNING [django.request:224] Not Found: /application/requestProvider.js.map
[14/Jan/2022 18:39:20] WARNING [django.server:157] "GET /application/requestProvider.js.map HTTP/1.1" 404 7634
[14/Jan/2022 18:39:20] WARNING [django.server:157] "GET /application/requestProvider.js.map HTTP/1.1" 404 7634
[14/Jan/2022 18:41:50] INFO [django.server:157] "POST /application/address HTTP/1.1" 200 7749
[14/Jan/2022 18:41:50] INFO [django.server:157] "POST /application/address HTTP/1.1" 200 7749
[14/Jan/2022 18:41:50] INFO [django.server:157] "GET /static/application/styles_app.css HTTP/1.1" 304 0
[14/Jan/2022 18:41:50] INFO [django.server:157] "GET /static/application/styles_app.css HTTP/1.1" 304 0
[14/Jan/2022 18:41:50] WARNING [django.request:224] Not Found: /application/requestProvider.js.map
[14/Jan/2022 18:41:50] WARNING [django.request:224] Not Found: /application/requestProvider.js.map
[14/Jan/2022 18:41:50] WARNING [django.server:157] "GET /application/requestProvider.js.map HTTP/1.1" 404 7634
[14/Jan/2022 18:41:50] WARNING [django.server:157] "GET /application/requestProvider.js.map HTTP/1.1" 404 7634
[14/Jan/2022 18:48:44] INFO [django.server:157] "POST /application/address HTTP/1.1" 200 7752
[14/Jan/2022 18:48:44] INFO [django.server:157] "POST /application/address HTTP/1.1" 200 7752
[14/Jan/2022 18:48:44] INFO [django.server:157] "GET /static/application/styles_app.css HTTP/1.1" 200 17555
[14/Jan/2022 18:48:44] INFO [django.server:157] "GET /static/application/styles_app.css HTTP/1.1" 200 17555
[14/Jan/2022 18:48:44] WARNING [django.request:224] Not Found: /application/requestProvider.js.map
[14/Jan/2022 18:48:44] WARNING [django.request:224] Not Found: /application/requestProvider.js.map
[14/Jan/2022 18:48:44] WARNING [django.server:157] "GET /application/requestProvider.js.map HTTP/1.1" 404 7634
[14/Jan/2022 18:48:44] WARNING [django.server:157] "GET /application/requestProvider.js.map HTTP/1.1" 404 7634
[14/Jan/2022 18:48:44] INFO [django.server:157] "GET /static/application/images/BackArrow-darkblue.svg HTTP/1.1" 200 801
[14/Jan/2022 18:48:44] INFO [django.server:157] "GET /static/application/images/BackArrow-darkblue.svg HTTP/1.1" 200 801
[14/Jan/2022 18:48:44] INFO [django.server:157] "GET /static/application/images/BackArrow-white.svg HTTP/1.1" 200 798
[14/Jan/2022 18:48:44] INFO [django.server:157] "GET /static/application/images/BackArrow-white.svg HTTP/1.1" 200 798
[14/Jan/2022 18:48:45] WARNING [django.request:224] Not Found: /favicon.ico
[14/Jan/2022 18:48:45] WARNING [django.request:224] Not Found: /favicon.ico
[14/Jan/2022 18:48:45] WARNING [django.server:157] "GET /favicon.ico HTTP/1.1" 404 2878
[14/Jan/2022 18:48:45] WARNING [django.server:157] "GET /favicon.ico HTTP/1.1" 404 2878
[14/Jan/2022 18:48:57] INFO [django.server:157] "POST /application/address HTTP/1.1" 200 7870
[14/Jan/2022 18:48:57] INFO [django.server:157] "POST /application/address HTTP/1.1" 200 7870
[14/Jan/2022 18:48:58] WARNING [django.request:224] Not Found: /application/requestProvider.js.map
[14/Jan/2022 18:48:58] WARNING [django.request:224] Not Found: /application/requestProvider.js.map
[14/Jan/2022 18:48:58] WARNING [django.server:157] "GET /application/requestProvider.js.map HTTP/1.1" 404 7634
[14/Jan/2022 18:48:58] WARNING [django.server:157] "GET /application/requestProvider.js.map HTTP/1.1" 404 7634
[14/Jan/2022 19:03:37] INFO [django.server:157] "POST /application/address HTTP/1.1" 200 7855
[14/Jan/2022 19:03:37] INFO [django.server:157] "POST /application/address HTTP/1.1" 200 7855
[14/Jan/2022 19:03:37] INFO [django.server:157] "GET /static/application/styles_app.css HTTP/1.1" 200 17555
[14/Jan/2022 19:03:37] INFO [django.server:157] "GET /static/application/styles_app.css HTTP/1.1" 200 17555
[14/Jan/2022 19:03:37] WARNING [django.request:224] Not Found: /application/requestProvider.js.map
[14/Jan/2022 19:03:37] WARNING [django.request:224] Not Found: /application/requestProvider.js.map
[14/Jan/2022 19:03:37] WARNING [django.server:157] "GET /application/requestProvider.js.map HTTP/1.1" 404 7634
[14/Jan/2022 19:03:37] WARNING [django.server:157] "GET /application/requestProvider.js.map HTTP/1.1" 404 7634
[14/Jan/2022 19:03:38] INFO [django.server:157] "GET /static/application/images/BackArrow-darkblue.svg HTTP/1.1" 200 801
[14/Jan/2022 19:03:38] INFO [django.server:157] "GET /static/application/images/BackArrow-darkblue.svg HTTP/1.1" 200 801
[14/Jan/2022 19:03:38] INFO [django.server:157] "GET /static/application/images/BackArrow-white.svg HTTP/1.1" 200 798
[14/Jan/2022 19:03:38] INFO [django.server:157] "GET /static/application/images/BackArrow-white.svg HTTP/1.1" 200 798
[14/Jan/2022 19:03:38] WARNING [django.request:224] Not Found: /favicon.ico
[14/Jan/2022 19:03:38] WARNING [django.request:224] Not Found: /favicon.ico
[14/Jan/2022 19:03:38] WARNING [django.server:157] "GET /favicon.ico HTTP/1.1" 404 2878
[14/Jan/2022 19:03:38] WARNING [django.server:157] "GET /favicon.ico HTTP/1.1" 404 2878
[14/Jan/2022 19:06:12] INFO [django.server:157] "POST /application/address HTTP/1.1" 200 7910
[14/Jan/2022 19:06:12] INFO [django.server:157] "POST /application/address HTTP/1.1" 200 7910
[14/Jan/2022 19:06:12] INFO [django.server:157] "GET /static/application/styles_app.css HTTP/1.1" 200 17555
[14/Jan/2022 19:06:12] INFO [django.server:157] "GET /static/application/styles_app.css HTTP/1.1" 200 17555
[14/Jan/2022 19:06:13] WARNING [django.request:224] Not Found: /application/requestProvider.js.map
[14/Jan/2022 19:06:13] WARNING [django.request:224] Not Found: /application/requestProvider.js.map
[14/Jan/2022 19:06:13] WARNING [django.server:157] "GET /application/requestProvider.js.map HTTP/1.1" 404 7634
[14/Jan/2022 19:06:13] WARNING [django.server:157] "GET /application/requestProvider.js.map HTTP/1.1" 404 7634
[14/Jan/2022 19:06:13] INFO [django.server:157] "GET /static/application/images/BackArrow-white.svg HTTP/1.1" 200 798
[14/Jan/2022 19:06:13] INFO [django.server:157] "GET /static/application/images/BackArrow-white.svg HTTP/1.1" 200 798
[14/Jan/2022 19:06:13] INFO [django.server:157] "GET /static/application/images/BackArrow-darkblue.svg HTTP/1.1" 200 801
[14/Jan/2022 19:06:13] INFO [django.server:157] "GET /static/application/images/BackArrow-darkblue.svg HTTP/1.1" 200 801
[14/Jan/2022 19:06:13] WARNING [django.request:224] Not Found: /favicon.ico
[14/Jan/2022 19:06:13] WARNING [django.request:224] Not Found: /favicon.ico
[14/Jan/2022 19:06:13] WARNING [django.server:157] "GET /favicon.ico HTTP/1.1" 404 2878
[14/Jan/2022 19:06:13] WARNING [django.server:157] "GET /favicon.ico HTTP/1.1" 404 2878
[14/Jan/2022 19:06:43] INFO [django.server:157] "POST /application/address HTTP/1.1" 200 7907
[14/Jan/2022 19:06:43] INFO [django.server:157] "POST /application/address HTTP/1.1" 200 7907
[14/Jan/2022 19:06:43] INFO [django.server:157] "GET /static/application/styles_app.css HTTP/1.1" 200 17555
[14/Jan/2022 19:06:43] INFO [django.server:157] "GET /static/application/styles_app.css HTTP/1.1" 200 17555
[14/Jan/2022 19:06:43] WARNING [django.request:224] Not Found: /application/requestProvider.js.map
[14/Jan/2022 19:06:43] WARNING [django.request:224] Not Found: /application/requestProvider.js.map
[14/Jan/2022 19:06:43] WARNING [django.server:157] "GET /application/requestProvider.js.map HTTP/1.1" 404 7634
[14/Jan/2022 19:06:43] WARNING [django.server:157] "GET /application/requestProvider.js.map HTTP/1.1" 404 7634
[14/Jan/2022 19:06:43] INFO [django.server:157] "GET /static/application/images/BackArrow-darkblue.svg HTTP/1.1" 200 801
[14/Jan/2022 19:06:43] INFO [django.server:157] "GET /static/application/images/BackArrow-darkblue.svg HTTP/1.1" 200 801
[14/Jan/2022 19:06:43] INFO [django.server:157] "GET /static/application/images/BackArrow-white.svg HTTP/1.1" 200 798
[14/Jan/2022 19:06:43] INFO [django.server:157] "GET /static/application/images/BackArrow-white.svg HTTP/1.1" 200 798
[14/Jan/2022 19:06:43] WARNING [django.request:224] Not Found: /favicon.ico
[14/Jan/2022 19:06:43] WARNING [django.request:224] Not Found: /favicon.ico
[14/Jan/2022 19:06:43] WARNING [django.server:157] "GET /favicon.ico HTTP/1.1" 404 2878
[14/Jan/2022 19:06:43] WARNING [django.server:157] "GET /favicon.ico HTTP/1.1" 404 2878
[14/Jan/2022 19:08:47] INFO [django.server:157] "POST /application/address HTTP/1.1" 200 7909
[14/Jan/2022 19:08:47] INFO [django.server:157] "POST /application/address HTTP/1.1" 200 7909
[14/Jan/2022 19:08:47] INFO [django.server:157] "GET /static/application/styles_app.css HTTP/1.1" 200 17555
[14/Jan/2022 19:08:47] INFO [django.server:157] "GET /static/application/styles_app.css HTTP/1.1" 200 17555
[14/Jan/2022 19:08:48] WARNING [django.request:224] Not Found: /application/requestProvider.js.map
[14/Jan/2022 19:08:48] WARNING [django.request:224] Not Found: /application/requestProvider.js.map
[14/Jan/2022 19:08:48] WARNING [django.server:157] "GET /application/requestProvider.js.map HTTP/1.1" 404 7634
[14/Jan/2022 19:08:48] WARNING [django.server:157] "GET /application/requestProvider.js.map HTTP/1.1" 404 7634
[14/Jan/2022 19:08:48] INFO [django.server:157] "GET /static/application/images/BackArrow-white.svg HTTP/1.1" 200 798
[14/Jan/2022 19:08:48] INFO [django.server:157] "GET /static/application/images/BackArrow-white.svg HTTP/1.1" 200 798
[14/Jan/2022 19:08:48] INFO [django.server:157] "GET /static/application/images/BackArrow-darkblue.svg HTTP/1.1" 200 801
[14/Jan/2022 19:08:48] INFO [django.server:157] "GET /static/application/images/BackArrow-darkblue.svg HTTP/1.1" 200 801
[14/Jan/2022 19:08:48] WARNING [django.request:224] Not Found: /favicon.ico
[14/Jan/2022 19:08:48] WARNING [django.request:224] Not Found: /favicon.ico
[14/Jan/2022 19:08:48] WARNING [django.server:157] "GET /favicon.ico HTTP/1.1" 404 2878
[14/Jan/2022 19:08:48] WARNING [django.server:157] "GET /favicon.ico HTTP/1.1" 404 2878
[14/Jan/2022 19:41:29] INFO [django.server:157] "POST /application/address HTTP/1.1" 200 8299
[14/Jan/2022 19:41:29] INFO [django.server:157] "POST /application/address HTTP/1.1" 200 8299
[14/Jan/2022 19:41:29] INFO [django.server:157] "GET /static/application/styles_app.css HTTP/1.1" 200 17555
[14/Jan/2022 19:41:29] INFO [django.server:157] "GET /static/application/styles_app.css HTTP/1.1" 200 17555
[14/Jan/2022 19:41:29] WARNING [django.request:224] Not Found: /application/requestProvider.js.map
[14/Jan/2022 19:41:29] WARNING [django.request:224] Not Found: /application/requestProvider.js.map
[14/Jan/2022 19:41:29] WARNING [django.server:157] "GET /application/requestProvider.js.map HTTP/1.1" 404 7634
[14/Jan/2022 19:41:29] WARNING [django.server:157] "GET /application/requestProvider.js.map HTTP/1.1" 404 7634
[14/Jan/2022 19:41:29] INFO [django.server:157] "GET /static/application/images/BackArrow-darkblue.svg HTTP/1.1" 200 801
[14/Jan/2022 19:41:29] INFO [django.server:157] "GET /static/application/images/BackArrow-darkblue.svg HTTP/1.1" 200 801
[14/Jan/2022 19:41:29] INFO [django.server:157] "GET /static/application/images/BackArrow-white.svg HTTP/1.1" 200 798
[14/Jan/2022 19:41:29] INFO [django.server:157] "GET /static/application/images/BackArrow-white.svg HTTP/1.1" 200 798
[14/Jan/2022 19:41:30] WARNING [django.request:224] Not Found: /favicon.ico
[14/Jan/2022 19:41:30] WARNING [django.request:224] Not Found: /favicon.ico
[14/Jan/2022 19:41:30] WARNING [django.server:157] "GET /favicon.ico HTTP/1.1" 404 2878
[14/Jan/2022 19:41:30] WARNING [django.server:157] "GET /favicon.ico HTTP/1.1" 404 2878
[14/Jan/2022 19:41:51] INFO [django.server:157] "POST /application/address HTTP/1.1" 200 8312
[14/Jan/2022 19:41:51] INFO [django.server:157] "POST /application/address HTTP/1.1" 200 8312
[14/Jan/2022 19:41:51] INFO [django.server:157] "GET /static/application/styles_app.css HTTP/1.1" 200 17555
[14/Jan/2022 19:41:51] INFO [django.server:157] "GET /static/application/styles_app.css HTTP/1.1" 200 17555
[14/Jan/2022 19:41:51] WARNING [django.request:224] Not Found: /application/requestProvider.js.map
[14/Jan/2022 19:41:51] WARNING [django.request:224] Not Found: /application/requestProvider.js.map
[14/Jan/2022 19:41:51] WARNING [django.server:157] "GET /application/requestProvider.js.map HTTP/1.1" 404 7634
[14/Jan/2022 19:41:51] WARNING [django.server:157] "GET /application/requestProvider.js.map HTTP/1.1" 404 7634
[14/Jan/2022 19:41:51] INFO [django.server:157] "GET /static/application/images/BackArrow-white.svg HTTP/1.1" 200 798
[14/Jan/2022 19:41:51] INFO [django.server:157] "GET /static/application/images/BackArrow-white.svg HTTP/1.1" 200 798
[14/Jan/2022 19:41:51] INFO [django.server:157] "GET /static/application/images/BackArrow-darkblue.svg HTTP/1.1" 200 801
[14/Jan/2022 19:41:51] INFO [django.server:157] "GET /static/application/images/BackArrow-darkblue.svg HTTP/1.1" 200 801
[14/Jan/2022 19:41:51] WARNING [django.request:224] Not Found: /favicon.ico
[14/Jan/2022 19:41:51] WARNING [django.request:224] Not Found: /favicon.ico
[14/Jan/2022 19:41:51] WARNING [django.server:157] "GET /favicon.ico HTTP/1.1" 404 2878
[14/Jan/2022 19:41:51] WARNING [django.server:157] "GET /favicon.ico HTTP/1.1" 404 2878
