[28/Dec/2021 19:01:11] INFO [django.utils.autoreload:617] Watching for file changes with StatReloader
[28/Dec/2021 19:01:11] INFO [django.utils.autoreload:617] Watching for file changes with StatReloader
[28/Dec/2021 19:01:22] INFO [django.server:157] "GET / HTTP/1.1" 200 13824
[28/Dec/2021 19:01:22] INFO [django.server:157] "GET / HTTP/1.1" 200 13824
[28/Dec/2021 19:01:23] INFO [django.server:157] "GET /static/application/styles.css HTTP/1.1" 200 14220
[28/Dec/2021 19:01:23] INFO [django.server:157] "GET /static/application/styles.css HTTP/1.1" 200 14220
[28/Dec/2021 19:01:23] INFO [django.server:157] "GET /static/application/images/WelcomeIllustration.svg HTTP/1.1" 200 16662
[28/Dec/2021 19:01:23] INFO [django.server:157] "GET /static/application/images/WelcomeIllustration.svg HTTP/1.1" 200 16662
[28/Dec/2021 19:01:23] INFO [django.server:157] "GET /static/application/images/control.svg HTTP/1.1" 200 3985
[28/Dec/2021 19:01:23] INFO [django.server:157] "GET /static/application/images/control.png HTTP/1.1" 200 4946
[28/Dec/2021 19:01:23] INFO [django.server:157] "GET /static/application/images/control.png HTTP/1.1" 200 4946
[28/Dec/2021 19:01:23] INFO [django.server:157] "GET /static/application/images/control.svg HTTP/1.1" 200 3985
[28/Dec/2021 19:01:23] INFO [django.server:157] "GET /static/application/images/save.png HTTP/1.1" 200 5850
[28/Dec/2021 19:01:23] INFO [django.server:157] "GET /static/application/images/save.png HTTP/1.1" 200 5850
[28/Dec/2021 19:01:23] INFO [django.server:157] "GET /static/application/images/save.svg HTTP/1.1" 200 4815
[28/Dec/2021 19:01:23] INFO [django.server:157] "GET /static/application/images/forget.png HTTP/1.1" 200 6121
[28/Dec/2021 19:01:23] INFO [django.server:157] "GET /static/application/images/save.svg HTTP/1.1" 200 4815
[28/Dec/2021 19:01:23] INFO [django.server:157] "GET /static/application/images/forget.png HTTP/1.1" 200 6121
[28/Dec/2021 19:01:23] INFO [django.server:157] "GET /static/application/images/know.svg HTTP/1.1" 200 8645
[28/Dec/2021 19:01:23] INFO [django.server:157] "GET /static/application/images/know.svg HTTP/1.1" 200 8645
[28/Dec/2021 19:01:23] INFO [django.server:157] "GET /static/application/images/X_gray.svg HTTP/1.1" 200 461
[28/Dec/2021 19:01:23] INFO [django.server:157] "GET /static/application/images/forget.svg HTTP/1.1" 200 8904
[28/Dec/2021 19:01:23] INFO [django.server:157] "GET /static/application/images/forget.svg HTTP/1.1" 200 8904
[28/Dec/2021 19:01:23] INFO [django.server:157] "GET /static/application/images/X_gray.svg HTTP/1.1" 200 461
[28/Dec/2021 19:01:23] INFO [django.server:157] "GET /static/application/images/know.png HTTP/1.1" 200 5775
[28/Dec/2021 19:01:23] INFO [django.server:157] "GET /static/application/images/know.png HTTP/1.1" 200 5775
[28/Dec/2021 19:01:24] WARNING [django.request:224] Not Found: /favicon.ico
[28/Dec/2021 19:01:24] WARNING [django.request:224] Not Found: /favicon.ico
[28/Dec/2021 19:01:24] WARNING [django.server:157] "GET /favicon.ico HTTP/1.1" 404 2878
[28/Dec/2021 19:01:24] WARNING [django.server:157] "GET /favicon.ico HTTP/1.1" 404 2878
[28/Dec/2021 19:02:15] INFO [django.server:157] "GET /dashboard/login HTTP/1.1" 200 2861
[28/Dec/2021 19:02:15] INFO [django.server:157] "GET /dashboard/login HTTP/1.1" 200 2861
[28/Dec/2021 19:02:15] INFO [django.server:157] "GET /static/dashboard/styles_app.css HTTP/1.1" 304 0
[28/Dec/2021 19:02:15] INFO [django.server:157] "GET /static/dashboard/styles_app.css HTTP/1.1" 304 0
[28/Dec/2021 19:02:15] INFO [django.server:157] "GET /static/application/images/BackArrow-darkblue.svg HTTP/1.1" 200 801
[28/Dec/2021 19:02:15] INFO [django.server:157] "GET /static/application/images/BackArrow-darkblue.svg HTTP/1.1" 200 801
[28/Dec/2021 19:02:15] INFO [django.server:157] "GET /static/application/images/BackArrow-white.svg HTTP/1.1" 200 798
[28/Dec/2021 19:02:15] INFO [django.server:157] "GET /static/application/images/BackArrow-white.svg HTTP/1.1" 200 798
[28/Dec/2021 19:04:40] INFO [django.server:157] "GET / HTTP/1.1" 200 13824
[28/Dec/2021 19:04:40] INFO [django.server:157] "GET / HTTP/1.1" 200 13824
[28/Dec/2021 19:10:15] INFO [django.server:157] "GET / HTTP/1.1" 200 13824
[28/Dec/2021 19:10:15] INFO [django.server:157] "GET / HTTP/1.1" 200 13824
[28/Dec/2021 19:10:15] INFO [django.server:157] "GET /static/application/styles.css HTTP/1.1" 200 14220
[28/Dec/2021 19:10:15] INFO [django.server:157] "GET /static/application/styles.css HTTP/1.1" 200 14220
[28/Dec/2021 19:10:15] INFO [django.server:157] "GET /static/application/images/WelcomeIllustration.svg HTTP/1.1" 200 16662
[28/Dec/2021 19:10:15] INFO [django.server:157] "GET /static/application/images/WelcomeIllustration.svg HTTP/1.1" 200 16662
[28/Dec/2021 19:10:15] INFO [django.server:157] "GET /static/application/images/control.png HTTP/1.1" 200 4946
[28/Dec/2021 19:10:15] INFO [django.server:157] "GET /static/application/images/control.png HTTP/1.1" 200 4946
[28/Dec/2021 19:10:15] INFO [django.server:157] "GET /static/application/images/control.svg HTTP/1.1" 200 3985
[28/Dec/2021 19:10:15] INFO [django.server:157] "GET /static/application/images/control.svg HTTP/1.1" 200 3985
[28/Dec/2021 19:10:15] INFO [django.server:157] "GET /static/application/images/save.png HTTP/1.1" 200 5850
[28/Dec/2021 19:10:15] INFO [django.server:157] "GET /static/application/images/save.png HTTP/1.1" 200 5850
[28/Dec/2021 19:10:15] INFO [django.server:157] "GET /static/application/images/save.svg HTTP/1.1" 200 4815
[28/Dec/2021 19:10:15] INFO [django.server:157] "GET /static/application/images/save.svg HTTP/1.1" 200 4815
[28/Dec/2021 19:10:15] INFO [django.server:157] "GET /static/application/images/forget.png HTTP/1.1" 200 6121
[28/Dec/2021 19:10:15] INFO [django.server:157] "GET /static/application/images/forget.png HTTP/1.1" 200 6121
[28/Dec/2021 19:10:15] INFO [django.server:157] "GET /static/application/images/know.png HTTP/1.1" 200 5775
[28/Dec/2021 19:10:15] INFO [django.server:157] "GET /static/application/images/forget.svg HTTP/1.1" 200 8904
[28/Dec/2021 19:10:15] INFO [django.server:157] "GET /static/application/images/know.png HTTP/1.1" 200 5775
[28/Dec/2021 19:10:15] INFO [django.server:157] "GET /static/application/images/forget.svg HTTP/1.1" 200 8904
[28/Dec/2021 19:10:15] INFO [django.server:157] "GET /static/application/images/X_gray.svg HTTP/1.1" 200 461
[28/Dec/2021 19:10:15] INFO [django.server:157] "GET /static/application/images/X_gray.svg HTTP/1.1" 200 461
[28/Dec/2021 19:10:15] INFO [django.server:157] "GET /static/application/images/know.svg HTTP/1.1" 200 8645
[28/Dec/2021 19:10:15] INFO [django.server:157] "GET /static/application/images/know.svg HTTP/1.1" 200 8645
[28/Dec/2021 19:10:15] WARNING [django.request:224] Not Found: /favicon.ico
[28/Dec/2021 19:10:15] WARNING [django.request:224] Not Found: /favicon.ico
[28/Dec/2021 19:10:15] WARNING [django.server:157] "GET /favicon.ico HTTP/1.1" 404 2878
[28/Dec/2021 19:10:15] WARNING [django.server:157] "GET /favicon.ico HTTP/1.1" 404 2878
[28/Dec/2021 19:29:53] INFO [django.server:157] "GET / HTTP/1.1" 200 13823
[28/Dec/2021 19:29:53] INFO [django.server:157] "GET / HTTP/1.1" 200 13823
[28/Dec/2021 19:29:53] INFO [django.server:157] "GET /static/application/styles.css HTTP/1.1" 200 14220
[28/Dec/2021 19:29:53] INFO [django.server:157] "GET /static/application/styles.css HTTP/1.1" 200 14220
[28/Dec/2021 19:29:53] INFO [django.server:157] "GET /static/application/images/WelcomeIllustration.svg HTTP/1.1" 200 16662
[28/Dec/2021 19:29:53] INFO [django.server:157] "GET /static/application/images/WelcomeIllustration.svg HTTP/1.1" 200 16662
[28/Dec/2021 19:29:53] INFO [django.server:157] "GET /static/application/images/control.png HTTP/1.1" 200 4946
[28/Dec/2021 19:29:53] INFO [django.server:157] "GET /static/application/images/control.png HTTP/1.1" 200 4946
[28/Dec/2021 19:29:53] INFO [django.server:157] "GET /static/application/images/control.svg HTTP/1.1" 200 3985
[28/Dec/2021 19:29:53] INFO [django.server:157] "GET /static/application/images/know.png HTTP/1.1" 200 5775
[28/Dec/2021 19:29:53] INFO [django.server:157] "GET /static/application/images/know.png HTTP/1.1" 200 5775
[28/Dec/2021 19:29:53] INFO [django.server:157] "GET /static/application/images/save.png HTTP/1.1" 200 5850
[28/Dec/2021 19:29:53] INFO [django.server:157] "GET /static/application/images/save.svg HTTP/1.1" 200 4815
[28/Dec/2021 19:29:53] INFO [django.server:157] "GET /static/application/images/save.svg HTTP/1.1" 200 4815
[28/Dec/2021 19:29:53] INFO [django.server:157] "GET /static/application/images/forget.png HTTP/1.1" 200 6121
[28/Dec/2021 19:29:53] INFO [django.server:157] "GET /static/application/images/forget.png HTTP/1.1" 200 6121
[28/Dec/2021 19:29:53] INFO [django.server:157] "GET /static/application/images/save.png HTTP/1.1" 200 5850
[28/Dec/2021 19:29:53] INFO [django.server:157] "GET /static/application/images/control.svg HTTP/1.1" 200 3985
[28/Dec/2021 19:29:53] INFO [django.server:157] "GET /static/application/images/forget.svg HTTP/1.1" 200 8904
[28/Dec/2021 19:29:53] INFO [django.server:157] "GET /static/application/images/forget.svg HTTP/1.1" 200 8904
[28/Dec/2021 19:29:53] INFO [django.server:157] "GET /static/application/images/know.svg HTTP/1.1" 200 8645
[28/Dec/2021 19:29:53] INFO [django.server:157] "GET /static/application/images/know.svg HTTP/1.1" 200 8645
[28/Dec/2021 19:29:53] INFO [django.server:157] "GET /static/application/images/X_gray.svg HTTP/1.1" 200 461
[28/Dec/2021 19:29:53] INFO [django.server:157] "GET /static/application/images/X_gray.svg HTTP/1.1" 200 461
[28/Dec/2021 19:29:53] WARNING [django.request:224] Not Found: /favicon.ico
[28/Dec/2021 19:29:53] WARNING [django.request:224] Not Found: /favicon.ico
[28/Dec/2021 19:29:53] WARNING [django.server:157] "GET /favicon.ico HTTP/1.1" 404 2878
[28/Dec/2021 19:29:53] WARNING [django.server:157] "GET /favicon.ico HTTP/1.1" 404 2878
[28/Dec/2021 19:30:04] INFO [django.server:157] "GET / HTTP/1.1" 200 13823
[28/Dec/2021 19:30:04] INFO [django.server:157] "GET / HTTP/1.1" 200 13823
[28/Dec/2021 19:30:10] INFO [django.server:157] "GET / HTTP/1.1" 200 13823
[28/Dec/2021 19:30:10] INFO [django.server:157] "GET / HTTP/1.1" 200 13823
[28/Dec/2021 19:30:15] INFO [django.server:157] "GET /application/account HTTP/1.1" 200 4851
[28/Dec/2021 19:30:15] INFO [django.server:157] "GET /application/account HTTP/1.1" 200 4851
[28/Dec/2021 19:30:15] INFO [django.server:157] "GET /static/application/styles_app.css HTTP/1.1" 200 16120
[28/Dec/2021 19:30:15] INFO [django.server:157] "GET /static/application/styles_app.css HTTP/1.1" 200 16120
[28/Dec/2021 19:30:15] INFO [django.server:157] "GET /static/application/images/BackArrow-darkblue.svg HTTP/1.1" 200 801
[28/Dec/2021 19:30:15] INFO [django.server:157] "GET /static/application/images/BackArrow-white.svg HTTP/1.1" 200 798
[28/Dec/2021 19:30:15] INFO [django.server:157] "GET /static/application/images/BackArrow-white.svg HTTP/1.1" 200 798
[28/Dec/2021 19:30:15] INFO [django.server:157] "GET /static/application/images/BackArrow-darkblue.svg HTTP/1.1" 200 801
[28/Dec/2021 19:30:36] INFO [django.server:157] "GET /application/account HTTP/1.1" 200 4851
[28/Dec/2021 19:30:36] INFO [django.server:157] "GET /application/account HTTP/1.1" 200 4851
[28/Dec/2021 20:04:46] INFO [django.utils.autoreload:240] C:\Users\JAndr\OneDrive\Projects\GetYourConnexion\DigitalEquity_MobileVers\mobileVers\application\views.py changed, reloading.
[28/Dec/2021 20:04:46] INFO [django.utils.autoreload:240] C:\Users\JAndr\OneDrive\Projects\GetYourConnexion\DigitalEquity_MobileVers\mobileVers\application\views.py changed, reloading.
