[20/Jan/2022 19:16:22] INFO [django.utils.autoreload:617] Watching for file changes with StatReloader
[20/Jan/2022 19:16:22] INFO [django.utils.autoreload:617] Watching for file changes with StatReloader
[20/Jan/2022 19:16:38] INFO [django.server:157] "GET / HTTP/1.1" 200 13853
[20/Jan/2022 19:16:38] INFO [django.server:157] "GET / HTTP/1.1" 200 13853
[20/Jan/2022 19:16:39] INFO [django.server:157] "GET /static/application/styles.css HTTP/1.1" 200 14220
[20/Jan/2022 19:16:39] INFO [django.server:157] "GET /static/application/styles.css HTTP/1.1" 200 14220
[20/Jan/2022 19:16:39] INFO [django.server:157] "GET /static/application/images/WelcomeIllustration.svg HTTP/1.1" 200 16662
[20/Jan/2022 19:16:39] INFO [django.server:157] "GET /static/application/images/WelcomeIllustration.svg HTTP/1.1" 200 16662
[20/Jan/2022 19:16:39] INFO [django.server:157] "GET /static/application/images/save.png HTTP/1.1" 200 5850
[20/Jan/2022 19:16:39] INFO [django.server:157] "GET /static/application/images/save.png HTTP/1.1" 200 5850
[20/Jan/2022 19:16:39] INFO [django.server:157] "GET /static/application/images/control.svg HTTP/1.1" 200 3985
[20/Jan/2022 19:16:39] INFO [django.server:157] "GET /static/application/images/control.svg HTTP/1.1" 200 3985
[20/Jan/2022 19:16:39] INFO [django.server:157] "GET /static/application/images/save.svg HTTP/1.1" 200 4815
[20/Jan/2022 19:16:39] INFO [django.server:157] "GET /static/application/images/save.svg HTTP/1.1" 200 4815
[20/Jan/2022 19:16:39] INFO [django.server:157] "GET /static/application/images/know.png HTTP/1.1" 200 5775
[20/Jan/2022 19:16:39] INFO [django.server:157] "GET /static/application/images/know.png HTTP/1.1" 200 5775
[20/Jan/2022 19:16:39] INFO [django.server:157] "GET /static/application/images/control.png HTTP/1.1" 200 4946
[20/Jan/2022 19:16:39] INFO [django.server:157] "GET /static/application/images/X_gray.svg HTTP/1.1" 200 461
[20/Jan/2022 19:16:39] INFO [django.server:157] "GET /static/application/images/X_gray.svg HTTP/1.1" 200 461
[20/Jan/2022 19:16:39] INFO [django.server:157] "GET /static/application/images/control.png HTTP/1.1" 200 4946
[20/Jan/2022 19:16:39] INFO [django.server:157] "GET /static/application/images/forget.svg HTTP/1.1" 200 8904
[20/Jan/2022 19:16:39] INFO [django.server:157] "GET /static/application/images/forget.svg HTTP/1.1" 200 8904
[20/Jan/2022 19:16:39] INFO [django.server:157] "GET /static/application/images/forget.png HTTP/1.1" 200 6121
[20/Jan/2022 19:16:39] INFO [django.server:157] "GET /static/application/images/forget.png HTTP/1.1" 200 6121
[20/Jan/2022 19:16:39] INFO [django.server:157] "GET /static/application/images/know.svg HTTP/1.1" 200 8645
[20/Jan/2022 19:16:39] INFO [django.server:157] "GET /static/application/images/know.svg HTTP/1.1" 200 8645
[20/Jan/2022 19:16:40] WARNING [django.request:224] Not Found: /favicon.ico
[20/Jan/2022 19:16:40] WARNING [django.request:224] Not Found: /favicon.ico
[20/Jan/2022 19:16:40] WARNING [django.server:157] "GET /favicon.ico HTTP/1.1" 404 2878
[20/Jan/2022 19:16:40] WARNING [django.server:157] "GET /favicon.ico HTTP/1.1" 404 2878
[20/Jan/2022 19:17:05] INFO [django.server:157] "GET /application/getReady HTTP/1.1" 200 2845
[20/Jan/2022 19:17:05] INFO [django.server:157] "GET /application/getReady HTTP/1.1" 200 2845
[20/Jan/2022 19:17:05] INFO [django.server:157] "GET /static/application/styles_app.css HTTP/1.1" 200 17555
[20/Jan/2022 19:17:05] INFO [django.server:157] "GET /static/application/styles_app.css HTTP/1.1" 200 17555
[20/Jan/2022 19:17:05] INFO [django.server:157] "GET /static/application/images/BackArrow-white.svg HTTP/1.1" 200 798
[20/Jan/2022 19:17:05] INFO [django.server:157] "GET /static/application/images/BackArrow-white.svg HTTP/1.1" 200 798
[20/Jan/2022 19:17:05] INFO [django.server:157] "GET /static/application/images/BackArrow-darkblue.svg HTTP/1.1" 200 801
[20/Jan/2022 19:17:05] INFO [django.server:157] "GET /static/application/images/BackArrow-darkblue.svg HTTP/1.1" 200 801
[20/Jan/2022 19:17:10] INFO [django.server:157] "GET /application/account HTTP/1.1" 200 8946
[20/Jan/2022 19:17:10] INFO [django.server:157] "GET /application/account HTTP/1.1" 200 8946
[20/Jan/2022 19:17:43] INFO [root:432] password passes all validation checks...
[20/Jan/2022 19:17:43] INFO [root:436] password is the same password entered twice...
[20/Jan/2022 19:17:45] INFO [django.server:157] "POST /application/account HTTP/1.1" 302 0
[20/Jan/2022 19:17:45] INFO [django.server:157] "POST /application/account HTTP/1.1" 302 0
[20/Jan/2022 19:17:45] INFO [django.server:157] "GET /application/address HTTP/1.1" 200 9835
[20/Jan/2022 19:17:45] INFO [django.server:157] "GET /application/address HTTP/1.1" 200 9835
[20/Jan/2022 19:17:45] INFO [django.server:157] "GET /static/application/styles_app.css HTTP/1.1" 304 0
[20/Jan/2022 19:17:45] INFO [django.server:157] "GET /static/application/styles_app.css HTTP/1.1" 304 0
[20/Jan/2022 19:18:00] INFO [django.server:157] "POST /application/address HTTP/1.1" 302 0
[20/Jan/2022 19:18:00] INFO [django.server:157] "POST /application/address HTTP/1.1" 302 0
[20/Jan/2022 19:18:02] INFO [django.server:157] "GET /application/addressCorrection HTTP/1.1" 200 3983
[20/Jan/2022 19:18:02] INFO [django.server:157] "GET /application/addressCorrection HTTP/1.1" 200 3983
[20/Jan/2022 19:18:06] INFO [django.server:157] "GET /application/takeUSPSaddress HTTP/1.1" 302 0
[20/Jan/2022 19:18:06] INFO [django.server:157] "GET /application/takeUSPSaddress HTTP/1.1" 302 0
[20/Jan/2022 19:18:07] INFO [django.server:157] "GET /application/inServiceArea HTTP/1.1" 302 0
[20/Jan/2022 19:18:07] INFO [django.server:157] "GET /application/inServiceArea HTTP/1.1" 302 0
[20/Jan/2022 19:18:07] INFO [django.server:157] "GET /application/notAvailable HTTP/1.1" 200 1487
[20/Jan/2022 19:18:07] INFO [django.server:157] "GET /application/notAvailable HTTP/1.1" 200 1487
[20/Jan/2022 19:18:11] INFO [django.server:157] "GET /application/address HTTP/1.1" 200 9835
[20/Jan/2022 19:18:11] INFO [django.server:157] "GET /application/address HTTP/1.1" 200 9835
[20/Jan/2022 19:18:11] INFO [django.server:157] "GET /static/application/styles_app.css HTTP/1.1" 304 0
[20/Jan/2022 19:18:11] INFO [django.server:157] "GET /static/application/styles_app.css HTTP/1.1" 304 0
[20/Jan/2022 19:18:22] INFO [django.server:157] "POST /application/address HTTP/1.1" 302 0
[20/Jan/2022 19:18:22] INFO [django.server:157] "POST /application/address HTTP/1.1" 302 0
[20/Jan/2022 19:18:24] INFO [django.server:157] "GET /application/addressCorrection HTTP/1.1" 302 0
[20/Jan/2022 19:18:24] INFO [django.server:157] "GET /application/addressCorrection HTTP/1.1" 302 0
[20/Jan/2022 19:18:26] INFO [django.server:157] "GET /application/takeUSPSaddress HTTP/1.1" 302 0
[20/Jan/2022 19:18:26] INFO [django.server:157] "GET /application/takeUSPSaddress HTTP/1.1" 302 0
[20/Jan/2022 19:18:27] INFO [django.server:157] "GET /application/inServiceArea HTTP/1.1" 302 0
[20/Jan/2022 19:18:27] INFO [django.server:157] "GET /application/inServiceArea HTTP/1.1" 302 0
[20/Jan/2022 19:18:27] INFO [django.server:157] "GET /application/notAvailable HTTP/1.1" 200 1487
[20/Jan/2022 19:18:27] INFO [django.server:157] "GET /application/notAvailable HTTP/1.1" 200 1487
[20/Jan/2022 19:18:34] INFO [django.server:157] "GET /application/address HTTP/1.1" 200 9835
[20/Jan/2022 19:18:34] INFO [django.server:157] "GET /application/address HTTP/1.1" 200 9835
[20/Jan/2022 19:18:45] INFO [django.server:157] "POST /application/address HTTP/1.1" 302 0
[20/Jan/2022 19:18:45] INFO [django.server:157] "POST /application/address HTTP/1.1" 302 0
[20/Jan/2022 19:18:47] INFO [django.server:157] "GET /application/addressCorrection HTTP/1.1" 200 3991
[20/Jan/2022 19:18:47] INFO [django.server:157] "GET /application/addressCorrection HTTP/1.1" 200 3991
[20/Jan/2022 19:18:47] INFO [django.server:157] "GET /static/application/styles_app.css HTTP/1.1" 304 0
[20/Jan/2022 19:18:47] INFO [django.server:157] "GET /static/application/styles_app.css HTTP/1.1" 304 0
[20/Jan/2022 19:18:51] INFO [django.server:157] "GET /application/address HTTP/1.1" 200 9835
[20/Jan/2022 19:18:51] INFO [django.server:157] "GET /application/address HTTP/1.1" 200 9835
[20/Jan/2022 19:19:03] INFO [django.server:157] "POST /application/address HTTP/1.1" 302 0
[20/Jan/2022 19:19:03] INFO [django.server:157] "POST /application/address HTTP/1.1" 302 0
[20/Jan/2022 19:19:05] INFO [django.server:157] "GET /application/addressCorrection HTTP/1.1" 200 3992
[20/Jan/2022 19:19:05] INFO [django.server:157] "GET /application/addressCorrection HTTP/1.1" 200 3992
[20/Jan/2022 19:19:10] INFO [django.server:157] "GET /application/address HTTP/1.1" 200 9835
[20/Jan/2022 19:19:10] INFO [django.server:157] "GET /application/address HTTP/1.1" 200 9835
[20/Jan/2022 19:46:47] INFO [django.server:157] "GET / HTTP/1.1" 200 13853
[20/Jan/2022 19:46:47] INFO [django.server:157] "GET / HTTP/1.1" 200 13853
[20/Jan/2022 19:46:50] INFO [django.server:157] "GET /application/getReady HTTP/1.1" 200 2845
[20/Jan/2022 19:46:50] INFO [django.server:157] "GET /application/getReady HTTP/1.1" 200 2845
[20/Jan/2022 19:46:50] INFO [django.server:157] "GET /static/application/styles_app.css HTTP/1.1" 304 0
[20/Jan/2022 19:46:50] INFO [django.server:157] "GET /static/application/styles_app.css HTTP/1.1" 304 0
[20/Jan/2022 19:46:53] INFO [django.server:157] "GET /application/account HTTP/1.1" 200 9130
[20/Jan/2022 19:46:53] INFO [django.server:157] "GET /application/account HTTP/1.1" 200 9130
[20/Jan/2022 19:46:53] INFO [django.server:157] "GET /static/scripts/main.js HTTP/1.1" 200 2387
[20/Jan/2022 19:46:53] INFO [django.server:157] "GET /static/scripts/main.js HTTP/1.1" 200 2387
[20/Jan/2022 19:47:23] INFO [django.server:157] "POST /application/account HTTP/1.1" 200 9172
[20/Jan/2022 19:47:23] INFO [django.server:157] "POST /application/account HTTP/1.1" 200 9172
[20/Jan/2022 19:47:23] INFO [django.server:157] "GET /static/scripts/main.js HTTP/1.1" 304 0
[20/Jan/2022 19:47:23] INFO [django.server:157] "GET /static/scripts/main.js HTTP/1.1" 304 0
