[19/Jan/2022 19:25:47] INFO [django.utils.autoreload:617] Watching for file changes with StatReloader
[19/Jan/2022 19:25:47] INFO [django.utils.autoreload:617] Watching for file changes with StatReloader
[19/Jan/2022 19:26:03] INFO [django.server:157] "GET / HTTP/1.1" 200 13852
[19/Jan/2022 19:26:03] INFO [django.server:157] "GET / HTTP/1.1" 200 13852
[19/Jan/2022 19:27:19] INFO [django.server:157] "GET /application/quickNotFound HTTP/1.1" 200 1674
[19/Jan/2022 19:27:19] INFO [django.server:157] "GET /application/quickNotFound HTTP/1.1" 200 1674
[19/Jan/2022 19:27:34] INFO [django.server:157] "GET /application/account HTTP/1.1" 200 8946
[19/Jan/2022 19:27:34] INFO [django.server:157] "GET /application/account HTTP/1.1" 200 8946
[19/Jan/2022 19:28:53] INFO [django.server:157] "GET / HTTP/1.1" 200 13853
[19/Jan/2022 19:28:53] INFO [django.server:157] "GET / HTTP/1.1" 200 13853
[19/Jan/2022 19:28:55] INFO [django.server:157] "GET /application/getReady HTTP/1.1" 200 2980
[19/Jan/2022 19:28:55] INFO [django.server:157] "GET /application/getReady HTTP/1.1" 200 2980
[19/Jan/2022 19:29:21] INFO [django.server:157] "GET /application/getReady HTTP/1.1" 200 3059
[19/Jan/2022 19:29:21] INFO [django.server:157] "GET /application/getReady HTTP/1.1" 200 3059
[19/Jan/2022 19:29:22] INFO [django.server:157] "GET /static/application/styles_app.css HTTP/1.1" 200 17555
[19/Jan/2022 19:29:22] INFO [django.server:157] "GET /static/application/styles_app.css HTTP/1.1" 200 17555
[19/Jan/2022 19:29:22] INFO [django.server:157] "GET /static/application/images/BackArrow-white.svg HTTP/1.1" 200 798
[19/Jan/2022 19:29:22] INFO [django.server:157] "GET /static/application/images/BackArrow-white.svg HTTP/1.1" 200 798
[19/Jan/2022 19:29:22] INFO [django.server:157] "GET /static/application/images/BackArrow-darkblue.svg HTTP/1.1" 200 801
[19/Jan/2022 19:29:22] INFO [django.server:157] "GET /static/application/images/BackArrow-darkblue.svg HTTP/1.1" 200 801
[19/Jan/2022 19:29:22] WARNING [django.request:224] Not Found: /favicon.ico
[19/Jan/2022 19:29:22] WARNING [django.request:224] Not Found: /favicon.ico
[19/Jan/2022 19:29:22] WARNING [django.server:157] "GET /favicon.ico HTTP/1.1" 404 2878
[19/Jan/2022 19:29:22] WARNING [django.server:157] "GET /favicon.ico HTTP/1.1" 404 2878
[19/Jan/2022 19:29:51] INFO [django.server:157] "GET /application/getReady HTTP/1.1" 200 3108
[19/Jan/2022 19:29:51] INFO [django.server:157] "GET /application/getReady HTTP/1.1" 200 3108
[19/Jan/2022 19:29:51] INFO [django.server:157] "GET /static/application/styles_app.css HTTP/1.1" 200 17555
[19/Jan/2022 19:29:51] INFO [django.server:157] "GET /static/application/styles_app.css HTTP/1.1" 200 17555
[19/Jan/2022 19:29:52] INFO [django.server:157] "GET /static/application/images/BackArrow-darkblue.svg HTTP/1.1" 200 801
[19/Jan/2022 19:29:52] INFO [django.server:157] "GET /static/application/images/BackArrow-darkblue.svg HTTP/1.1" 200 801
[19/Jan/2022 19:29:52] INFO [django.server:157] "GET /static/application/images/BackArrow-white.svg HTTP/1.1" 200 798
[19/Jan/2022 19:29:52] INFO [django.server:157] "GET /static/application/images/BackArrow-white.svg HTTP/1.1" 200 798
[19/Jan/2022 19:29:52] WARNING [django.request:224] Not Found: /favicon.ico
[19/Jan/2022 19:29:52] WARNING [django.request:224] Not Found: /favicon.ico
[19/Jan/2022 19:29:52] WARNING [django.server:157] "GET /favicon.ico HTTP/1.1" 404 2878
[19/Jan/2022 19:29:52] WARNING [django.server:157] "GET /favicon.ico HTTP/1.1" 404 2878
[19/Jan/2022 19:30:01] INFO [django.server:157] "GET /application/getReady HTTP/1.1" 200 3105
[19/Jan/2022 19:30:01] INFO [django.server:157] "GET /application/getReady HTTP/1.1" 200 3105
[19/Jan/2022 19:30:01] INFO [django.server:157] "GET /static/application/styles_app.css HTTP/1.1" 200 17555
[19/Jan/2022 19:30:01] INFO [django.server:157] "GET /static/application/styles_app.css HTTP/1.1" 200 17555
[19/Jan/2022 19:30:01] INFO [django.server:157] "GET /static/application/images/BackArrow-darkblue.svg HTTP/1.1" 200 801
[19/Jan/2022 19:30:01] INFO [django.server:157] "GET /static/application/images/BackArrow-darkblue.svg HTTP/1.1" 200 801
[19/Jan/2022 19:30:01] INFO [django.server:157] "GET /static/application/images/BackArrow-white.svg HTTP/1.1" 200 798
[19/Jan/2022 19:30:01] INFO [django.server:157] "GET /static/application/images/BackArrow-white.svg HTTP/1.1" 200 798
[19/Jan/2022 19:30:01] WARNING [django.request:224] Not Found: /favicon.ico
[19/Jan/2022 19:30:01] WARNING [django.request:224] Not Found: /favicon.ico
[19/Jan/2022 19:30:01] WARNING [django.server:157] "GET /favicon.ico HTTP/1.1" 404 2878
[19/Jan/2022 19:30:01] WARNING [django.server:157] "GET /favicon.ico HTTP/1.1" 404 2878
[19/Jan/2022 19:30:21] INFO [django.server:157] "GET /application/account HTTP/1.1" 200 8946
[19/Jan/2022 19:30:21] INFO [django.server:157] "GET /application/account HTTP/1.1" 200 8946
[19/Jan/2022 19:30:25] INFO [django.server:157] "GET / HTTP/1.1" 200 13853
[19/Jan/2022 19:30:25] INFO [django.server:157] "GET / HTTP/1.1" 200 13853
[19/Jan/2022 19:30:27] INFO [django.server:157] "GET /application/getReady HTTP/1.1" 200 3105
[19/Jan/2022 19:30:27] INFO [django.server:157] "GET /application/getReady HTTP/1.1" 200 3105
[19/Jan/2022 19:31:30] INFO [django.server:157] "GET /application/getReady HTTP/1.1" 200 3104
[19/Jan/2022 19:31:30] INFO [django.server:157] "GET /application/getReady HTTP/1.1" 200 3104
[19/Jan/2022 19:31:30] INFO [django.server:157] "GET /static/application/styles_app.css HTTP/1.1" 200 17555
[19/Jan/2022 19:31:30] INFO [django.server:157] "GET /static/application/styles_app.css HTTP/1.1" 200 17555
[19/Jan/2022 19:31:30] INFO [django.server:157] "GET /static/application/images/BackArrow-darkblue.svg HTTP/1.1" 200 801
[19/Jan/2022 19:31:30] INFO [django.server:157] "GET /static/application/images/BackArrow-darkblue.svg HTTP/1.1" 200 801
[19/Jan/2022 19:31:30] INFO [django.server:157] "GET /static/application/images/BackArrow-white.svg HTTP/1.1" 200 798
[19/Jan/2022 19:31:30] INFO [django.server:157] "GET /static/application/images/BackArrow-white.svg HTTP/1.1" 200 798
[19/Jan/2022 19:31:31] WARNING [django.request:224] Not Found: /favicon.ico
[19/Jan/2022 19:31:31] WARNING [django.request:224] Not Found: /favicon.ico
[19/Jan/2022 19:31:31] WARNING [django.server:157] "GET /favicon.ico HTTP/1.1" 404 2878
[19/Jan/2022 19:31:31] WARNING [django.server:157] "GET /favicon.ico HTTP/1.1" 404 2878
[19/Jan/2022 19:31:42] INFO [django.server:157] "GET /application/getReady HTTP/1.1" 200 3114
[19/Jan/2022 19:31:42] INFO [django.server:157] "GET /application/getReady HTTP/1.1" 200 3114
[19/Jan/2022 19:31:42] INFO [django.server:157] "GET /static/application/styles_app.css HTTP/1.1" 200 17555
[19/Jan/2022 19:31:42] INFO [django.server:157] "GET /static/application/styles_app.css HTTP/1.1" 200 17555
[19/Jan/2022 19:31:42] INFO [django.server:157] "GET /static/application/images/BackArrow-white.svg HTTP/1.1" 200 798
[19/Jan/2022 19:31:42] INFO [django.server:157] "GET /static/application/images/BackArrow-white.svg HTTP/1.1" 200 798
[19/Jan/2022 19:31:42] INFO [django.server:157] "GET /static/application/images/BackArrow-darkblue.svg HTTP/1.1" 200 801
[19/Jan/2022 19:31:42] INFO [django.server:157] "GET /static/application/images/BackArrow-darkblue.svg HTTP/1.1" 200 801
[19/Jan/2022 19:31:43] WARNING [django.request:224] Not Found: /favicon.ico
[19/Jan/2022 19:31:43] WARNING [django.request:224] Not Found: /favicon.ico
[19/Jan/2022 19:31:43] WARNING [django.server:157] "GET /favicon.ico HTTP/1.1" 404 2878
[19/Jan/2022 19:31:43] WARNING [django.server:157] "GET /favicon.ico HTTP/1.1" 404 2878
[19/Jan/2022 19:32:00] INFO [django.server:157] "GET /application/getReady HTTP/1.1" 200 3121
[19/Jan/2022 19:32:00] INFO [django.server:157] "GET /application/getReady HTTP/1.1" 200 3121
[19/Jan/2022 19:32:00] INFO [django.server:157] "GET /static/application/styles_app.css HTTP/1.1" 200 17555
[19/Jan/2022 19:32:00] INFO [django.server:157] "GET /static/application/styles_app.css HTTP/1.1" 200 17555
[19/Jan/2022 19:32:00] INFO [django.server:157] "GET /static/application/images/BackArrow-darkblue.svg HTTP/1.1" 200 801
[19/Jan/2022 19:32:00] INFO [django.server:157] "GET /static/application/images/BackArrow-darkblue.svg HTTP/1.1" 200 801
[19/Jan/2022 19:32:00] INFO [django.server:157] "GET /static/application/images/BackArrow-white.svg HTTP/1.1" 200 798
[19/Jan/2022 19:32:00] INFO [django.server:157] "GET /static/application/images/BackArrow-white.svg HTTP/1.1" 200 798
[19/Jan/2022 19:32:00] WARNING [django.request:224] Not Found: /favicon.ico
[19/Jan/2022 19:32:00] WARNING [django.request:224] Not Found: /favicon.ico
[19/Jan/2022 19:32:00] WARNING [django.server:157] "GET /favicon.ico HTTP/1.1" 404 2878
[19/Jan/2022 19:32:00] WARNING [django.server:157] "GET /favicon.ico HTTP/1.1" 404 2878
[19/Jan/2022 19:32:23] INFO [django.server:157] "GET /application/getReady HTTP/1.1" 200 3122
[19/Jan/2022 19:32:23] INFO [django.server:157] "GET /application/getReady HTTP/1.1" 200 3122
[19/Jan/2022 19:32:23] INFO [django.server:157] "GET /static/application/styles_app.css HTTP/1.1" 200 17555
[19/Jan/2022 19:32:23] INFO [django.server:157] "GET /static/application/styles_app.css HTTP/1.1" 200 17555
[19/Jan/2022 19:32:24] INFO [django.server:157] "GET /static/application/images/BackArrow-white.svg HTTP/1.1" 200 798
[19/Jan/2022 19:32:24] INFO [django.server:157] "GET /static/application/images/BackArrow-white.svg HTTP/1.1" 200 798
[19/Jan/2022 19:32:24] INFO [django.server:157] "GET /static/application/images/BackArrow-darkblue.svg HTTP/1.1" 200 801
[19/Jan/2022 19:32:24] INFO [django.server:157] "GET /static/application/images/BackArrow-darkblue.svg HTTP/1.1" 200 801
[19/Jan/2022 19:32:24] WARNING [django.request:224] Not Found: /favicon.ico
[19/Jan/2022 19:32:24] WARNING [django.request:224] Not Found: /favicon.ico
[19/Jan/2022 19:32:24] WARNING [django.server:157] "GET /favicon.ico HTTP/1.1" 404 2878
[19/Jan/2022 19:32:24] WARNING [django.server:157] "GET /favicon.ico HTTP/1.1" 404 2878
[19/Jan/2022 19:33:30] INFO [django.server:157] "GET /application/getReady HTTP/1.1" 200 3122
[19/Jan/2022 19:33:30] INFO [django.server:157] "GET /application/getReady HTTP/1.1" 200 3122
[19/Jan/2022 19:33:30] INFO [django.server:157] "GET /static/application/styles_app.css HTTP/1.1" 200 17555
[19/Jan/2022 19:33:30] INFO [django.server:157] "GET /static/application/styles_app.css HTTP/1.1" 200 17555
[19/Jan/2022 19:33:30] INFO [django.server:157] "GET /static/application/images/BackArrow-darkblue.svg HTTP/1.1" 200 801
[19/Jan/2022 19:33:30] INFO [django.server:157] "GET /static/application/images/BackArrow-darkblue.svg HTTP/1.1" 200 801
[19/Jan/2022 19:33:30] INFO [django.server:157] "GET /static/application/images/BackArrow-white.svg HTTP/1.1" 200 798
[19/Jan/2022 19:33:30] INFO [django.server:157] "GET /static/application/images/BackArrow-white.svg HTTP/1.1" 200 798
[19/Jan/2022 19:33:31] WARNING [django.request:224] Not Found: /favicon.ico
[19/Jan/2022 19:33:31] WARNING [django.request:224] Not Found: /favicon.ico
[19/Jan/2022 19:33:31] WARNING [django.server:157] "GET /favicon.ico HTTP/1.1" 404 2878
[19/Jan/2022 19:33:31] WARNING [django.server:157] "GET /favicon.ico HTTP/1.1" 404 2878
[19/Jan/2022 19:33:57] INFO [django.server:157] "GET /application/getReady HTTP/1.1" 200 3001
[19/Jan/2022 19:33:57] INFO [django.server:157] "GET /application/getReady HTTP/1.1" 200 3001
[19/Jan/2022 19:33:57] INFO [django.server:157] "GET /static/application/styles_app.css HTTP/1.1" 200 17555
[19/Jan/2022 19:33:57] INFO [django.server:157] "GET /static/application/styles_app.css HTTP/1.1" 200 17555
[19/Jan/2022 19:33:57] INFO [django.server:157] "GET /static/application/images/BackArrow-white.svg HTTP/1.1" 200 798
[19/Jan/2022 19:33:57] INFO [django.server:157] "GET /static/application/images/BackArrow-white.svg HTTP/1.1" 200 798
[19/Jan/2022 19:33:57] INFO [django.server:157] "GET /static/application/images/BackArrow-darkblue.svg HTTP/1.1" 200 801
[19/Jan/2022 19:33:57] INFO [django.server:157] "GET /static/application/images/BackArrow-darkblue.svg HTTP/1.1" 200 801
[19/Jan/2022 19:33:58] WARNING [django.request:224] Not Found: /favicon.ico
[19/Jan/2022 19:33:58] WARNING [django.request:224] Not Found: /favicon.ico
[19/Jan/2022 19:33:58] WARNING [django.server:157] "GET /favicon.ico HTTP/1.1" 404 2878
[19/Jan/2022 19:33:58] WARNING [django.server:157] "GET /favicon.ico HTTP/1.1" 404 2878
[19/Jan/2022 19:34:04] INFO [django.server:157] "GET /application/account HTTP/1.1" 200 8946
[19/Jan/2022 19:34:04] INFO [django.server:157] "GET /application/account HTTP/1.1" 200 8946
[19/Jan/2022 19:35:39] WARNING [django.request:224] Not Found: /application/requestProvider.js.map
[19/Jan/2022 19:35:39] WARNING [django.request:224] Not Found: /application/requestProvider.js.map
[19/Jan/2022 19:35:39] WARNING [django.server:157] "GET /application/requestProvider.js.map HTTP/1.1" 404 7818
[19/Jan/2022 19:35:39] WARNING [django.server:157] "GET /application/requestProvider.js.map HTTP/1.1" 404 7818
[19/Jan/2022 19:35:45] WARNING [django.request:224] Not Found: /application/requestProvider.js.map
[19/Jan/2022 19:35:45] WARNING [django.request:224] Not Found: /application/requestProvider.js.map
[19/Jan/2022 19:35:45] WARNING [django.server:157] "GET /application/requestProvider.js.map HTTP/1.1" 404 7818
[19/Jan/2022 19:35:45] WARNING [django.server:157] "GET /application/requestProvider.js.map HTTP/1.1" 404 7818
[19/Jan/2022 19:35:52] INFO [django.server:157] "GET /application/account HTTP/1.1" 200 8946
[19/Jan/2022 19:35:52] INFO [django.server:157] "GET /application/account HTTP/1.1" 200 8946
[19/Jan/2022 19:35:52] WARNING [django.request:224] Not Found: /application/requestProvider.js.map
[19/Jan/2022 19:35:52] WARNING [django.request:224] Not Found: /application/requestProvider.js.map
[19/Jan/2022 19:35:52] WARNING [django.server:157] "GET /application/requestProvider.js.map HTTP/1.1" 404 7818
[19/Jan/2022 19:35:52] WARNING [django.server:157] "GET /application/requestProvider.js.map HTTP/1.1" 404 7818
[19/Jan/2022 19:36:21] WARNING [django.request:224] Not Found: /application/requestProvider.js.map
[19/Jan/2022 19:36:21] WARNING [django.request:224] Not Found: /application/requestProvider.js.map
[19/Jan/2022 19:36:21] WARNING [django.server:157] "GET /application/requestProvider.js.map HTTP/1.1" 404 7818
[19/Jan/2022 19:36:21] WARNING [django.server:157] "GET /application/requestProvider.js.map HTTP/1.1" 404 7818
[19/Jan/2022 19:36:32] INFO [django.server:157] "GET /application/getReady HTTP/1.1" 200 2983
[19/Jan/2022 19:36:32] INFO [django.server:157] "GET /application/getReady HTTP/1.1" 200 2983
[19/Jan/2022 19:36:32] INFO [django.server:157] "GET /static/application/styles_app.css HTTP/1.1" 200 17555
[19/Jan/2022 19:36:32] INFO [django.server:157] "GET /static/application/styles_app.css HTTP/1.1" 200 17555
[19/Jan/2022 19:36:33] WARNING [django.request:224] Not Found: /application/requestProvider.js.map
[19/Jan/2022 19:36:33] WARNING [django.request:224] Not Found: /application/requestProvider.js.map
[19/Jan/2022 19:36:33] WARNING [django.server:157] "GET /application/requestProvider.js.map HTTP/1.1" 404 7818
[19/Jan/2022 19:36:33] WARNING [django.server:157] "GET /application/requestProvider.js.map HTTP/1.1" 404 7818
[19/Jan/2022 19:36:33] INFO [django.server:157] "GET /static/application/images/BackArrow-darkblue.svg HTTP/1.1" 200 801
[19/Jan/2022 19:36:33] INFO [django.server:157] "GET /static/application/images/BackArrow-darkblue.svg HTTP/1.1" 200 801
[19/Jan/2022 19:36:33] INFO [django.server:157] "GET /static/application/images/BackArrow-white.svg HTTP/1.1" 200 798
[19/Jan/2022 19:36:33] INFO [django.server:157] "GET /static/application/images/BackArrow-white.svg HTTP/1.1" 200 798
[19/Jan/2022 19:36:33] WARNING [django.request:224] Not Found: /favicon.ico
[19/Jan/2022 19:36:33] WARNING [django.request:224] Not Found: /favicon.ico
[19/Jan/2022 19:36:33] WARNING [django.server:157] "GET /favicon.ico HTTP/1.1" 404 2878
[19/Jan/2022 19:36:33] WARNING [django.server:157] "GET /favicon.ico HTTP/1.1" 404 2878
[19/Jan/2022 19:37:20] INFO [django.server:157] "GET /application/quickNotFound HTTP/1.1" 200 1674
[19/Jan/2022 19:37:20] INFO [django.server:157] "GET /application/quickNotFound HTTP/1.1" 200 1674
[19/Jan/2022 19:37:23] WARNING [django.request:224] Not Found: /application/requestProvider.js.map
[19/Jan/2022 19:37:23] WARNING [django.request:224] Not Found: /application/requestProvider.js.map
[19/Jan/2022 19:37:23] WARNING [django.server:157] "GET /application/requestProvider.js.map HTTP/1.1" 404 7818
[19/Jan/2022 19:37:23] WARNING [django.server:157] "GET /application/requestProvider.js.map HTTP/1.1" 404 7818
[19/Jan/2022 19:39:09] INFO [django.server:157] "GET /application/quickNotFound HTTP/1.1" 200 1657
[19/Jan/2022 19:39:09] INFO [django.server:157] "GET /application/quickNotFound HTTP/1.1" 200 1657
[19/Jan/2022 19:39:09] INFO [django.server:157] "GET /static/application/styles_app.css HTTP/1.1" 200 17555
[19/Jan/2022 19:39:09] INFO [django.server:157] "GET /static/application/styles_app.css HTTP/1.1" 200 17555
[19/Jan/2022 19:39:09] WARNING [django.request:224] Not Found: /application/requestProvider.js.map
[19/Jan/2022 19:39:09] WARNING [django.request:224] Not Found: /application/requestProvider.js.map
[19/Jan/2022 19:39:09] WARNING [django.server:157] "GET /application/requestProvider.js.map HTTP/1.1" 404 7818
[19/Jan/2022 19:39:09] WARNING [django.server:157] "GET /application/requestProvider.js.map HTTP/1.1" 404 7818
[19/Jan/2022 19:39:10] WARNING [django.request:224] Not Found: /favicon.ico
[19/Jan/2022 19:39:10] WARNING [django.request:224] Not Found: /favicon.ico
[19/Jan/2022 19:39:10] WARNING [django.server:157] "GET /favicon.ico HTTP/1.1" 404 2878
[19/Jan/2022 19:39:10] WARNING [django.server:157] "GET /favicon.ico HTTP/1.1" 404 2878
[19/Jan/2022 19:39:23] INFO [django.server:157] "GET /application/quickNotFound HTTP/1.1" 200 1676
[19/Jan/2022 19:39:23] INFO [django.server:157] "GET /application/quickNotFound HTTP/1.1" 200 1676
[19/Jan/2022 19:39:24] INFO [django.server:157] "GET /static/application/styles_app.css HTTP/1.1" 200 17555
[19/Jan/2022 19:39:24] INFO [django.server:157] "GET /static/application/styles_app.css HTTP/1.1" 200 17555
[19/Jan/2022 19:39:24] WARNING [django.request:224] Not Found: /application/requestProvider.js.map
[19/Jan/2022 19:39:24] WARNING [django.request:224] Not Found: /application/requestProvider.js.map
[19/Jan/2022 19:39:24] WARNING [django.server:157] "GET /application/requestProvider.js.map HTTP/1.1" 404 7818
[19/Jan/2022 19:39:24] WARNING [django.server:157] "GET /application/requestProvider.js.map HTTP/1.1" 404 7818
[19/Jan/2022 19:39:24] WARNING [django.request:224] Not Found: /favicon.ico
[19/Jan/2022 19:39:24] WARNING [django.request:224] Not Found: /favicon.ico
[19/Jan/2022 19:39:24] WARNING [django.server:157] "GET /favicon.ico HTTP/1.1" 404 2878
[19/Jan/2022 19:39:24] WARNING [django.server:157] "GET /favicon.ico HTTP/1.1" 404 2878
[19/Jan/2022 19:39:29] INFO [django.server:157] "GET /application/getReady HTTP/1.1" 200 2983
[19/Jan/2022 19:39:29] INFO [django.server:157] "GET /application/getReady HTTP/1.1" 200 2983
[19/Jan/2022 19:39:29] WARNING [django.request:224] Not Found: /application/requestProvider.js.map
[19/Jan/2022 19:39:29] WARNING [django.request:224] Not Found: /application/requestProvider.js.map
[19/Jan/2022 19:39:29] WARNING [django.server:157] "GET /application/requestProvider.js.map HTTP/1.1" 404 7818
[19/Jan/2022 19:39:29] WARNING [django.server:157] "GET /application/requestProvider.js.map HTTP/1.1" 404 7818
[19/Jan/2022 19:39:32] WARNING [django.request:224] Not Found: /application/requestProvider.js.map
[19/Jan/2022 19:39:32] WARNING [django.request:224] Not Found: /application/requestProvider.js.map
[19/Jan/2022 19:39:32] WARNING [django.server:157] "GET /application/requestProvider.js.map HTTP/1.1" 404 7818
[19/Jan/2022 19:39:32] WARNING [django.server:157] "GET /application/requestProvider.js.map HTTP/1.1" 404 7818
[19/Jan/2022 19:39:35] INFO [django.server:157] "GET /application/ HTTP/1.1" 200 13853
[19/Jan/2022 19:39:35] INFO [django.server:157] "GET /application/ HTTP/1.1" 200 13853
[19/Jan/2022 19:39:35] WARNING [django.request:224] Not Found: /application/requestProvider.js.map
[19/Jan/2022 19:39:35] WARNING [django.request:224] Not Found: /application/requestProvider.js.map
[19/Jan/2022 19:39:35] WARNING [django.server:157] "GET /application/requestProvider.js.map HTTP/1.1" 404 7818
[19/Jan/2022 19:39:35] WARNING [django.server:157] "GET /application/requestProvider.js.map HTTP/1.1" 404 7818
