[20/Jan/2022 20:21:08] INFO [django.utils.autoreload:617] Watching for file changes with StatReloader
[20/Jan/2022 20:21:08] INFO [django.utils.autoreload:617] Watching for file changes with StatReloader
[20/Jan/2022 20:21:17] INFO [django.server:157] "GET / HTTP/1.1" 200 13853
[20/Jan/2022 20:21:17] INFO [django.server:157] "GET / HTTP/1.1" 200 13853
[20/Jan/2022 20:21:19] WARNING [django.request:224] Not Found: /favicon.ico
[20/Jan/2022 20:21:19] WARNING [django.request:224] Not Found: /favicon.ico
[20/Jan/2022 20:21:19] WARNING [django.server:157] "GET /favicon.ico HTTP/1.1" 404 2878
[20/Jan/2022 20:21:19] WARNING [django.server:157] "GET /favicon.ico HTTP/1.1" 404 2878
[20/Jan/2022 20:21:21] INFO [django.server:157] "GET /application/getReady HTTP/1.1" 200 2845
[20/Jan/2022 20:21:21] INFO [django.server:157] "GET /application/getReady HTTP/1.1" 200 2845
[20/Jan/2022 20:21:22] INFO [django.server:157] "GET /static/application/styles_app.css HTTP/1.1" 304 0
[20/Jan/2022 20:21:22] INFO [django.server:157] "GET /static/application/styles_app.css HTTP/1.1" 304 0
[20/Jan/2022 20:21:24] INFO [django.server:157] "GET /application/account HTTP/1.1" 200 8946
[20/Jan/2022 20:21:24] INFO [django.server:157] "GET /application/account HTTP/1.1" 200 8946
[20/Jan/2022 20:46:03] INFO [django.server:157] "GET /application/account HTTP/1.1" 200 10072
[20/Jan/2022 20:46:03] INFO [django.server:157] "GET /application/account HTTP/1.1" 200 10072
[20/Jan/2022 20:46:04] INFO [django.server:157] "GET /static/application/styles_app.css HTTP/1.1" 200 17555
[20/Jan/2022 20:46:04] INFO [django.server:157] "GET /static/application/styles_app.css HTTP/1.1" 200 17555
[20/Jan/2022 20:46:04] INFO [django.server:157] "GET /static/application/images/BackArrow-darkblue.svg HTTP/1.1" 200 801
[20/Jan/2022 20:46:04] INFO [django.server:157] "GET /static/application/images/BackArrow-darkblue.svg HTTP/1.1" 200 801
[20/Jan/2022 20:46:04] INFO [django.server:157] "GET /static/application/images/BackArrow-white.svg HTTP/1.1" 200 798
[20/Jan/2022 20:46:04] INFO [django.server:157] "GET /static/application/images/BackArrow-white.svg HTTP/1.1" 200 798
[20/Jan/2022 20:46:05] WARNING [django.request:224] Not Found: /favicon.ico
[20/Jan/2022 20:46:05] WARNING [django.request:224] Not Found: /favicon.ico
[20/Jan/2022 20:46:05] WARNING [django.server:157] "GET /favicon.ico HTTP/1.1" 404 2878
[20/Jan/2022 20:46:05] WARNING [django.server:157] "GET /favicon.ico HTTP/1.1" 404 2878
[20/Jan/2022 20:46:27] INFO [django.server:157] "GET /application/account HTTP/1.1" 200 10057
[20/Jan/2022 20:46:27] INFO [django.server:157] "GET /application/account HTTP/1.1" 200 10057
[20/Jan/2022 20:46:27] INFO [django.server:157] "GET /static/application/styles_app.css HTTP/1.1" 200 17555
[20/Jan/2022 20:46:27] INFO [django.server:157] "GET /static/application/styles_app.css HTTP/1.1" 200 17555
[20/Jan/2022 20:46:28] INFO [django.server:157] "GET /static/application/images/BackArrow-darkblue.svg HTTP/1.1" 200 801
[20/Jan/2022 20:46:28] INFO [django.server:157] "GET /static/application/images/BackArrow-darkblue.svg HTTP/1.1" 200 801
[20/Jan/2022 20:46:28] INFO [django.server:157] "GET /static/application/images/BackArrow-white.svg HTTP/1.1" 200 798
[20/Jan/2022 20:46:28] INFO [django.server:157] "GET /static/application/images/BackArrow-white.svg HTTP/1.1" 200 798
[20/Jan/2022 20:46:29] WARNING [django.request:224] Not Found: /favicon.ico
[20/Jan/2022 20:46:29] WARNING [django.request:224] Not Found: /favicon.ico
[20/Jan/2022 20:46:29] WARNING [django.server:157] "GET /favicon.ico HTTP/1.1" 404 2878
[20/Jan/2022 20:46:29] WARNING [django.server:157] "GET /favicon.ico HTTP/1.1" 404 2878
[20/Jan/2022 20:46:58] INFO [django.server:157] "GET /application/account HTTP/1.1" 200 10057
[20/Jan/2022 20:46:58] INFO [django.server:157] "GET /application/account HTTP/1.1" 200 10057
[20/Jan/2022 20:46:58] INFO [django.server:157] "GET /static/application/styles_app.css HTTP/1.1" 200 17555
[20/Jan/2022 20:46:58] INFO [django.server:157] "GET /static/application/styles_app.css HTTP/1.1" 200 17555
[20/Jan/2022 20:46:59] INFO [django.server:157] "GET /static/application/images/BackArrow-darkblue.svg HTTP/1.1" 200 801
[20/Jan/2022 20:46:59] INFO [django.server:157] "GET /static/application/images/BackArrow-darkblue.svg HTTP/1.1" 200 801
[20/Jan/2022 20:46:59] INFO [django.server:157] "GET /static/application/images/BackArrow-white.svg HTTP/1.1" 200 798
[20/Jan/2022 20:46:59] INFO [django.server:157] "GET /static/application/images/BackArrow-white.svg HTTP/1.1" 200 798
[20/Jan/2022 20:46:59] WARNING [django.request:224] Not Found: /favicon.ico
[20/Jan/2022 20:46:59] WARNING [django.request:224] Not Found: /favicon.ico
[20/Jan/2022 20:46:59] WARNING [django.server:157] "GET /favicon.ico HTTP/1.1" 404 2878
[20/Jan/2022 20:46:59] WARNING [django.server:157] "GET /favicon.ico HTTP/1.1" 404 2878
[20/Jan/2022 20:47:05] WARNING [django.request:224] Not Found: /application/requestProvider.js.map
[20/Jan/2022 20:47:05] WARNING [django.request:224] Not Found: /application/requestProvider.js.map
[20/Jan/2022 20:47:05] WARNING [django.server:157] "GET /application/requestProvider.js.map HTTP/1.1" 404 7818
[20/Jan/2022 20:47:05] WARNING [django.server:157] "GET /application/requestProvider.js.map HTTP/1.1" 404 7818
[20/Jan/2022 20:47:29] INFO [django.server:157] "GET /application/account HTTP/1.1" 200 10057
[20/Jan/2022 20:47:29] INFO [django.server:157] "GET /application/account HTTP/1.1" 200 10057
[20/Jan/2022 20:47:29] INFO [django.server:157] "GET /static/application/styles_app.css HTTP/1.1" 200 17555
[20/Jan/2022 20:47:29] INFO [django.server:157] "GET /static/application/styles_app.css HTTP/1.1" 200 17555
[20/Jan/2022 20:47:30] INFO [django.server:157] "GET /static/application/images/BackArrow-white.svg HTTP/1.1" 200 798
[20/Jan/2022 20:47:30] INFO [django.server:157] "GET /static/application/images/BackArrow-white.svg HTTP/1.1" 200 798
[20/Jan/2022 20:47:30] INFO [django.server:157] "GET /static/application/images/BackArrow-darkblue.svg HTTP/1.1" 200 801
[20/Jan/2022 20:47:30] INFO [django.server:157] "GET /static/application/images/BackArrow-darkblue.svg HTTP/1.1" 200 801
[20/Jan/2022 20:47:30] WARNING [django.request:224] Not Found: /favicon.ico
[20/Jan/2022 20:47:30] WARNING [django.request:224] Not Found: /favicon.ico
[20/Jan/2022 20:47:30] WARNING [django.server:157] "GET /favicon.ico HTTP/1.1" 404 2878
[20/Jan/2022 20:47:30] WARNING [django.server:157] "GET /favicon.ico HTTP/1.1" 404 2878
[20/Jan/2022 21:06:38] INFO [django.server:157] "GET /application/account HTTP/1.1" 200 10061
[20/Jan/2022 21:06:38] INFO [django.server:157] "GET /application/account HTTP/1.1" 200 10061
[20/Jan/2022 21:06:38] INFO [django.server:157] "GET /static/application/styles_app.css HTTP/1.1" 200 17555
[20/Jan/2022 21:06:38] INFO [django.server:157] "GET /static/application/styles_app.css HTTP/1.1" 200 17555
[20/Jan/2022 21:06:39] INFO [django.server:157] "GET /static/application/images/BackArrow-white.svg HTTP/1.1" 200 798
[20/Jan/2022 21:06:39] INFO [django.server:157] "GET /static/application/images/BackArrow-white.svg HTTP/1.1" 200 798
[20/Jan/2022 21:06:39] INFO [django.server:157] "GET /static/application/images/BackArrow-darkblue.svg HTTP/1.1" 200 801
[20/Jan/2022 21:06:39] INFO [django.server:157] "GET /static/application/images/BackArrow-darkblue.svg HTTP/1.1" 200 801
[20/Jan/2022 21:06:39] WARNING [django.request:224] Not Found: /favicon.ico
[20/Jan/2022 21:06:39] WARNING [django.request:224] Not Found: /favicon.ico
[20/Jan/2022 21:06:39] WARNING [django.server:157] "GET /favicon.ico HTTP/1.1" 404 2878
[20/Jan/2022 21:06:39] WARNING [django.server:157] "GET /favicon.ico HTTP/1.1" 404 2878
[20/Jan/2022 21:09:31] INFO [django.server:157] "GET /application/account HTTP/1.1" 200 10061
[20/Jan/2022 21:09:31] INFO [django.server:157] "GET /application/account HTTP/1.1" 200 10061
[20/Jan/2022 21:09:31] INFO [django.server:157] "GET /static/application/styles_app.css HTTP/1.1" 200 17555
[20/Jan/2022 21:09:31] INFO [django.server:157] "GET /static/application/styles_app.css HTTP/1.1" 200 17555
[20/Jan/2022 21:09:32] INFO [django.server:157] "GET /static/application/images/BackArrow-white.svg HTTP/1.1" 200 798
[20/Jan/2022 21:09:32] INFO [django.server:157] "GET /static/application/images/BackArrow-white.svg HTTP/1.1" 200 798
[20/Jan/2022 21:09:32] INFO [django.server:157] "GET /static/application/images/BackArrow-darkblue.svg HTTP/1.1" 200 801
[20/Jan/2022 21:09:32] INFO [django.server:157] "GET /static/application/images/BackArrow-darkblue.svg HTTP/1.1" 200 801
[20/Jan/2022 21:09:33] WARNING [django.request:224] Not Found: /favicon.ico
[20/Jan/2022 21:09:33] WARNING [django.request:224] Not Found: /favicon.ico
[20/Jan/2022 21:09:33] WARNING [django.server:157] "GET /favicon.ico HTTP/1.1" 404 2878
[20/Jan/2022 21:09:33] WARNING [django.server:157] "GET /favicon.ico HTTP/1.1" 404 2878
[20/Jan/2022 21:09:41] INFO [django.server:157] "GET /application/account HTTP/1.1" 200 10061
[20/Jan/2022 21:09:41] INFO [django.server:157] "GET /application/account HTTP/1.1" 200 10061
[20/Jan/2022 21:09:41] INFO [django.server:157] "GET /static/application/styles_app.css HTTP/1.1" 200 17555
[20/Jan/2022 21:09:41] INFO [django.server:157] "GET /static/application/styles_app.css HTTP/1.1" 200 17555
[20/Jan/2022 21:09:41] INFO [django.server:157] "GET /static/application/images/BackArrow-white.svg HTTP/1.1" 200 798
[20/Jan/2022 21:09:41] INFO [django.server:157] "GET /static/application/images/BackArrow-white.svg HTTP/1.1" 200 798
[20/Jan/2022 21:09:41] INFO [django.server:157] "GET /static/application/images/BackArrow-darkblue.svg HTTP/1.1" 200 801
[20/Jan/2022 21:09:41] INFO [django.server:157] "GET /static/application/images/BackArrow-darkblue.svg HTTP/1.1" 200 801
[20/Jan/2022 21:09:42] WARNING [django.request:224] Not Found: /favicon.ico
[20/Jan/2022 21:09:42] WARNING [django.request:224] Not Found: /favicon.ico
[20/Jan/2022 21:09:42] WARNING [django.server:157] "GET /favicon.ico HTTP/1.1" 404 2878
[20/Jan/2022 21:09:42] WARNING [django.server:157] "GET /favicon.ico HTTP/1.1" 404 2878
[20/Jan/2022 21:09:50] INFO [django.server:157] "GET /application/account HTTP/1.1" 200 10061
[20/Jan/2022 21:09:50] INFO [django.server:157] "GET /application/account HTTP/1.1" 200 10061
[20/Jan/2022 21:09:50] INFO [django.server:157] "GET /static/application/styles_app.css HTTP/1.1" 200 17555
[20/Jan/2022 21:09:50] INFO [django.server:157] "GET /static/application/styles_app.css HTTP/1.1" 200 17555
[20/Jan/2022 21:09:51] INFO [django.server:157] "GET /static/application/images/BackArrow-white.svg HTTP/1.1" 200 798
[20/Jan/2022 21:09:51] INFO [django.server:157] "GET /static/application/images/BackArrow-white.svg HTTP/1.1" 200 798
[20/Jan/2022 21:09:51] INFO [django.server:157] "GET /static/application/images/BackArrow-darkblue.svg HTTP/1.1" 200 801
[20/Jan/2022 21:09:51] INFO [django.server:157] "GET /static/application/images/BackArrow-darkblue.svg HTTP/1.1" 200 801
[20/Jan/2022 21:09:52] WARNING [django.request:224] Not Found: /favicon.ico
[20/Jan/2022 21:09:52] WARNING [django.request:224] Not Found: /favicon.ico
[20/Jan/2022 21:09:52] WARNING [django.server:157] "GET /favicon.ico HTTP/1.1" 404 2878
[20/Jan/2022 21:09:52] WARNING [django.server:157] "GET /favicon.ico HTTP/1.1" 404 2878
[20/Jan/2022 21:10:06] INFO [django.server:157] "GET /application/account HTTP/1.1" 200 10061
[20/Jan/2022 21:10:06] INFO [django.server:157] "GET /application/account HTTP/1.1" 200 10061
[20/Jan/2022 21:10:06] INFO [django.server:157] "GET /static/application/styles_app.css HTTP/1.1" 200 17555
[20/Jan/2022 21:10:06] INFO [django.server:157] "GET /static/application/styles_app.css HTTP/1.1" 200 17555
[20/Jan/2022 21:10:08] INFO [django.server:157] "GET /static/application/images/BackArrow-darkblue.svg HTTP/1.1" 200 801
[20/Jan/2022 21:10:08] INFO [django.server:157] "GET /static/application/images/BackArrow-darkblue.svg HTTP/1.1" 200 801
[20/Jan/2022 21:10:08] INFO [django.server:157] "GET /static/application/images/BackArrow-white.svg HTTP/1.1" 200 798
[20/Jan/2022 21:10:08] INFO [django.server:157] "GET /static/application/images/BackArrow-white.svg HTTP/1.1" 200 798
[20/Jan/2022 21:10:08] WARNING [django.request:224] Not Found: /favicon.ico
[20/Jan/2022 21:10:08] WARNING [django.request:224] Not Found: /favicon.ico
[20/Jan/2022 21:10:08] WARNING [django.server:157] "GET /favicon.ico HTTP/1.1" 404 2878
[20/Jan/2022 21:10:08] WARNING [django.server:157] "GET /favicon.ico HTTP/1.1" 404 2878
[20/Jan/2022 21:11:27] INFO [django.server:157] "GET /application/account HTTP/1.1" 200 10060
[20/Jan/2022 21:11:27] INFO [django.server:157] "GET /application/account HTTP/1.1" 200 10060
[20/Jan/2022 21:11:27] INFO [django.server:157] "GET /static/application/styles_app.css HTTP/1.1" 200 17555
[20/Jan/2022 21:11:27] INFO [django.server:157] "GET /static/application/styles_app.css HTTP/1.1" 200 17555
[20/Jan/2022 21:11:28] INFO [django.server:157] "GET /static/application/images/BackArrow-darkblue.svg HTTP/1.1" 200 801
[20/Jan/2022 21:11:28] INFO [django.server:157] "GET /static/application/images/BackArrow-darkblue.svg HTTP/1.1" 200 801
[20/Jan/2022 21:11:28] INFO [django.server:157] "GET /static/application/images/BackArrow-white.svg HTTP/1.1" 200 798
[20/Jan/2022 21:11:28] INFO [django.server:157] "GET /static/application/images/BackArrow-white.svg HTTP/1.1" 200 798
[20/Jan/2022 21:11:29] WARNING [django.request:224] Not Found: /favicon.ico
[20/Jan/2022 21:11:29] WARNING [django.request:224] Not Found: /favicon.ico
[20/Jan/2022 21:11:29] WARNING [django.server:157] "GET /favicon.ico HTTP/1.1" 404 2878
[20/Jan/2022 21:11:29] WARNING [django.server:157] "GET /favicon.ico HTTP/1.1" 404 2878
[20/Jan/2022 21:11:37] INFO [django.server:157] "GET /application/account HTTP/1.1" 200 10060
[20/Jan/2022 21:11:37] INFO [django.server:157] "GET /application/account HTTP/1.1" 200 10060
[20/Jan/2022 21:11:37] INFO [django.server:157] "GET /static/application/styles_app.css HTTP/1.1" 200 17555
[20/Jan/2022 21:11:37] INFO [django.server:157] "GET /static/application/styles_app.css HTTP/1.1" 200 17555
[20/Jan/2022 21:11:37] INFO [django.server:157] "GET /static/application/images/BackArrow-white.svg HTTP/1.1" 200 798
[20/Jan/2022 21:11:37] INFO [django.server:157] "GET /static/application/images/BackArrow-white.svg HTTP/1.1" 200 798
[20/Jan/2022 21:11:37] INFO [django.server:157] "GET /static/application/images/BackArrow-darkblue.svg HTTP/1.1" 200 801
[20/Jan/2022 21:11:37] INFO [django.server:157] "GET /static/application/images/BackArrow-darkblue.svg HTTP/1.1" 200 801
[20/Jan/2022 21:11:37] WARNING [django.request:224] Not Found: /favicon.ico
[20/Jan/2022 21:11:37] WARNING [django.request:224] Not Found: /favicon.ico
[20/Jan/2022 21:11:37] WARNING [django.server:157] "GET /favicon.ico HTTP/1.1" 404 2878
[20/Jan/2022 21:11:37] WARNING [django.server:157] "GET /favicon.ico HTTP/1.1" 404 2878
[20/Jan/2022 21:11:46] INFO [django.server:157] "GET /application/account HTTP/1.1" 200 10060
[20/Jan/2022 21:11:46] INFO [django.server:157] "GET /application/account HTTP/1.1" 200 10060
[20/Jan/2022 21:11:46] INFO [django.server:157] "GET /static/application/styles_app.css HTTP/1.1" 200 17555
[20/Jan/2022 21:11:46] INFO [django.server:157] "GET /static/application/styles_app.css HTTP/1.1" 200 17555
[20/Jan/2022 21:11:47] INFO [django.server:157] "GET /static/application/images/BackArrow-darkblue.svg HTTP/1.1" 200 801
[20/Jan/2022 21:11:47] INFO [django.server:157] "GET /static/application/images/BackArrow-darkblue.svg HTTP/1.1" 200 801
[20/Jan/2022 21:11:47] INFO [django.server:157] "GET /static/application/images/BackArrow-white.svg HTTP/1.1" 200 798
[20/Jan/2022 21:11:47] INFO [django.server:157] "GET /static/application/images/BackArrow-white.svg HTTP/1.1" 200 798
[20/Jan/2022 21:11:47] WARNING [django.request:224] Not Found: /favicon.ico
[20/Jan/2022 21:11:47] WARNING [django.request:224] Not Found: /favicon.ico
[20/Jan/2022 21:11:47] WARNING [django.server:157] "GET /favicon.ico HTTP/1.1" 404 2878
[20/Jan/2022 21:11:47] WARNING [django.server:157] "GET /favicon.ico HTTP/1.1" 404 2878
[20/Jan/2022 21:14:16] INFO [django.server:157] "GET /application/account HTTP/1.1" 200 10248
[20/Jan/2022 21:14:16] INFO [django.server:157] "GET /application/account HTTP/1.1" 200 10248
[20/Jan/2022 21:14:16] INFO [django.server:157] "GET /static/application/styles_app.css HTTP/1.1" 200 17555
[20/Jan/2022 21:14:16] INFO [django.server:157] "GET /static/application/styles_app.css HTTP/1.1" 200 17555
[20/Jan/2022 21:14:17] INFO [django.server:157] "GET /static/application/images/BackArrow-white.svg HTTP/1.1" 200 798
[20/Jan/2022 21:14:17] INFO [django.server:157] "GET /static/application/images/BackArrow-white.svg HTTP/1.1" 200 798
[20/Jan/2022 21:14:17] INFO [django.server:157] "GET /static/application/images/BackArrow-darkblue.svg HTTP/1.1" 200 801
[20/Jan/2022 21:14:17] INFO [django.server:157] "GET /static/application/images/BackArrow-darkblue.svg HTTP/1.1" 200 801
[20/Jan/2022 21:14:17] WARNING [django.request:224] Not Found: /favicon.ico
[20/Jan/2022 21:14:17] WARNING [django.request:224] Not Found: /favicon.ico
[20/Jan/2022 21:14:17] WARNING [django.server:157] "GET /favicon.ico HTTP/1.1" 404 2878
[20/Jan/2022 21:14:17] WARNING [django.server:157] "GET /favicon.ico HTTP/1.1" 404 2878
[20/Jan/2022 21:17:08] INFO [django.server:157] "GET /application/account HTTP/1.1" 200 10160
[20/Jan/2022 21:17:08] INFO [django.server:157] "GET /application/account HTTP/1.1" 200 10160
[20/Jan/2022 21:17:08] INFO [django.server:157] "GET /static/application/styles_app.css HTTP/1.1" 200 17555
[20/Jan/2022 21:17:08] INFO [django.server:157] "GET /static/application/styles_app.css HTTP/1.1" 200 17555
[20/Jan/2022 21:17:09] INFO [django.server:157] "GET /static/application/images/BackArrow-white.svg HTTP/1.1" 200 798
[20/Jan/2022 21:17:09] INFO [django.server:157] "GET /static/application/images/BackArrow-white.svg HTTP/1.1" 200 798
[20/Jan/2022 21:17:09] INFO [django.server:157] "GET /static/application/images/BackArrow-darkblue.svg HTTP/1.1" 200 801
[20/Jan/2022 21:17:09] INFO [django.server:157] "GET /static/application/images/BackArrow-darkblue.svg HTTP/1.1" 200 801
[20/Jan/2022 21:17:09] WARNING [django.request:224] Not Found: /favicon.ico
[20/Jan/2022 21:17:09] WARNING [django.request:224] Not Found: /favicon.ico
[20/Jan/2022 21:17:09] WARNING [django.server:157] "GET /favicon.ico HTTP/1.1" 404 2878
[20/Jan/2022 21:17:09] WARNING [django.server:157] "GET /favicon.ico HTTP/1.1" 404 2878
[20/Jan/2022 21:19:42] INFO [django.server:157] "GET /application/account HTTP/1.1" 200 10015
[20/Jan/2022 21:19:42] INFO [django.server:157] "GET /application/account HTTP/1.1" 200 10015
[20/Jan/2022 21:19:42] INFO [django.server:157] "GET /static/application/styles_app.css HTTP/1.1" 200 17555
[20/Jan/2022 21:19:42] INFO [django.server:157] "GET /static/application/styles_app.css HTTP/1.1" 200 17555
[20/Jan/2022 21:19:43] INFO [django.server:157] "GET /static/application/images/BackArrow-darkblue.svg HTTP/1.1" 200 801
[20/Jan/2022 21:19:43] INFO [django.server:157] "GET /static/application/images/BackArrow-white.svg HTTP/1.1" 200 798
[20/Jan/2022 21:19:43] INFO [django.server:157] "GET /static/application/images/BackArrow-white.svg HTTP/1.1" 200 798
[20/Jan/2022 21:19:43] INFO [django.server:157] "GET /static/application/images/BackArrow-darkblue.svg HTTP/1.1" 200 801
[20/Jan/2022 21:19:43] WARNING [django.request:224] Not Found: /favicon.ico
[20/Jan/2022 21:19:43] WARNING [django.request:224] Not Found: /favicon.ico
[20/Jan/2022 21:19:43] WARNING [django.server:157] "GET /favicon.ico HTTP/1.1" 404 2878
[20/Jan/2022 21:19:43] WARNING [django.server:157] "GET /favicon.ico HTTP/1.1" 404 2878
[20/Jan/2022 21:19:58] INFO [django.server:157] "GET /application/account HTTP/1.1" 200 10015
[20/Jan/2022 21:19:58] INFO [django.server:157] "GET /application/account HTTP/1.1" 200 10015
[20/Jan/2022 21:19:58] INFO [django.server:157] "GET /static/application/styles_app.css HTTP/1.1" 200 17555
[20/Jan/2022 21:19:58] INFO [django.server:157] "GET /static/application/styles_app.css HTTP/1.1" 200 17555
[20/Jan/2022 21:19:59] INFO [django.server:157] "GET /static/application/images/BackArrow-white.svg HTTP/1.1" 200 798
[20/Jan/2022 21:19:59] INFO [django.server:157] "GET /static/application/images/BackArrow-white.svg HTTP/1.1" 200 798
[20/Jan/2022 21:19:59] INFO [django.server:157] "GET /static/application/images/BackArrow-darkblue.svg HTTP/1.1" 200 801
[20/Jan/2022 21:19:59] INFO [django.server:157] "GET /static/application/images/BackArrow-darkblue.svg HTTP/1.1" 200 801
[20/Jan/2022 21:19:59] WARNING [django.request:224] Not Found: /favicon.ico
[20/Jan/2022 21:19:59] WARNING [django.request:224] Not Found: /favicon.ico
[20/Jan/2022 21:19:59] WARNING [django.server:157] "GET /favicon.ico HTTP/1.1" 404 2878
[20/Jan/2022 21:19:59] WARNING [django.server:157] "GET /favicon.ico HTTP/1.1" 404 2878
[20/Jan/2022 21:20:03] INFO [django.server:157] "GET /application/account HTTP/1.1" 200 9901
[20/Jan/2022 21:20:03] INFO [django.server:157] "GET /application/account HTTP/1.1" 200 9901
[20/Jan/2022 21:20:03] INFO [django.server:157] "GET /static/application/styles_app.css HTTP/1.1" 200 17555
[20/Jan/2022 21:20:03] INFO [django.server:157] "GET /static/application/styles_app.css HTTP/1.1" 200 17555
[20/Jan/2022 21:20:04] INFO [django.server:157] "GET /static/application/images/BackArrow-white.svg HTTP/1.1" 200 798
[20/Jan/2022 21:20:04] INFO [django.server:157] "GET /static/application/images/BackArrow-white.svg HTTP/1.1" 200 798
[20/Jan/2022 21:20:04] INFO [django.server:157] "GET /static/application/images/BackArrow-darkblue.svg HTTP/1.1" 200 801
[20/Jan/2022 21:20:04] INFO [django.server:157] "GET /static/application/images/BackArrow-darkblue.svg HTTP/1.1" 200 801
[20/Jan/2022 21:20:04] WARNING [django.request:224] Not Found: /favicon.ico
[20/Jan/2022 21:20:04] WARNING [django.request:224] Not Found: /favicon.ico
[20/Jan/2022 21:20:04] WARNING [django.server:157] "GET /favicon.ico HTTP/1.1" 404 2878
[20/Jan/2022 21:20:04] WARNING [django.server:157] "GET /favicon.ico HTTP/1.1" 404 2878
[20/Jan/2022 21:20:33] INFO [django.server:157] "GET /application/account HTTP/1.1" 200 10016
[20/Jan/2022 21:20:33] INFO [django.server:157] "GET /application/account HTTP/1.1" 200 10016
[20/Jan/2022 21:20:33] INFO [django.server:157] "GET /static/application/styles_app.css HTTP/1.1" 200 17555
[20/Jan/2022 21:20:33] INFO [django.server:157] "GET /static/application/styles_app.css HTTP/1.1" 200 17555
[20/Jan/2022 21:20:34] INFO [django.server:157] "GET /static/application/images/BackArrow-darkblue.svg HTTP/1.1" 200 801
[20/Jan/2022 21:20:34] INFO [django.server:157] "GET /static/application/images/BackArrow-darkblue.svg HTTP/1.1" 200 801
[20/Jan/2022 21:20:34] INFO [django.server:157] "GET /static/application/images/BackArrow-white.svg HTTP/1.1" 200 798
[20/Jan/2022 21:20:34] INFO [django.server:157] "GET /static/application/images/BackArrow-white.svg HTTP/1.1" 200 798
[20/Jan/2022 21:20:34] WARNING [django.request:224] Not Found: /favicon.ico
[20/Jan/2022 21:20:34] WARNING [django.request:224] Not Found: /favicon.ico
[20/Jan/2022 21:20:34] WARNING [django.server:157] "GET /favicon.ico HTTP/1.1" 404 2878
[20/Jan/2022 21:20:34] WARNING [django.server:157] "GET /favicon.ico HTTP/1.1" 404 2878
[20/Jan/2022 21:20:41] INFO [django.server:157] "GET /application/account HTTP/1.1" 200 10016
[20/Jan/2022 21:20:41] INFO [django.server:157] "GET /application/account HTTP/1.1" 200 10016
[20/Jan/2022 21:20:41] INFO [django.server:157] "GET /static/application/styles_app.css HTTP/1.1" 200 17555
[20/Jan/2022 21:20:41] INFO [django.server:157] "GET /static/application/styles_app.css HTTP/1.1" 200 17555
[20/Jan/2022 21:20:41] INFO [django.server:157] "GET /static/application/images/BackArrow-darkblue.svg HTTP/1.1" 200 801
[20/Jan/2022 21:20:41] INFO [django.server:157] "GET /static/application/images/BackArrow-darkblue.svg HTTP/1.1" 200 801
[20/Jan/2022 21:20:41] INFO [django.server:157] "GET /static/application/images/BackArrow-white.svg HTTP/1.1" 200 798
[20/Jan/2022 21:20:41] INFO [django.server:157] "GET /static/application/images/BackArrow-white.svg HTTP/1.1" 200 798
[20/Jan/2022 21:20:41] WARNING [django.request:224] Not Found: /favicon.ico
[20/Jan/2022 21:20:41] WARNING [django.request:224] Not Found: /favicon.ico
[20/Jan/2022 21:20:41] WARNING [django.server:157] "GET /favicon.ico HTTP/1.1" 404 2878
[20/Jan/2022 21:20:41] WARNING [django.server:157] "GET /favicon.ico HTTP/1.1" 404 2878
[20/Jan/2022 21:20:48] INFO [django.server:157] "GET /application/account HTTP/1.1" 200 10016
[20/Jan/2022 21:20:48] INFO [django.server:157] "GET /application/account HTTP/1.1" 200 10016
[20/Jan/2022 21:21:08] INFO [django.server:157] "GET /application/account HTTP/1.1" 200 10016
[20/Jan/2022 21:21:08] INFO [django.server:157] "GET /application/account HTTP/1.1" 200 10016
[20/Jan/2022 21:21:37] INFO [django.server:157] "GET /application/account HTTP/1.1" 200 10139
[20/Jan/2022 21:21:37] INFO [django.server:157] "GET /application/account HTTP/1.1" 200 10139
[20/Jan/2022 21:21:37] INFO [django.server:157] "GET /static/application/styles_app.css HTTP/1.1" 200 17555
[20/Jan/2022 21:21:37] INFO [django.server:157] "GET /static/application/styles_app.css HTTP/1.1" 200 17555
[20/Jan/2022 21:21:38] INFO [django.server:157] "GET /static/application/images/BackArrow-darkblue.svg HTTP/1.1" 200 801
[20/Jan/2022 21:21:38] INFO [django.server:157] "GET /static/application/images/BackArrow-darkblue.svg HTTP/1.1" 200 801
[20/Jan/2022 21:21:38] INFO [django.server:157] "GET /static/application/images/BackArrow-white.svg HTTP/1.1" 200 798
[20/Jan/2022 21:21:38] INFO [django.server:157] "GET /static/application/images/BackArrow-white.svg HTTP/1.1" 200 798
[20/Jan/2022 21:21:38] WARNING [django.request:224] Not Found: /favicon.ico
[20/Jan/2022 21:21:38] WARNING [django.request:224] Not Found: /favicon.ico
[20/Jan/2022 21:21:38] WARNING [django.server:157] "GET /favicon.ico HTTP/1.1" 404 2878
[20/Jan/2022 21:21:38] WARNING [django.server:157] "GET /favicon.ico HTTP/1.1" 404 2878
[20/Jan/2022 21:21:47] INFO [django.server:157] "GET /application/account HTTP/1.1" 200 10139
[20/Jan/2022 21:21:47] INFO [django.server:157] "GET /application/account HTTP/1.1" 200 10139
[20/Jan/2022 21:21:47] INFO [django.server:157] "GET /static/application/styles_app.css HTTP/1.1" 200 17555
[20/Jan/2022 21:21:47] INFO [django.server:157] "GET /static/application/styles_app.css HTTP/1.1" 200 17555
[20/Jan/2022 21:21:47] INFO [django.server:157] "GET /static/application/images/BackArrow-darkblue.svg HTTP/1.1" 200 801
[20/Jan/2022 21:21:47] INFO [django.server:157] "GET /static/application/images/BackArrow-darkblue.svg HTTP/1.1" 200 801
[20/Jan/2022 21:21:47] INFO [django.server:157] "GET /static/application/images/BackArrow-white.svg HTTP/1.1" 200 798
[20/Jan/2022 21:21:47] INFO [django.server:157] "GET /static/application/images/BackArrow-white.svg HTTP/1.1" 200 798
[20/Jan/2022 21:21:47] WARNING [django.request:224] Not Found: /favicon.ico
[20/Jan/2022 21:21:47] WARNING [django.request:224] Not Found: /favicon.ico
[20/Jan/2022 21:21:47] WARNING [django.server:157] "GET /favicon.ico HTTP/1.1" 404 2878
[20/Jan/2022 21:21:47] WARNING [django.server:157] "GET /favicon.ico HTTP/1.1" 404 2878
[20/Jan/2022 21:22:03] INFO [django.server:157] "GET /application/account HTTP/1.1" 200 10139
[20/Jan/2022 21:22:03] INFO [django.server:157] "GET /application/account HTTP/1.1" 200 10139
[20/Jan/2022 21:22:03] INFO [django.server:157] "GET /static/application/styles_app.css HTTP/1.1" 200 17555
[20/Jan/2022 21:22:03] INFO [django.server:157] "GET /static/application/styles_app.css HTTP/1.1" 200 17555
[20/Jan/2022 21:22:04] INFO [django.server:157] "GET /static/application/images/BackArrow-darkblue.svg HTTP/1.1" 200 801
[20/Jan/2022 21:22:04] INFO [django.server:157] "GET /static/application/images/BackArrow-darkblue.svg HTTP/1.1" 200 801
[20/Jan/2022 21:22:04] INFO [django.server:157] "GET /static/application/images/BackArrow-white.svg HTTP/1.1" 200 798
[20/Jan/2022 21:22:04] INFO [django.server:157] "GET /static/application/images/BackArrow-white.svg HTTP/1.1" 200 798
[20/Jan/2022 21:22:04] WARNING [django.request:224] Not Found: /favicon.ico
[20/Jan/2022 21:22:04] WARNING [django.request:224] Not Found: /favicon.ico
[20/Jan/2022 21:22:04] WARNING [django.server:157] "GET /favicon.ico HTTP/1.1" 404 2878
[20/Jan/2022 21:22:04] WARNING [django.server:157] "GET /favicon.ico HTTP/1.1" 404 2878
[20/Jan/2022 21:25:13] INFO [django.server:157] "GET /application/account HTTP/1.1" 200 10100
[20/Jan/2022 21:25:13] INFO [django.server:157] "GET /application/account HTTP/1.1" 200 10100
[20/Jan/2022 21:25:13] INFO [django.server:157] "GET /static/application/styles_app.css HTTP/1.1" 200 17555
[20/Jan/2022 21:25:13] INFO [django.server:157] "GET /static/application/styles_app.css HTTP/1.1" 200 17555
[20/Jan/2022 21:25:14] INFO [django.server:157] "GET /static/application/images/BackArrow-darkblue.svg HTTP/1.1" 200 801
[20/Jan/2022 21:25:14] INFO [django.server:157] "GET /static/application/images/BackArrow-darkblue.svg HTTP/1.1" 200 801
[20/Jan/2022 21:25:14] INFO [django.server:157] "GET /static/application/images/BackArrow-white.svg HTTP/1.1" 200 798
[20/Jan/2022 21:25:14] INFO [django.server:157] "GET /static/application/images/BackArrow-white.svg HTTP/1.1" 200 798
[20/Jan/2022 21:25:14] WARNING [django.request:224] Not Found: /favicon.ico
[20/Jan/2022 21:25:14] WARNING [django.request:224] Not Found: /favicon.ico
[20/Jan/2022 21:25:14] WARNING [django.server:157] "GET /favicon.ico HTTP/1.1" 404 2878
[20/Jan/2022 21:25:14] WARNING [django.server:157] "GET /favicon.ico HTTP/1.1" 404 2878
[20/Jan/2022 21:25:36] INFO [django.server:157] "GET /application/account HTTP/1.1" 200 10100
[20/Jan/2022 21:25:36] INFO [django.server:157] "GET /application/account HTTP/1.1" 200 10100
[20/Jan/2022 21:25:36] INFO [django.server:157] "GET /static/application/styles_app.css HTTP/1.1" 200 17555
[20/Jan/2022 21:25:36] INFO [django.server:157] "GET /static/application/styles_app.css HTTP/1.1" 200 17555
[20/Jan/2022 21:25:37] INFO [django.server:157] "GET /static/application/images/BackArrow-darkblue.svg HTTP/1.1" 200 801
[20/Jan/2022 21:25:37] INFO [django.server:157] "GET /static/application/images/BackArrow-darkblue.svg HTTP/1.1" 200 801
[20/Jan/2022 21:25:37] INFO [django.server:157] "GET /static/application/images/BackArrow-white.svg HTTP/1.1" 200 798
[20/Jan/2022 21:25:37] INFO [django.server:157] "GET /static/application/images/BackArrow-white.svg HTTP/1.1" 200 798
[20/Jan/2022 21:25:37] WARNING [django.request:224] Not Found: /favicon.ico
[20/Jan/2022 21:25:37] WARNING [django.request:224] Not Found: /favicon.ico
[20/Jan/2022 21:25:37] WARNING [django.server:157] "GET /favicon.ico HTTP/1.1" 404 2878
[20/Jan/2022 21:25:37] WARNING [django.server:157] "GET /favicon.ico HTTP/1.1" 404 2878
[20/Jan/2022 21:31:49] INFO [django.server:157] "GET /application/account HTTP/1.1" 200 10125
[20/Jan/2022 21:31:49] INFO [django.server:157] "GET /application/account HTTP/1.1" 200 10125
[20/Jan/2022 21:31:49] INFO [django.server:157] "GET /static/application/styles_app.css HTTP/1.1" 200 17555
[20/Jan/2022 21:31:49] INFO [django.server:157] "GET /static/application/styles_app.css HTTP/1.1" 200 17555
[20/Jan/2022 21:31:50] INFO [django.server:157] "GET /static/application/images/BackArrow-darkblue.svg HTTP/1.1" 200 801
[20/Jan/2022 21:31:50] INFO [django.server:157] "GET /static/application/images/BackArrow-darkblue.svg HTTP/1.1" 200 801
[20/Jan/2022 21:31:50] INFO [django.server:157] "GET /static/application/images/BackArrow-white.svg HTTP/1.1" 200 798
[20/Jan/2022 21:31:50] INFO [django.server:157] "GET /static/application/images/BackArrow-white.svg HTTP/1.1" 200 798
[20/Jan/2022 21:31:50] WARNING [django.request:224] Not Found: /favicon.ico
[20/Jan/2022 21:31:50] WARNING [django.request:224] Not Found: /favicon.ico
[20/Jan/2022 21:31:50] WARNING [django.server:157] "GET /favicon.ico HTTP/1.1" 404 2878
[20/Jan/2022 21:31:50] WARNING [django.server:157] "GET /favicon.ico HTTP/1.1" 404 2878
[20/Jan/2022 21:31:59] INFO [django.server:157] "GET /application/account HTTP/1.1" 200 10137
[20/Jan/2022 21:31:59] INFO [django.server:157] "GET /application/account HTTP/1.1" 200 10137
[20/Jan/2022 21:31:59] INFO [django.server:157] "GET /static/application/styles_app.css HTTP/1.1" 200 17555
[20/Jan/2022 21:31:59] INFO [django.server:157] "GET /static/application/styles_app.css HTTP/1.1" 200 17555
[20/Jan/2022 21:32:00] INFO [django.server:157] "GET /static/application/images/BackArrow-darkblue.svg HTTP/1.1" 200 801
[20/Jan/2022 21:32:00] INFO [django.server:157] "GET /static/application/images/BackArrow-darkblue.svg HTTP/1.1" 200 801
[20/Jan/2022 21:32:00] INFO [django.server:157] "GET /static/application/images/BackArrow-white.svg HTTP/1.1" 200 798
[20/Jan/2022 21:32:00] INFO [django.server:157] "GET /static/application/images/BackArrow-white.svg HTTP/1.1" 200 798
[20/Jan/2022 21:32:00] WARNING [django.request:224] Not Found: /favicon.ico
[20/Jan/2022 21:32:00] WARNING [django.request:224] Not Found: /favicon.ico
[20/Jan/2022 21:32:00] WARNING [django.server:157] "GET /favicon.ico HTTP/1.1" 404 2878
[20/Jan/2022 21:32:00] WARNING [django.server:157] "GET /favicon.ico HTTP/1.1" 404 2878
[20/Jan/2022 21:34:58] INFO [django.server:157] "GET /application/account HTTP/1.1" 200 10234
[20/Jan/2022 21:34:58] INFO [django.server:157] "GET /application/account HTTP/1.1" 200 10234
[20/Jan/2022 21:34:58] INFO [django.server:157] "GET /static/application/styles_app.css HTTP/1.1" 200 17555
[20/Jan/2022 21:34:58] INFO [django.server:157] "GET /static/application/styles_app.css HTTP/1.1" 200 17555
[20/Jan/2022 21:34:59] INFO [django.server:157] "GET /static/application/images/BackArrow-white.svg HTTP/1.1" 200 798
[20/Jan/2022 21:34:59] INFO [django.server:157] "GET /static/application/images/BackArrow-white.svg HTTP/1.1" 200 798
[20/Jan/2022 21:34:59] INFO [django.server:157] "GET /static/application/images/BackArrow-darkblue.svg HTTP/1.1" 200 801
[20/Jan/2022 21:34:59] INFO [django.server:157] "GET /static/application/images/BackArrow-darkblue.svg HTTP/1.1" 200 801
[20/Jan/2022 21:34:59] WARNING [django.request:224] Not Found: /favicon.ico
[20/Jan/2022 21:34:59] WARNING [django.request:224] Not Found: /favicon.ico
[20/Jan/2022 21:34:59] WARNING [django.server:157] "GET /favicon.ico HTTP/1.1" 404 2878
[20/Jan/2022 21:34:59] WARNING [django.server:157] "GET /favicon.ico HTTP/1.1" 404 2878
[20/Jan/2022 21:36:44] INFO [django.server:157] "GET /application/account HTTP/1.1" 200 10145
[20/Jan/2022 21:36:44] INFO [django.server:157] "GET /application/account HTTP/1.1" 200 10145
[20/Jan/2022 21:36:44] INFO [django.server:157] "GET /static/application/styles_app.css HTTP/1.1" 200 17555
[20/Jan/2022 21:36:44] INFO [django.server:157] "GET /static/application/styles_app.css HTTP/1.1" 200 17555
[20/Jan/2022 21:36:46] INFO [django.server:157] "GET /static/application/images/BackArrow-darkblue.svg HTTP/1.1" 200 801
[20/Jan/2022 21:36:46] INFO [django.server:157] "GET /static/application/images/BackArrow-darkblue.svg HTTP/1.1" 200 801
[20/Jan/2022 21:36:46] INFO [django.server:157] "GET /static/application/images/BackArrow-white.svg HTTP/1.1" 200 798
[20/Jan/2022 21:36:46] INFO [django.server:157] "GET /static/application/images/BackArrow-white.svg HTTP/1.1" 200 798
[20/Jan/2022 21:36:46] WARNING [django.request:224] Not Found: /favicon.ico
[20/Jan/2022 21:36:46] WARNING [django.request:224] Not Found: /favicon.ico
[20/Jan/2022 21:36:46] WARNING [django.server:157] "GET /favicon.ico HTTP/1.1" 404 2878
[20/Jan/2022 21:36:46] WARNING [django.server:157] "GET /favicon.ico HTTP/1.1" 404 2878
[20/Jan/2022 21:36:48] INFO [django.server:157] "GET /application/account HTTP/1.1" 200 10145
[20/Jan/2022 21:36:48] INFO [django.server:157] "GET /application/account HTTP/1.1" 200 10145
[20/Jan/2022 21:36:48] INFO [django.server:157] "GET /static/application/styles_app.css HTTP/1.1" 200 17555
[20/Jan/2022 21:36:48] INFO [django.server:157] "GET /static/application/styles_app.css HTTP/1.1" 200 17555
[20/Jan/2022 21:36:49] INFO [django.server:157] "GET /static/application/images/BackArrow-darkblue.svg HTTP/1.1" 200 801
[20/Jan/2022 21:36:49] INFO [django.server:157] "GET /static/application/images/BackArrow-darkblue.svg HTTP/1.1" 200 801
[20/Jan/2022 21:36:49] INFO [django.server:157] "GET /static/application/images/BackArrow-white.svg HTTP/1.1" 200 798
[20/Jan/2022 21:36:49] INFO [django.server:157] "GET /static/application/images/BackArrow-white.svg HTTP/1.1" 200 798
[20/Jan/2022 21:36:50] WARNING [django.request:224] Not Found: /favicon.ico
[20/Jan/2022 21:36:50] WARNING [django.request:224] Not Found: /favicon.ico
[20/Jan/2022 21:36:50] WARNING [django.server:157] "GET /favicon.ico HTTP/1.1" 404 2878
[20/Jan/2022 21:36:50] WARNING [django.server:157] "GET /favicon.ico HTTP/1.1" 404 2878
[20/Jan/2022 21:36:52] INFO [django.server:157] "GET /application/account HTTP/1.1" 200 10145
[20/Jan/2022 21:36:52] INFO [django.server:157] "GET /application/account HTTP/1.1" 200 10145
[20/Jan/2022 21:36:59] INFO [django.server:157] "GET /application/account HTTP/1.1" 200 10145
[20/Jan/2022 21:36:59] INFO [django.server:157] "GET /application/account HTTP/1.1" 200 10145
[20/Jan/2022 21:37:00] INFO [django.server:157] "GET /static/application/styles_app.css HTTP/1.1" 200 17555
[20/Jan/2022 21:37:00] INFO [django.server:157] "GET /static/application/styles_app.css HTTP/1.1" 200 17555
[20/Jan/2022 21:37:00] INFO [django.server:157] "GET /static/application/images/BackArrow-darkblue.svg HTTP/1.1" 200 801
[20/Jan/2022 21:37:00] INFO [django.server:157] "GET /static/application/images/BackArrow-darkblue.svg HTTP/1.1" 200 801
[20/Jan/2022 21:37:00] INFO [django.server:157] "GET /static/application/images/BackArrow-white.svg HTTP/1.1" 200 798
[20/Jan/2022 21:37:00] INFO [django.server:157] "GET /static/application/images/BackArrow-white.svg HTTP/1.1" 200 798
[20/Jan/2022 21:37:00] WARNING [django.request:224] Not Found: /favicon.ico
[20/Jan/2022 21:37:00] WARNING [django.request:224] Not Found: /favicon.ico
[20/Jan/2022 21:37:00] WARNING [django.server:157] "GET /favicon.ico HTTP/1.1" 404 2878
[20/Jan/2022 21:37:00] WARNING [django.server:157] "GET /favicon.ico HTTP/1.1" 404 2878
[20/Jan/2022 21:37:15] INFO [django.server:157] "GET /application/account HTTP/1.1" 200 10145
[20/Jan/2022 21:37:15] INFO [django.server:157] "GET /application/account HTTP/1.1" 200 10145
[20/Jan/2022 21:37:15] INFO [django.server:157] "GET /static/application/styles_app.css HTTP/1.1" 200 17555
[20/Jan/2022 21:37:15] INFO [django.server:157] "GET /static/application/styles_app.css HTTP/1.1" 200 17555
[20/Jan/2022 21:37:16] INFO [django.server:157] "GET /static/application/images/BackArrow-darkblue.svg HTTP/1.1" 200 801
[20/Jan/2022 21:37:16] INFO [django.server:157] "GET /static/application/images/BackArrow-darkblue.svg HTTP/1.1" 200 801
[20/Jan/2022 21:37:16] INFO [django.server:157] "GET /static/application/images/BackArrow-white.svg HTTP/1.1" 200 798
[20/Jan/2022 21:37:16] INFO [django.server:157] "GET /static/application/images/BackArrow-white.svg HTTP/1.1" 200 798
[20/Jan/2022 21:37:16] WARNING [django.request:224] Not Found: /favicon.ico
[20/Jan/2022 21:37:16] WARNING [django.request:224] Not Found: /favicon.ico
[20/Jan/2022 21:37:16] WARNING [django.server:157] "GET /favicon.ico HTTP/1.1" 404 2878
[20/Jan/2022 21:37:16] WARNING [django.server:157] "GET /favicon.ico HTTP/1.1" 404 2878
[20/Jan/2022 21:39:05] INFO [django.server:157] "GET /application/account HTTP/1.1" 200 10144
[20/Jan/2022 21:39:05] INFO [django.server:157] "GET /application/account HTTP/1.1" 200 10144
[20/Jan/2022 21:39:05] INFO [django.server:157] "GET /static/application/styles_app.css HTTP/1.1" 200 17555
[20/Jan/2022 21:39:05] INFO [django.server:157] "GET /static/application/styles_app.css HTTP/1.1" 200 17555
[20/Jan/2022 21:39:07] INFO [django.server:157] "GET /static/application/images/BackArrow-darkblue.svg HTTP/1.1" 200 801
[20/Jan/2022 21:39:07] INFO [django.server:157] "GET /static/application/images/BackArrow-darkblue.svg HTTP/1.1" 200 801
[20/Jan/2022 21:39:07] INFO [django.server:157] "GET /static/application/images/BackArrow-white.svg HTTP/1.1" 200 798
[20/Jan/2022 21:39:07] INFO [django.server:157] "GET /static/application/images/BackArrow-white.svg HTTP/1.1" 200 798
[20/Jan/2022 21:39:07] WARNING [django.request:224] Not Found: /favicon.ico
[20/Jan/2022 21:39:07] WARNING [django.request:224] Not Found: /favicon.ico
[20/Jan/2022 21:39:07] WARNING [django.server:157] "GET /favicon.ico HTTP/1.1" 404 2878
[20/Jan/2022 21:39:07] WARNING [django.server:157] "GET /favicon.ico HTTP/1.1" 404 2878
[20/Jan/2022 21:39:18] INFO [django.server:157] "GET /application/account HTTP/1.1" 200 10144
[20/Jan/2022 21:39:18] INFO [django.server:157] "GET /application/account HTTP/1.1" 200 10144
[20/Jan/2022 21:39:18] INFO [django.server:157] "GET /static/application/styles_app.css HTTP/1.1" 200 17555
[20/Jan/2022 21:39:18] INFO [django.server:157] "GET /static/application/styles_app.css HTTP/1.1" 200 17555
[20/Jan/2022 21:39:19] INFO [django.server:157] "GET /static/application/images/BackArrow-darkblue.svg HTTP/1.1" 200 801
[20/Jan/2022 21:39:19] INFO [django.server:157] "GET /static/application/images/BackArrow-darkblue.svg HTTP/1.1" 200 801
[20/Jan/2022 21:39:19] INFO [django.server:157] "GET /static/application/images/BackArrow-white.svg HTTP/1.1" 200 798
[20/Jan/2022 21:39:19] INFO [django.server:157] "GET /static/application/images/BackArrow-white.svg HTTP/1.1" 200 798
[20/Jan/2022 21:39:20] WARNING [django.request:224] Not Found: /favicon.ico
[20/Jan/2022 21:39:20] WARNING [django.request:224] Not Found: /favicon.ico
[20/Jan/2022 21:39:20] WARNING [django.server:157] "GET /favicon.ico HTTP/1.1" 404 2878
[20/Jan/2022 21:39:20] WARNING [django.server:157] "GET /favicon.ico HTTP/1.1" 404 2878
[20/Jan/2022 21:39:41] INFO [django.server:157] "GET /application/account HTTP/1.1" 200 10144
[20/Jan/2022 21:39:41] INFO [django.server:157] "GET /application/account HTTP/1.1" 200 10144
[20/Jan/2022 21:39:41] INFO [django.server:157] "GET /static/application/styles_app.css HTTP/1.1" 200 17555
[20/Jan/2022 21:39:41] INFO [django.server:157] "GET /static/application/styles_app.css HTTP/1.1" 200 17555
[20/Jan/2022 21:39:42] INFO [django.server:157] "GET /static/application/images/BackArrow-darkblue.svg HTTP/1.1" 200 801
[20/Jan/2022 21:39:42] INFO [django.server:157] "GET /static/application/images/BackArrow-darkblue.svg HTTP/1.1" 200 801
[20/Jan/2022 21:39:42] INFO [django.server:157] "GET /static/application/images/BackArrow-white.svg HTTP/1.1" 200 798
[20/Jan/2022 21:39:42] INFO [django.server:157] "GET /static/application/images/BackArrow-white.svg HTTP/1.1" 200 798
[20/Jan/2022 21:39:42] WARNING [django.request:224] Not Found: /favicon.ico
[20/Jan/2022 21:39:42] WARNING [django.request:224] Not Found: /favicon.ico
[20/Jan/2022 21:39:42] WARNING [django.server:157] "GET /favicon.ico HTTP/1.1" 404 2878
[20/Jan/2022 21:39:42] WARNING [django.server:157] "GET /favicon.ico HTTP/1.1" 404 2878
[20/Jan/2022 21:42:55] INFO [django.server:157] "GET /application/account HTTP/1.1" 200 10187
[20/Jan/2022 21:42:55] INFO [django.server:157] "GET /application/account HTTP/1.1" 200 10187
[20/Jan/2022 21:42:55] INFO [django.server:157] "GET /static/application/styles_app.css HTTP/1.1" 200 17555
[20/Jan/2022 21:42:55] INFO [django.server:157] "GET /static/application/styles_app.css HTTP/1.1" 200 17555
[20/Jan/2022 21:42:56] INFO [django.server:157] "GET /static/application/images/BackArrow-darkblue.svg HTTP/1.1" 200 801
[20/Jan/2022 21:42:56] INFO [django.server:157] "GET /static/application/images/BackArrow-darkblue.svg HTTP/1.1" 200 801
[20/Jan/2022 21:42:56] INFO [django.server:157] "GET /static/application/images/BackArrow-white.svg HTTP/1.1" 200 798
[20/Jan/2022 21:42:56] INFO [django.server:157] "GET /static/application/images/BackArrow-white.svg HTTP/1.1" 200 798
[20/Jan/2022 21:42:56] WARNING [django.request:224] Not Found: /favicon.ico
[20/Jan/2022 21:42:56] WARNING [django.request:224] Not Found: /favicon.ico
[20/Jan/2022 21:42:56] WARNING [django.server:157] "GET /favicon.ico HTTP/1.1" 404 2878
[20/Jan/2022 21:42:56] WARNING [django.server:157] "GET /favicon.ico HTTP/1.1" 404 2878
[20/Jan/2022 21:43:06] INFO [django.server:157] "GET /application/account HTTP/1.1" 200 10187
[20/Jan/2022 21:43:06] INFO [django.server:157] "GET /application/account HTTP/1.1" 200 10187
[20/Jan/2022 21:43:07] INFO [django.server:157] "GET /static/application/styles_app.css HTTP/1.1" 200 17555
[20/Jan/2022 21:43:07] INFO [django.server:157] "GET /static/application/styles_app.css HTTP/1.1" 200 17555
[20/Jan/2022 21:43:07] INFO [django.server:157] "GET /static/application/images/BackArrow-white.svg HTTP/1.1" 200 798
[20/Jan/2022 21:43:07] INFO [django.server:157] "GET /static/application/images/BackArrow-white.svg HTTP/1.1" 200 798
[20/Jan/2022 21:43:07] INFO [django.server:157] "GET /static/application/images/BackArrow-darkblue.svg HTTP/1.1" 200 801
[20/Jan/2022 21:43:07] INFO [django.server:157] "GET /static/application/images/BackArrow-darkblue.svg HTTP/1.1" 200 801
[20/Jan/2022 21:43:08] WARNING [django.request:224] Not Found: /favicon.ico
[20/Jan/2022 21:43:08] WARNING [django.request:224] Not Found: /favicon.ico
[20/Jan/2022 21:43:08] WARNING [django.server:157] "GET /favicon.ico HTTP/1.1" 404 2878
[20/Jan/2022 21:43:08] WARNING [django.server:157] "GET /favicon.ico HTTP/1.1" 404 2878
[20/Jan/2022 21:43:33] INFO [django.server:157] "GET /application/account HTTP/1.1" 200 10218
[20/Jan/2022 21:43:33] INFO [django.server:157] "GET /application/account HTTP/1.1" 200 10218
[20/Jan/2022 21:43:33] INFO [django.server:157] "GET /static/application/styles_app.css HTTP/1.1" 200 17555
[20/Jan/2022 21:43:33] INFO [django.server:157] "GET /static/application/styles_app.css HTTP/1.1" 200 17555
[20/Jan/2022 21:43:34] INFO [django.server:157] "GET /static/application/images/BackArrow-darkblue.svg HTTP/1.1" 200 801
[20/Jan/2022 21:43:34] INFO [django.server:157] "GET /static/application/images/BackArrow-darkblue.svg HTTP/1.1" 200 801
[20/Jan/2022 21:43:34] INFO [django.server:157] "GET /static/application/images/BackArrow-white.svg HTTP/1.1" 200 798
[20/Jan/2022 21:43:34] INFO [django.server:157] "GET /static/application/images/BackArrow-white.svg HTTP/1.1" 200 798
[20/Jan/2022 21:43:35] WARNING [django.request:224] Not Found: /favicon.ico
[20/Jan/2022 21:43:35] WARNING [django.request:224] Not Found: /favicon.ico
[20/Jan/2022 21:43:35] WARNING [django.server:157] "GET /favicon.ico HTTP/1.1" 404 2878
[20/Jan/2022 21:43:35] WARNING [django.server:157] "GET /favicon.ico HTTP/1.1" 404 2878
[20/Jan/2022 21:43:59] INFO [django.server:157] "GET /application/account HTTP/1.1" 200 10272
[20/Jan/2022 21:43:59] INFO [django.server:157] "GET /application/account HTTP/1.1" 200 10272
[20/Jan/2022 21:43:59] INFO [django.server:157] "GET /static/application/styles_app.css HTTP/1.1" 200 17555
[20/Jan/2022 21:43:59] INFO [django.server:157] "GET /static/application/styles_app.css HTTP/1.1" 200 17555
[20/Jan/2022 21:44:00] INFO [django.server:157] "GET /static/application/images/BackArrow-white.svg HTTP/1.1" 200 798
[20/Jan/2022 21:44:00] INFO [django.server:157] "GET /static/application/images/BackArrow-white.svg HTTP/1.1" 200 798
[20/Jan/2022 21:44:00] INFO [django.server:157] "GET /static/application/images/BackArrow-darkblue.svg HTTP/1.1" 200 801
[20/Jan/2022 21:44:00] INFO [django.server:157] "GET /static/application/images/BackArrow-darkblue.svg HTTP/1.1" 200 801
[20/Jan/2022 21:44:00] WARNING [django.request:224] Not Found: /favicon.ico
[20/Jan/2022 21:44:00] WARNING [django.request:224] Not Found: /favicon.ico
[20/Jan/2022 21:44:00] WARNING [django.server:157] "GET /favicon.ico HTTP/1.1" 404 2878
[20/Jan/2022 21:44:00] WARNING [django.server:157] "GET /favicon.ico HTTP/1.1" 404 2878
[20/Jan/2022 21:47:23] INFO [django.server:157] "GET /application/account HTTP/1.1" 200 10320
[20/Jan/2022 21:47:23] INFO [django.server:157] "GET /application/account HTTP/1.1" 200 10320
[20/Jan/2022 21:47:23] INFO [django.server:157] "GET /static/application/styles_app.css HTTP/1.1" 200 17555
[20/Jan/2022 21:47:23] INFO [django.server:157] "GET /static/application/styles_app.css HTTP/1.1" 200 17555
[20/Jan/2022 21:47:24] INFO [django.server:157] "GET /static/application/images/BackArrow-white.svg HTTP/1.1" 200 798
[20/Jan/2022 21:47:24] INFO [django.server:157] "GET /static/application/images/BackArrow-white.svg HTTP/1.1" 200 798
[20/Jan/2022 21:47:24] INFO [django.server:157] "GET /static/application/images/BackArrow-darkblue.svg HTTP/1.1" 200 801
[20/Jan/2022 21:47:24] INFO [django.server:157] "GET /static/application/images/BackArrow-darkblue.svg HTTP/1.1" 200 801
[20/Jan/2022 21:47:25] WARNING [django.request:224] Not Found: /favicon.ico
[20/Jan/2022 21:47:25] WARNING [django.request:224] Not Found: /favicon.ico
[20/Jan/2022 21:47:25] WARNING [django.server:157] "GET /favicon.ico HTTP/1.1" 404 2878
[20/Jan/2022 21:47:25] WARNING [django.server:157] "GET /favicon.ico HTTP/1.1" 404 2878
[20/Jan/2022 21:50:35] INFO [django.server:157] "GET /application/account HTTP/1.1" 200 10375
[20/Jan/2022 21:50:35] INFO [django.server:157] "GET /application/account HTTP/1.1" 200 10375
[20/Jan/2022 21:50:35] INFO [django.server:157] "GET /static/application/styles_app.css HTTP/1.1" 200 17555
[20/Jan/2022 21:50:35] INFO [django.server:157] "GET /static/application/styles_app.css HTTP/1.1" 200 17555
[20/Jan/2022 21:50:36] INFO [django.server:157] "GET /static/application/images/BackArrow-darkblue.svg HTTP/1.1" 200 801
[20/Jan/2022 21:50:36] INFO [django.server:157] "GET /static/application/images/BackArrow-white.svg HTTP/1.1" 200 798
[20/Jan/2022 21:50:36] INFO [django.server:157] "GET /static/application/images/BackArrow-white.svg HTTP/1.1" 200 798
[20/Jan/2022 21:50:36] INFO [django.server:157] "GET /static/application/images/BackArrow-darkblue.svg HTTP/1.1" 200 801
[20/Jan/2022 21:50:36] WARNING [django.request:224] Not Found: /favicon.ico
[20/Jan/2022 21:50:36] WARNING [django.request:224] Not Found: /favicon.ico
[20/Jan/2022 21:50:36] WARNING [django.server:157] "GET /favicon.ico HTTP/1.1" 404 2878
[20/Jan/2022 21:50:36] WARNING [django.server:157] "GET /favicon.ico HTTP/1.1" 404 2878
[20/Jan/2022 21:50:45] INFO [django.server:157] "GET /application/account HTTP/1.1" 200 10375
[20/Jan/2022 21:50:45] INFO [django.server:157] "GET /application/account HTTP/1.1" 200 10375
[20/Jan/2022 21:50:46] INFO [django.server:157] "GET /static/application/styles_app.css HTTP/1.1" 200 17555
[20/Jan/2022 21:50:46] INFO [django.server:157] "GET /static/application/styles_app.css HTTP/1.1" 200 17555
[20/Jan/2022 21:50:46] INFO [django.server:157] "GET /static/application/images/BackArrow-darkblue.svg HTTP/1.1" 200 801
[20/Jan/2022 21:50:46] INFO [django.server:157] "GET /static/application/images/BackArrow-darkblue.svg HTTP/1.1" 200 801
[20/Jan/2022 21:50:46] INFO [django.server:157] "GET /static/application/images/BackArrow-white.svg HTTP/1.1" 200 798
[20/Jan/2022 21:50:46] INFO [django.server:157] "GET /static/application/images/BackArrow-white.svg HTTP/1.1" 200 798
[20/Jan/2022 21:50:46] WARNING [django.request:224] Not Found: /favicon.ico
[20/Jan/2022 21:50:46] WARNING [django.request:224] Not Found: /favicon.ico
[20/Jan/2022 21:50:47] WARNING [django.server:157] "GET /favicon.ico HTTP/1.1" 404 2878
[20/Jan/2022 21:50:47] WARNING [django.server:157] "GET /favicon.ico HTTP/1.1" 404 2878
[20/Jan/2022 21:55:57] INFO [django.server:157] "GET /application/account HTTP/1.1" 200 10242
[20/Jan/2022 21:55:57] INFO [django.server:157] "GET /application/account HTTP/1.1" 200 10242
[20/Jan/2022 21:55:57] INFO [django.server:157] "GET /static/application/styles_app.css HTTP/1.1" 200 17555
[20/Jan/2022 21:55:57] INFO [django.server:157] "GET /static/application/styles_app.css HTTP/1.1" 200 17555
[20/Jan/2022 21:55:59] INFO [django.server:157] "GET /static/application/images/BackArrow-darkblue.svg HTTP/1.1" 200 801
[20/Jan/2022 21:55:59] INFO [django.server:157] "GET /static/application/images/BackArrow-darkblue.svg HTTP/1.1" 200 801
[20/Jan/2022 21:55:59] INFO [django.server:157] "GET /static/application/images/BackArrow-white.svg HTTP/1.1" 200 798
[20/Jan/2022 21:55:59] INFO [django.server:157] "GET /static/application/images/BackArrow-white.svg HTTP/1.1" 200 798
[20/Jan/2022 21:55:59] WARNING [django.request:224] Not Found: /favicon.ico
[20/Jan/2022 21:55:59] WARNING [django.request:224] Not Found: /favicon.ico
[20/Jan/2022 21:55:59] WARNING [django.server:157] "GET /favicon.ico HTTP/1.1" 404 2878
[20/Jan/2022 21:55:59] WARNING [django.server:157] "GET /favicon.ico HTTP/1.1" 404 2878
[20/Jan/2022 21:56:10] INFO [django.server:157] "GET /application/account HTTP/1.1" 200 10242
[20/Jan/2022 21:56:10] INFO [django.server:157] "GET /application/account HTTP/1.1" 200 10242
[20/Jan/2022 21:56:10] INFO [django.server:157] "GET /static/application/styles_app.css HTTP/1.1" 200 17555
[20/Jan/2022 21:56:10] INFO [django.server:157] "GET /static/application/styles_app.css HTTP/1.1" 200 17555
[20/Jan/2022 21:56:11] INFO [django.server:157] "GET /static/application/images/BackArrow-darkblue.svg HTTP/1.1" 200 801
[20/Jan/2022 21:56:11] INFO [django.server:157] "GET /static/application/images/BackArrow-darkblue.svg HTTP/1.1" 200 801
[20/Jan/2022 21:56:11] INFO [django.server:157] "GET /static/application/images/BackArrow-white.svg HTTP/1.1" 200 798
[20/Jan/2022 21:56:11] INFO [django.server:157] "GET /static/application/images/BackArrow-white.svg HTTP/1.1" 200 798
[20/Jan/2022 21:56:12] WARNING [django.request:224] Not Found: /favicon.ico
[20/Jan/2022 21:56:12] WARNING [django.request:224] Not Found: /favicon.ico
[20/Jan/2022 21:56:12] WARNING [django.server:157] "GET /favicon.ico HTTP/1.1" 404 2878
[20/Jan/2022 21:56:12] WARNING [django.server:157] "GET /favicon.ico HTTP/1.1" 404 2878
[20/Jan/2022 21:58:08] INFO [django.server:157] "GET /application/account HTTP/1.1" 200 10406
[20/Jan/2022 21:58:08] INFO [django.server:157] "GET /application/account HTTP/1.1" 200 10406
[20/Jan/2022 21:58:08] INFO [django.server:157] "GET /static/application/styles_app.css HTTP/1.1" 200 17555
[20/Jan/2022 21:58:08] INFO [django.server:157] "GET /static/application/styles_app.css HTTP/1.1" 200 17555
[20/Jan/2022 21:58:09] INFO [django.server:157] "GET /static/application/images/BackArrow-darkblue.svg HTTP/1.1" 200 801
[20/Jan/2022 21:58:09] INFO [django.server:157] "GET /static/application/images/BackArrow-darkblue.svg HTTP/1.1" 200 801
[20/Jan/2022 21:58:09] INFO [django.server:157] "GET /static/application/images/BackArrow-white.svg HTTP/1.1" 200 798
[20/Jan/2022 21:58:09] INFO [django.server:157] "GET /static/application/images/BackArrow-white.svg HTTP/1.1" 200 798
[20/Jan/2022 21:58:09] WARNING [django.request:224] Not Found: /favicon.ico
[20/Jan/2022 21:58:09] WARNING [django.request:224] Not Found: /favicon.ico
[20/Jan/2022 21:58:09] WARNING [django.server:157] "GET /favicon.ico HTTP/1.1" 404 2878
[20/Jan/2022 21:58:09] WARNING [django.server:157] "GET /favicon.ico HTTP/1.1" 404 2878
[20/Jan/2022 21:58:23] INFO [django.server:157] "GET /application/account HTTP/1.1" 200 10406
[20/Jan/2022 21:58:23] INFO [django.server:157] "GET /application/account HTTP/1.1" 200 10406
[20/Jan/2022 21:58:23] INFO [django.server:157] "GET /static/application/styles_app.css HTTP/1.1" 200 17555
[20/Jan/2022 21:58:23] INFO [django.server:157] "GET /static/application/styles_app.css HTTP/1.1" 200 17555
[20/Jan/2022 21:58:24] INFO [django.server:157] "GET /static/application/images/BackArrow-white.svg HTTP/1.1" 200 798
[20/Jan/2022 21:58:24] INFO [django.server:157] "GET /static/application/images/BackArrow-white.svg HTTP/1.1" 200 798
[20/Jan/2022 21:58:24] INFO [django.server:157] "GET /static/application/images/BackArrow-darkblue.svg HTTP/1.1" 200 801
[20/Jan/2022 21:58:24] INFO [django.server:157] "GET /static/application/images/BackArrow-darkblue.svg HTTP/1.1" 200 801
[20/Jan/2022 21:58:24] WARNING [django.request:224] Not Found: /favicon.ico
[20/Jan/2022 21:58:24] WARNING [django.request:224] Not Found: /favicon.ico
[20/Jan/2022 21:58:24] WARNING [django.server:157] "GET /favicon.ico HTTP/1.1" 404 2878
[20/Jan/2022 21:58:24] WARNING [django.server:157] "GET /favicon.ico HTTP/1.1" 404 2878
[20/Jan/2022 21:58:59] INFO [django.server:157] "GET /application/account HTTP/1.1" 200 10382
[20/Jan/2022 21:58:59] INFO [django.server:157] "GET /application/account HTTP/1.1" 200 10382
[20/Jan/2022 21:58:59] INFO [django.server:157] "GET /static/application/styles_app.css HTTP/1.1" 200 17555
[20/Jan/2022 21:58:59] INFO [django.server:157] "GET /static/application/styles_app.css HTTP/1.1" 200 17555
[20/Jan/2022 21:59:00] INFO [django.server:157] "GET /static/application/images/BackArrow-darkblue.svg HTTP/1.1" 200 801
[20/Jan/2022 21:59:00] INFO [django.server:157] "GET /static/application/images/BackArrow-darkblue.svg HTTP/1.1" 200 801
[20/Jan/2022 21:59:00] INFO [django.server:157] "GET /static/application/images/BackArrow-white.svg HTTP/1.1" 200 798
[20/Jan/2022 21:59:00] INFO [django.server:157] "GET /static/application/images/BackArrow-white.svg HTTP/1.1" 200 798
[20/Jan/2022 21:59:00] WARNING [django.request:224] Not Found: /favicon.ico
[20/Jan/2022 21:59:00] WARNING [django.request:224] Not Found: /favicon.ico
[20/Jan/2022 21:59:00] WARNING [django.server:157] "GET /favicon.ico HTTP/1.1" 404 2878
[20/Jan/2022 21:59:00] WARNING [django.server:157] "GET /favicon.ico HTTP/1.1" 404 2878
[20/Jan/2022 22:00:11] INFO [django.server:157] "GET /application/account HTTP/1.1" 200 10360
[20/Jan/2022 22:00:11] INFO [django.server:157] "GET /application/account HTTP/1.1" 200 10360
[20/Jan/2022 22:00:11] INFO [django.server:157] "GET /static/application/styles_app.css HTTP/1.1" 200 17555
[20/Jan/2022 22:00:11] INFO [django.server:157] "GET /static/application/styles_app.css HTTP/1.1" 200 17555
[20/Jan/2022 22:00:12] INFO [django.server:157] "GET /static/application/images/BackArrow-darkblue.svg HTTP/1.1" 200 801
[20/Jan/2022 22:00:12] INFO [django.server:157] "GET /static/application/images/BackArrow-darkblue.svg HTTP/1.1" 200 801
[20/Jan/2022 22:00:12] INFO [django.server:157] "GET /static/application/images/BackArrow-white.svg HTTP/1.1" 200 798
[20/Jan/2022 22:00:12] INFO [django.server:157] "GET /static/application/images/BackArrow-white.svg HTTP/1.1" 200 798
[20/Jan/2022 22:00:13] WARNING [django.request:224] Not Found: /favicon.ico
[20/Jan/2022 22:00:13] WARNING [django.request:224] Not Found: /favicon.ico
[20/Jan/2022 22:00:13] WARNING [django.server:157] "GET /favicon.ico HTTP/1.1" 404 2878
[20/Jan/2022 22:00:13] WARNING [django.server:157] "GET /favicon.ico HTTP/1.1" 404 2878
[20/Jan/2022 22:01:25] INFO [django.server:157] "GET /application/account HTTP/1.1" 200 10374
[20/Jan/2022 22:01:25] INFO [django.server:157] "GET /application/account HTTP/1.1" 200 10374
[20/Jan/2022 22:01:25] INFO [django.server:157] "GET /static/application/styles_app.css HTTP/1.1" 200 17555
[20/Jan/2022 22:01:25] INFO [django.server:157] "GET /static/application/styles_app.css HTTP/1.1" 200 17555
[20/Jan/2022 22:01:25] INFO [django.server:157] "GET /static/application/images/BackArrow-darkblue.svg HTTP/1.1" 200 801
[20/Jan/2022 22:01:25] INFO [django.server:157] "GET /static/application/images/BackArrow-darkblue.svg HTTP/1.1" 200 801
[20/Jan/2022 22:01:25] INFO [django.server:157] "GET /static/application/images/BackArrow-white.svg HTTP/1.1" 200 798
[20/Jan/2022 22:01:25] INFO [django.server:157] "GET /static/application/images/BackArrow-white.svg HTTP/1.1" 200 798
[20/Jan/2022 22:01:26] WARNING [django.request:224] Not Found: /favicon.ico
[20/Jan/2022 22:01:26] WARNING [django.request:224] Not Found: /favicon.ico
[20/Jan/2022 22:01:26] WARNING [django.server:157] "GET /favicon.ico HTTP/1.1" 404 2878
[20/Jan/2022 22:01:26] WARNING [django.server:157] "GET /favicon.ico HTTP/1.1" 404 2878
