[14/Jan/2022 20:46:21] INFO [django.utils.autoreload:617] Watching for file changes with StatReloader
[14/Jan/2022 20:46:21] INFO [django.utils.autoreload:617] Watching for file changes with StatReloader
[14/Jan/2022 20:46:24] INFO [django.server:157] "POST /application/address HTTP/1.1" 200 8453
[14/Jan/2022 20:46:24] INFO [django.server:157] "POST /application/address HTTP/1.1" 200 8453
[14/Jan/2022 20:46:25] INFO [django.server:157] "GET /static/application/styles_app.css HTTP/1.1" 200 17555
[14/Jan/2022 20:46:25] INFO [django.server:157] "GET /static/application/styles_app.css HTTP/1.1" 200 17555
[14/Jan/2022 20:46:25] INFO [django.server:157] "GET /static/application/images/BackArrow-darkblue.svg HTTP/1.1" 200 801
[14/Jan/2022 20:46:25] INFO [django.server:157] "GET /static/application/images/BackArrow-darkblue.svg HTTP/1.1" 200 801
[14/Jan/2022 20:46:25] INFO [django.server:157] "GET /static/application/images/BackArrow-white.svg HTTP/1.1" 200 798
[14/Jan/2022 20:46:25] INFO [django.server:157] "GET /static/application/images/BackArrow-white.svg HTTP/1.1" 200 798
[14/Jan/2022 20:46:25] WARNING [django.request:224] Not Found: /favicon.ico
[14/Jan/2022 20:46:25] WARNING [django.request:224] Not Found: /favicon.ico
[14/Jan/2022 20:46:25] WARNING [django.server:157] "GET /favicon.ico HTTP/1.1" 404 2878
[14/Jan/2022 20:46:25] WARNING [django.server:157] "GET /favicon.ico HTTP/1.1" 404 2878
[14/Jan/2022 20:46:33] INFO [django.server:157] "POST /application/address HTTP/1.1" 200 8453
[14/Jan/2022 20:46:33] INFO [django.server:157] "POST /application/address HTTP/1.1" 200 8453
[14/Jan/2022 20:46:33] INFO [django.server:157] "GET /static/application/styles_app.css HTTP/1.1" 200 17555
[14/Jan/2022 20:46:33] INFO [django.server:157] "GET /static/application/styles_app.css HTTP/1.1" 200 17555
[14/Jan/2022 20:46:33] INFO [django.server:157] "GET /static/application/images/BackArrow-darkblue.svg HTTP/1.1" 200 801
[14/Jan/2022 20:46:33] INFO [django.server:157] "GET /static/application/images/BackArrow-darkblue.svg HTTP/1.1" 200 801
[14/Jan/2022 20:46:33] INFO [django.server:157] "GET /static/application/images/BackArrow-white.svg HTTP/1.1" 200 798
[14/Jan/2022 20:46:33] INFO [django.server:157] "GET /static/application/images/BackArrow-white.svg HTTP/1.1" 200 798
[14/Jan/2022 20:46:33] WARNING [django.request:224] Not Found: /favicon.ico
[14/Jan/2022 20:46:33] WARNING [django.request:224] Not Found: /favicon.ico
[14/Jan/2022 20:46:33] WARNING [django.server:157] "GET /favicon.ico HTTP/1.1" 404 2878
[14/Jan/2022 20:46:33] WARNING [django.server:157] "GET /favicon.ico HTTP/1.1" 404 2878
[14/Jan/2022 20:46:39] INFO [django.server:157] "GET /application/address HTTP/1.1" 200 8235
[14/Jan/2022 20:46:39] INFO [django.server:157] "GET /application/address HTTP/1.1" 200 8235
[14/Jan/2022 20:47:26] INFO [django.server:157] "GET /application/address HTTP/1.1" 200 8240
[14/Jan/2022 20:47:26] INFO [django.server:157] "GET /application/address HTTP/1.1" 200 8240
[14/Jan/2022 20:47:28] INFO [django.server:157] "GET /static/application/styles_app.css HTTP/1.1" 200 17555
[14/Jan/2022 20:47:28] INFO [django.server:157] "GET /static/application/styles_app.css HTTP/1.1" 200 17555
[14/Jan/2022 20:47:29] INFO [django.server:157] "GET /static/application/images/BackArrow-darkblue.svg HTTP/1.1" 200 801
[14/Jan/2022 20:47:29] INFO [django.server:157] "GET /static/application/images/BackArrow-darkblue.svg HTTP/1.1" 200 801
[14/Jan/2022 20:47:29] INFO [django.server:157] "GET /static/application/images/BackArrow-white.svg HTTP/1.1" 200 798
[14/Jan/2022 20:47:29] INFO [django.server:157] "GET /static/application/images/BackArrow-white.svg HTTP/1.1" 200 798
[14/Jan/2022 20:47:29] WARNING [django.request:224] Not Found: /favicon.ico
[14/Jan/2022 20:47:29] WARNING [django.request:224] Not Found: /favicon.ico
[14/Jan/2022 20:47:29] WARNING [django.server:157] "GET /favicon.ico HTTP/1.1" 404 2878
[14/Jan/2022 20:47:29] WARNING [django.server:157] "GET /favicon.ico HTTP/1.1" 404 2878
[14/Jan/2022 20:48:50] INFO [django.utils.autoreload:240] C:\Users\JAndr\OneDrive\Projects\GetYourConnexion\DigitalEquity_MobileVers\mobileVers\application\models.py changed, reloading.
[14/Jan/2022 20:48:50] INFO [django.utils.autoreload:240] C:\Users\JAndr\OneDrive\Projects\GetYourConnexion\DigitalEquity_MobileVers\mobileVers\application\models.py changed, reloading.
