[28/Dec/2021 21:11:52] INFO [django.utils.autoreload:617] Watching for file changes with StatReloader
[28/Dec/2021 21:11:52] INFO [django.utils.autoreload:617] Watching for file changes with StatReloader
[28/Dec/2021 21:11:57] INFO [django.server:157] "GET / HTTP/1.1" 200 13852
[28/Dec/2021 21:11:57] INFO [django.server:157] "GET / HTTP/1.1" 200 13852
[28/Dec/2021 21:11:58] WARNING [django.request:224] Not Found: /favicon.ico
[28/Dec/2021 21:11:58] WARNING [django.request:224] Not Found: /favicon.ico
[28/Dec/2021 21:11:58] WARNING [django.server:157] "GET /favicon.ico HTTP/1.1" 404 2878
[28/Dec/2021 21:11:58] WARNING [django.server:157] "GET /favicon.ico HTTP/1.1" 404 2878
[28/Dec/2021 21:12:04] INFO [django.server:157] "GET /application/account HTTP/1.1" 200 4837
[28/Dec/2021 21:12:04] INFO [django.server:157] "GET /application/account HTTP/1.1" 200 4837
[28/Dec/2021 21:12:04] INFO [django.server:157] "GET /static/application/styles_app.css HTTP/1.1" 304 0
[28/Dec/2021 21:12:04] INFO [django.server:157] "GET /static/application/styles_app.css HTTP/1.1" 304 0
[28/Dec/2021 21:12:05] INFO [django.server:157] "GET /static/application/images/BackArrow-darkblue.svg HTTP/1.1" 200 801
[28/Dec/2021 21:12:05] INFO [django.server:157] "GET /static/application/images/BackArrow-darkblue.svg HTTP/1.1" 200 801
[28/Dec/2021 21:12:05] INFO [django.server:157] "GET /static/application/images/BackArrow-white.svg HTTP/1.1" 200 798
[28/Dec/2021 21:12:05] INFO [django.server:157] "GET /static/application/images/BackArrow-white.svg HTTP/1.1" 200 798
[28/Dec/2021 21:21:24] INFO [django.server:157] "POST /application/account HTTP/1.1" 302 0
[28/Dec/2021 21:21:24] INFO [django.server:157] "POST /application/account HTTP/1.1" 302 0
[28/Dec/2021 21:21:24] INFO [django.server:157] "GET /application/address HTTP/1.1" 200 5337
[28/Dec/2021 21:21:24] INFO [django.server:157] "GET /application/address HTTP/1.1" 200 5337
[28/Dec/2021 21:21:38] WARNING [django.request:224] Not Found: /application/requestProvider.js.map
[28/Dec/2021 21:21:38] WARNING [django.request:224] Not Found: /application/requestProvider.js.map
[28/Dec/2021 21:21:38] WARNING [django.server:157] "GET /application/requestProvider.js.map HTTP/1.1" 404 7634
[28/Dec/2021 21:21:38] WARNING [django.server:157] "GET /application/requestProvider.js.map HTTP/1.1" 404 7634
[28/Dec/2021 21:24:40] INFO [django.server:157] "GET /application/account HTTP/1.1" 200 4837
[28/Dec/2021 21:24:40] INFO [django.server:157] "GET /application/account HTTP/1.1" 200 4837
[28/Dec/2021 21:24:52] INFO [django.server:157] "POST /application/account HTTP/1.1" 302 0
[28/Dec/2021 21:24:52] INFO [django.server:157] "POST /application/account HTTP/1.1" 302 0
[28/Dec/2021 21:24:52] INFO [django.server:157] "GET /application/address HTTP/1.1" 200 5337
[28/Dec/2021 21:24:52] INFO [django.server:157] "GET /application/address HTTP/1.1" 200 5337
[28/Dec/2021 21:25:00] WARNING [django.request:224] Not Found: /application/requestProvider.js.map
[28/Dec/2021 21:25:00] WARNING [django.request:224] Not Found: /application/requestProvider.js.map
[28/Dec/2021 21:25:00] WARNING [django.server:157] "GET /application/requestProvider.js.map HTTP/1.1" 404 7634
[28/Dec/2021 21:25:00] WARNING [django.server:157] "GET /application/requestProvider.js.map HTTP/1.1" 404 7634
[28/Dec/2021 21:25:10] INFO [django.server:157] "GET /application/address HTTP/1.1" 200 5325
[28/Dec/2021 21:25:10] INFO [django.server:157] "GET /application/address HTTP/1.1" 200 5325
[28/Dec/2021 21:25:10] INFO [django.server:157] "GET /static/application/styles_app.css HTTP/1.1" 200 16120
[28/Dec/2021 21:25:10] INFO [django.server:157] "GET /static/application/styles_app.css HTTP/1.1" 200 16120
[28/Dec/2021 21:25:10] INFO [django.server:157] "GET /static/application/images/BackArrow-darkblue.svg HTTP/1.1" 200 801
[28/Dec/2021 21:25:10] INFO [django.server:157] "GET /static/application/images/BackArrow-darkblue.svg HTTP/1.1" 200 801
[28/Dec/2021 21:25:10] INFO [django.server:157] "GET /static/application/images/BackArrow-white.svg HTTP/1.1" 200 798
[28/Dec/2021 21:25:10] INFO [django.server:157] "GET /static/application/images/BackArrow-white.svg HTTP/1.1" 200 798
[28/Dec/2021 21:25:11] WARNING [django.request:224] Not Found: /favicon.ico
[28/Dec/2021 21:25:11] WARNING [django.request:224] Not Found: /favicon.ico
[28/Dec/2021 21:25:11] WARNING [django.server:157] "GET /favicon.ico HTTP/1.1" 404 2878
[28/Dec/2021 21:25:11] WARNING [django.server:157] "GET /favicon.ico HTTP/1.1" 404 2878
[28/Dec/2021 21:25:13] WARNING [django.request:224] Not Found: /application/requestProvider.js.map
[28/Dec/2021 21:25:13] WARNING [django.request:224] Not Found: /application/requestProvider.js.map
[28/Dec/2021 21:25:13] WARNING [django.server:157] "GET /application/requestProvider.js.map HTTP/1.1" 404 7634
[28/Dec/2021 21:25:13] WARNING [django.server:157] "GET /application/requestProvider.js.map HTTP/1.1" 404 7634
[28/Dec/2021 21:26:58] INFO [django.server:157] "GET /application/address HTTP/1.1" 200 5302
[28/Dec/2021 21:26:58] INFO [django.server:157] "GET /application/address HTTP/1.1" 200 5302
[28/Dec/2021 21:26:58] INFO [django.server:157] "GET /static/application/styles_app.css HTTP/1.1" 200 16120
[28/Dec/2021 21:26:58] INFO [django.server:157] "GET /static/application/styles_app.css HTTP/1.1" 200 16120
[28/Dec/2021 21:26:58] INFO [django.server:157] "GET /static/application/images/BackArrow-darkblue.svg HTTP/1.1" 200 801
[28/Dec/2021 21:26:58] INFO [django.server:157] "GET /static/application/images/BackArrow-darkblue.svg HTTP/1.1" 200 801
[28/Dec/2021 21:26:58] INFO [django.server:157] "GET /static/application/images/BackArrow-white.svg HTTP/1.1" 200 798
[28/Dec/2021 21:26:58] INFO [django.server:157] "GET /static/application/images/BackArrow-white.svg HTTP/1.1" 200 798
[28/Dec/2021 21:26:58] WARNING [django.request:224] Not Found: /favicon.ico
[28/Dec/2021 21:26:58] WARNING [django.request:224] Not Found: /favicon.ico
[28/Dec/2021 21:26:58] WARNING [django.server:157] "GET /favicon.ico HTTP/1.1" 404 2878
[28/Dec/2021 21:26:58] WARNING [django.server:157] "GET /favicon.ico HTTP/1.1" 404 2878
[28/Dec/2021 21:27:01] WARNING [django.request:224] Not Found: /application/requestProvider.js.map
[28/Dec/2021 21:27:01] WARNING [django.request:224] Not Found: /application/requestProvider.js.map
[28/Dec/2021 21:27:01] WARNING [django.server:157] "GET /application/requestProvider.js.map HTTP/1.1" 404 7634
[28/Dec/2021 21:27:01] WARNING [django.server:157] "GET /application/requestProvider.js.map HTTP/1.1" 404 7634
[28/Dec/2021 21:27:26] WARNING [django.request:224] Not Found: /application/requestProvider.js.map
[28/Dec/2021 21:27:26] WARNING [django.request:224] Not Found: /application/requestProvider.js.map
[28/Dec/2021 21:27:26] WARNING [django.server:157] "GET /application/requestProvider.js.map HTTP/1.1" 404 7634
[28/Dec/2021 21:27:26] WARNING [django.server:157] "GET /application/requestProvider.js.map HTTP/1.1" 404 7634
[28/Dec/2021 21:29:20] INFO [django.server:157] "GET /application/address HTTP/1.1" 200 5302
[28/Dec/2021 21:29:20] INFO [django.server:157] "GET /application/address HTTP/1.1" 200 5302
[28/Dec/2021 21:29:20] INFO [django.server:157] "GET /static/application/styles_app.css HTTP/1.1" 200 16120
[28/Dec/2021 21:29:20] INFO [django.server:157] "GET /static/application/styles_app.css HTTP/1.1" 200 16120
[28/Dec/2021 21:29:21] INFO [django.server:157] "GET /static/application/images/BackArrow-darkblue.svg HTTP/1.1" 200 801
[28/Dec/2021 21:29:21] INFO [django.server:157] "GET /static/application/images/BackArrow-darkblue.svg HTTP/1.1" 200 801
[28/Dec/2021 21:29:21] INFO [django.server:157] "GET /static/application/images/BackArrow-white.svg HTTP/1.1" 200 798
[28/Dec/2021 21:29:21] INFO [django.server:157] "GET /static/application/images/BackArrow-white.svg HTTP/1.1" 200 798
[28/Dec/2021 21:29:21] WARNING [django.request:224] Not Found: /favicon.ico
[28/Dec/2021 21:29:21] WARNING [django.request:224] Not Found: /favicon.ico
[28/Dec/2021 21:29:21] WARNING [django.server:157] "GET /favicon.ico HTTP/1.1" 404 2878
[28/Dec/2021 21:29:21] WARNING [django.server:157] "GET /favicon.ico HTTP/1.1" 404 2878
[28/Dec/2021 21:29:23] INFO [django.server:157] "GET /application/address HTTP/1.1" 200 5302
[28/Dec/2021 21:29:23] INFO [django.server:157] "GET /application/address HTTP/1.1" 200 5302
[28/Dec/2021 21:29:24] INFO [django.server:157] "GET /static/application/styles_app.css HTTP/1.1" 200 16120
[28/Dec/2021 21:29:24] INFO [django.server:157] "GET /static/application/styles_app.css HTTP/1.1" 200 16120
[28/Dec/2021 21:29:24] INFO [django.server:157] "GET /static/application/images/BackArrow-white.svg HTTP/1.1" 200 798
[28/Dec/2021 21:29:24] INFO [django.server:157] "GET /static/application/images/BackArrow-white.svg HTTP/1.1" 200 798
[28/Dec/2021 21:29:24] INFO [django.server:157] "GET /static/application/images/BackArrow-darkblue.svg HTTP/1.1" 200 801
[28/Dec/2021 21:29:24] INFO [django.server:157] "GET /static/application/images/BackArrow-darkblue.svg HTTP/1.1" 200 801
[28/Dec/2021 21:29:24] WARNING [django.request:224] Not Found: /favicon.ico
[28/Dec/2021 21:29:24] WARNING [django.request:224] Not Found: /favicon.ico
[28/Dec/2021 21:29:24] WARNING [django.server:157] "GET /favicon.ico HTTP/1.1" 404 2878
[28/Dec/2021 21:29:24] WARNING [django.server:157] "GET /favicon.ico HTTP/1.1" 404 2878
[28/Dec/2021 21:29:33] WARNING [django.request:224] Not Found: /application/requestProvider.js.map
[28/Dec/2021 21:29:33] WARNING [django.request:224] Not Found: /application/requestProvider.js.map
[28/Dec/2021 21:29:33] WARNING [django.server:157] "GET /application/requestProvider.js.map HTTP/1.1" 404 7634
[28/Dec/2021 21:29:33] WARNING [django.server:157] "GET /application/requestProvider.js.map HTTP/1.1" 404 7634
[28/Dec/2021 21:29:39] INFO [django.server:157] "GET /application/address HTTP/1.1" 200 5302
[28/Dec/2021 21:29:39] INFO [django.server:157] "GET /application/address HTTP/1.1" 200 5302
[28/Dec/2021 21:29:39] INFO [django.server:157] "GET /static/application/styles_app.css HTTP/1.1" 200 16120
[28/Dec/2021 21:29:39] INFO [django.server:157] "GET /static/application/styles_app.css HTTP/1.1" 200 16120
[28/Dec/2021 21:29:40] INFO [django.server:157] "GET /static/application/images/BackArrow-darkblue.svg HTTP/1.1" 200 801
[28/Dec/2021 21:29:40] INFO [django.server:157] "GET /static/application/images/BackArrow-darkblue.svg HTTP/1.1" 200 801
[28/Dec/2021 21:29:40] INFO [django.server:157] "GET /static/application/images/BackArrow-white.svg HTTP/1.1" 200 798
[28/Dec/2021 21:29:40] INFO [django.server:157] "GET /static/application/images/BackArrow-white.svg HTTP/1.1" 200 798
[28/Dec/2021 21:29:40] WARNING [django.request:224] Not Found: /favicon.ico
[28/Dec/2021 21:29:40] WARNING [django.request:224] Not Found: /favicon.ico
[28/Dec/2021 21:29:40] WARNING [django.server:157] "GET /favicon.ico HTTP/1.1" 404 2878
[28/Dec/2021 21:29:40] WARNING [django.server:157] "GET /favicon.ico HTTP/1.1" 404 2878
[28/Dec/2021 21:30:13] INFO [django.server:157] "GET /application/address HTTP/1.1" 200 5302
[28/Dec/2021 21:30:13] INFO [django.server:157] "GET /application/address HTTP/1.1" 200 5302
[28/Dec/2021 21:30:13] INFO [django.server:157] "GET /static/application/styles_app.css HTTP/1.1" 200 16122
[28/Dec/2021 21:30:13] INFO [django.server:157] "GET /static/application/styles_app.css HTTP/1.1" 200 16122
[28/Dec/2021 21:30:13] INFO [django.server:157] "GET /static/application/images/BackArrow-darkblue.svg HTTP/1.1" 200 801
[28/Dec/2021 21:30:13] INFO [django.server:157] "GET /static/application/images/BackArrow-darkblue.svg HTTP/1.1" 200 801
[28/Dec/2021 21:30:13] INFO [django.server:157] "GET /static/application/images/BackArrow-white.svg HTTP/1.1" 200 798
[28/Dec/2021 21:30:13] INFO [django.server:157] "GET /static/application/images/BackArrow-white.svg HTTP/1.1" 200 798
[28/Dec/2021 21:30:13] WARNING [django.request:224] Not Found: /favicon.ico
[28/Dec/2021 21:30:13] WARNING [django.request:224] Not Found: /favicon.ico
[28/Dec/2021 21:30:13] WARNING [django.server:157] "GET /favicon.ico HTTP/1.1" 404 2878
[28/Dec/2021 21:30:13] WARNING [django.server:157] "GET /favicon.ico HTTP/1.1" 404 2878
[28/Dec/2021 21:30:24] INFO [django.server:157] "GET /static/application/styles_app.css HTTP/1.1" 304 0
[28/Dec/2021 21:30:24] INFO [django.server:157] "GET /static/application/styles_app.css HTTP/1.1" 304 0
[28/Dec/2021 21:30:25] WARNING [django.request:224] Not Found: /application/requestProvider.js.map
[28/Dec/2021 21:30:25] WARNING [django.request:224] Not Found: /application/requestProvider.js.map
[28/Dec/2021 21:30:25] WARNING [django.server:157] "GET /application/requestProvider.js.map HTTP/1.1" 404 7634
[28/Dec/2021 21:30:25] WARNING [django.server:157] "GET /application/requestProvider.js.map HTTP/1.1" 404 7634
[28/Dec/2021 21:30:39] INFO [django.server:157] "POST /application/address HTTP/1.1" 302 0
[28/Dec/2021 21:30:39] INFO [django.server:157] "POST /application/address HTTP/1.1" 302 0
[28/Dec/2021 21:30:40] INFO [django.server:157] "GET /application/addressCorrection HTTP/1.1" 200 4027
[28/Dec/2021 21:30:40] INFO [django.server:157] "GET /application/addressCorrection HTTP/1.1" 200 4027
[28/Dec/2021 21:30:40] INFO [django.server:157] "GET /static/application/styles_app.css HTTP/1.1" 304 0
[28/Dec/2021 21:30:40] INFO [django.server:157] "GET /static/application/styles_app.css HTTP/1.1" 304 0
[28/Dec/2021 21:30:44] INFO [django.server:157] "GET /application/takeUSPSaddress HTTP/1.1" 302 0
[28/Dec/2021 21:30:44] INFO [django.server:157] "GET /application/takeUSPSaddress HTTP/1.1" 302 0
[28/Dec/2021 21:30:46] INFO [django.server:157] "GET /application/addressCorrection HTTP/1.1" 200 4027
[28/Dec/2021 21:30:46] INFO [django.server:157] "GET /application/addressCorrection HTTP/1.1" 200 4027
[28/Dec/2021 21:30:46] INFO [django.server:157] "GET /static/application/styles_app.css HTTP/1.1" 304 0
[28/Dec/2021 21:30:46] INFO [django.server:157] "GET /static/application/styles_app.css HTTP/1.1" 304 0
[28/Dec/2021 21:30:49] INFO [django.server:157] "GET /application/addressCorrection HTTP/1.1" 200 4027
[28/Dec/2021 21:30:49] INFO [django.server:157] "GET /application/addressCorrection HTTP/1.1" 200 4027
[28/Dec/2021 21:30:50] INFO [django.server:157] "GET /application/address HTTP/1.1" 200 5302
[28/Dec/2021 21:30:50] INFO [django.server:157] "GET /application/address HTTP/1.1" 200 5302
[28/Dec/2021 21:31:08] INFO [django.server:157] "POST /application/address HTTP/1.1" 302 0
[28/Dec/2021 21:31:08] INFO [django.server:157] "POST /application/address HTTP/1.1" 302 0
[28/Dec/2021 21:31:09] INFO [django.server:157] "GET /application/addressCorrection HTTP/1.1" 200 3992
[28/Dec/2021 21:31:09] INFO [django.server:157] "GET /application/addressCorrection HTTP/1.1" 200 3992
[28/Dec/2021 21:31:09] INFO [django.server:157] "GET /static/application/styles_app.css HTTP/1.1" 304 0
[28/Dec/2021 21:31:09] INFO [django.server:157] "GET /static/application/styles_app.css HTTP/1.1" 304 0
[28/Dec/2021 21:31:11] WARNING [django.request:224] Not Found: /application/requestProvider.js.map
[28/Dec/2021 21:31:11] WARNING [django.request:224] Not Found: /application/requestProvider.js.map
[28/Dec/2021 21:31:11] WARNING [django.server:157] "GET /application/requestProvider.js.map HTTP/1.1" 404 7634
[28/Dec/2021 21:31:11] WARNING [django.server:157] "GET /application/requestProvider.js.map HTTP/1.1" 404 7634
[28/Dec/2021 21:31:17] INFO [django.server:157] "GET /application/takeUSPSaddress HTTP/1.1" 302 0
[28/Dec/2021 21:31:17] INFO [django.server:157] "GET /application/takeUSPSaddress HTTP/1.1" 302 0
[28/Dec/2021 21:31:18] INFO [django.server:157] "GET /application/inServiceArea HTTP/1.1" 302 0
[28/Dec/2021 21:31:18] INFO [django.server:157] "GET /application/inServiceArea HTTP/1.1" 302 0
[28/Dec/2021 21:31:18] INFO [django.server:157] "GET /application/finances HTTP/1.1" 200 8122
[28/Dec/2021 21:31:18] INFO [django.server:157] "GET /application/finances HTTP/1.1" 200 8122
[28/Dec/2021 21:31:18] INFO [django.server:157] "GET /static/application/styles_app.css HTTP/1.1" 304 0
[28/Dec/2021 21:31:18] INFO [django.server:157] "GET /static/application/styles_app.css HTTP/1.1" 304 0
[28/Dec/2021 21:31:19] INFO [django.server:157] "GET /static/application/images/Step3InstructionsMobile.gif HTTP/1.1" 200 117524
[28/Dec/2021 21:31:19] INFO [django.server:157] "GET /static/application/images/Step3InstructionsMobile.gif HTTP/1.1" 200 117524
[28/Dec/2021 21:31:19] INFO [django.server:157] "GET /static/application/images/Step3Instructions.gif HTTP/1.1" 200 182476
[28/Dec/2021 21:31:19] INFO [django.server:157] "GET /static/application/images/Step3Instructions.gif HTTP/1.1" 200 182476
[28/Dec/2021 21:31:21] WARNING [django.request:224] Not Found: /application/requestProvider.js.map
[28/Dec/2021 21:31:21] WARNING [django.request:224] Not Found: /application/requestProvider.js.map
[28/Dec/2021 21:31:21] WARNING [django.server:157] "GET /application/requestProvider.js.map HTTP/1.1" 404 7634
[28/Dec/2021 21:31:21] WARNING [django.server:157] "GET /application/requestProvider.js.map HTTP/1.1" 404 7634
[28/Dec/2021 21:31:27] WARNING [django.request:224] Not Found: /application/requestProvider.js.map
[28/Dec/2021 21:31:27] WARNING [django.request:224] Not Found: /application/requestProvider.js.map
[28/Dec/2021 21:31:27] WARNING [django.server:157] "GET /application/requestProvider.js.map HTTP/1.1" 404 7634
[28/Dec/2021 21:31:27] WARNING [django.server:157] "GET /application/requestProvider.js.map HTTP/1.1" 404 7634
[28/Dec/2021 21:31:42] INFO [django.server:157] "GET /application/ajax/load-gahi/?dependents=1 HTTP/1.1" 200 365
[28/Dec/2021 21:31:42] INFO [django.server:157] "GET /application/ajax/load-gahi/?dependents=1 HTTP/1.1" 200 365
[28/Dec/2021 21:31:54] INFO [django.server:157] "POST /application/finances HTTP/1.1" 302 0
[28/Dec/2021 21:31:54] INFO [django.server:157] "POST /application/finances HTTP/1.1" 302 0
[28/Dec/2021 21:31:55] INFO [django.server:157] "GET /application/moreInfoNeeded HTTP/1.1" 200 5024
[28/Dec/2021 21:31:55] INFO [django.server:157] "GET /application/moreInfoNeeded HTTP/1.1" 200 5024
[28/Dec/2021 21:31:55] INFO [django.server:157] "GET /static/application/styles_app.css HTTP/1.1" 304 0
[28/Dec/2021 21:31:55] INFO [django.server:157] "GET /static/application/styles_app.css HTTP/1.1" 304 0
[28/Dec/2021 21:31:58] WARNING [django.request:224] Not Found: /application/requestProvider.js.map
[28/Dec/2021 21:31:58] WARNING [django.request:224] Not Found: /application/requestProvider.js.map
[28/Dec/2021 21:31:58] WARNING [django.server:157] "GET /application/requestProvider.js.map HTTP/1.1" 404 7634
[28/Dec/2021 21:31:58] WARNING [django.server:157] "GET /application/requestProvider.js.map HTTP/1.1" 404 7634
[28/Dec/2021 21:32:07] INFO [django.server:157] "POST /application/moreInfoNeeded HTTP/1.1" 302 0
[28/Dec/2021 21:32:07] INFO [django.server:157] "POST /application/moreInfoNeeded HTTP/1.1" 302 0
[28/Dec/2021 21:32:07] INFO [django.server:157] "GET /application/programs HTTP/1.1" 200 5407
[28/Dec/2021 21:32:07] INFO [django.server:157] "GET /application/programs HTTP/1.1" 200 5407
[28/Dec/2021 21:32:07] INFO [django.server:157] "GET /static/application/styles_app.css HTTP/1.1" 304 0
[28/Dec/2021 21:32:07] INFO [django.server:157] "GET /static/application/styles_app.css HTTP/1.1" 304 0
[28/Dec/2021 21:32:12] WARNING [django.request:224] Not Found: /application/requestProvider.js.map
[28/Dec/2021 21:32:12] WARNING [django.request:224] Not Found: /application/requestProvider.js.map
[28/Dec/2021 21:32:12] WARNING [django.server:157] "GET /application/requestProvider.js.map HTTP/1.1" 404 7634
[28/Dec/2021 21:32:12] WARNING [django.server:157] "GET /application/requestProvider.js.map HTTP/1.1" 404 7634
[28/Dec/2021 21:33:54] INFO [django.server:157] "GET /application/programs HTTP/1.1" 200 5386
[28/Dec/2021 21:33:54] INFO [django.server:157] "GET /application/programs HTTP/1.1" 200 5386
[28/Dec/2021 21:33:54] INFO [django.server:157] "GET /static/application/styles_app.css HTTP/1.1" 200 16122
[28/Dec/2021 21:33:54] INFO [django.server:157] "GET /static/application/styles_app.css HTTP/1.1" 200 16122
[28/Dec/2021 21:33:54] INFO [django.server:157] "GET /static/application/images/BackArrow-white.svg HTTP/1.1" 200 798
[28/Dec/2021 21:33:54] INFO [django.server:157] "GET /static/application/images/BackArrow-white.svg HTTP/1.1" 200 798
[28/Dec/2021 21:33:54] INFO [django.server:157] "GET /static/application/images/BackArrow-darkblue.svg HTTP/1.1" 200 801
[28/Dec/2021 21:33:54] INFO [django.server:157] "GET /static/application/images/BackArrow-darkblue.svg HTTP/1.1" 200 801
[28/Dec/2021 21:33:55] WARNING [django.request:224] Not Found: /favicon.ico
[28/Dec/2021 21:33:55] WARNING [django.request:224] Not Found: /favicon.ico
[28/Dec/2021 21:33:55] WARNING [django.server:157] "GET /favicon.ico HTTP/1.1" 404 2878
[28/Dec/2021 21:33:55] WARNING [django.server:157] "GET /favicon.ico HTTP/1.1" 404 2878
[28/Dec/2021 21:33:58] WARNING [django.request:224] Not Found: /application/requestProvider.js.map
[28/Dec/2021 21:33:58] WARNING [django.request:224] Not Found: /application/requestProvider.js.map
[28/Dec/2021 21:33:58] WARNING [django.server:157] "GET /application/requestProvider.js.map HTTP/1.1" 404 7634
[28/Dec/2021 21:33:58] WARNING [django.server:157] "GET /application/requestProvider.js.map HTTP/1.1" 404 7634
[28/Dec/2021 21:35:00] INFO [django.server:157] "GET /application/programs HTTP/1.1" 200 5589
[28/Dec/2021 21:35:00] INFO [django.server:157] "GET /application/programs HTTP/1.1" 200 5589
[28/Dec/2021 21:35:00] INFO [django.server:157] "GET /static/application/styles_app.css HTTP/1.1" 200 16122
[28/Dec/2021 21:35:00] INFO [django.server:157] "GET /static/application/styles_app.css HTTP/1.1" 200 16122
[28/Dec/2021 21:35:00] INFO [django.server:157] "GET /static/application/images/BackArrow-darkblue.svg HTTP/1.1" 200 801
[28/Dec/2021 21:35:00] INFO [django.server:157] "GET /static/application/images/BackArrow-darkblue.svg HTTP/1.1" 200 801
[28/Dec/2021 21:35:00] INFO [django.server:157] "GET /static/application/images/BackArrow-white.svg HTTP/1.1" 200 798
[28/Dec/2021 21:35:00] INFO [django.server:157] "GET /static/application/images/BackArrow-white.svg HTTP/1.1" 200 798
[28/Dec/2021 21:35:00] WARNING [django.request:224] Not Found: /favicon.ico
[28/Dec/2021 21:35:00] WARNING [django.request:224] Not Found: /favicon.ico
[28/Dec/2021 21:35:00] WARNING [django.server:157] "GET /favicon.ico HTTP/1.1" 404 2878
[28/Dec/2021 21:35:00] WARNING [django.server:157] "GET /favicon.ico HTTP/1.1" 404 2878
[28/Dec/2021 21:35:04] WARNING [django.request:224] Not Found: /application/requestProvider.js.map
[28/Dec/2021 21:35:04] WARNING [django.request:224] Not Found: /application/requestProvider.js.map
[28/Dec/2021 21:35:04] WARNING [django.server:157] "GET /application/requestProvider.js.map HTTP/1.1" 404 7634
[28/Dec/2021 21:35:04] WARNING [django.server:157] "GET /application/requestProvider.js.map HTTP/1.1" 404 7634
[28/Dec/2021 21:35:11] INFO [django.server:157] "POST /application/programs HTTP/1.1" 302 0
[28/Dec/2021 21:35:11] INFO [django.server:157] "POST /application/programs HTTP/1.1" 302 0
[28/Dec/2021 21:35:12] INFO [django.server:157] "GET /dashboard/files HTTP/1.1" 200 8136
[28/Dec/2021 21:35:12] INFO [django.server:157] "GET /dashboard/files HTTP/1.1" 200 8136
[28/Dec/2021 21:35:12] INFO [django.server:157] "GET /static/application/images/Step5InstructionsMobile.gif HTTP/1.1" 304 0
[28/Dec/2021 21:35:12] INFO [django.server:157] "GET /static/application/images/Step5InstructionsMobile.gif HTTP/1.1" 304 0
[28/Dec/2021 21:35:12] INFO [django.server:157] "GET /static/application/images/Step5InstructionsDesktop.gif HTTP/1.1" 304 0
[28/Dec/2021 21:35:12] INFO [django.server:157] "GET /static/application/images/Step5InstructionsDesktop.gif HTTP/1.1" 304 0
[28/Dec/2021 21:35:19] WARNING [django.request:224] Not Found: /dashboard/requestProvider.js.map
[28/Dec/2021 21:35:19] WARNING [django.request:224] Not Found: /dashboard/requestProvider.js.map
[28/Dec/2021 21:35:19] WARNING [django.server:157] "GET /dashboard/requestProvider.js.map HTTP/1.1" 404 6035
[28/Dec/2021 21:35:19] WARNING [django.server:157] "GET /dashboard/requestProvider.js.map HTTP/1.1" 404 6035
[28/Dec/2021 21:35:25] WARNING [django.request:224] Not Found: /dashboard/requestProvider.js.map
[28/Dec/2021 21:35:25] WARNING [django.request:224] Not Found: /dashboard/requestProvider.js.map
[28/Dec/2021 21:35:25] WARNING [django.server:157] "GET /dashboard/requestProvider.js.map HTTP/1.1" 404 6035
[28/Dec/2021 21:35:25] WARNING [django.server:157] "GET /dashboard/requestProvider.js.map HTTP/1.1" 404 6035
[28/Dec/2021 21:35:34] INFO [root:70] PNG image data, 450 x 284, 8-bit/color RGBA, non-interlaced
[28/Dec/2021 21:35:34] INFO [django.server:157] "POST /dashboard/files HTTP/1.1" 200 8047
[28/Dec/2021 21:35:34] INFO [django.server:157] "POST /dashboard/files HTTP/1.1" 200 8047
[28/Dec/2021 21:35:34] WARNING [django.request:224] Not Found: /dashboard/requestProvider.js.map
[28/Dec/2021 21:35:34] WARNING [django.request:224] Not Found: /dashboard/requestProvider.js.map
[28/Dec/2021 21:35:34] WARNING [django.server:157] "GET /dashboard/requestProvider.js.map HTTP/1.1" 404 6035
[28/Dec/2021 21:35:34] WARNING [django.server:157] "GET /dashboard/requestProvider.js.map HTTP/1.1" 404 6035
[28/Dec/2021 21:35:42] INFO [root:70] PNG image data, 450 x 284, 8-bit/color RGBA, non-interlaced
[28/Dec/2021 21:35:42] INFO [django.server:157] "POST /dashboard/files HTTP/1.1" 302 0
[28/Dec/2021 21:35:42] INFO [django.server:157] "POST /dashboard/files HTTP/1.1" 302 0
[28/Dec/2021 21:35:42] INFO [django.server:157] "GET /application/attestation HTTP/1.1" 200 3787
[28/Dec/2021 21:35:42] INFO [django.server:157] "GET /application/attestation HTTP/1.1" 200 3787
[28/Dec/2021 21:35:42] INFO [django.server:157] "GET /static/application/styles_app.css HTTP/1.1" 304 0
[28/Dec/2021 21:35:42] INFO [django.server:157] "GET /static/application/styles_app.css HTTP/1.1" 304 0
[28/Dec/2021 21:35:53] INFO [django.server:157] "POST /application/attestation HTTP/1.1" 302 0
[28/Dec/2021 21:35:53] INFO [django.server:157] "POST /application/attestation HTTP/1.1" 302 0
[28/Dec/2021 21:35:55] INFO [twilio.http_client:79] POST Request: https://api.twilio.com/2010-04-01/Accounts/ACac5816609e68f28715ad6e61e5cf3211/Messages.json
[28/Dec/2021 21:35:55] INFO [twilio.http_client:81] PAYLOAD: {'To': '+16503388955', 'From': '+19703943034', 'Body': 'Thank you for creating an account with Get:FoCo! Be sure to review the programs you qualify for on your dashboard and click on Quick Apply to finish the application process!'}
[28/Dec/2021 21:35:56] INFO [twilio.http_client:97] POST Response: 201 {"sid": "SMf7cf1915de034c7eb7b513138443721b", "date_created": "Wed, 29 Dec 2021 05:35:56 +0000", "date_updated": "Wed, 29 Dec 2021 05:35:56 +0000", "date_sent": null, "account_sid": "ACac5816609e68f28715ad6e61e5cf3211", "to": "+16503388955", "from": "+19703943034", "messaging_service_sid": null, "body": "Thank you for creating an account with Get:FoCo! Be sure to review the programs you qualify for on your dashboard and click on Quick Apply to finish the application process!", "status": "queued", "num_segments": "2", "num_media": "0", "direction": "outbound-api", "api_version": "2010-04-01", "price": null, "price_unit": "USD", "error_code": null, "error_message": null, "uri": "/2010-04-01/Accounts/ACac5816609e68f28715ad6e61e5cf3211/Messages/SMf7cf1915de034c7eb7b513138443721b.json", "subresource_uris": {"media": "/2010-04-01/Accounts/ACac5816609e68f28715ad6e61e5cf3211/Messages/SMf7cf1915de034c7eb7b513138443721b/Media.json"}}
[28/Dec/2021 21:35:56] INFO [django.server:157] "GET /dashboard/broadcast HTTP/1.1" 200 3325
[28/Dec/2021 21:35:56] INFO [django.server:157] "GET /dashboard/broadcast HTTP/1.1" 200 3325
[28/Dec/2021 21:36:15] INFO [django.server:157] "GET /static/application/styles_app.css HTTP/1.1" 304 0
[28/Dec/2021 21:36:15] INFO [django.server:157] "GET /static/application/styles_app.css HTTP/1.1" 304 0
[28/Dec/2021 21:36:15] WARNING [django.request:224] Not Found: /dashboard/requestProvider.js.map
[28/Dec/2021 21:36:15] WARNING [django.request:224] Not Found: /dashboard/requestProvider.js.map
[28/Dec/2021 21:36:15] WARNING [django.server:157] "GET /dashboard/requestProvider.js.map HTTP/1.1" 404 6035
[28/Dec/2021 21:36:15] WARNING [django.server:157] "GET /dashboard/requestProvider.js.map HTTP/1.1" 404 6035
[28/Dec/2021 21:36:43] WARNING [django.request:224] Not Found: /dashboard/requestProvider.js.map
[28/Dec/2021 21:36:43] WARNING [django.request:224] Not Found: /dashboard/requestProvider.js.map
[28/Dec/2021 21:36:43] WARNING [django.server:157] "GET /dashboard/requestProvider.js.map HTTP/1.1" 404 6035
[28/Dec/2021 21:36:43] WARNING [django.server:157] "GET /dashboard/requestProvider.js.map HTTP/1.1" 404 6035
[28/Dec/2021 21:38:04] INFO [twilio.http_client:79] POST Request: https://api.twilio.com/2010-04-01/Accounts/ACac5816609e68f28715ad6e61e5cf3211/Messages.json
[28/Dec/2021 21:38:04] INFO [twilio.http_client:81] PAYLOAD: {'To': '+16503388955', 'From': '+19703943034', 'Body': 'Thank you for creating an account with Get:FoCo! Be sure to review the programs you qualify for on your dashboard and click on Quick Apply to finish the application process!'}
[28/Dec/2021 21:38:05] INFO [twilio.http_client:97] POST Response: 201 {"sid": "SM8df08670a49a40ec8d4c7535708e1483", "date_created": "Wed, 29 Dec 2021 05:38:05 +0000", "date_updated": "Wed, 29 Dec 2021 05:38:05 +0000", "date_sent": null, "account_sid": "ACac5816609e68f28715ad6e61e5cf3211", "to": "+16503388955", "from": "+19703943034", "messaging_service_sid": null, "body": "Thank you for creating an account with Get:FoCo! Be sure to review the programs you qualify for on your dashboard and click on Quick Apply to finish the application process!", "status": "queued", "num_segments": "2", "num_media": "0", "direction": "outbound-api", "api_version": "2010-04-01", "price": null, "price_unit": "USD", "error_code": null, "error_message": null, "uri": "/2010-04-01/Accounts/ACac5816609e68f28715ad6e61e5cf3211/Messages/SM8df08670a49a40ec8d4c7535708e1483.json", "subresource_uris": {"media": "/2010-04-01/Accounts/ACac5816609e68f28715ad6e61e5cf3211/Messages/SM8df08670a49a40ec8d4c7535708e1483/Media.json"}}
[28/Dec/2021 21:38:05] INFO [django.server:157] "GET /dashboard/broadcast HTTP/1.1" 200 3483
[28/Dec/2021 21:38:05] INFO [django.server:157] "GET /dashboard/broadcast HTTP/1.1" 200 3483
[28/Dec/2021 21:38:05] INFO [django.server:157] "GET /static/application/styles_app.css HTTP/1.1" 200 16122
[28/Dec/2021 21:38:05] INFO [django.server:157] "GET /static/application/styles_app.css HTTP/1.1" 200 16122
[28/Dec/2021 21:38:05] INFO [django.server:157] "GET /static/application/images/BackArrow-darkblue.svg HTTP/1.1" 200 801
[28/Dec/2021 21:38:05] INFO [django.server:157] "GET /static/application/images/BackArrow-darkblue.svg HTTP/1.1" 200 801
[28/Dec/2021 21:38:05] INFO [django.server:157] "GET /static/application/images/BackArrow-white.svg HTTP/1.1" 200 798
[28/Dec/2021 21:38:05] INFO [django.server:157] "GET /static/application/images/BackArrow-white.svg HTTP/1.1" 200 798
[28/Dec/2021 21:38:06] WARNING [django.request:224] Not Found: /favicon.ico
[28/Dec/2021 21:38:06] WARNING [django.request:224] Not Found: /favicon.ico
[28/Dec/2021 21:38:06] WARNING [django.server:157] "GET /favicon.ico HTTP/1.1" 404 2878
[28/Dec/2021 21:38:06] WARNING [django.server:157] "GET /favicon.ico HTTP/1.1" 404 2878
[28/Dec/2021 21:38:09] WARNING [django.request:224] Not Found: /dashboard/requestProvider.js.map
[28/Dec/2021 21:38:09] WARNING [django.request:224] Not Found: /dashboard/requestProvider.js.map
[28/Dec/2021 21:38:09] WARNING [django.server:157] "GET /dashboard/requestProvider.js.map HTTP/1.1" 404 6035
[28/Dec/2021 21:38:09] WARNING [django.server:157] "GET /dashboard/requestProvider.js.map HTTP/1.1" 404 6035
[28/Dec/2021 21:38:15] INFO [django.server:157] "GET /dashboard/GetFOCO HTTP/1.1" 200 38597
[28/Dec/2021 21:38:15] INFO [django.server:157] "GET /dashboard/GetFOCO HTTP/1.1" 200 38597
[28/Dec/2021 21:38:15] INFO [django.server:157] "GET /static/dashboard/styles.css HTTP/1.1" 200 22191
[28/Dec/2021 21:38:15] INFO [django.server:157] "GET /static/dashboard/styles.css HTTP/1.1" 200 22191
[28/Dec/2021 21:38:15] INFO [django.server:157] "GET /static/dashboard/images/Dashboard.svg HTTP/1.1" 200 199
[28/Dec/2021 21:38:15] INFO [django.server:157] "GET /static/dashboard/images/Dashboard.svg HTTP/1.1" 200 199
[28/Dec/2021 21:38:15] INFO [django.server:157] "GET /static/dashboard/images/Settings.svg HTTP/1.1" 200 1654
[28/Dec/2021 21:38:15] INFO [django.server:157] "GET /static/dashboard/images/Settings.svg HTTP/1.1" 200 1654
[28/Dec/2021 21:38:15] INFO [django.server:157] "GET /static/dashboard/images/ProgramList.svg HTTP/1.1" 200 2128
[28/Dec/2021 21:38:15] INFO [django.server:157] "GET /static/dashboard/images/PrivacyPolicy.svg HTTP/1.1" 200 1468
[28/Dec/2021 21:38:15] INFO [django.server:157] "GET /static/dashboard/images/PrivacyPolicy.svg HTTP/1.1" 200 1468
[28/Dec/2021 21:38:15] INFO [django.server:157] "GET /static/dashboard/images/LogOut.svg HTTP/1.1" 200 289
[28/Dec/2021 21:38:15] INFO [django.server:157] "GET /static/dashboard/images/LogOut.svg HTTP/1.1" 200 289
[28/Dec/2021 21:38:15] INFO [django.server:157] "GET /static/dashboard/images/AlertBell.svg HTTP/1.1" 200 864
[28/Dec/2021 21:38:15] INFO [django.server:157] "GET /static/dashboard/images/AlertBell.svg HTTP/1.1" 200 864
[28/Dec/2021 21:38:15] INFO [django.server:157] "GET /static/dashboard/images/Arrow%201.svg HTTP/1.1" 200 543
[28/Dec/2021 21:38:15] INFO [django.server:157] "GET /static/dashboard/images/Arrow%201.svg HTTP/1.1" 200 543
[28/Dec/2021 21:38:15] INFO [django.server:157] "GET /static/dashboard/images/reviewStarUnfilled.svg HTTP/1.1" 200 1178
[28/Dec/2021 21:38:15] INFO [django.server:157] "GET /static/dashboard/images/reviewStarUnfilled.svg HTTP/1.1" 200 1178
[28/Dec/2021 21:38:15] INFO [django.server:157] "GET /static/dashboard/images/downArrow.svg HTTP/1.1" 200 248
[28/Dec/2021 21:38:15] INFO [django.server:157] "GET /static/dashboard/images/downArrow.svg HTTP/1.1" 200 248
[28/Dec/2021 21:38:15] INFO [django.server:157] "GET /static/dashboard/images/ProgramList.svg HTTP/1.1" 200 2128
[28/Dec/2021 21:38:15] INFO [django.server:157] "GET /static/dashboard/images/rightArrow.svg HTTP/1.1" 200 238
[28/Dec/2021 21:38:15] INFO [django.server:157] "GET /static/dashboard/images/rightArrow.svg HTTP/1.1" 200 238
[28/Dec/2021 21:38:23] INFO [django.server:157] "GET /dashboard/ProgramsList HTTP/1.1" 200 19562
[28/Dec/2021 21:38:23] INFO [django.server:157] "GET /dashboard/ProgramsList HTTP/1.1" 200 19562
[28/Dec/2021 21:38:23] INFO [django.server:157] "GET /static/dashboard/images/Path%201083.svg HTTP/1.1" 200 228
[28/Dec/2021 21:38:23] INFO [django.server:157] "GET /static/dashboard/images/Path%201083.svg HTTP/1.1" 200 228
[28/Dec/2021 21:38:28] INFO [django.server:157] "GET /dashboard/settings HTTP/1.1" 200 5325
[28/Dec/2021 21:38:28] INFO [django.server:157] "GET /dashboard/settings HTTP/1.1" 200 5325
[28/Dec/2021 21:38:34] INFO [django.server:157] "GET /dashboard/ProgramsList HTTP/1.1" 200 19562
[28/Dec/2021 21:38:34] INFO [django.server:157] "GET /dashboard/ProgramsList HTTP/1.1" 200 19562
[28/Dec/2021 21:38:53] INFO [django.server:157] "GET /dashboard/ProgramsList HTTP/1.1" 200 19562
[28/Dec/2021 21:38:53] INFO [django.server:157] "GET /dashboard/ProgramsList HTTP/1.1" 200 19562
[28/Dec/2021 21:38:53] INFO [django.server:157] "GET /static/dashboard/styles.css HTTP/1.1" 200 22191
[28/Dec/2021 21:38:53] INFO [django.server:157] "GET /static/dashboard/styles.css HTTP/1.1" 200 22191
[28/Dec/2021 21:38:54] INFO [django.server:157] "GET /static/dashboard/images/Dashboard.svg HTTP/1.1" 200 199
[28/Dec/2021 21:38:54] INFO [django.server:157] "GET /static/dashboard/images/Dashboard.svg HTTP/1.1" 200 199
[28/Dec/2021 21:38:54] INFO [django.server:157] "GET /static/dashboard/images/Path%201083.svg HTTP/1.1" 200 228
[28/Dec/2021 21:38:54] INFO [django.server:157] "GET /static/dashboard/images/Path%201083.svg HTTP/1.1" 200 228
[28/Dec/2021 21:38:54] INFO [django.server:157] "GET /static/dashboard/images/AlertBell.svg HTTP/1.1" 200 864
[28/Dec/2021 21:38:54] INFO [django.server:157] "GET /static/dashboard/images/AlertBell.svg HTTP/1.1" 200 864
[28/Dec/2021 21:38:54] INFO [django.server:157] "GET /static/dashboard/images/PrivacyPolicy.svg HTTP/1.1" 200 1468
[28/Dec/2021 21:38:54] INFO [django.server:157] "GET /static/dashboard/images/PrivacyPolicy.svg HTTP/1.1" 200 1468
[28/Dec/2021 21:38:54] INFO [django.server:157] "GET /static/dashboard/images/LogOut.svg HTTP/1.1" 200 289
[28/Dec/2021 21:38:54] INFO [django.server:157] "GET /static/dashboard/images/LogOut.svg HTTP/1.1" 200 289
[28/Dec/2021 21:38:54] INFO [django.server:157] "GET /static/dashboard/images/Settings.svg HTTP/1.1" 200 1654
[28/Dec/2021 21:38:54] INFO [django.server:157] "GET /static/dashboard/images/Settings.svg HTTP/1.1" 200 1654
[28/Dec/2021 21:38:54] INFO [django.server:157] "GET /static/dashboard/images/ProgramList.svg HTTP/1.1" 200 2128
[28/Dec/2021 21:38:54] INFO [django.server:157] "GET /static/dashboard/images/ProgramList.svg HTTP/1.1" 200 2128
[28/Dec/2021 21:38:54] INFO [django.server:157] "GET /static/dashboard/images/Arrow%201.svg HTTP/1.1" 200 543
[28/Dec/2021 21:38:54] INFO [django.server:157] "GET /static/dashboard/images/Arrow%201.svg HTTP/1.1" 200 543
[28/Dec/2021 21:38:54] INFO [django.server:157] "GET /static/dashboard/images/reviewStarUnfilled.svg HTTP/1.1" 200 1178
[28/Dec/2021 21:38:54] INFO [django.server:157] "GET /static/dashboard/images/reviewStarUnfilled.svg HTTP/1.1" 200 1178
[28/Dec/2021 21:38:54] WARNING [django.request:224] Not Found: /favicon.ico
[28/Dec/2021 21:38:54] WARNING [django.request:224] Not Found: /favicon.ico
[28/Dec/2021 21:38:54] WARNING [django.server:157] "GET /favicon.ico HTTP/1.1" 404 2878
[28/Dec/2021 21:38:54] WARNING [django.server:157] "GET /favicon.ico HTTP/1.1" 404 2878
[28/Dec/2021 21:39:00] INFO [django.server:157] "GET /dashboard/settings HTTP/1.1" 200 5303
[28/Dec/2021 21:39:00] INFO [django.server:157] "GET /dashboard/settings HTTP/1.1" 200 5303
[28/Dec/2021 21:39:13] INFO [django.server:157] "GET /dashboard/ProgramsList HTTP/1.1" 200 19562
[28/Dec/2021 21:39:13] INFO [django.server:157] "GET /dashboard/ProgramsList HTTP/1.1" 200 19562
[28/Dec/2021 21:39:17] INFO [django.server:157] "GET /application/ HTTP/1.1" 200 13852
[28/Dec/2021 21:39:17] INFO [django.server:157] "GET /application/ HTTP/1.1" 200 13852
[28/Dec/2021 21:39:29] INFO [django.server:157] "GET /dashboard/ProgramsList HTTP/1.1" 200 19562
[28/Dec/2021 21:39:29] INFO [django.server:157] "GET /dashboard/ProgramsList HTTP/1.1" 200 19562
[28/Dec/2021 21:39:35] ERROR [django.request:224] Internal Server Error: /dashboard/GetFOCO
Traceback (most recent call last):
  File "C:\Users\JAndr\AppData\Local\Packages\PythonSoftwareFoundation.Python.3.9_qbz5n2kfra8p0\LocalCache\local-packages\Python39\site-packages\django\core\handlers\exception.py", line 47, in inner
    response = get_response(request)
  File "C:\Users\JAndr\AppData\Local\Packages\PythonSoftwareFoundation.Python.3.9_qbz5n2kfra8p0\LocalCache\local-packages\Python39\site-packages\django\core\handlers\base.py", line 181, in _get_response
    response = wrapped_callback(request, *callback_args, **callback_kwargs)
  File "C:\Users\JAndr\OneDrive\Projects\GetYourConnexion\DigitalEquity_MobileVers\mobileVers\dashboard\views.py", line 621, in dashboardGetFoco
    if request.user.eligibility.GenericQualified == QualificationStatus.PENDING.name or request.user.eligibility.GenericQualified == QualificationStatus.ACTIVE.name:
  File "C:\Users\JAndr\AppData\Local\Packages\PythonSoftwareFoundation.Python.3.9_qbz5n2kfra8p0\LocalCache\local-packages\Python39\site-packages\django\utils\functional.py", line 241, in inner
    return func(self._wrapped, *args)
AttributeError: 'AnonymousUser' object has no attribute 'eligibility'
[28/Dec/2021 21:39:35] ERROR [django.request:224] Internal Server Error: /dashboard/GetFOCO
Traceback (most recent call last):
  File "C:\Users\JAndr\AppData\Local\Packages\PythonSoftwareFoundation.Python.3.9_qbz5n2kfra8p0\LocalCache\local-packages\Python39\site-packages\django\core\handlers\exception.py", line 47, in inner
    response = get_response(request)
  File "C:\Users\JAndr\AppData\Local\Packages\PythonSoftwareFoundation.Python.3.9_qbz5n2kfra8p0\LocalCache\local-packages\Python39\site-packages\django\core\handlers\base.py", line 181, in _get_response
    response = wrapped_callback(request, *callback_args, **callback_kwargs)
  File "C:\Users\JAndr\OneDrive\Projects\GetYourConnexion\DigitalEquity_MobileVers\mobileVers\dashboard\views.py", line 621, in dashboardGetFoco
    if request.user.eligibility.GenericQualified == QualificationStatus.PENDING.name or request.user.eligibility.GenericQualified == QualificationStatus.ACTIVE.name:
  File "C:\Users\JAndr\AppData\Local\Packages\PythonSoftwareFoundation.Python.3.9_qbz5n2kfra8p0\LocalCache\local-packages\Python39\site-packages\django\utils\functional.py", line 241, in inner
    return func(self._wrapped, *args)
AttributeError: 'AnonymousUser' object has no attribute 'eligibility'
[28/Dec/2021 21:39:35] ERROR [django.server:157] "GET /dashboard/GetFOCO HTTP/1.1" 500 74450
[28/Dec/2021 21:39:35] ERROR [django.server:157] "GET /dashboard/GetFOCO HTTP/1.1" 500 74450
[28/Dec/2021 21:39:38] INFO [django.server:157] "GET /dashboard/ProgramsList HTTP/1.1" 200 19562
[28/Dec/2021 21:39:38] INFO [django.server:157] "GET /dashboard/ProgramsList HTTP/1.1" 200 19562
