[12/Apr/2022 22:45:25] INFO [django.utils.autoreload:617] Watching for file changes with StatReloader
[12/Apr/2022 22:45:25] INFO [django.utils.autoreload:617] Watching for file changes with StatReloader
[12/Apr/2022 22:45:38] INFO [django.server:157] "GET /application/account HTTP/1.1" 200 11537
[12/Apr/2022 22:45:38] INFO [django.server:157] "GET /application/account HTTP/1.1" 200 11537
[12/Apr/2022 22:45:39] INFO [django.server:157] "GET /static/scripts/main.js HTTP/1.1" 200 604
[12/Apr/2022 22:45:39] INFO [django.server:157] "GET /static/scripts/main.js HTTP/1.1" 200 604
[12/Apr/2022 22:45:43] INFO [django.server:157] "GET /application/ HTTP/1.1" 200 14383
[12/Apr/2022 22:45:43] INFO [django.server:157] "GET /application/ HTTP/1.1" 200 14383
[12/Apr/2022 22:45:43] INFO [django.server:157] "GET /static/application/styles.css HTTP/1.1" 200 14220
[12/Apr/2022 22:45:43] INFO [django.server:157] "GET /static/application/styles.css HTTP/1.1" 200 14220
[12/Apr/2022 22:45:43] INFO [django.server:157] "GET /static/application/images/WelcomeIllustration.svg HTTP/1.1" 200 16662
[12/Apr/2022 22:45:43] INFO [django.server:157] "GET /static/application/images/WelcomeIllustration.svg HTTP/1.1" 200 16662
[12/Apr/2022 22:45:43] INFO [django.server:157] "GET /static/application/images/control.png HTTP/1.1" 200 4946
[12/Apr/2022 22:45:43] INFO [django.server:157] "GET /static/application/images/control.png HTTP/1.1" 200 4946
[12/Apr/2022 22:45:43] INFO [django.server:157] "GET /static/application/images/control.svg HTTP/1.1" 200 3985
[12/Apr/2022 22:45:43] INFO [django.server:157] "GET /static/application/images/control.svg HTTP/1.1" 200 3985
[12/Apr/2022 22:45:43] INFO [django.server:157] "GET /static/application/images/save.png HTTP/1.1" 200 5850
[12/Apr/2022 22:45:43] INFO [django.server:157] "GET /static/application/images/save.png HTTP/1.1" 200 5850
[12/Apr/2022 22:45:43] INFO [django.server:157] "GET /static/application/images/save.svg HTTP/1.1" 200 4815
[12/Apr/2022 22:45:43] INFO [django.server:157] "GET /static/application/images/save.svg HTTP/1.1" 200 4815
[12/Apr/2022 22:45:43] INFO [django.server:157] "GET /static/application/images/forget.png HTTP/1.1" 200 6121
[12/Apr/2022 22:45:43] INFO [django.server:157] "GET /static/application/images/forget.png HTTP/1.1" 200 6121
[12/Apr/2022 22:45:43] INFO [django.server:157] "GET /static/application/images/forget.svg HTTP/1.1" 200 8904
[12/Apr/2022 22:45:43] INFO [django.server:157] "GET /static/application/images/forget.svg HTTP/1.1" 200 8904
[12/Apr/2022 22:45:43] INFO [django.server:157] "GET /static/application/images/know.png HTTP/1.1" 200 5775
[12/Apr/2022 22:45:43] INFO [django.server:157] "GET /static/application/images/know.png HTTP/1.1" 200 5775
[12/Apr/2022 22:45:43] INFO [django.server:157] "GET /static/application/images/X_gray.svg HTTP/1.1" 200 461
[12/Apr/2022 22:45:43] INFO [django.server:157] "GET /static/application/images/X_gray.svg HTTP/1.1" 200 461
[12/Apr/2022 22:45:43] INFO [django.server:157] "GET /static/application/images/know.svg HTTP/1.1" 200 8645
[12/Apr/2022 22:45:43] INFO [django.server:157] "GET /static/application/images/know.svg HTTP/1.1" 200 8645
[12/Apr/2022 22:45:45] INFO [django.server:157] "GET /application/getReady HTTP/1.1" 200 3590
[12/Apr/2022 22:45:45] INFO [django.server:157] "GET /application/getReady HTTP/1.1" 200 3590
